1922  1  0.0  11.0481666667  5.52408333333  5.37775
1922  2  0.0  4.49975  4.49975  9.219
1922  3  0.0  0  13.8285  18.1819166667
1922  4  0.0  0  2.99983333333  20.9988333333
1922  5  201.208333333  0  0  0.0
1922  6  325.591666667  0  0  0.0
1922  7  365.833333333  0  7.1054273576e-15  0.0
1922  8  314.616666667  0  0  0.0
1922  9  127.456333333  0  6.2777  1.183105
1922  10  0.0  17.4136666667  8.70683333333  6.91425
1922  11  0.0  12.2188333333  6.10941666667  7.93858333333
1922  12  0.0  16.1698333333  8.08491666667  5.63383333333
1923  1  0.0  11.0481666667  5.52408333333  5.37775
1923  2  0.0  4.49975  4.49975  9.219
1923  3  0.0  0  13.8285  18.1819166667
1923  4  0.0  0  2.99983333333  20.9988333333
1923  5  201.208333333  0  0  0.0
1923  6  325.591666667  0  0  0.0
1923  7  365.833333333  0  7.1054273576e-15  0.0
1923  8  314.616666667  0  0  0.0
1923  9  127.456333333  0  6.2777  1.183105
1923  10  0.0  17.4136666667  8.70683333333  6.91425
1923  11  0.0  12.2188333333  6.10941666667  7.93858333333
1923  12  0.0  16.1698333333  8.08491666667  5.63383333333
1924  1  0.0  11.0481666667  5.52408333333  5.37775
1924  2  0.0  4.49975  4.49975  9.219
1924  3  0.0  0  13.8285  18.1819166667
1924  4  0.0  0  2.99983333333  20.9988333333
1924  5  201.208333333  0  0  0.0
1924  6  325.591666667  0  0  0.0
1924  7  365.833333333  0  7.1054273576e-15  0.0
1924  8  314.616666667  0  0  0.0
1924  9  127.456333333  0  6.2777  1.183105
1924  10  0.0  17.4136666667  8.70683333333  6.91425
1924  11  0.0  12.2188333333  6.10941666667  7.93858333333
1924  12  0.0  16.1698333333  8.08491666667  5.63383333333
1925  1  0.0  11.0481666667  5.52408333333  5.37775
1925  2  0.0  4.49975  4.49975  9.219
1925  3  0.0  0  13.8285  18.1819166667
1925  4  0.0  0  2.99983333333  20.9988333333
1925  5  201.208333333  0  0  0.0
1925  6  325.591666667  0  0  0.0
1925  7  365.833333333  0  7.1054273576e-15  0.0
1925  8  314.616666667  0  0  0.0
1925  9  127.456333333  0  6.2777  1.183105
1925  10  0.0  17.4136666667  8.70683333333  6.91425
1925  11  0.0  12.2188333333  6.10941666667  7.93858333333
1925  12  0.0  16.1698333333  8.08491666667  5.63383333333
1926  1  0.0  11.0481666667  5.52408333333  5.37775
1926  2  0.0  4.49975  4.49975  9.219
1926  3  0.0  0  13.8285  18.1819166667
1926  4  0.0  0  2.99983333333  20.9988333333
1926  5  201.208333333  0  0  0.0
1926  6  325.591666667  0  0  0.0
1926  7  365.833333333  0  7.1054273576e-15  0.0
1926  8  314.616666667  0  0  0.0
1926  9  127.456333333  0  6.2777  1.183105
1926  10  0.0  17.4136666667  8.70683333333  6.91425
1926  11  0.0  12.2188333333  6.10941666667  7.93858333333
1926  12  0.0  16.1698333333  8.08491666667  5.63383333333
1927  1  0.0  11.0481666667  5.52408333333  5.37775
1927  2  0.0  4.49975  4.49975  9.219
1927  3  0.0  0  13.8285  18.1819166667
1927  4  0.0  0  2.99983333333  20.9988333333
1927  5  201.208333333  0  0  0.0
1927  6  325.591666667  0  0  0.0
1927  7  365.833333333  0  7.1054273576e-15  0.0
1927  8  314.616666667  0  0  0.0
1927  9  127.456333333  0  6.2777  1.183105
1927  10  0.0  17.4136666667  8.70683333333  6.91425
1927  11  0.0  12.2188333333  6.10941666667  7.93858333333
1927  12  0.0  16.1698333333  8.08491666667  5.63383333333
1928  1  0.0  11.0481666667  5.52408333333  5.37775
1928  2  0.0  4.49975  4.49975  9.219
1928  3  0.0  0  13.8285  18.1819166667
1928  4  0.0  0  2.99983333333  20.9988333333
1928  5  201.208333333  0  0  0.0
1928  6  325.591666667  0  0  0.0
1928  7  365.833333333  0  7.1054273576e-15  0.0
1928  8  314.616666667  0  0  0.0
1928  9  127.456333333  0  6.2777  1.183105
1928  10  0.0  17.4136666667  8.70683333333  6.91425
1928  11  0.0  12.2188333333  6.10941666667  7.93858333333
1928  12  0.0  16.1698333333  8.08491666667  5.63383333333
1929  1  0.0  11.0481666667  5.52408333333  5.37775
1929  2  0.0  4.49975  4.49975  9.219
1929  3  0.0  0  13.8285  18.1819166667
1929  4  0.0  0  2.99983333333  20.9988333333
1929  5  201.208333333  0  0  0.0
1929  6  325.591666667  0  0  0.0
1929  7  365.833333333  0  7.1054273576e-15  0.0
1929  8  314.616666667  0  0  0.0
1929  9  127.456333333  0  6.2777  1.183105
1929  10  0.0  17.4136666667  8.70683333333  6.91425
1929  11  0.0  12.2188333333  6.10941666667  7.93858333333
1929  12  0.0  16.1698333333  8.08491666667  5.63383333333
1930  1  0.0  11.0481666667  5.52408333333  5.37775
1930  2  0.0  4.49975  4.49975  9.219
1930  3  0.0  0  13.8285  18.1819166667
1930  4  0.0  0  2.99983333333  20.9988333333
1930  5  201.208333333  0  0  0.0
1930  6  325.591666667  0  0  0.0
1930  7  365.833333333  0  7.1054273576e-15  0.0
1930  8  314.616666667  0  0  0.0
1930  9  127.456333333  0  6.2777  1.183105
1930  10  0.0  17.4136666667  8.70683333333  6.91425
1930  11  0.0  12.2188333333  6.10941666667  7.93858333333
1930  12  0.0  16.1698333333  8.08491666667  5.63383333333
1931  1  0.0  11.0481666667  5.52408333333  5.37775
1931  2  0.0  4.49975  4.49975  9.219
1931  3  0.0  0  13.8285  18.1819166667
1931  4  0.0  0  2.99983333333  20.9988333333
1931  5  201.208333333  0  0  0.0
1931  6  325.591666667  0  0  0.0
1931  7  365.833333333  0  7.1054273576e-15  0.0
1931  8  314.616666667  0  0  0.0
1931  9  127.456333333  0  6.2777  1.183105
1931  10  0.0  17.4136666667  8.70683333333  6.91425
1931  11  0.0  12.2188333333  6.10941666667  7.93858333333
1931  12  0.0  16.1698333333  8.08491666667  5.63383333333
1932  1  0.0  11.0481666667  5.52408333333  5.37775
1932  2  0.0  4.49975  4.49975  9.219
1932  3  0.0  0  13.8285  18.1819166667
1932  4  0.0  0  2.99983333333  20.9988333333
1932  5  201.208333333  0  0  0.0
1932  6  325.591666667  0  0  0.0
1932  7  365.833333333  0  7.1054273576e-15  0.0
1932  8  314.616666667  0  0  0.0
1932  9  127.456333333  0  6.2777  1.183105
1932  10  0.0  17.4136666667  8.70683333333  6.91425
1932  11  0.0  12.2188333333  6.10941666667  7.93858333333
1932  12  0.0  16.1698333333  8.08491666667  5.63383333333
1933  1  0.0  11.0481666667  5.52408333333  5.37775
1933  2  0.0  4.49975  4.49975  9.219
1933  3  0.0  0  13.8285  18.1819166667
1933  4  0.0  0  2.99983333333  20.9988333333
1933  5  201.208333333  0  0  0.0
1933  6  325.591666667  0  0  0.0
1933  7  365.833333333  0  7.1054273576e-15  0.0
1933  8  314.616666667  0  0  0.0
1933  9  127.456333333  0  6.2777  1.183105
1933  10  0.0  17.4136666667  8.70683333333  6.91425
1933  11  0.0  12.2188333333  6.10941666667  7.93858333333
1933  12  0.0  16.1698333333  8.08491666667  5.63383333333
1934  1  0.0  11.0481666667  5.52408333333  5.37775
1934  2  0.0  4.49975  4.49975  9.219
1934  3  0.0  0  13.8285  18.1819166667
1934  4  0.0  0  2.99983333333  20.9988333333
1934  5  201.208333333  0  0  0.0
1934  6  325.591666667  0  0  0.0
1934  7  365.833333333  0  7.1054273576e-15  0.0
1934  8  314.616666667  0  0  0.0
1934  9  127.456333333  0  6.2777  1.183105
1934  10  0.0  17.4136666667  8.70683333333  6.91425
1934  11  0.0  12.2188333333  6.10941666667  7.93858333333
1934  12  0.0  16.1698333333  8.08491666667  5.63383333333
1935  1  0.0  11.0481666667  5.52408333333  5.37775
1935  2  0.0  4.49975  4.49975  9.219
1935  3  0.0  0  13.8285  18.1819166667
1935  4  0.0  0  2.99983333333  20.9988333333
1935  5  201.208333333  0  0  0.0
1935  6  325.591666667  0  0  0.0
1935  7  365.833333333  0  7.1054273576e-15  0.0
1935  8  314.616666667  0  0  0.0
1935  9  127.456333333  0  6.2777  1.183105
1935  10  0.0  17.4136666667  8.70683333333  6.91425
1935  11  0.0  12.2188333333  6.10941666667  7.93858333333
1935  12  0.0  16.1698333333  8.08491666667  5.63383333333
1936  1  0.0  11.0481666667  5.52408333333  5.37775
1936  2  0.0  4.49975  4.49975  9.219
1936  3  0.0  0  13.8285  18.1819166667
1936  4  0.0  0  2.99983333333  20.9988333333
1936  5  201.208333333  0  0  0.0
1936  6  325.591666667  0  0  0.0
1936  7  365.833333333  0  7.1054273576e-15  0.0
1936  8  314.616666667  0  0  0.0
1936  9  127.456333333  0  6.2777  1.183105
1936  10  0.0  17.4136666667  8.70683333333  6.91425
1936  11  0.0  12.2188333333  6.10941666667  7.93858333333
1936  12  0.0  16.1698333333  8.08491666667  5.63383333333
1937  1  0.0  11.0481666667  5.52408333333  5.37775
1937  2  0.0  4.49975  4.49975  9.219
1937  3  0.0  0  13.8285  18.1819166667
1937  4  0.0  0  2.99983333333  20.9988333333
1937  5  201.208333333  0  0  0.0
1937  6  325.591666667  0  0  0.0
1937  7  365.833333333  0  7.1054273576e-15  0.0
1937  8  314.616666667  0  0  0.0
1937  9  127.456333333  0  6.2777  1.183105
1937  10  0.0  17.4136666667  8.70683333333  6.91425
1937  11  0.0  12.2188333333  6.10941666667  7.93858333333
1937  12  0.0  16.1698333333  8.08491666667  5.63383333333
1938  1  0.0  11.0481666667  5.52408333333  5.37775
1938  2  0.0  4.49975  4.49975  9.219
1938  3  0.0  0  13.8285  18.1819166667
1938  4  0.0  0  2.99983333333  20.9988333333
1938  5  201.208333333  0  0  0.0
1938  6  325.591666667  0  0  0.0
1938  7  365.833333333  0  7.1054273576e-15  0.0
1938  8  314.616666667  0  0  0.0
1938  9  127.456333333  0  6.2777  1.183105
1938  10  0.0  17.4136666667  8.70683333333  6.91425
1938  11  0.0  12.2188333333  6.10941666667  7.93858333333
1938  12  0.0  16.1698333333  8.08491666667  5.63383333333
1939  1  0.0  11.0481666667  5.52408333333  5.37775
1939  2  0.0  4.49975  4.49975  9.219
1939  3  0.0  0  13.8285  18.1819166667
1939  4  0.0  0  2.99983333333  20.9988333333
1939  5  201.208333333  0  0  0.0
1939  6  325.591666667  0  0  0.0
1939  7  365.833333333  0  7.1054273576e-15  0.0
1939  8  314.616666667  0  0  0.0
1939  9  127.456333333  0  6.2777  1.183105
1939  10  0.0  17.4136666667  8.70683333333  6.91425
1939  11  0.0  12.2188333333  6.10941666667  7.93858333333
1939  12  0.0  16.1698333333  8.08491666667  5.63383333333
1940  1  0.0  11.0481666667  5.52408333333  5.37775
1940  2  0.0  4.49975  4.49975  9.219
1940  3  0.0  0  13.8285  18.1819166667
1940  4  0.0  0  2.99983333333  20.9988333333
1940  5  201.208333333  0  0  0.0
1940  6  325.591666667  0  0  0.0
1940  7  365.833333333  0  7.1054273576e-15  0.0
1940  8  314.616666667  0  0  0.0
1940  9  127.456333333  0  6.2777  1.183105
1940  10  0.0  17.4136666667  8.70683333333  6.91425
1940  11  0.0  12.2188333333  6.10941666667  7.93858333333
1940  12  0.0  16.1698333333  8.08491666667  5.63383333333
1941  1  0.0  11.0481666667  5.52408333333  5.37775
1941  2  0.0  4.49975  4.49975  9.219
1941  3  0.0  0  13.8285  18.1819166667
1941  4  0.0  0  2.99983333333  20.9988333333
1941  5  201.208333333  0  0  0.0
1941  6  325.591666667  0  0  0.0
1941  7  365.833333333  0  7.1054273576e-15  0.0
1941  8  314.616666667  0  0  0.0
1941  9  127.456333333  0  6.2777  1.183105
1941  10  0.0  17.4136666667  8.70683333333  6.91425
1941  11  0.0  12.2188333333  6.10941666667  7.93858333333
1941  12  0.0  16.1698333333  8.08491666667  5.63383333333
1942  1  0.0  11.0481666667  5.52408333333  5.37775
1942  2  0.0  4.49975  4.49975  9.219
1942  3  0.0  0  13.8285  18.1819166667
1942  4  0.0  0  2.99983333333  20.9988333333
1942  5  201.208333333  0  0  0.0
1942  6  325.591666667  0  0  0.0
1942  7  365.833333333  0  7.1054273576e-15  0.0
1942  8  314.616666667  0  0  0.0
1942  9  127.456333333  0  6.2777  1.183105
1942  10  0.0  17.4136666667  8.70683333333  6.91425
1942  11  0.0  12.2188333333  6.10941666667  7.93858333333
1942  12  0.0  16.1698333333  8.08491666667  5.63383333333
1943  1  0.0  11.0481666667  5.52408333333  5.37775
1943  2  0.0  4.49975  4.49975  9.219
1943  3  0.0  0  13.8285  18.1819166667
1943  4  0.0  0  2.99983333333  20.9988333333
1943  5  201.208333333  0  0  0.0
1943  6  325.591666667  0  0  0.0
1943  7  365.833333333  0  7.1054273576e-15  0.0
1943  8  314.616666667  0  0  0.0
1943  9  127.456333333  0  6.2777  1.183105
1943  10  0.0  17.4136666667  8.70683333333  6.91425
1943  11  0.0  12.2188333333  6.10941666667  7.93858333333
1943  12  0.0  16.1698333333  8.08491666667  5.63383333333
1944  1  0.0  11.0481666667  5.52408333333  5.37775
1944  2  0.0  4.49975  4.49975  9.219
1944  3  0.0  0  13.8285  18.1819166667
1944  4  0.0  0  2.99983333333  20.9988333333
1944  5  201.208333333  0  0  0.0
1944  6  325.591666667  0  0  0.0
1944  7  365.833333333  0  7.1054273576e-15  0.0
1944  8  314.616666667  0  0  0.0
1944  9  127.456333333  0  6.2777  1.183105
1944  10  0.0  17.4136666667  8.70683333333  6.91425
1944  11  0.0  12.2188333333  6.10941666667  7.93858333333
1944  12  0.0  16.1698333333  8.08491666667  5.63383333333
1945  1  0.0  11.0481666667  5.52408333333  5.37775
1945  2  0.0  4.49975  4.49975  9.219
1945  3  0.0  0  13.8285  18.1819166667
1945  4  0.0  0  2.99983333333  20.9988333333
1945  5  201.208333333  0  0  0.0
1945  6  325.591666667  0  0  0.0
1945  7  365.833333333  0  7.1054273576e-15  0.0
1945  8  314.616666667  0  0  0.0
1945  9  127.456333333  0  6.2777  1.183105
1945  10  0.0  17.4136666667  8.70683333333  6.91425
1945  11  0.0  12.2188333333  6.10941666667  7.93858333333
1945  12  0.0  16.1698333333  8.08491666667  5.63383333333
1946  1  0.0  11.0481666667  5.52408333333  5.37775
1946  2  0.0  4.49975  4.49975  9.219
1946  3  0.0  0  13.8285  18.1819166667
1946  4  0.0  0  2.99983333333  20.9988333333
1946  5  201.208333333  0  0  0.0
1946  6  325.591666667  0  0  0.0
1946  7  365.833333333  0  7.1054273576e-15  0.0
1946  8  314.616666667  0  0  0.0
1946  9  127.456333333  0  6.2777  1.183105
1946  10  0.0  17.4136666667  8.70683333333  6.91425
1946  11  0.0  12.2188333333  6.10941666667  7.93858333333
1946  12  0.0  16.1698333333  8.08491666667  5.63383333333
1947  1  0.0  11.0481666667  5.52408333333  5.37775
1947  2  0.0  4.49975  4.49975  9.219
1947  3  0.0  0  13.8285  18.1819166667
1947  4  0.0  0  2.99983333333  20.9988333333
1947  5  201.208333333  0  0  0.0
1947  6  325.591666667  0  0  0.0
1947  7  365.833333333  0  7.1054273576e-15  0.0
1947  8  314.616666667  0  0  0.0
1947  9  127.456333333  0  6.2777  1.183105
1947  10  0.0  17.4136666667  8.70683333333  6.91425
1947  11  0.0  12.2188333333  6.10941666667  7.93858333333
1947  12  0.0  16.1698333333  8.08491666667  5.63383333333
1948  1  0.0  11.0481666667  5.52408333333  5.37775
1948  2  0.0  4.49975  4.49975  9.219
1948  3  0.0  0  13.8285  18.1819166667
1948  4  0.0  0  2.99983333333  20.9988333333
1948  5  201.208333333  0  0  0.0
1948  6  325.591666667  0  0  0.0
1948  7  365.833333333  0  7.1054273576e-15  0.0
1948  8  314.616666667  0  0  0.0
1948  9  127.456333333  0  6.2777  1.183105
1948  10  0.0  17.4136666667  8.70683333333  6.91425
1948  11  0.0  12.2188333333  6.10941666667  7.93858333333
1948  12  0.0  16.1698333333  8.08491666667  5.63383333333
1949  1  0.0  11.0481666667  5.52408333333  5.37775
1949  2  0.0  4.49975  4.49975  9.219
1949  3  0.0  0  13.8285  18.1819166667
1949  4  0.0  0  2.99983333333  20.9988333333
1949  5  201.208333333  0  0  0.0
1949  6  325.591666667  0  0  0.0
1949  7  365.833333333  0  7.1054273576e-15  0.0
1949  8  314.616666667  0  0  0.0
1949  9  127.456333333  0  6.2777  1.183105
1949  10  0.0  17.4136666667  8.70683333333  6.91425
1949  11  0.0  12.2188333333  6.10941666667  7.93858333333
1949  12  0.0  16.1698333333  8.08491666667  5.63383333333
1950  1  0.0  11.0481666667  5.52408333333  5.37775
1950  2  0.0  4.49975  4.49975  9.219
1950  3  0.0  0  13.8285  18.1819166667
1950  4  0.0  0  2.99983333333  20.9988333333
1950  5  201.208333333  0  0  0.0
1950  6  325.591666667  0  0  0.0
1950  7  365.833333333  0  7.1054273576e-15  0.0
1950  8  314.616666667  0  0  0.0
1950  9  127.456333333  0  6.2777  1.183105
1950  10  0.0  17.4136666667  8.70683333333  6.91425
1950  11  0.0  12.2188333333  6.10941666667  7.93858333333
1950  12  0.0  16.1698333333  8.08491666667  5.63383333333
1951  1  0.0  11.0481666667  5.52408333333  5.37775
1951  2  0.0  4.49975  4.49975  9.219
1951  3  0.0  0  13.8285  18.1819166667
1951  4  0.0  0  2.99983333333  20.9988333333
1951  5  201.208333333  0  0  0.0
1951  6  325.591666667  0  0  0.0
1951  7  365.833333333  0  7.1054273576e-15  0.0
1951  8  314.616666667  0  0  0.0
1951  9  127.456333333  0  6.2777  1.183105
1951  10  0.0  17.4136666667  8.70683333333  6.91425
1951  11  0.0  12.2188333333  6.10941666667  7.93858333333
1951  12  0.0  16.1698333333  8.08491666667  5.63383333333
1952  1  0.0  11.0481666667  5.52408333333  5.37775
1952  2  0.0  4.49975  4.49975  9.219
1952  3  0.0  0  13.8285  18.1819166667
1952  4  0.0  0  2.99983333333  20.9988333333
1952  5  201.208333333  0  0  0.0
1952  6  325.591666667  0  0  0.0
1952  7  365.833333333  0  7.1054273576e-15  0.0
1952  8  314.616666667  0  0  0.0
1952  9  127.456333333  0  6.2777  1.183105
1952  10  0.0  17.4136666667  8.70683333333  6.91425
1952  11  0.0  12.2188333333  6.10941666667  7.93858333333
1952  12  0.0  16.1698333333  8.08491666667  5.63383333333
1953  1  0.0  11.0481666667  5.52408333333  5.37775
1953  2  0.0  4.49975  4.49975  9.219
1953  3  0.0  0  13.8285  18.1819166667
1953  4  0.0  0  2.99983333333  20.9988333333
1953  5  201.208333333  0  0  0.0
1953  6  325.591666667  0  0  0.0
1953  7  365.833333333  0  7.1054273576e-15  0.0
1953  8  314.616666667  0  0  0.0
1953  9  127.456333333  0  6.2777  1.183105
1953  10  0.0  17.4136666667  8.70683333333  6.91425
1953  11  0.0  12.2188333333  6.10941666667  7.93858333333
1953  12  0.0  16.1698333333  8.08491666667  5.63383333333
1954  1  0.0  11.0481666667  5.52408333333  5.37775
1954  2  0.0  4.49975  4.49975  9.219
1954  3  0.0  0  13.8285  18.1819166667
1954  4  0.0  0  2.99983333333  20.9988333333
1954  5  201.208333333  0  0  0.0
1954  6  325.591666667  0  0  0.0
1954  7  365.833333333  0  7.1054273576e-15  0.0
1954  8  314.616666667  0  0  0.0
1954  9  127.456333333  0  6.2777  1.183105
1954  10  0.0  17.4136666667  8.70683333333  6.91425
1954  11  0.0  12.2188333333  6.10941666667  7.93858333333
1954  12  0.0  16.1698333333  8.08491666667  5.63383333333
1955  1  0.0  11.0481666667  5.52408333333  5.37775
1955  2  0.0  4.49975  4.49975  9.219
1955  3  0.0  0  13.8285  18.1819166667
1955  4  0.0  0  2.99983333333  20.9988333333
1955  5  201.208333333  0  0  0.0
1955  6  325.591666667  0  0  0.0
1955  7  365.833333333  0  7.1054273576e-15  0.0
1955  8  314.616666667  0  0  0.0
1955  9  127.456333333  0  6.2777  1.183105
1955  10  0.0  17.4136666667  8.70683333333  6.91425
1955  11  0.0  12.2188333333  6.10941666667  7.93858333333
1955  12  0.0  16.1698333333  8.08491666667  5.63383333333
1956  1  0.0  11.0481666667  5.52408333333  5.37775
1956  2  0.0  4.49975  4.49975  9.219
1956  3  0.0  0  13.8285  18.1819166667
1956  4  0.0  0  2.99983333333  20.9988333333
1956  5  201.208333333  0  0  0.0
1956  6  325.591666667  0  0  0.0
1956  7  365.833333333  0  7.1054273576e-15  0.0
1956  8  314.616666667  0  0  0.0
1956  9  127.456333333  0  6.2777  1.183105
1956  10  0.0  17.4136666667  8.70683333333  6.91425
1956  11  0.0  12.2188333333  6.10941666667  7.93858333333
1956  12  0.0  16.1698333333  8.08491666667  5.63383333333
1957  1  0.0  11.0481666667  5.52408333333  5.37775
1957  2  0.0  4.49975  4.49975  9.219
1957  3  0.0  0  13.8285  18.1819166667
1957  4  0.0  0  2.99983333333  20.9988333333
1957  5  201.208333333  0  0  0.0
1957  6  325.591666667  0  0  0.0
1957  7  365.833333333  0  7.1054273576e-15  0.0
1957  8  314.616666667  0  0  0.0
1957  9  127.456333333  0  6.2777  1.183105
1957  10  0.0  17.4136666667  8.70683333333  6.91425
1957  11  0.0  12.2188333333  6.10941666667  7.93858333333
1957  12  0.0  16.1698333333  8.08491666667  5.63383333333
1958  1  0.0  11.0481666667  5.52408333333  5.37775
1958  2  0.0  4.49975  4.49975  9.219
1958  3  0.0  0  13.8285  18.1819166667
1958  4  0.0  0  2.99983333333  20.9988333333
1958  5  201.208333333  0  0  0.0
1958  6  325.591666667  0  0  0.0
1958  7  365.833333333  0  7.1054273576e-15  0.0
1958  8  314.616666667  0  0  0.0
1958  9  127.456333333  0  6.2777  1.183105
1958  10  0.0  17.4136666667  8.70683333333  6.91425
1958  11  0.0  12.2188333333  6.10941666667  7.93858333333
1958  12  0.0  16.1698333333  8.08491666667  5.63383333333
1959  1  0.0  11.0481666667  5.52408333333  5.37775
1959  2  0.0  4.49975  4.49975  9.219
1959  3  0.0  0  13.8285  18.1819166667
1959  4  0.0  0  2.99983333333  20.9988333333
1959  5  201.208333333  0  0  0.0
1959  6  325.591666667  0  0  0.0
1959  7  365.833333333  0  7.1054273576e-15  0.0
1959  8  314.616666667  0  0  0.0
1959  9  127.456333333  0  6.2777  1.183105
1959  10  0.0  17.4136666667  8.70683333333  6.91425
1959  11  0.0  12.2188333333  6.10941666667  7.93858333333
1959  12  0.0  16.1698333333  8.08491666667  5.63383333333
1960  1  0.0  11.0481666667  5.52408333333  5.37775
1960  2  0.0  4.49975  4.49975  9.219
1960  3  0.0  0  13.8285  18.1819166667
1960  4  0.0  0  2.99983333333  20.9988333333
1960  5  201.208333333  0  0  0.0
1960  6  325.591666667  0  0  0.0
1960  7  365.833333333  0  7.1054273576e-15  0.0
1960  8  314.616666667  0  0  0.0
1960  9  127.456333333  0  6.2777  1.183105
1960  10  0.0  17.4136666667  8.70683333333  6.91425
1960  11  0.0  12.2188333333  6.10941666667  7.93858333333
1960  12  0.0  16.1698333333  8.08491666667  5.63383333333
1961  1  0.0  11.0481666667  5.52408333333  5.37775
1961  2  0.0  4.49975  4.49975  9.219
1961  3  0.0  0  13.8285  18.1819166667
1961  4  0.0  0  2.99983333333  20.9988333333
1961  5  201.208333333  0  0  0.0
1961  6  325.591666667  0  0  0.0
1961  7  365.833333333  0  7.1054273576e-15  0.0
1961  8  314.616666667  0  0  0.0
1961  9  127.456333333  0  6.2777  1.183105
1961  10  0.0  17.4136666667  8.70683333333  6.91425
1961  11  0.0  12.2188333333  6.10941666667  7.93858333333
1961  12  0.0  16.1698333333  8.08491666667  5.63383333333
1962  1  0.0  11.0481666667  5.52408333333  5.37775
1962  2  0.0  4.49975  4.49975  9.219
1962  3  0.0  0  13.8285  18.1819166667
1962  4  0.0  0  2.99983333333  20.9988333333
1962  5  201.208333333  0  0  0.0
1962  6  325.591666667  0  0  0.0
1962  7  365.833333333  0  7.1054273576e-15  0.0
1962  8  314.616666667  0  0  0.0
1962  9  127.456333333  0  6.2777  1.183105
1962  10  0.0  17.4136666667  8.70683333333  6.91425
1962  11  0.0  12.2188333333  6.10941666667  7.93858333333
1962  12  0.0  16.1698333333  8.08491666667  5.63383333333
1963  1  0.0  11.0481666667  5.52408333333  5.37775
1963  2  0.0  4.49975  4.49975  9.219
1963  3  0.0  0  13.8285  18.1819166667
1963  4  0.0  0  2.99983333333  20.9988333333
1963  5  201.208333333  0  0  0.0
1963  6  325.591666667  0  0  0.0
1963  7  365.833333333  0  7.1054273576e-15  0.0
1963  8  314.616666667  0  0  0.0
1963  9  127.456333333  0  6.2777  1.183105
1963  10  0.0  17.4136666667  8.70683333333  6.91425
1963  11  0.0  12.2188333333  6.10941666667  7.93858333333
1963  12  0.0  16.1698333333  8.08491666667  5.63383333333
1964  1  0.0  11.0481666667  5.52408333333  5.37775
1964  2  0.0  4.49975  4.49975  9.219
1964  3  0.0  0  13.8285  18.1819166667
1964  4  0.0  0  2.99983333333  20.9988333333
1964  5  201.208333333  0  0  0.0
1964  6  325.591666667  0  0  0.0
1964  7  365.833333333  0  7.1054273576e-15  0.0
1964  8  314.616666667  0  0  0.0
1964  9  127.456333333  0  6.2777  1.183105
1964  10  0.0  17.4136666667  8.70683333333  6.91425
1964  11  0.0  12.2188333333  6.10941666667  7.93858333333
1964  12  0.0  16.1698333333  8.08491666667  5.63383333333
1965  1  0.0  11.0481666667  5.52408333333  5.37775
1965  2  0.0  4.49975  4.49975  9.219
1965  3  0.0  0  13.8285  18.1819166667
1965  4  0.0  0  2.99983333333  20.9988333333
1965  5  201.208333333  0  0  0.0
1965  6  325.591666667  0  0  0.0
1965  7  365.833333333  0  7.1054273576e-15  0.0
1965  8  314.616666667  0  0  0.0
1965  9  127.456333333  0  6.2777  1.183105
1965  10  0.0  17.4136666667  8.70683333333  6.91425
1965  11  0.0  12.2188333333  6.10941666667  7.93858333333
1965  12  0.0  16.1698333333  8.08491666667  5.63383333333
1966  1  0.0  11.0481666667  5.52408333333  5.37775
1966  2  0.0  4.49975  4.49975  9.219
1966  3  0.0  0  13.8285  18.1819166667
1966  4  0.0  0  2.99983333333  20.9988333333
1966  5  201.208333333  0  0  0.0
1966  6  325.591666667  0  0  0.0
1966  7  365.833333333  0  7.1054273576e-15  0.0
1966  8  314.616666667  0  0  0.0
1966  9  127.456333333  0  6.2777  1.183105
1966  10  0.0  17.4136666667  8.70683333333  6.91425
1966  11  0.0  12.2188333333  6.10941666667  7.93858333333
1966  12  0.0  16.1698333333  8.08491666667  5.63383333333
1967  1  0.0  11.0481666667  5.52408333333  5.37775
1967  2  0.0  4.49975  4.49975  9.219
1967  3  0.0  0  13.8285  18.1819166667
1967  4  0.0  0  2.99983333333  20.9988333333
1967  5  201.208333333  0  0  0.0
1967  6  325.591666667  0  0  0.0
1967  7  365.833333333  0  7.1054273576e-15  0.0
1967  8  314.616666667  0  0  0.0
1967  9  127.456333333  0  6.2777  1.183105
1967  10  0.0  17.4136666667  8.70683333333  6.91425
1967  11  0.0  12.2188333333  6.10941666667  7.93858333333
1967  12  0.0  16.1698333333  8.08491666667  5.63383333333
1968  1  0.0  11.0481666667  5.52408333333  5.37775
1968  2  0.0  4.49975  4.49975  9.219
1968  3  0.0  0  13.8285  18.1819166667
1968  4  0.0  0  2.99983333333  20.9988333333
1968  5  201.208333333  0  0  0.0
1968  6  325.591666667  0  0  0.0
1968  7  365.833333333  0  7.1054273576e-15  0.0
1968  8  314.616666667  0  0  0.0
1968  9  127.456333333  0  6.2777  1.183105
1968  10  0.0  17.4136666667  8.70683333333  6.91425
1968  11  0.0  12.2188333333  6.10941666667  7.93858333333
1968  12  0.0  16.1698333333  8.08491666667  5.63383333333
1969  1  0.0  11.0481666667  5.52408333333  5.37775
1969  2  0.0  4.49975  4.49975  9.219
1969  3  0.0  0  13.8285  18.1819166667
1969  4  0.0  0  2.99983333333  20.9988333333
1969  5  201.208333333  0  0  0.0
1969  6  325.591666667  0  0  0.0
1969  7  365.833333333  0  7.1054273576e-15  0.0
1969  8  314.616666667  0  0  0.0
1969  9  127.456333333  0  6.2777  1.183105
1969  10  0.0  17.4136666667  8.70683333333  6.91425
1969  11  0.0  12.2188333333  6.10941666667  7.93858333333
1969  12  0.0  16.1698333333  8.08491666667  5.63383333333
1970  1  0.0  11.0481666667  5.52408333333  5.37775
1970  2  0.0  4.49975  4.49975  9.219
1970  3  0.0  0  13.8285  18.1819166667
1970  4  0.0  0  2.99983333333  20.9988333333
1970  5  201.208333333  0  0  0.0
1970  6  325.591666667  0  0  0.0
1970  7  365.833333333  0  7.1054273576e-15  0.0
1970  8  314.616666667  0  0  0.0
1970  9  127.456333333  0  6.2777  1.183105
1970  10  0.0  17.4136666667  8.70683333333  6.91425
1970  11  0.0  12.2188333333  6.10941666667  7.93858333333
1970  12  0.0  16.1698333333  8.08491666667  5.63383333333
1971  1  0.0  11.0481666667  5.52408333333  5.37775
1971  2  0.0  4.49975  4.49975  9.219
1971  3  0.0  0  13.8285  18.1819166667
1971  4  0.0  0  2.99983333333  20.9988333333
1971  5  201.208333333  0  0  0.0
1971  6  325.591666667  0  0  0.0
1971  7  365.833333333  0  7.1054273576e-15  0.0
1971  8  314.616666667  0  0  0.0
1971  9  127.456333333  0  6.2777  1.183105
1971  10  0.0  17.4136666667  8.70683333333  6.91425
1971  11  0.0  12.2188333333  6.10941666667  7.93858333333
1971  12  0.0  16.1698333333  8.08491666667  5.63383333333
1972  1  0.0  11.0481666667  5.52408333333  5.37775
1972  2  0.0  4.49975  4.49975  9.219
1972  3  0.0  0  13.8285  18.1819166667
1972  4  0.0  0  2.99983333333  20.9988333333
1972  5  201.208333333  0  0  0.0
1972  6  325.591666667  0  0  0.0
1972  7  365.833333333  0  7.1054273576e-15  0.0
1972  8  314.616666667  0  0  0.0
1972  9  127.456333333  0  6.2777  1.183105
1972  10  0.0  17.4136666667  8.70683333333  6.91425
1972  11  0.0  12.2188333333  6.10941666667  7.93858333333
1972  12  0.0  16.1698333333  8.08491666667  5.63383333333
1973  1  0.0  11.0481666667  5.52408333333  5.37775
1973  2  0.0  4.49975  4.49975  9.219
1973  3  0.0  0  13.8285  18.1819166667
1973  4  0.0  0  2.99983333333  20.9988333333
1973  5  201.208333333  0  0  0.0
1973  6  325.591666667  0  0  0.0
1973  7  365.833333333  0  7.1054273576e-15  0.0
1973  8  314.616666667  0  0  0.0
1973  9  127.456333333  0  6.2777  1.183105
1973  10  0.0  17.4136666667  8.70683333333  6.91425
1973  11  0.0  12.2188333333  6.10941666667  7.93858333333
1973  12  0.0  16.1698333333  8.08491666667  5.63383333333
1974  1  0.0  11.0481666667  5.52408333333  5.37775
1974  2  0.0  4.49975  4.49975  9.219
1974  3  0.0  0  13.8285  18.1819166667
1974  4  0.0  0  2.99983333333  20.9988333333
1974  5  201.208333333  0  0  0.0
1974  6  325.591666667  0  0  0.0
1974  7  365.833333333  0  7.1054273576e-15  0.0
1974  8  314.616666667  0  0  0.0
1974  9  127.456333333  0  6.2777  1.183105
1974  10  0.0  17.4136666667  8.70683333333  6.91425
1974  11  0.0  12.2188333333  6.10941666667  7.93858333333
1974  12  0.0  16.1698333333  8.08491666667  5.63383333333
1975  1  0.0  11.0481666667  5.52408333333  5.37775
1975  2  0.0  4.49975  4.49975  9.219
1975  3  0.0  0  13.8285  18.1819166667
1975  4  0.0  0  2.99983333333  20.9988333333
1975  5  201.208333333  0  0  0.0
1975  6  325.591666667  0  0  0.0
1975  7  365.833333333  0  7.1054273576e-15  0.0
1975  8  314.616666667  0  0  0.0
1975  9  127.456333333  0  6.2777  1.183105
1975  10  0.0  17.4136666667  8.70683333333  6.91425
1975  11  0.0  12.2188333333  6.10941666667  7.93858333333
1975  12  0.0  16.1698333333  8.08491666667  5.63383333333
1976  1  0.0  11.0481666667  5.52408333333  5.37775
1976  2  0.0  4.49975  4.49975  9.219
1976  3  0.0  0  13.8285  18.1819166667
1976  4  0.0  0  2.99983333333  20.9988333333
1976  5  201.208333333  0  0  0.0
1976  6  325.591666667  0  0  0.0
1976  7  365.833333333  0  7.1054273576e-15  0.0
1976  8  314.616666667  0  0  0.0
1976  9  127.456333333  0  6.2777  1.183105
1976  10  0.0  17.4136666667  8.70683333333  6.91425
1976  11  0.0  12.2188333333  6.10941666667  7.93858333333
1976  12  0.0  16.1698333333  8.08491666667  5.63383333333
1977  1  0.0  11.0481666667  5.52408333333  5.37775
1977  2  0.0  4.49975  4.49975  9.219
1977  3  0.0  0  13.8285  18.1819166667
1977  4  0.0  0  2.99983333333  20.9988333333
1977  5  201.208333333  0  0  0.0
1977  6  325.591666667  0  0  0.0
1977  7  365.833333333  0  7.1054273576e-15  0.0
1977  8  314.616666667  0  0  0.0
1977  9  127.456333333  0  6.2777  1.183105
1977  10  0.0  17.4136666667  8.70683333333  6.91425
1977  11  0.0  12.2188333333  6.10941666667  7.93858333333
1977  12  0.0  16.1698333333  8.08491666667  5.63383333333
1978  1  0.0  11.0481666667  5.52408333333  5.37775
1978  2  0.0  4.49975  4.49975  9.219
1978  3  0.0  0  13.8285  18.1819166667
1978  4  0.0  0  2.99983333333  20.9988333333
1978  5  201.208333333  0  0  0.0
1978  6  325.591666667  0  0  0.0
1978  7  365.833333333  0  7.1054273576e-15  0.0
1978  8  314.616666667  0  0  0.0
1978  9  127.456333333  0  6.2777  1.183105
1978  10  0.0  17.4136666667  8.70683333333  6.91425
1978  11  0.0  12.2188333333  6.10941666667  7.93858333333
1978  12  0.0  16.1698333333  8.08491666667  5.63383333333
1979  1  0.0  11.0481666667  5.52408333333  5.37775
1979  2  0.0  4.49975  4.49975  9.219
1979  3  0.0  0  13.8285  18.1819166667
1979  4  0.0  0  2.99983333333  20.9988333333
1979  5  201.208333333  0  0  0.0
1979  6  325.591666667  0  0  0.0
1979  7  365.833333333  0  7.1054273576e-15  0.0
1979  8  314.616666667  0  0  0.0
1979  9  127.456333333  0  6.2777  1.183105
1979  10  0.0  17.4136666667  8.70683333333  6.91425
1979  11  0.0  12.2188333333  6.10941666667  7.93858333333
1979  12  0.0  16.1698333333  8.08491666667  5.63383333333
1980  1  0.0  11.0481666667  5.52408333333  5.37775
1980  2  0.0  4.49975  4.49975  9.219
1980  3  0.0  0  13.8285  18.1819166667
1980  4  0.0  0  2.99983333333  20.9988333333
1980  5  201.208333333  0  0  0.0
1980  6  325.591666667  0  0  0.0
1980  7  365.833333333  0  7.1054273576e-15  0.0
1980  8  314.616666667  0  0  0.0
1980  9  127.456333333  0  6.2777  1.183105
1980  10  0.0  17.4136666667  8.70683333333  6.91425
1980  11  0.0  12.2188333333  6.10941666667  7.93858333333
1980  12  0.0  16.1698333333  8.08491666667  5.63383333333
1981  1  0.0  11.0481666667  5.52408333333  5.37775
1981  2  0.0  4.49975  4.49975  9.219
1981  3  0.0  0  13.8285  18.1819166667
1981  4  0.0  0  2.99983333333  20.9988333333
1981  5  201.208333333  0  0  0.0
1981  6  325.591666667  0  0  0.0
1981  7  365.833333333  0  7.1054273576e-15  0.0
1981  8  314.616666667  0  0  0.0
1981  9  127.456333333  0  6.2777  1.183105
1981  10  0.0  17.4136666667  8.70683333333  6.91425
1981  11  0.0  12.2188333333  6.10941666667  7.93858333333
1981  12  0.0  16.1698333333  8.08491666667  5.63383333333
1982  1  0.0  11.0481666667  5.52408333333  5.37775
1982  2  0.0  4.49975  4.49975  9.219
1982  3  0.0  0  13.8285  18.1819166667
1982  4  0.0  0  2.99983333333  20.9988333333
1982  5  201.208333333  0  0  0.0
1982  6  325.591666667  0  0  0.0
1982  7  365.833333333  0  7.1054273576e-15  0.0
1982  8  314.616666667  0  0  0.0
1982  9  127.456333333  0  6.2777  1.183105
1982  10  0.0  17.4136666667  8.70683333333  6.91425
1982  11  0.0  12.2188333333  6.10941666667  7.93858333333
1982  12  0.0  16.1698333333  8.08491666667  5.63383333333
1983  1  0.0  11.0481666667  5.52408333333  5.37775
1983  2  0.0  4.49975  4.49975  9.219
1983  3  0.0  0  13.8285  18.1819166667
1983  4  0.0  0  2.99983333333  20.9988333333
1983  5  201.208333333  0  0  0.0
1983  6  325.591666667  0  0  0.0
1983  7  365.833333333  0  7.1054273576e-15  0.0
1983  8  314.616666667  0  0  0.0
1983  9  127.456333333  0  6.2777  1.183105
1983  10  0.0  17.4136666667  8.70683333333  6.91425
1983  11  0.0  12.2188333333  6.10941666667  7.93858333333
1983  12  0.0  16.1698333333  8.08491666667  5.63383333333
1984  1  0.0  11.0481666667  5.52408333333  5.37775
1984  2  0.0  4.49975  4.49975  9.219
1984  3  0.0  0  13.8285  18.1819166667
1984  4  0.0  0  2.99983333333  20.9988333333
1984  5  201.208333333  0  0  0.0
1984  6  325.591666667  0  0  0.0
1984  7  365.833333333  0  7.1054273576e-15  0.0
1984  8  314.616666667  0  0  0.0
1984  9  127.456333333  0  6.2777  1.183105
1984  10  0.0  17.4136666667  8.70683333333  6.91425
1984  11  0.0  12.2188333333  6.10941666667  7.93858333333
1984  12  0.0  16.1698333333  8.08491666667  5.63383333333
1985  1  0.0  11.0481666667  5.52408333333  5.37775
1985  2  0.0  4.49975  4.49975  9.219
1985  3  0.0  0  13.8285  18.1819166667
1985  4  0.0  0  2.99983333333  20.9988333333
1985  5  201.208333333  0  0  0.0
1985  6  325.591666667  0  0  0.0
1985  7  365.833333333  0  7.1054273576e-15  0.0
1985  8  314.616666667  0  0  0.0
1985  9  127.456333333  0  6.2777  1.183105
1985  10  0.0  17.4136666667  8.70683333333  6.91425
1985  11  0.0  12.2188333333  6.10941666667  7.93858333333
1985  12  0.0  16.1698333333  8.08491666667  5.63383333333
1986  1  0.0  11.0481666667  5.52408333333  5.37775
1986  2  0.0  4.49975  4.49975  9.219
1986  3  0.0  0  13.8285  18.1819166667
1986  4  0.0  0  2.99983333333  20.9988333333
1986  5  201.208333333  0  0  0.0
1986  6  325.591666667  0  0  0.0
1986  7  365.833333333  0  7.1054273576e-15  0.0
1986  8  314.616666667  0  0  0.0
1986  9  127.456333333  0  6.2777  1.183105
1986  10  0.0  17.4136666667  8.70683333333  6.91425
1986  11  0.0  12.2188333333  6.10941666667  7.93858333333
1986  12  0.0  16.1698333333  8.08491666667  5.63383333333
1987  1  0.0  11.0481666667  5.52408333333  5.37775
1987  2  0.0  4.49975  4.49975  9.219
1987  3  0.0  0  13.8285  18.1819166667
1987  4  0.0  0  2.99983333333  20.9988333333
1987  5  201.208333333  0  0  0.0
1987  6  325.591666667  0  0  0.0
1987  7  365.833333333  0  7.1054273576e-15  0.0
1987  8  314.616666667  0  0  0.0
1987  9  127.456333333  0  6.2777  1.183105
1987  10  0.0  17.4136666667  8.70683333333  6.91425
1987  11  0.0  12.2188333333  6.10941666667  7.93858333333
1987  12  0.0  16.1698333333  8.08491666667  5.63383333333
1988  1  0.0  11.0481666667  5.52408333333  5.37775
1988  2  0.0  4.49975  4.49975  9.219
1988  3  0.0  0  13.8285  18.1819166667
1988  4  0.0  0  2.99983333333  20.9988333333
1988  5  201.208333333  0  0  0.0
1988  6  325.591666667  0  0  0.0
1988  7  365.833333333  0  7.1054273576e-15  0.0
1988  8  314.616666667  0  0  0.0
1988  9  127.456333333  0  6.2777  1.183105
1988  10  0.0  17.4136666667  8.70683333333  6.91425
1988  11  0.0  12.2188333333  6.10941666667  7.93858333333
1988  12  0.0  16.1698333333  8.08491666667  5.63383333333
1989  1  0.0  11.0481666667  5.52408333333  5.37775
1989  2  0.0  4.49975  4.49975  9.219
1989  3  0.0  0  13.8285  18.1819166667
1989  4  0.0  0  2.99983333333  20.9988333333
1989  5  201.208333333  0  0  0.0
1989  6  325.591666667  0  0  0.0
1989  7  365.833333333  0  7.1054273576e-15  0.0
1989  8  314.616666667  0  0  0.0
1989  9  127.456333333  0  6.2777  1.183105
1989  10  0.0  17.4136666667  8.70683333333  6.91425
1989  11  0.0  12.2188333333  6.10941666667  7.93858333333
1989  12  0.0  16.1698333333  8.08491666667  5.63383333333
1990  1  0.0  11.0481666667  5.52408333333  5.37775
1990  2  0.0  4.49975  4.49975  9.219
1990  3  0.0  0  13.8285  18.1819166667
1990  4  0.0  0  2.99983333333  20.9988333333
1990  5  201.208333333  0  0  0.0
1990  6  325.591666667  0  0  0.0
1990  7  365.833333333  0  7.1054273576e-15  0.0
1990  8  314.616666667  0  0  0.0
1990  9  127.456333333  0  6.2777  1.183105
1990  10  0.0  17.4136666667  8.70683333333  6.91425
1990  11  0.0  12.2188333333  6.10941666667  7.93858333333
1990  12  0.0  16.1698333333  8.08491666667  5.63383333333
1991  1  0.0  11.0481666667  5.52408333333  5.37775
1991  2  0.0  4.49975  4.49975  9.219
1991  3  0.0  0  13.8285  18.1819166667
1991  4  0.0  0  2.99983333333  20.9988333333
1991  5  201.208333333  0  0  0.0
1991  6  325.591666667  0  0  0.0
1991  7  365.833333333  0  7.1054273576e-15  0.0
1991  8  314.616666667  0  0  0.0
1991  9  127.456333333  0  6.2777  1.183105
1991  10  0.0  17.4136666667  8.70683333333  6.91425
1991  11  0.0  12.2188333333  6.10941666667  7.93858333333
1991  12  0.0  16.1698333333  8.08491666667  5.63383333333
1992  1  0.0  11.0481666667  5.52408333333  5.37775
1992  2  0.0  4.49975  4.49975  9.219
1992  3  0.0  0  13.8285  18.1819166667
1992  4  0.0  0  2.99983333333  20.9988333333
1992  5  201.208333333  0  0  0.0
1992  6  325.591666667  0  0  0.0
1992  7  365.833333333  0  7.1054273576e-15  0.0
1992  8  314.616666667  0  0  0.0
1992  9  127.456333333  0  6.2777  1.183105
1992  10  0.0  17.4136666667  8.70683333333  6.91425
1992  11  0.0  12.2188333333  6.10941666667  7.93858333333
1992  12  0.0  16.1698333333  8.08491666667  5.63383333333
1993  1  0.0  11.0481666667  5.52408333333  5.37775
1993  2  0.0  4.49975  4.49975  9.219
1993  3  0.0  0  13.8285  18.1819166667
1993  4  0.0  0  2.99983333333  20.9988333333
1993  5  201.208333333  0  0  0.0
1993  6  325.591666667  0  0  0.0
1993  7  365.833333333  0  7.1054273576e-15  0.0
1993  8  314.616666667  0  0  0.0
1993  9  127.456333333  0  6.2777  1.183105
1993  10  0.0  17.4136666667  8.70683333333  6.91425
1993  11  0.0  12.2188333333  6.10941666667  7.93858333333
1993  12  0.0  16.1698333333  8.08491666667  5.63383333333
1994  1  0.0  11.0481666667  5.52408333333  5.37775
1994  2  0.0  4.49975  4.49975  9.219
1994  3  0.0  0  13.8285  18.1819166667
1994  4  0.0  0  2.99983333333  20.9988333333
1994  5  201.208333333  0  0  0.0
1994  6  325.591666667  0  0  0.0
1994  7  365.833333333  0  7.1054273576e-15  0.0
1994  8  314.616666667  0  0  0.0
1994  9  127.456333333  0  6.2777  1.183105
1994  10  0.0  17.4136666667  8.70683333333  6.91425
1994  11  0.0  12.2188333333  6.10941666667  7.93858333333
1994  12  0.0  16.1698333333  8.08491666667  5.63383333333
1995  1  0.0  11.0481666667  5.52408333333  5.37775
1995  2  0.0  4.49975  4.49975  9.219
1995  3  0.0  0  13.8285  18.1819166667
1995  4  0.0  0  2.99983333333  20.9988333333
1995  5  201.208333333  0  0  0.0
1995  6  325.591666667  0  0  0.0
1995  7  365.833333333  0  7.1054273576e-15  0.0
1995  8  314.616666667  0  0  0.0
1995  9  127.456333333  0  6.2777  1.183105
1995  10  0.0  17.4136666667  8.70683333333  6.91425
1995  11  0.0  12.2188333333  6.10941666667  7.93858333333
1995  12  0.0  16.1698333333  8.08491666667  5.63383333333
1996  1  0.0  11.0481666667  5.52408333333  5.37775
1996  2  0.0  4.49975  4.49975  9.219
1996  3  0.0  0  13.8285  18.1819166667
1996  4  0.0  0  2.99983333333  20.9988333333
1996  5  201.208333333  0  0  0.0
1996  6  325.591666667  0  0  0.0
1996  7  365.833333333  0  7.1054273576e-15  0.0
1996  8  314.616666667  0  0  0.0
1996  9  127.456333333  0  6.2777  1.183105
1996  10  0.0  17.4136666667  8.70683333333  6.91425
1996  11  0.0  12.2188333333  6.10941666667  7.93858333333
1996  12  0.0  16.1698333333  8.08491666667  5.63383333333
1997  1  0.0  11.0481666667  5.52408333333  5.37775
1997  2  0.0  4.49975  4.49975  9.219
1997  3  0.0  0  13.8285  18.1819166667
1997  4  0.0  0  2.99983333333  20.9988333333
1997  5  201.208333333  0  0  0.0
1997  6  325.591666667  0  0  0.0
1997  7  365.833333333  0  7.1054273576e-15  0.0
1997  8  314.616666667  0  0  0.0
1997  9  127.456333333  0  6.2777  1.183105
1997  10  0.0  17.4136666667  8.70683333333  6.91425
1997  11  0.0  12.2188333333  6.10941666667  7.93858333333
1997  12  0.0  16.1698333333  8.08491666667  5.63383333333
1998  1  0.0  11.0481666667  5.52408333333  5.37775
1998  2  0.0  4.49975  4.49975  9.219
1998  3  0.0  0  13.8285  18.1819166667
1998  4  0.0  0  2.99983333333  20.9988333333
1998  5  201.208333333  0  0  0.0
1998  6  325.591666667  0  0  0.0
1998  7  365.833333333  0  7.1054273576e-15  0.0
1998  8  314.616666667  0  0  0.0
1998  9  127.456333333  0  6.2777  1.183105
1998  10  0.0  17.4136666667  8.70683333333  6.91425
1998  11  0.0  12.2188333333  6.10941666667  7.93858333333
1998  12  0.0  16.1698333333  8.08491666667  5.63383333333
1999  1  0.0  11.0481666667  5.52408333333  5.37775
1999  2  0.0  4.49975  4.49975  9.219
1999  3  0.0  0  13.8285  18.1819166667
1999  4  0.0  0  2.99983333333  20.9988333333
1999  5  201.208333333  0  0  0.0
1999  6  325.591666667  0  0  0.0
1999  7  365.833333333  0  7.1054273576e-15  0.0
1999  8  314.616666667  0  0  0.0
1999  9  127.456333333  0  6.2777  1.183105
1999  10  0.0  17.4136666667  8.70683333333  6.91425
1999  11  0.0  12.2188333333  6.10941666667  7.93858333333
1999  12  0.0  16.1698333333  8.08491666667  5.63383333333
2000  1  0.0  11.0481666667  5.52408333333  5.37775
2000  2  0.0  4.49975  4.49975  9.219
2000  3  0.0  0  13.8285  18.1819166667
2000  4  0.0  0  2.99983333333  20.9988333333
2000  5  201.208333333  0  0  0.0
2000  6  325.591666667  0  0  0.0
2000  7  365.833333333  0  7.1054273576e-15  0.0
2000  8  314.616666667  0  0  0.0
2000  9  127.456333333  0  6.2777  1.183105
2000  10  0.0  17.4136666667  8.70683333333  6.91425
2000  11  0.0  12.2188333333  6.10941666667  7.93858333333
2000  12  0.0  16.1698333333  8.08491666667  5.63383333333
2001  1  0.0  11.0481666667  5.52408333333  5.37775
2001  2  0.0  4.49975  4.49975  9.219
2001  3  0.0  0  13.8285  18.1819166667
2001  4  0.0  0  2.99983333333  20.9988333333
2001  5  201.208333333  0  0  0.0
2001  6  325.591666667  0  0  0.0
2001  7  365.833333333  0  7.1054273576e-15  0.0
2001  8  314.616666667  0  0  0.0
2001  9  127.456333333  0  6.2777  1.183105
2001  10  0.0  17.4136666667  8.70683333333  6.91425
2001  11  0.0  12.2188333333  6.10941666667  7.93858333333
2001  12  0.0  16.1698333333  8.08491666667  5.63383333333
2002  1  0.0  11.0481666667  5.52408333333  5.37775
2002  2  0.0  4.49975  4.49975  9.219
2002  3  0.0  0  13.8285  18.1819166667
2002  4  0.0  0  2.99983333333  20.9988333333
2002  5  201.208333333  0  0  0.0
2002  6  325.591666667  0  0  0.0
2002  7  365.833333333  0  7.1054273576e-15  0.0
2002  8  314.616666667  0  0  0.0
2002  9  127.456333333  0  6.2777  1.183105
2002  10  0.0  17.4136666667  8.70683333333  6.91425
2002  11  0.0  12.2188333333  6.10941666667  7.93858333333
2002  12  0.0  16.1698333333  8.08491666667  5.63383333333
2003  1  0.0  11.0481666667  5.52408333333  5.37775
2003  2  0.0  4.49975  4.49975  9.219
2003  3  0.0  0  13.8285  18.1819166667
2003  4  0.0  0  2.99983333333  20.9988333333
2003  5  201.208333333  0  0  0.0
2003  6  325.591666667  0  0  0.0
2003  7  365.833333333  0  7.1054273576e-15  0.0
2003  8  314.616666667  0  0  0.0
2003  9  127.456333333  0  6.2777  1.183105
2003  10  0.0  17.4136666667  8.70683333333  6.91425
2003  11  0.0  12.2188333333  6.10941666667  7.93858333333
2003  12  0.0  16.1698333333  8.08491666667  5.63383333333
2004  1  0.0  11.0481666667  5.52408333333  5.37775
2004  2  0.0  4.49975  4.49975  9.219
2004  3  0.0  0  13.8285  18.1819166667
2004  4  0.0  0  2.99983333333  20.9988333333
2004  5  201.208333333  0  0  0.0
2004  6  325.591666667  0  0  0.0
2004  7  365.833333333  0  7.1054273576e-15  0.0
2004  8  314.616666667  0  0  0.0
2004  9  127.456333333  0  6.2777  1.183105
2004  10  0.0  17.4136666667  8.70683333333  6.91425
2004  11  0.0  12.2188333333  6.10941666667  7.93858333333
2004  12  0.0  16.1698333333  8.08491666667  5.63383333333
2005  1  0.0  11.0481666667  5.52408333333  5.37775
2005  2  0.0  4.49975  4.49975  9.219
2005  3  0.0  0  13.8285  18.1819166667
2005  4  0.0  0  2.99983333333  20.9988333333
2005  5  201.208333333  0  0  0.0
2005  6  325.591666667  0  0  0.0
2005  7  365.833333333  0  7.1054273576e-15  0.0
2005  8  314.616666667  0  0  0.0
2005  9  127.456333333  0  6.2777  1.183105
2005  10  0.0  17.4136666667  8.70683333333  6.91425
2005  11  0.0  12.2188333333  6.10941666667  7.93858333333
2005  12  0.0  16.1698333333  8.08491666667  5.63383333333
