1922  1  32.0410923349
1922  2  2.25592100734
1922  3  0.0
1922  4  0.0
1922  5  396.197601103
1922  6  447.867937777
1922  7  549.024375
1922  8  388.057708333
1922  9  162.112526275
1922  10  77.0212727587
1922  11  60.5793204824
1922  12  29.1907457575
1923  1  29.32396205
1923  2  11.7753061137
1923  3  0.0
1923  4  0.0
1923  5  398.375910372
1923  6  447.871458333
1923  7  548.293227795
1923  8  388.057708333
1923  9  160.764651181
1923  10  76.8421832302
1923  11  66.0483864224
1923  12  38.6736111951
1924  1  30.4470922502
1924  2  11.7435719745
1924  3  0.0
1924  4  0.0
1924  5  398.483958333
1924  6  447.822715186
1924  7  549.024375
1924  8  387.619020011
1924  9  162.2105
1924  10  76.0041622965
1924  11  64.5192239506
1924  12  34.2318527503
1925  1  30.6658133392
1925  2  7.55244090424
1925  3  0.0
1925  4  0.0
1925  5  391.825344734
1925  6  447.662403522
1925  7  548.94692277
1925  8  387.716506304
1925  9  162.20106491
1925  10  76.2591454221
1925  11  64.9112503478
1925  12  38.8113167149
1926  1  31.4728359176
1926  2  8.92029441073
1926  3  0.0
1926  4  0.0
1926  5  398.462834998
1926  6  447.871458333
1926  7  549.024375
1926  8  388.057708333
1926  9  162.2105
1926  10  76.6149688521
1926  11  54.5483660492
1926  12  38.1383193212
1927  1  32.2433358484
1927  2  0.0
1927  3  0.0
1927  4  0.0
1927  5  398.476917222
1927  6  446.694037059
1927  7  548.939881659
1927  8  388.022502774
1927  9  162.2105
1927  10  75.5798417336
1927  11  63.5572663372
1927  12  38.5941874543
1928  1  34.0222642927
1928  2  9.90518640236
1928  3  0.0
1928  4  0.0
1928  5  398.149252781
1928  6  447.871458333
1928  7  549.024375
1928  8  388.057708333
1928  9  162.2105
1928  10  77.0792541667
1928  11  55.9699071979
1928  12  25.7793448563
1929  1  32.9891987576
1929  2  10.321136465
1929  3  0.0
1929  4  0.0
1929  5  398.483958333
1929  6  444.780314117
1929  7  549.024375
1929  8  388.057708333
1929  9  162.179835958
1929  10  76.9785183296
1929  11  66.4646
1929  12  38.6559614749
1930  1  25.3311161665
1930  2  7.17810949246
1930  3  0.0
1930  4  0.0
1930  5  397.740615555
1930  6  447.871458333
1930  7  549.024375
1930  8  388.057708333
1930  9  162.03505169
1930  10  76.8675963508
1930  11  64.4108554715
1930  12  39.4368333333
1931  1  25.0188365144
1931  2  10.9159267619
1931  3  0.0
1931  4  0.0
1931  5  395.355177273
1931  6  446.987293319
1931  7  549.024375
1931  8  387.897396669
1931  9  162.140101732
1931  10  77.0591069992
1931  11  59.0921218656
1931  12  21.1626673753
1932  1  28.6982902318
1932  2  7.71979875835
1932  3  0.0
1932  4  0.0
1932  5  397.223132988
1932  6  447.871458333
1932  7  548.939881659
1932  8  388.057708333
1932  9  162.2105
1932  10  77.0792541667
1932  11  66.2651233805
1932  12  37.1691037026
1933  1  19.8486299584
1933  2  11.6306802403
1933  3  0.0
1933  4  0.0
1933  5  396.772793727
1933  6  447.67594111
1933  7  549.024375
1933  8  388.057708333
1933  9  162.2105
1933  10  76.7460379983
1933  11  66.4646
1933  12  28.588344389
1934  1  30.4887984153
1934  2  7.20994712996
1934  3  0.0
1934  4  0.0
1934  5  398.365348704
1934  6  446.460591099
1934  7  549.024375
1934  8  387.960222039
1934  9  162.198706138
1934  10  76.2695566798
1934  11  58.2108289769
1934  12  32.0813231911
1935  1  22.7539798116
1935  2  11.3856715835
1935  3  0.0
1935  4  0.0
1935  5  398.483958333
1935  6  447.871458333
1935  7  549.024375
1935  8  387.667763157
1935  9  162.19162982
1935  10  76.425017834
1935  11  62.6536392293
1935  12  36.9435434044
1936  1  33.2648075373
1936  2  0.0
1936  3  0.0
1936  4  0.0
1936  5  397.686465202
1936  6  447.627742598
1936  7  548.926888706
1936  8  387.911478892
1936  9  162.2105
1936  10  73.7627205814
1936  11  66.4646
1936  12  27.9671204201
1937  1  29.1332290369
1937  2  5.07478591281
1937  3  0.0
1937  4  0.0
1937  5  398.483958333
1937  6  447.871458333
1937  7  549.024375
1937  8  388.057708333
1937  9  162.2105
1937  10  76.9756080034
1937  11  65.0684783737
1937  12  28.478748535
1938  1  25.0770449424
1938  2  0.0
1938  3  0.0
1938  4  0.0
1938  5  398.191499451
1938  6  447.871458333
1938  7  548.961549629
1938  8  388.057708333
1938  9  161.692326104
1938  10  73.3063206129
1938  11  66.2943420714
1938  12  37.68991854
1939  1  33.1637103085
1939  2  10.3106889233
1939  3  0.0
1939  4  0.0
1939  5  397.949125731
1939  6  447.85737611
1939  7  549.024375
1939  8  388.054187777
1939  9  159.225625185
1939  10  76.710888968
1939  11  66.0848251373
1939  12  38.9648985043
1940  1  10.3025976944
1940  2  0.145861430759
1940  3  0.0
1940  4  0.0
1940  5  398.435215186
1940  6  447.871458333
1940  7  549.024375
1940  8  388.057708333
1940  9  162.2105
1940  10  75.6724174728
1940  11  66.3695773122
1940  12  19.0299380841
1941  1  22.5287143453
1941  2  0.0
1941  3  0.0
1941  4  0.0
1941  5  398.455793886
1941  6  447.871458333
1941  7  549.024375
1941  8  388.050667222
1941  9  162.2105
1941  10  73.0919579623
1941  11  64.4257807055
1941  12  30.9757346902
1942  1  28.6071910111
1942  2  9.55257114012
1942  3  0.0
1942  4  0.0
1942  5  395.329988746
1942  6  447.871458333
1942  7  549.024375
1942  8  388.057708333
1942  9  162.2105
1942  10  76.4532368136
1942  11  65.3406631255
1942  12  36.7223586132
1943  1  29.5080722964
1943  2  10.8412112778
1943  3  0.0
1943  4  0.0
1943  5  398.483958333
1943  6  447.871458333
1943  7  549.024375
1943  8  388.057708333
1943  9  162.2105
1943  10  76.6241500627
1943  11  65.306266333
1943  12  35.0704309012
1944  1  29.4839475012
1944  2  4.85246056179
1944  3  0.0
1944  4  0.0
1944  5  396.742197995
1944  6  447.320656858
1944  7  549.024375
1944  8  388.057708333
1944  9  161.93744287
1944  10  76.4639776545
1944  11  58.2850190815
1944  12  35.6428463831
1945  1  33.8816699481
1945  2  7.1780720401
1945  3  0.0
1945  4  0.0
1945  5  397.665341867
1945  6  447.85737611
1945  7  549.024375
1945  8  387.848108886
1945  9  162.2105
1945  10  63.4917656922
1945  11  59.161461084
1945  12  32.0552469202
1946  1  33.5996279967
1946  2  9.92303200537
1946  3  0.0
1946  4  0.0
1946  5  393.040694745
1946  6  447.871458333
1946  7  548.895203703
1946  8  388.057708333
1946  9  162.2105
1946  10  75.9704846107
1946  11  54.7693986683
1946  12  33.5535161639
1947  1  33.8533304577
1947  2  10.1190682923
1947  3  0.0
1947  4  0.0
1947  5  396.958293918
1947  6  447.376985752
1947  7  549.024375
1947  8  388.057708333
1947  9  162.09837364
1947  10  74.5119614163
1947  11  64.8920946778
1947  12  38.8268516796
1948  1  34.3052386991
1948  2  11.1379174246
1948  3  0.0
1948  4  0.0
1948  5  393.55897469
1948  6  447.85737611
1948  7  549.024375
1948  8  388.057708333
1948  9  162.2105
1948  10  76.1717311689
1948  11  66.4482646207
1948  12  34.504342402
1949  1  32.9373419998
1949  2  10.1879684074
1949  3  0.0
1949  4  0.0
1949  5  393.449584714
1949  6  447.871458333
1949  7  549.024375
1949  8  388.057708333
1949  9  162.2105
1949  10  77.0792541667
1949  11  60.8300775454
1949  12  35.8140862215
1950  1  26.6233067112
1950  2  11.0036056221
1950  3  0.0
1950  4  0.0
1950  5  398.351266481
1950  6  447.871458333
1950  7  548.878145559
1950  8  388.057708333
1950  9  160.245943041
1950  10  74.8339274734
1950  11  59.9745403046
1950  12  34.4192743801
1951  1  31.3059715863
1951  2  10.3461636126
1951  3  0.0
1951  4  0.0
1951  5  398.466355554
1951  6  447.871458333
1951  7  549.024375
1951  8  388.057708333
1951  9  162.2105
1951  10  75.8296795548
1951  11  59.4837521144
1951  12  25.213641003
1952  1  16.0968407806
1952  2  11.4144834348
1952  3  0.0
1952  4  0.0
1952  5  398.386472039
1952  6  447.871458333
1952  7  549.024375
1952  8  388.057708333
1952  9  161.67382083
1952  10  77.069068025
1952  11  60.6112832609
1952  12  25.6829444254
1953  1  33.5961480218
1953  2  11.7872696438
1953  3  0.0
1953  4  0.0
1953  5  397.507461487
1953  6  447.508043698
1953  7  549.024375
1953  8  388.057708333
1953  9  162.2105
1953  10  77.0370544368
1953  11  62.9108224982
1953  12  39.044401438
1954  1  27.9460207918
1954  2  10.1603583505
1954  3  0.0
1954  4  0.0
1954  5  397.044673909
1954  6  447.723594986
1954  7  549.024375
1954  8  388.057708333
1954  9  162.2105
1954  10  77.0792541667
1954  11  60.9184859979
1954  12  34.2831576109
1955  1  20.1394488081
1955  2  11.2011297243
1955  3  0.0
1955  4  0.0
1955  5  393.92184469
1955  6  447.773972039
1955  7  549.024375
1955  8  388.057708333
1955  9  162.2105
1955  10  77.012992012
1955  11  64.0913906156
1955  12  8.92558988451
1956  1  19.4271781847
1956  2  11.5880003523
1956  3  0.0
1956  4  0.0
1956  5  395.415279466
1956  6  447.871458333
1956  7  549.024375
1956  8  388.057708333
1956  9  161.678538375
1956  10  76.4909504054
1956  11  66.4646
1956  12  39.158271357
1957  1  27.1740973632
1957  2  9.11744321646
1957  3  0.0
1957  4  0.0
1957  5  392.097477659
1957  6  447.042280199
1957  7  549.024375
1957  8  388.057708333
1957  9  161.981894641
1957  10  73.6071947998
1957  11  65.7801162179
1957  12  32.6803668412
1958  1  22.0815688586
1958  2  0.0
1958  3  0.0
1958  4  0.0
1958  5  396.946098344
1958  6  447.665924078
1958  7  548.890593876
1958  8  388.057708333
1958  9  160.628402853
1958  10  77.0591069992
1958  11  66.2176966853
1958  12  39.0057134822
1959  1  27.5966198922
1959  2  2.5743177578
1959  3  0.0
1959  4  0.0
1959  5  398.462834998
1959  6  447.871458333
1959  7  549.024375
1959  8  387.813992598
1959  9  156.584454339
1959  10  77.0792541667
1959  11  66.4646
1959  12  38.8013095544
1960  1  28.8310956177
1960  2  2.44168195745
1960  3  0.0
1960  4  0.0
1960  5  398.435215186
1960  6  447.871458333
1960  7  549.024375
1960  8  388.057708333
1960  9  161.981894641
1960  10  77.0632473726
1960  11  55.2611181925
1960  12  39.0820777458
1961  1  28.0964468506
1961  2  11.1445360696
1961  3  0.0
1961  4  0.0
1961  5  395.034806687
1961  6  447.853855554
1961  7  548.926888706
1961  8  388.011941107
1961  9  162.2105
1961  10  77.0763438405
1961  11  59.3905706095
1961  12  35.4779335276
1962  1  29.1609609995
1962  2  0.0
1962  3  0.0
1962  4  0.0
1962  5  398.459314442
1962  6  447.871458333
1962  7  549.024375
1962  8  388.057708333
1962  9  162.2105
1962  10  76.6079181526
1962  11  66.1049284729
1962  12  33.9335826118
1963  1  28.8020434182
1963  2  0.0
1963  3  0.0
1963  4  0.0
1963  5  397.445180752
1963  6  447.432770011
1963  7  549.024375
1963  8  388.057708333
1963  9  161.992958691
1963  10  73.4700104721
1963  11  60.7146857278
1963  12  39.2270845204
1964  1  33.2365595064
1964  2  11.8005922602
1964  3  0.0
1964  4  0.0
1964  5  398.336094986
1964  6  445.875420592
1964  7  549.024375
1964  8  388.015461663
1964  9  161.426710197
1964  10  64.8237199149
1964  11  61.8570928429
1964  12  26.5689199091
1965  1  32.7392178802
1965  2  11.505188096
1965  3  0.0
1965  4  0.0
1965  5  398.483958333
1965  6  447.871458333
1965  7  549.024375
1965  8  386.668256327
1965  9  162.2105
1965  10  76.913486222
1965  11  40.3912087826
1965  12  33.8004814419
1966  1  33.0545174914
1966  2  11.1383836521
1966  3  0.0
1966  4  0.0
1966  5  396.665543144
1966  6  447.867937777
1966  7  548.17109761
1966  8  388.057708333
1966  9  161.993323597
1966  10  77.0792541667
1966  11  58.4607925706
1966  12  25.7931873023
1967  1  24.3761517431
1967  2  11.5862207683
1967  3  0.0
1967  4  0.0
1967  5  398.121088334
1967  6  447.323088143
1967  7  549.024375
1967  8  388.057708333
1967  9  162.119237686
1967  10  76.9353136685
1967  11  60.3972455836
1967  12  36.4056990943
1968  1  32.4017052787
1968  2  9.52704388405
1968  3  0.0
1968  4  0.0
1968  5  397.789903337
1968  6  447.871458333
1968  7  549.024375
1968  8  388.047146666
1968  9  162.2105
1968  10  75.9346602324
1968  11  58.4243038791
1968  12  31.6181005263
1969  1  7.71946215078
1969  2  0.0
1969  3  0.0
1969  4  0.0
1969  5  398.476917222
1969  6  447.871458333
1969  7  548.999731109
1969  8  388.057708333
1969  9  156.373436365
1969  10  71.7181013867
1969  11  64.2511230435
1969  12  37.908343845
1970  1  18.8323450621
1970  2  11.3440156101
1970  3  0.0
1970  4  0.0
1970  5  398.483958333
1970  6  447.804567771
1970  7  549.024375
1970  8  388.057708333
1970  9  162.2105
1970  10  76.3391793926
1970  11  55.2858482274
1970  12  31.0163370608
1971  1  33.4866113399
1971  2  11.5506257529
1971  3  0.0
1971  4  0.0
1971  5  393.083991537
1971  6  447.871458333
1971  7  549.024375
1971  8  388.057708333
1971  9  162.140466638
1971  10  76.4891656591
1971  11  64.3106546821
1971  12  33.7439533931
1972  1  33.6832935151
1972  2  11.5716243921
1972  3  0.0
1972  4  0.0
1972  5  398.473396666
1972  6  447.805112407
1972  7  549.017333888
1972  8  388.057708333
1972  9  161.916213918
1972  10  75.7588267948
1972  11  39.5934827977
1972  12  37.2632185227
1973  1  20.1488350531
1973  2  0.0
1973  3  0.0
1973  4  0.0
1973  5  398.483958333
1973  6  447.864417222
1973  7  549.024375
1973  8  388.057708333
1973  9  162.112526275
1973  10  72.8881412469
1973  11  61.7531241662
1973  12  30.9441791177
1974  1  27.8718284072
1974  2  11.541249339
1974  3  0.0
1974  4  0.0
1974  5  398.483958333
1974  6  447.871458333
1974  7  546.92841968
1974  8  388.057708333
1974  9  162.2105
1974  10  74.6925422059
1974  11  65.0167985362
1974  12  31.0391416191
1975  1  34.0080945474
1975  2  2.34713620934
1975  3  0.0
1975  4  0.0
1975  5  398.483958333
1975  6  447.871458333
1975  7  548.829402412
1975  8  386.932550761
1975  9  162.133025415
1975  10  73.8700861861
1975  11  66.1240841428
1975  12  39.2119823201
1976  1  34.0139513899
1976  2  9.23679674269
1976  3  0.0
1976  4  0.0
1976  5  398.483958333
1976  6  447.481513157
1976  7  549.006772221
1976  8  384.404403595
1976  9  153.920623904
1976  10  75.0278046145
1976  11  64.1948968816
1976  12  37.8850270603
1977  1  33.1294349207
1977  2  11.5751896932
1977  3  0.0
1977  4  0.0
1977  5  393.143588244
1977  6  446.652879659
1977  7  549.024375
1977  8  388.057708333
1977  9  161.916578824
1977  10  76.7971938228
1977  11  65.6111218435
1977  12  27.6957711937
1978  1  11.8150747303
1978  2  0.0
1978  3  0.0
1978  4  0.0
1978  5  397.801554276
1978  6  447.871458333
1978  7  549.017333888
1978  8  388.057708333
1978  9  160.883658291
1978  10  77.0748886774
1978  11  59.8590542079
1978  12  38.6136228917
1979  1  23.1082105342
1979  2  2.08130612174
1979  3  0.0
1979  4  0.0
1979  5  397.51559187
1979  6  447.871458333
1979  7  548.926888706
1979  8  388.057708333
1979  9  162.2105
1979  10  75.6937946873
1979  11  64.3097070164
1979  12  38.166011613
1980  1  19.3397903769
1980  2  0.0559675413363
1980  3  0.0
1980  4  0.0
1980  5  397.031136321
1980  6  447.871458333
1980  7  549.024375
1980  8  388.057708333
1980  9  162.2105
1980  10  76.9610563724
1980  11  66.4115100172
1980  12  38.6397561671
1981  1  27.2811780848
1981  2  10.5078748691
1981  3  0.0
1981  4  0.0
1981  5  398.483958333
1981  6  447.871458333
1981  7  549.024375
1981  8  388.057708333
1981  9  162.2105
1981  10  75.4710502658
1981  11  51.2622237204
1981  12  38.3242004927
1982  1  28.1851788146
1982  2  9.19647336398
1982  3  0.0
1982  4  0.0
1982  5  398.483958333
1982  6  447.313615746
1982  7  549.024375
1982  8  388.057708333
1982  9  159.617711343
1982  10  74.9436749356
1982  11  52.7560487201
1982  12  34.2134633699
1983  1  13.548460073
1983  2  4.26518242108
1983  3  0.0
1983  4  0.0
1983  5  397.411861843
1983  6  447.871458333
1983  7  549.024375
1983  8  387.570276864
1983  9  150.723438522
1983  10  76.1168852031
1983  11  55.7522313559
1983  12  27.7314981746
1984  1  34.0932836711
1984  2  10.8068862473
1984  3  0.0
1984  4  0.0
1984  5  398.483958333
1984  6  447.773972039
1984  7  549.024375
1984  8  388.057708333
1984  9  162.2105
1984  10  75.5222060903
1984  11  53.6095797701
1984  12  33.4500587616
1985  1  33.3948035712
1985  2  11.5099814274
1985  3  0.0
1985  4  0.0
1985  5  398.483958333
1985  6  447.166841669
1985  7  549.024375
1985  8  388.015461663
1985  9  162.151895595
1985  10  76.0336113232
1985  11  51.0146855698
1985  12  37.0000714533
1986  1  32.0150557348
1986  2  0.0
1986  3  0.0
1986  4  0.0
1986  5  398.284920554
1986  6  447.871458333
1986  7  549.024375
1986  8  388.057708333
1986  9  159.9234345
1986  10  77.0792541667
1986  11  66.4646
1986  12  38.5356435633
1987  1  29.1175991427
1987  2  3.18388802754
1987  3  0.0
1987  4  0.0
1987  5  397.926660381
1987  6  447.864417222
1987  7  549.024375
1987  8  388.057708333
1987  9  162.2105
1987  10  74.5182628259
1987  11  65.4619149162
1987  12  29.8995338435
1988  1  28.5276419615
1988  2  11.3230169709
1988  3  0.0
1988  4  0.0
1988  5  395.944704864
1988  6  446.447345403
1988  7  549.024375
1988  8  388.057708333
1988  9  162.2105
1988  10  77.0792541667
1988  11  64.3935724265
1988  12  33.2316334566
1989  1  33.354671203
1989  2  10.6825495016
1989  3  0.0
1989  4  0.0
1989  5  398.445232219
1989  6  447.871458333
1989  7  549.024375
1989  8  387.462228902
1989  9  156.423925704
1989  10  74.738364111
1989  11  65.5627474827
1989  12  39.4215604806
1990  1  28.4063115912
1990  2  9.54259016945
1990  3  0.0
1990  4  0.0
1990  5  388.538138659
1990  6  447.871458333
1990  7  549.024375
1990  8  388.057708333
1990  9  161.939801642
1990  10  76.8129755009
1990  11  65.2538081274
1990  12  38.5567732584
1991  1  33.9931629996
1991  2  8.46693593058
1991  3  0.0
1991  4  0.0
1991  5  397.004061144
1991  6  447.624222043
1991  7  549.024375
1991  8  387.027061135
1991  9  162.2105
1991  10  75.9855909409
1991  11  65.682589128
1991  12  37.8219159154
1992  1  30.9563965872
1992  2  0.0
1992  3  0.0
1992  4  0.0
1992  5  398.483958333
1992  6  447.822715186
1992  7  546.458046354
1992  8  388.057708333
1992  9  162.2105
1992  10  76.2813024519
1992  11  66.3998902598
1992  12  32.7124346401
1993  1  6.08210782808
1993  2  0.0
1993  3  0.0
1993  4  0.0
1993  5  395.699355222
1993  6  445.867834845
1993  7  549.024375
1993  8  388.057708333
1993  9  162.2105
1993  10  76.7884628442
1993  11  64.8090076359
1993  12  37.4149651862
1994  1  28.2437608645
1994  2  3.20902712047
1994  3  0.0
1994  4  0.0
1994  5  391.86214505
1994  6  447.871458333
1994  7  549.024375
1994  8  388.057708333
1994  9  161.853256873
1994  10  76.1286309751
1994  11  61.0467040105
1994  12  38.2653496214
1995  1  2.00421595079
1995  2  11.4488900165
1995  3  0.0
1995  4  0.0
1995  5  395.135016159
1995  6  447.117553887
1995  7  548.878145559
1995  8  388.057708333
1995  9  162.2105
1995  10  77.0792541667
1995  11  66.4646
1995  12  31.169739416
1996  1  23.2205448111
1996  2  0.0
1996  3  0.0
1996  4  0.0
1996  5  393.914006199
1996  6  447.466341663
1996  7  549.024375
1996  8  388.057708333
1996  9  162.2105
1996  10  71.2046400459
1996  11  57.6633479733
1996  12  20.8957743499
1997  1  8.40445245531
1997  2  11.630299339
1997  3  0.0
1997  4  0.0
1997  5  397.752811129
1997  6  447.871458333
1997  7  549.024375
1997  8  388.054187777
1997  9  162.179835958
1997  10  76.9180768273
1997  11  53.3219583489
1997  12  30.1108241552
1998  1  15.8829527385
1998  2  0.0
1998  3  0.0
1998  4  0.0
1998  5  379.11692096
1998  6  445.514981878
1998  7  549.024375
1998  8  388.057708333
1998  9  162.002928025
1998  10  75.7218930182
1998  11  63.3614536516
1998  12  38.6447597474
1999  1  29.8985454502
1999  2  8.0456943314
1999  3  0.0
1999  4  0.0
1999  5  398.072889822
1999  6  447.853855554
1999  7  549.024375
1999  8  388.057708333
1999  9  162.2105
1999  10  77.0792541667
1999  11  65.0395755713
1999  12  38.9240043335
2000  1  19.4111942281
2000  2  1.18100846256
2000  3  0.0
2000  4  0.0
2000  5  397.745225381
2000  6  447.027108705
2000  7  549.024375
2000  8  388.057708333
2000  9  161.852891968
2000  10  64.7347393497
2000  11  65.8283439876
2000  12  39.1781272922
2001  1  26.2805035231
2001  2  6.49572711672
2001  3  0.0
2001  4  0.0
2001  5  398.483958333
2001  6  447.871458333
2001  7  549.017333888
2001  8  388.057708333
2001  9  161.87920337
2001  10  76.4610673283
2001  11  60.9877483386
2001  12  29.7911093661
2002  1  32.2935765852
2002  2  11.6517642057
2002  3  0.0
2002  4  0.0
2002  5  397.392917049
2002  6  447.794006104
2002  7  549.024375
2002  8  388.057708333
2002  9  162.047210458
2002  10  77.0792541667
2002  11  60.8224090786
2002  12  22.260813123
2003  1  33.3719796183
2003  2  9.59547742816
2003  3  0.0
2003  4  0.0
2003  5  395.886742063
2003  6  447.871458333
2003  7  549.024375
2003  8  387.646639822
2003  9  162.2105
2003  10  76.998665497
2003  11  63.4907424194
2003  12  25.8042913254
2004  1  30.3505137279
2004  2  2.20852723773
2004  3  0.0
2004  4  0.0
2004  5  397.557838541
2004  6  447.871458333
2004  7  549.024375
2004  8  388.057708333
2004  9  161.981894641
2004  10  66.7070311078
2004  11  56.0787669118
2004  12  28.5162434045
2005  1  25.8908693311
2005  2  3.1743050667
2005  3  0.0
2005  4  0.0
2005  5  391.1570229
2005  6  447.530256304
2005  7  549.024375
2005  8  387.813447963
2005  9  161.736777874
2005  10  76.8891986813
2005  11  65.9349864328
2005  12  29.5893424621
