1922	  1	    14.82	
1922	  2	    13.17	
1922	  3	    11.52	
1922	  4	    11.35	
1922	  5	    16.46	
1922	  6	    16.46	
1922	  7	    16.46	
1922	  8	    16.46	
1922	  9	    11.25	
1922	 10	     3.95	
1922	 11	    14.82	
1922	 12	    14.82	
1923	  1	    14.82	
1923	  2	     2.87	
1923	  3	     6.08	
1923	  4	    11.52	
1923	  5	    16.46	
1923	  6	    16.46	
1923	  7	    16.46	
1923	  8	    16.46	
1923	  9	    14.35	
1923	 10	     5.97	
1923	 11	     6.64	
1923	 12	    14.66	
1924	  1	    14.82	
1924	  2	     3.82	
1924	  3	    11.52	
1924	  4	     4.28	
1924	  5	    16.46	
1924	  6	    16.46	
1924	  7	    16.46	
1924	  8	    16.46	
1924	  9	    11.03	
1924	 10	    14.82	
1924	 11	    14.82	
1924	 12	    14.82	
1925	  1	    14.82	
1925	  2	    13.17	
1925	  3	    11.34	
1925	  4	    11.52	
1925	  5	    16.46	
1925	  6	    16.46	
1925	  7	    16.46	
1925	  8	    16.46	
1925	  9	    11.05	
1925	 10	    12.55	
1925	 11	    14.82	
1925	 12	    12.61	
1926	  1	    14.82	
1926	  2	    13.17	
1926	  3	     8.27	
1926	  4	    11.52	
1926	  5	    16.46	
1926	  6	    16.46	
1926	  7	    16.46	
1926	  8	    16.46	
1926	  9	    11.03	
1926	 10	     8.53	
1926	 11	    14.82	
1926	 12	    14.82	
1927	  1	    14.82	
1927	  2	    13.17	
1927	  3	    11.52	
1927	  4	     7.10	
1927	  5	    16.46	
1927	  6	    16.46	
1927	  7	    16.46	
1927	  8	    16.46	
1927	  9	    11.03	
1927	 10	    14.82	
1927	 11	    14.82	
1927	 12	    14.82	
1928	  1	     7.65	
1928	  2	    13.17	
1928	  3	    11.52	
1928	  4	    10.98	
1928	  5	    16.46	
1928	  6	    16.46	
1928	  7	    16.46	
1928	  8	    16.46	
1928	  9	    11.03	
1928	 10	     3.29	
1928	 11	    14.82	
1928	 12	    14.82	
1929	  1	    14.82	
1929	  2	    13.17	
1929	  3	     8.95	
1929	  4	    11.52	
1929	  5	    16.46	
1929	  6	    16.46	
1929	  7	    16.46	
1929	  8	    16.46	
1929	  9	    11.10	
1929	 10	     4.43	
1929	 11	     3.29	
1929	 12	    14.82	
1930	  1	    14.82	
1930	  2	    13.17	
1930	  3	    11.52	
1930	  4	    11.52	
1930	  5	    16.46	
1930	  6	    16.46	
1930	  7	    16.46	
1930	  8	    16.46	
1930	  9	    11.43	
1930	 10	     5.68	
1930	 11	    14.82	
1930	 12	     3.29	
1931	  1	    14.82	
1931	  2	    13.17	
1931	  3	    11.52	
1931	  4	     5.35	
1931	  5	    16.46	
1931	  6	    16.46	
1931	  7	    16.46	
1931	  8	    16.46	
1931	  9	    11.19	
1931	 10	     3.52	
1931	 11	    14.82	
1931	 12	    14.82	
1932	  1	    14.82	
1932	  2	    13.17	
1932	  3	    11.52	
1932	  4	     7.08	
1932	  5	    16.46	
1932	  6	    16.46	
1932	  7	    16.46	
1932	  8	    16.46	
1932	  9	    11.03	
1932	 10	     3.29	
1932	 11	     4.90	
1932	 12	    14.82	
1933	  1	    14.82	
1933	  2	     7.18	
1933	  3	    11.52	
1933	  4	     0.15	
1933	  5	    16.46	
1933	  6	    16.46	
1933	  7	    16.46	
1933	  8	    16.46	
1933	  9	    11.03	
1933	 10	     7.05	
1933	 11	     3.29	
1933	 12	    14.82	
1934	  1	    14.82	
1934	  2	    13.17	
1934	  3	     0.33	
1934	  4	     0.68	
1934	  5	    16.46	
1934	  6	    16.46	
1934	  7	    16.46	
1934	  8	    16.46	
1934	  9	    11.06	
1934	 10	    12.43	
1934	 11	    14.82	
1934	 12	    14.82	
1935	  1	    14.82	
1935	  2	    13.17	
1935	  3	    11.52	
1935	  4	    11.52	
1935	  5	    16.46	
1935	  6	    16.46	
1935	  7	    16.46	
1935	  8	    16.46	
1935	  9	    11.07	
1935	 10	    10.68	
1935	 11	    14.82	
1935	 12	    14.82	
1936	  1	    14.82	
1936	  2	    13.17	
1936	  3	    11.52	
1936	  4	    11.52	
1936	  5	    16.46	
1936	  6	    16.46	
1936	  7	    16.46	
1936	  8	    16.46	
1936	  9	    11.03	
1936	 10	    14.82	
1936	 11	     3.29	
1936	 12	    14.82	
1937	  1	    14.82	
1937	  2	    13.17	
1937	  3	    11.52	
1937	  4	    10.91	
1937	  5	    16.46	
1937	  6	    16.46	
1937	  7	    16.46	
1937	  8	    16.46	
1937	  9	    11.03	
1937	 10	     4.46	
1937	 11	    14.53	
1937	 12	    14.82	
1938	  1	    14.82	
1938	  2	    13.17	
1938	  3	    11.52	
1938	  4	    11.52	
1938	  5	    16.46	
1938	  6	    16.46	
1938	  7	    16.46	
1938	  8	    16.46	
1938	  9	    12.22	
1938	 10	    14.82	
1938	 11	     4.66	
1938	 12	    14.82	
1939	  1	    14.82	
1939	  2	    13.17	
1939	  3	    11.52	
1939	  4	    11.52	
1939	  5	    16.46	
1939	  6	    16.46	
1939	  7	    16.46	
1939	  8	    16.46	
1939	  9	    14.83	
1939	 10	     7.45	
1939	 11	     6.35	
1939	 12	    10.32	
1940	  1	    14.82	
1940	  2	    13.17	
1940	  3	    11.52	
1940	  4	    11.52	
1940	  5	    16.46	
1940	  6	    16.46	
1940	  7	    16.46	
1940	  8	    16.46	
1940	  9	    11.03	
1940	 10	    14.82	
1940	 11	     4.06	
1940	 12	    14.82	
1941	  1	    14.82	
1941	  2	    13.17	
1941	  3	    11.52	
1941	  4	    11.52	
1941	  5	    16.46	
1941	  6	    16.46	
1941	  7	    16.46	
1941	  8	    16.46	
1941	  9	    11.03	
1941	 10	    14.82	
1941	 11	    14.82	
1941	 12	    14.82	
1942	  1	    14.82	
1942	  2	    13.17	
1942	  3	    11.52	
1942	  4	    11.52	
1942	  5	    16.46	
1942	  6	    16.46	
1942	  7	    16.46	
1942	  8	    16.46	
1942	  9	    11.03	
1942	 10	    10.36	
1942	 11	    12.33	
1942	 12	    14.82	
1943	  1	    14.82	
1943	  2	    13.17	
1943	  3	    11.52	
1943	  4	    11.52	
1943	  5	    16.46	
1943	  6	    16.46	
1943	  7	    16.46	
1943	  8	    16.46	
1943	  9	    11.03	
1943	 10	     8.43	
1943	 11	    12.61	
1943	 12	    14.82	
1944	  1	    14.82	
1944	  2	    13.17	
1944	  3	     8.40	
1944	  4	    11.52	
1944	  5	    16.46	
1944	  6	    16.46	
1944	  7	    16.46	
1944	  8	    16.46	
1944	  9	    11.66	
1944	 10	    10.24	
1944	 11	    14.82	
1944	 12	    14.82	
1945	  1	     9.75	
1945	  2	    13.17	
1945	  3	    11.52	
1945	  4	     2.98	
1945	  5	    16.46	
1945	  6	    16.46	
1945	  7	    16.46	
1945	  8	    16.46	
1945	  9	    11.03	
1945	 10	    14.82	
1945	 11	    14.82	
1945	 12	    14.82	
1946	  1	    13.95	
1946	  2	    13.17	
1946	  3	    11.52	
1946	  4	     1.59	
1946	  5	    16.46	
1946	  6	    16.46	
1946	  7	    16.46	
1946	  8	    16.46	
1946	  9	    11.03	
1946	 10	    14.82	
1946	 11	    14.82	
1946	 12	    14.82	
1947	  1	    10.17	
1947	  2	    13.17	
1947	  3	    11.52	
1947	  4	     6.32	
1947	  5	    16.46	
1947	  6	    16.46	
1947	  7	    16.46	
1947	  8	    16.46	
1947	  9	    11.29	
1947	 10	    14.82	
1947	 11	    14.82	
1947	 12	    12.38	
1948	  1	     3.44	
1948	  2	    13.17	
1948	  3	    11.52	
1948	  4	    11.52	
1948	  5	    16.46	
1948	  6	    16.46	
1948	  7	    16.46	
1948	  8	    16.46	
1948	  9	    11.03	
1948	 10	    13.54	
1948	 11	     3.42	
1948	 12	    14.82	
1949	  1	    14.82	
1949	  2	    13.17	
1949	  3	    11.52	
1949	  4	     0.00	
1949	  5	    16.46	
1949	  6	    16.46	
1949	  7	    16.46	
1949	  8	    16.46	
1949	  9	    11.03	
1949	 10	     3.29	
1949	 11	    14.82	
1949	 12	    14.82	
1950	  1	    14.82	
1950	  2	    13.17	
1950	  3	    11.52	
1950	  4	    11.52	
1950	  5	    16.46	
1950	  6	    16.46	
1950	  7	    16.46	
1950	  8	    16.46	
1950	  9	    14.83	
1950	 10	    14.82	
1950	 11	    14.82	
1950	 12	    14.82	
1951	  1	    14.82	
1951	  2	    13.17	
1951	  3	    11.52	
1951	  4	    11.52	
1951	  5	    16.46	
1951	  6	    16.46	
1951	  7	    16.46	
1951	  8	    16.46	
1951	  9	    11.03	
1951	 10	    14.82	
1951	 11	    14.82	
1951	 12	    14.82	
1952	  1	    14.82	
1952	  2	    13.17	
1952	  3	    11.52	
1952	  4	    11.52	
1952	  5	    16.46	
1952	  6	    16.46	
1952	  7	    16.46	
1952	  8	    16.46	
1952	  9	    12.26	
1952	 10	     3.41	
1952	 11	    14.82	
1952	 12	    14.82	
1953	  1	    14.00	
1953	  2	     2.51	
1953	  3	     5.31	
1953	  4	    11.52	
1953	  5	    16.46	
1953	  6	    16.46	
1953	  7	    16.46	
1953	  8	    16.46	
1953	  9	    11.03	
1953	 10	     3.77	
1953	 11	    14.82	
1953	 12	     9.14	
1954	  1	    14.82	
1954	  2	    13.17	
1954	  3	    11.52	
1954	  4	    11.52	
1954	  5	    16.46	
1954	  6	    16.46	
1954	  7	    16.46	
1954	  8	    16.46	
1954	  9	    11.03	
1954	 10	     3.29	
1954	 11	    14.82	
1954	 12	    14.82	
1955	  1	    14.82	
1955	  2	    13.17	
1955	  3	     6.34	
1955	  4	    11.52	
1955	  5	    16.46	
1955	  6	    16.46	
1955	  7	    16.46	
1955	  8	    16.46	
1955	  9	    11.03	
1955	 10	     4.04	
1955	 11	    14.82	
1955	 12	    14.82	
1956	  1	    14.82	
1956	  2	     8.45	
1956	  3	     0.02	
1956	  4	    11.52	
1956	  5	    16.46	
1956	  6	    16.46	
1956	  7	    16.46	
1956	  8	    16.46	
1956	  9	    12.25	
1956	 10	     9.94	
1956	 11	     3.29	
1956	 12	     7.44	
1957	  1	    14.82	
1957	  2	    13.17	
1957	  3	    11.52	
1957	  4	    11.52	
1957	  5	    16.46	
1957	  6	    16.46	
1957	  7	    16.46	
1957	  8	    16.46	
1957	  9	    11.56	
1957	 10	    14.82	
1957	 11	     8.80	
1957	 12	    14.82	
1958	  1	    14.82	
1958	  2	    13.17	
1958	  3	    11.52	
1958	  4	    11.52	
1958	  5	    16.46	
1958	  6	    16.46	
1958	  7	    16.46	
1958	  8	    16.46	
1958	  9	    14.67	
1958	 10	     3.52	
1958	 11	     5.28	
1958	 12	     9.71	
1959	  1	    14.82	
1959	  2	    13.17	
1959	  3	     2.29	
1959	  4	     9.33	
1959	  5	    16.46	
1959	  6	    16.46	
1959	  7	    16.46	
1959	  8	    16.46	
1959	  9	    14.83	
1959	 10	     3.29	
1959	 11	     3.29	
1959	 12	    12.76	
1960	  1	    14.82	
1960	  2	    13.17	
1960	  3	    11.52	
1960	  4	    11.52	
1960	  5	    16.46	
1960	  6	    16.46	
1960	  7	    16.46	
1960	  8	    16.46	
1960	  9	    11.56	
1960	 10	     3.47	
1960	 11	    14.82	
1960	 12	     8.58	
1961	  1	    14.82	
1961	  2	    13.17	
1961	  3	    11.52	
1961	  4	     6.42	
1961	  5	    16.46	
1961	  6	    16.46	
1961	  7	    16.46	
1961	  8	    16.46	
1961	  9	    11.03	
1961	 10	     3.33	
1961	 11	    14.82	
1961	 12	    14.82	
1962	  1	    14.82	
1962	  2	    13.17	
1962	  3	    11.52	
1962	  4	     0.00	
1962	  5	    16.46	
1962	  6	    16.46	
1962	  7	    16.46	
1962	  8	    16.46	
1962	  9	    11.03	
1962	 10	     8.61	
1962	 11	     6.19	
1962	 12	    14.82	
1963	  1	    14.82	
1963	  2	    13.17	
1963	  3	    11.52	
1963	  4	    11.52	
1963	  5	    16.46	
1963	  6	    16.46	
1963	  7	    16.46	
1963	  8	    16.46	
1963	  9	    11.53	
1963	 10	    14.82	
1963	 11	    14.82	
1963	 12	     6.42	
1964	  1	    14.82	
1964	  2	     2.12	
1964	  3	    11.52	
1964	  4	    11.39	
1964	  5	    16.46	
1964	  6	    16.46	
1964	  7	    16.46	
1964	  8	    16.46	
1964	  9	    12.83	
1964	 10	    14.82	
1964	 11	    14.82	
1964	 12	    14.82	
1965	  1	    14.82	
1965	  2	    10.92	
1965	  3	    11.52	
1965	  4	    11.52	
1965	  5	    16.46	
1965	  6	    16.46	
1965	  7	    16.46	
1965	  8	    16.46	
1965	  9	    11.03	
1965	 10	     5.16	
1965	 11	    14.82	
1965	 12	    14.82	
1966	  1	    14.82	
1966	  2	    13.17	
1966	  3	     1.69	
1966	  4	     4.83	
1966	  5	    16.46	
1966	  6	    16.46	
1966	  7	    16.46	
1966	  8	    16.46	
1966	  9	    11.53	
1966	 10	     3.29	
1966	 11	    14.82	
1966	 12	    14.82	
1967	  1	    14.82	
1967	  2	     8.50	
1967	  3	    11.52	
1967	  4	    11.52	
1967	  5	    16.46	
1967	  6	    16.46	
1967	  7	    16.46	
1967	  8	    16.46	
1967	  9	    11.24	
1967	 10	     4.92	
1967	 11	    14.82	
1967	 12	    14.82	
1968	  1	    14.82	
1968	  2	    13.17	
1968	  3	    11.52	
1968	  4	     5.77	
1968	  5	    16.46	
1968	  6	    16.46	
1968	  7	    16.46	
1968	  8	    16.46	
1968	  9	    11.03	
1968	 10	    14.82	
1968	 11	    14.82	
1968	 12	    14.82	
1969	  1	    14.82	
1969	  2	    13.17	
1969	  3	    11.52	
1969	  4	    11.52	
1969	  5	    16.46	
1969	  6	    16.46	
1969	  7	    16.46	
1969	  8	    16.46	
1969	  9	    14.83	
1969	 10	    14.82	
1969	 11	    14.82	
1969	 12	    14.82	
1970	  1	    14.82	
1970	  2	    13.17	
1970	  3	    11.52	
1970	  4	     1.09	
1970	  5	    16.46	
1970	  6	    16.46	
1970	  7	    16.46	
1970	  8	    16.46	
1970	  9	    11.03	
1970	 10	    11.65	
1970	 11	    14.82	
1970	 12	    14.82	
1971	  1	    14.82	
1971	  2	     9.56	
1971	  3	    11.52	
1971	  4	    11.52	
1971	  5	    16.46	
1971	  6	    16.46	
1971	  7	    16.46	
1971	  8	    16.46	
1971	  9	    11.19	
1971	 10	     9.96	
1971	 11	    14.82	
1971	 12	    14.82	
1972	  1	    12.70	
1972	  2	     8.94	
1972	  3	     0.00	
1972	  4	     6.15	
1972	  5	    16.46	
1972	  6	    16.46	
1972	  7	    16.46	
1972	  8	    16.46	
1972	  9	    11.71	
1972	 10	    14.82	
1972	 11	    14.82	
1972	 12	    14.82	
1973	  1	    14.82	
1973	  2	    13.17	
1973	  3	    11.52	
1973	  4	     1.78	
1973	  5	    16.46	
1973	  6	    16.46	
1973	  7	    16.46	
1973	  8	    16.46	
1973	  9	    11.25	
1973	 10	    14.82	
1973	 11	    14.82	
1973	 12	    14.82	
1974	  1	    14.82	
1974	  2	     9.84	
1974	  3	    11.52	
1974	  4	    11.52	
1974	  5	    16.46	
1974	  6	    16.46	
1974	  7	    16.46	
1974	  8	    16.46	
1974	  9	    11.03	
1974	 10	    14.82	
1974	 11	    14.82	
1974	 12	    14.82	
1975	  1	     7.87	
1975	  2	    13.17	
1975	  3	    11.52	
1975	  4	    11.52	
1975	  5	    16.46	
1975	  6	    16.46	
1975	  7	    16.46	
1975	  8	    16.46	
1975	  9	    11.21	
1975	 10	    14.82	
1975	 11	     6.03	
1975	 12	     6.64	
1976	  1	     7.78	
1976	  2	    13.17	
1976	  3	    10.38	
1976	  4	    11.52	
1976	  5	    16.46	
1976	  6	    16.46	
1976	  7	    16.46	
1976	  8	    16.46	
1976	  9	    14.83	
1976	 10	    14.82	
1976	 11	    14.82	
1976	 12	    14.82	
1977	  1	    14.82	
1977	  2	     8.83	
1977	  3	    10.21	
1977	  4	     0.46	
1977	  5	    16.46	
1977	  6	    16.46	
1977	  7	    16.46	
1977	  8	    16.46	
1977	  9	    11.71	
1977	 10	     6.48	
1977	 11	    10.16	
1977	 12	    14.82	
1978	  1	    14.82	
1978	  2	    13.17	
1978	  3	    11.52	
1978	  4	    11.52	
1978	  5	    16.46	
1978	  6	    16.46	
1978	  7	    16.46	
1978	  8	    16.46	
1978	  9	    14.08	
1978	 10	     3.34	
1978	 11	    14.82	
1978	 12	    14.82	
1979	  1	    14.82	
1979	  2	    13.17	
1979	  3	    11.52	
1979	  4	     4.50	
1979	  5	    16.46	
1979	  6	    16.46	
1979	  7	    16.46	
1979	  8	    16.46	
1979	  9	    11.03	
1979	 10	    14.82	
1979	 11	    14.82	
1979	 12	    14.82	
1980	  1	    14.82	
1980	  2	    13.17	
1980	  3	    11.52	
1980	  4	    11.01	
1980	  5	    16.46	
1980	  6	    16.46	
1980	  7	    16.46	
1980	  8	    16.46	
1980	  9	    11.03	
1980	 10	     4.63	
1980	 11	     3.72	
1980	 12	    14.82	
1981	  1	    14.82	
1981	  2	    13.17	
1981	  3	    11.52	
1981	  4	    11.52	
1981	  5	    16.46	
1981	  6	    16.46	
1981	  7	    16.46	
1981	  8	    16.46	
1981	  9	    11.03	
1981	 10	    14.82	
1981	 11	    14.82	
1981	 12	    14.82	
1982	  1	    14.82	
1982	  2	    13.17	
1982	  3	    11.52	
1982	  4	    11.52	
1982	  5	    16.46	
1982	  6	    16.46	
1982	  7	    16.46	
1982	  8	    16.46	
1982	  9	    14.83	
1982	 10	    14.82	
1982	 11	    14.82	
1982	 12	    14.82	
1983	  1	    14.82	
1983	  2	    13.17	
1983	  3	    11.52	
1983	  4	    11.52	
1983	  5	    16.46	
1983	  6	    16.46	
1983	  7	    16.46	
1983	  8	    16.46	
1983	  9	    14.83	
1983	 10	    14.16	
1983	 11	    14.82	
1983	 12	    14.82	
1984	  1	     6.60	
1984	  2	    13.17	
1984	  3	     8.48	
1984	  4	     2.12	
1984	  5	    16.46	
1984	  6	    16.46	
1984	  7	    16.46	
1984	  8	    16.46	
1984	  9	    11.03	
1984	 10	    14.82	
1984	 11	    14.82	
1984	 12	    14.82	
1985	  1	    14.82	
1985	  2	    10.77	
1985	  3	    11.52	
1985	  4	     1.99	
1985	  5	    16.46	
1985	  6	    16.46	
1985	  7	    16.46	
1985	  8	    16.46	
1985	  9	    11.16	
1985	 10	    14.82	
1985	 11	    14.82	
1985	 12	    14.82	
1986	  1	    14.82	
1986	  2	    13.17	
1986	  3	    11.52	
1986	  4	     4.93	
1986	  5	    16.46	
1986	  6	    16.46	
1986	  7	    16.46	
1986	  8	    16.46	
1986	  9	    14.83	
1986	 10	     3.29	
1986	 11	     3.29	
1986	 12	    14.82	
1987	  1	    14.82	
1987	  2	    13.17	
1987	  3	    11.52	
1987	  4	     2.87	
1987	  5	    16.46	
1987	  6	    16.46	
1987	  7	    16.46	
1987	  8	    16.46	
1987	  9	    11.03	
1987	 10	    14.82	
1987	 11	    11.36	
1987	 12	    14.82	
1988	  1	    14.82	
1988	  2	    13.17	
1988	  3	     3.70	
1988	  4	    11.52	
1988	  5	    16.46	
1988	  6	    16.46	
1988	  7	    16.46	
1988	  8	    16.46	
1988	  9	    11.03	
1988	 10	     3.29	
1988	 11	    14.82	
1988	 12	    14.82	
1989	  1	    14.82	
1989	  2	    13.17	
1989	  3	    11.52	
1989	  4	     9.15	
1989	  5	    16.46	
1989	  6	    16.46	
1989	  7	    16.46	
1989	  8	    16.46	
1989	  9	    14.83	
1989	 10	    14.82	
1989	 11	    10.55	
1989	 12	     3.52	
1990	  1	    14.82	
1990	  2	    13.17	
1990	  3	    11.52	
1990	  4	     8.00	
1990	  5	    16.46	
1990	  6	    16.46	
1990	  7	    16.46	
1990	  8	    16.46	
1990	  9	    11.65	
1990	 10	     6.30	
1990	 11	    13.03	
1990	 12	    14.82	
1991	  1	     8.09	
1991	  2	    13.17	
1991	  3	    11.52	
1991	  4	    10.74	
1991	  5	    16.46	
1991	  6	    16.46	
1991	  7	    16.46	
1991	  8	    16.46	
1991	  9	    11.03	
1991	 10	    14.82	
1991	 11	     9.58	
1991	 12	    14.82	
1992	  1	    14.82	
1992	  2	    13.17	
1992	  3	    11.52	
1992	  4	     0.03	
1992	  5	    16.46	
1992	  6	    16.46	
1992	  7	    16.46	
1992	  8	    16.46	
1992	  9	    11.03	
1992	 10	    12.30	
1992	 11	     3.81	
1992	 12	    14.82	
1993	  1	    14.82	
1993	  2	    13.17	
1993	  3	    11.52	
1993	  4	     3.71	
1993	  5	    16.46	
1993	  6	    16.46	
1993	  7	    16.46	
1993	  8	    16.46	
1993	  9	    11.03	
1993	 10	     6.58	
1993	 11	    14.82	
1993	 12	    14.82	
1994	  1	    14.82	
1994	  2	    13.17	
1994	  3	     5.03	
1994	  4	    11.52	
1994	  5	    16.46	
1994	  6	    16.46	
1994	  7	    16.46	
1994	  8	    16.46	
1994	  9	    11.85	
1994	 10	    14.02	
1994	 11	    14.82	
1994	 12	    14.82	
1995	  1	    14.82	
1995	  2	    12.59	
1995	  3	    11.52	
1995	  4	    11.52	
1995	  5	    16.46	
1995	  6	    16.46	
1995	  7	    16.46	
1995	  8	    16.46	
1995	  9	    11.03	
1995	 10	     3.29	
1995	 11	     3.29	
1995	 12	    14.82	
1996	  1	    14.82	
1996	  2	    13.17	
1996	  3	    11.52	
1996	  4	    11.52	
1996	  5	    16.46	
1996	  6	    16.46	
1996	  7	    16.46	
1996	  8	    16.46	
1996	  9	    11.03	
1996	 10	    14.82	
1996	 11	    14.82	
1996	 12	    14.82	
1997	  1	    14.82	
1997	  2	     7.19	
1997	  3	     0.68	
1997	  4	     6.37	
1997	  5	    16.46	
1997	  6	    16.46	
1997	  7	    16.46	
1997	  8	    16.46	
1997	  9	    11.10	
1997	 10	     5.11	
1997	 11	    14.82	
1997	 12	    14.82	
1998	  1	    14.82	
1998	  2	    13.17	
1998	  3	    11.52	
1998	  4	    11.52	
1998	  5	    16.46	
1998	  6	    16.46	
1998	  7	    16.46	
1998	  8	    16.46	
1998	  9	    11.51	
1998	 10	    14.82	
1998	 11	    14.82	
1998	 12	    14.82	
1999	  1	    14.82	
1999	  2	    13.17	
1999	  3	    11.52	
1999	  4	    11.52	
1999	  5	    16.46	
1999	  6	    16.46	
1999	  7	    16.46	
1999	  8	    16.46	
1999	  9	    11.03	
1999	 10	     3.29	
1999	 11	    14.76	
1999	 12	    10.93	
2000	  1	    14.82	
2000	  2	    13.17	
2000	  3	    11.52	
2000	  4	    11.52	
2000	  5	    16.46	
2000	  6	    16.46	
2000	  7	    16.46	
2000	  8	    16.46	
2000	  9	    11.85	
2000	 10	    14.82	
2000	 11	     8.41	
2000	 12	     7.15	
2001	  1	    14.82	
2001	  2	    13.17	
2001	  3	    11.52	
2001	  4	    11.52	
2001	  5	    16.46	
2001	  6	    16.46	
2001	  7	    16.46	
2001	  8	    16.46	
2001	  9	    11.79	
2001	 10	    10.27	
2001	 11	    14.82	
2001	 12	    14.82	
2002	  1	    14.82	
2002	  2	     6.55	
2002	  3	    11.52	
2002	  4	     3.56	
2002	  5	    16.46	
2002	  6	    16.46	
2002	  7	    16.46	
2002	  8	    16.46	
2002	  9	    11.41	
2002	 10	     3.29	
2002	 11	    14.82	
2002	 12	    14.82	
2003	  1	    14.82	
2003	  2	    13.17	
2003	  3	    11.52	
2003	  4	    11.52	
2003	  5	    16.46	
2003	  6	    16.46	
2003	  7	    16.46	
2003	  8	    16.46	
2003	  9	    11.03	
2003	 10	     4.20	
2003	 11	    14.82	
2003	 12	    14.82	
2004	  1	    14.82	
2004	  2	    13.17	
2004	  3	     9.79	
2004	  4	     1.14	
2004	  5	    16.46	
2004	  6	    16.46	
2004	  7	    16.46	
2004	  8	    16.46	
2004	  9	    11.56	
2004	 10	    14.82	
2004	 11	    14.82	
2004	 12	    14.82	
2005	  1	    14.82	
2005	  2	    13.17	
2005	  3	    11.52	
2005	  4	    11.52	
2005	  5	    16.46	
2005	  6	    16.46	
2005	  7	    16.46	
2005	  8	    16.46	
2005	  9	    12.12	
2005	 10	     5.44	
2005	 11	     7.55	
2005	 12	    14.82	
