1922	  1	   0.0721	
1922	  2	   0.2119	
1922	  3	   0.0726	
1922	  4	   0.0369	
1922	  5	   0.0347	
1922	  6	   0.0000	
1922	  7	   0.0000	
1922	  8	   0.0000	
1922	  9	   0.0022	
1922	 10	   0.0021	
1922	 11	   0.1049	
1922	 12	   0.1905	
1923	  1	   0.1128	
1923	  2	   0.0040	
1923	  3	   0.0198	
1923	  4	   0.2089	
1923	  5	   0.0016	
1923	  6	   0.0000	
1923	  7	   0.0111	
1923	  8	   0.0000	
1923	  9	   0.0328	
1923	 10	   0.0087	
1923	 11	   0.0109	
1923	 12	   0.0370	
1924	  1	   0.0960	
1924	  2	   0.0071	
1924	  3	   0.1512	
1924	  4	   0.0139	
1924	  5	   0.0000	
1924	  6	   0.0007	
1924	  7	   0.0000	
1924	  8	   0.0067	
1924	  9	   0.0000	
1924	 10	   0.0395	
1924	 11	   0.0509	
1924	 12	   0.1166	
1925	  1	   0.0927	
1925	  2	   0.1278	
1925	  3	   0.0369	
1925	  4	   0.1117	
1925	  5	   0.1011	
1925	  6	   0.0032	
1925	  7	   0.0012	
1925	  8	   0.0052	
1925	  9	   0.0002	
1925	 10	   0.0301	
1925	 11	   0.0407	
1925	 12	   0.0303	
1926	  1	   0.0806	
1926	  2	   0.1061	
1926	  3	   0.0269	
1926	  4	   0.0980	
1926	  5	   0.0003	
1926	  6	   0.0000	
1926	  7	   0.0000	
1926	  8	   0.0000	
1926	  9	   0.0000	
1926	 10	   0.0171	
1926	 11	   0.1871	
1926	 12	   0.0580	
1927	  1	   0.0690	
1927	  2	   0.3638	
1927	  3	   0.0988	
1927	  4	   0.0231	
1927	  5	   0.0001	
1927	  6	   0.0179	
1927	  7	   0.0013	
1927	  8	   0.0005	
1927	  9	   0.0000	
1927	 10	   0.0551	
1927	 11	   0.0691	
1927	 12	   0.0408	
1928	  1	   0.0142	
1928	  2	   0.0890	
1928	  3	   0.1167	
1928	  4	   0.0357	
1928	  5	   0.0051	
1928	  6	   0.0000	
1928	  7	   0.0000	
1928	  8	   0.0000	
1928	  9	   0.0000	
1928	 10	   0.0000	
1928	 11	   0.1677	
1928	 12	   0.2309	
1929	  1	   0.0579	
1929	  2	   0.0817	
1929	  3	   0.0291	
1929	  4	   0.0463	
1929	  5	   0.0000	
1929	  6	   0.0469	
1929	  7	   0.0000	
1929	  8	   0.0000	
1929	  9	   0.0007	
1929	 10	   0.0037	
1929	 11	   0.0000	
1929	 12	   0.0378	
1930	  1	   0.1629	
1930	  2	   0.1337	
1930	  3	   0.0845	
1930	  4	   0.0566	
1930	  5	   0.0113	
1930	  6	   0.0000	
1930	  7	   0.0000	
1930	  8	   0.0000	
1930	  9	   0.0040	
1930	 10	   0.0078	
1930	 11	   0.0538	
1930	 12	   0.0000	
1931	  1	   0.1666	
1931	  2	   0.0711	
1931	  3	   0.0556	
1931	  4	   0.0174	
1931	  5	   0.0475	
1931	  6	   0.0134	
1931	  7	   0.0000	
1931	  8	   0.0024	
1931	  9	   0.0016	
1931	 10	   0.0007	
1931	 11	   0.1252	
1931	 12	   0.2857	
1932	  1	   0.1222	
1932	  2	   0.1251	
1932	  3	   0.0932	
1932	  4	   0.0230	
1932	  5	   0.0192	
1932	  6	   0.0000	
1932	  7	   0.0013	
1932	  8	   0.0000	
1932	  9	   0.0000	
1932	 10	   0.0000	
1932	 11	   0.0052	
1932	 12	   0.0726	
1933	  1	   0.2279	
1933	  2	   0.0180	
1933	  3	   0.0570	
1933	  4	   0.0005	
1933	  5	   0.0260	
1933	  6	   0.0030	
1933	  7	   0.0000	
1933	  8	   0.0000	
1933	  9	   0.0000	
1933	 10	   0.0122	
1933	 11	   0.0000	
1933	 12	   0.1976	
1934	  1	   0.0953	
1934	  2	   0.1332	
1934	  3	   0.0011	
1934	  4	   0.0022	
1934	  5	   0.0018	
1934	  6	   0.0214	
1934	  7	   0.0000	
1934	  8	   0.0015	
1934	  9	   0.0003	
1934	 10	   0.0297	
1934	 11	   0.1372	
1934	 12	   0.1488	
1935	  1	   0.1935	
1935	  2	   0.0418	
1935	  3	   0.1693	
1935	  4	   0.1929	
1935	  5	   0.0000	
1935	  6	   0.0000	
1935	  7	   0.0000	
1935	  8	   0.0059	
1935	  9	   0.0004	
1935	 10	   0.0240	
1935	 11	   0.0799	
1935	 12	   0.0759	
1936	  1	   0.0509	
1936	  2	   0.3976	
1936	  3	   0.0936	
1936	  4	   0.0489	
1936	  5	   0.0121	
1936	  6	   0.0037	
1936	  7	   0.0015	
1936	  8	   0.0022	
1936	  9	   0.0000	
1936	 10	   0.0830	
1936	 11	   0.0000	
1936	 12	   0.2050	
1937	  1	   0.1156	
1937	  2	   0.1671	
1937	  3	   0.2361	
1937	  4	   0.0355	
1937	  5	   0.0000	
1937	  6	   0.0000	
1937	  7	   0.0000	
1937	  8	   0.0000	
1937	  9	   0.0000	
1937	 10	   0.0038	
1937	 11	   0.0366	
1937	 12	   0.1989	
1938	  1	   0.1659	
1938	  2	   0.3193	
1938	  3	   0.2780	
1938	  4	   0.0507	
1938	  5	   0.0044	
1938	  6	   0.0000	
1938	  7	   0.0010	
1938	  8	   0.0000	
1938	  9	   0.0117	
1938	 10	   0.0892	
1938	 11	   0.0045	
1938	 12	   0.0648	
1939	  1	   0.0553	
1939	  2	   0.0818	
1939	  3	   0.0824	
1939	  4	   0.0515	
1939	  5	   0.0081	
1939	  6	   0.0002	
1939	  7	   0.0000	
1939	  8	   0.0000	
1939	  9	   0.0629	
1939	 10	   0.0135	
1939	 11	   0.0099	
1939	 12	   0.0229	
1940	  1	   0.3416	
1940	  2	   0.2454	
1940	  3	   0.0875	
1940	  4	   0.0511	
1940	  5	   0.0007	
1940	  6	   0.0000	
1940	  7	   0.0000	
1940	  8	   0.0000	
1940	  9	   0.0000	
1940	 10	   0.0517	
1940	 11	   0.0025	
1940	 12	   0.3110	
1941	  1	   0.1961	
1941	  2	   0.2584	
1941	  3	   0.2067	
1941	  4	   0.1638	
1941	  5	   0.0004	
1941	  6	   0.0000	
1941	  7	   0.0000	
1941	  8	   0.0001	
1941	  9	   0.0000	
1941	 10	   0.0921	
1941	 11	   0.0534	
1941	 12	   0.1654	
1942	  1	   0.1235	
1942	  2	   0.0953	
1942	  3	   0.0664	
1942	  4	   0.1932	
1942	  5	   0.0479	
1942	  6	   0.0000	
1942	  7	   0.0000	
1942	  8	   0.0000	
1942	  9	   0.0000	
1942	 10	   0.0230	
1942	 11	   0.0294	
1942	 12	   0.0793	
1943	  1	   0.1100	
1943	  2	   0.0724	
1943	  3	   0.2712	
1943	  4	   0.0460	
1943	  5	   0.0000	
1943	  6	   0.0000	
1943	  7	   0.0000	
1943	  8	   0.0000	
1943	  9	   0.0000	
1943	 10	   0.0167	
1943	 11	   0.0303	
1943	 12	   0.1040	
1944	  1	   0.1104	
1944	  2	   0.1707	
1944	  3	   0.0273	
1944	  4	   0.0814	
1944	  5	   0.0265	
1944	  6	   0.0084	
1944	  7	   0.0000	
1944	  8	   0.0000	
1944	  9	   0.0062	
1944	 10	   0.0226	
1944	 11	   0.1362	
1944	 12	   0.0954	
1945	  1	   0.0210	
1945	  2	   0.1337	
1945	  3	   0.1747	
1945	  4	   0.0097	
1945	  5	   0.0124	
1945	  6	   0.0002	
1945	  7	   0.0000	
1945	  8	   0.0032	
1945	  9	   0.0000	
1945	 10	   0.2231	
1945	 11	   0.1242	
1945	 12	   0.1492	
1946	  1	   0.0347	
1946	  2	   0.0887	
1946	  3	   0.0424	
1946	  4	   0.0052	
1946	  5	   0.0827	
1946	  6	   0.0000	
1946	  7	   0.0020	
1946	  8	   0.0000	
1946	  9	   0.0000	
1946	 10	   0.0407	
1946	 11	   0.1841	
1946	 12	   0.1267	
1947	  1	   0.0224	
1947	  2	   0.0852	
1947	  3	   0.0618	
1947	  4	   0.0206	
1947	  5	   0.0232	
1947	  6	   0.0075	
1947	  7	   0.0000	
1947	  8	   0.0000	
1947	  9	   0.0025	
1947	 10	   0.0727	
1947	 11	   0.0412	
1947	 12	   0.0296	
1948	  1	   0.0005	
1948	  2	   0.0658	
1948	  3	   0.1552	
1948	  4	   0.2091	
1948	  5	   0.0748	
1948	  6	   0.0002	
1948	  7	   0.0000	
1948	  8	   0.0000	
1948	  9	   0.0000	
1948	 10	   0.0333	
1948	 11	   0.0004	
1948	 12	   0.1125	
1949	  1	   0.0586	
1949	  2	   0.0840	
1949	  3	   0.1733	
1949	  4	   0.0000	
1949	  5	   0.0765	
1949	  6	   0.0000	
1949	  7	   0.0000	
1949	  8	   0.0000	
1949	  9	   0.0000	
1949	 10	   0.0000	
1949	 11	   0.1015	
1949	 12	   0.0929	
1950	  1	   0.1475	
1950	  2	   0.0696	
1950	  3	   0.0502	
1950	  4	   0.0576	
1950	  5	   0.0020	
1950	  6	   0.0000	
1950	  7	   0.0022	
1950	  8	   0.0000	
1950	  9	   0.0445	
1950	 10	   0.0684	
1950	 11	   0.1131	
1950	 12	   0.1138	
1951	  1	   0.0831	
1951	  2	   0.0812	
1951	  3	   0.0454	
1951	  4	   0.0435	
1951	  5	   0.0003	
1951	  6	   0.0000	
1951	  7	   0.0000	
1951	  8	   0.0000	
1951	  9	   0.0000	
1951	 10	   0.0459	
1951	 11	   0.1198	
1951	 12	   0.2377	
1952	  1	   0.2724	
1952	  2	   0.0390	
1952	  3	   0.1619	
1952	  4	   0.1472	
1952	  5	   0.0015	
1952	  6	   0.0000	
1952	  7	   0.0000	
1952	  8	   0.0000	
1952	  9	   0.0122	
1952	 10	   0.0004	
1952	 11	   0.1044	
1952	 12	   0.2321	
1953	  1	   0.0348	
1953	  2	   0.0028	
1953	  3	   0.0173	
1953	  4	   0.0797	
1953	  5	   0.0148	
1953	  6	   0.0055	
1953	  7	   0.0000	
1953	  8	   0.0000	
1953	  9	   0.0000	
1953	 10	   0.0015	
1953	 11	   0.0768	
1953	 12	   0.0190	
1954	  1	   0.1319	
1954	  2	   0.0845	
1954	  3	   0.1559	
1954	  4	   0.0622	
1954	  5	   0.0219	
1954	  6	   0.0022	
1954	  7	   0.0000	
1954	  8	   0.0000	
1954	  9	   0.0000	
1954	 10	   0.0000	
1954	 11	   0.1004	
1954	 12	   0.1158	
1955	  1	   0.2245	
1955	  2	   0.0596	
1955	  3	   0.0206	
1955	  4	   0.0741	
1955	  5	   0.0693	
1955	  6	   0.0015	
1955	  7	   0.0000	
1955	  8	   0.0000	
1955	  9	   0.0000	
1955	 10	   0.0024	
1955	 11	   0.0621	
1955	 12	   0.4360	
1956	  1	   0.2329	
1956	  2	   0.0221	
1956	  3	   0.0000	
1956	  4	   0.1030	
1956	  5	   0.0466	
1956	  6	   0.0000	
1956	  7	   0.0000	
1956	  8	   0.0000	
1956	  9	   0.0121	
1956	 10	   0.0216	
1956	 11	   0.0000	
1956	 12	   0.0135	
1957	  1	   0.1410	
1957	  2	   0.1030	
1957	  3	   0.1290	
1957	  4	   0.0663	
1957	  5	   0.0970	
1957	  6	   0.0126	
1957	  7	   0.0000	
1957	  8	   0.0000	
1957	  9	   0.0052	
1957	 10	   0.0851	
1957	 11	   0.0179	
1957	 12	   0.1398	
1958	  1	   0.2014	
1958	  2	   0.2915	
1958	  3	   0.3233	
1958	  4	   0.1560	
1958	  5	   0.0233	
1958	  6	   0.0031	
1958	  7	   0.0020	
1958	  8	   0.0000	
1958	  9	   0.0359	
1958	 10	   0.0007	
1958	 11	   0.0065	
1958	 12	   0.0209	
1959	  1	   0.1360	
1959	  2	   0.2068	
1959	  3	   0.0075	
1959	  4	   0.0304	
1959	  5	   0.0003	
1959	  6	   0.0000	
1959	  7	   0.0000	
1959	  8	   0.0037	
1959	  9	   0.1074	
1959	 10	   0.0000	
1959	 11	   0.0000	
1959	 12	   0.0308	
1960	  1	   0.1202	
1960	  2	   0.2089	
1960	  3	   0.0422	
1960	  4	   0.0809	
1960	  5	   0.0007	
1960	  6	   0.0000	
1960	  7	   0.0000	
1960	  8	   0.0000	
1960	  9	   0.0052	
1960	 10	   0.0006	
1960	 11	   0.1774	
1960	 12	   0.0172	
1961	  1	   0.1301	
1961	  2	   0.0651	
1961	  3	   0.0896	
1961	  4	   0.0209	
1961	  5	   0.0524	
1961	  6	   0.0003	
1961	  7	   0.0015	
1961	  8	   0.0007	
1961	  9	   0.0000	
1961	 10	   0.0001	
1961	 11	   0.1211	
1961	 12	   0.0979	
1962	  1	   0.1152	
1962	  2	   0.3839	
1962	  3	   0.0586	
1962	  4	   0.0000	
1962	  5	   0.0004	
1962	  6	   0.0000	
1962	  7	   0.0000	
1962	  8	   0.0000	
1962	  9	   0.0000	
1962	 10	   0.0173	
1962	 11	   0.0094	
1962	 12	   0.1210	
1963	  1	   0.1206	
1963	  2	   0.2701	
1963	  3	   0.1059	
1963	  4	   0.1500	
1963	  5	   0.0158	
1963	  6	   0.0067	
1963	  7	   0.0000	
1963	  8	   0.0000	
1963	  9	   0.0049	
1963	 10	   0.0870	
1963	 11	   0.1030	
1963	 12	   0.0102	
1964	  1	   0.0523	
1964	  2	   0.0015	
1964	  3	   0.0724	
1964	  4	   0.0371	
1964	  5	   0.0022	
1964	  6	   0.0303	
1964	  7	   0.0000	
1964	  8	   0.0006	
1964	  9	   0.0178	
1964	 10	   0.2049	
1964	 11	   0.0893	
1964	 12	   0.2216	
1965	  1	   0.0616	
1965	  2	   0.0302	
1965	  3	   0.0582	
1965	  4	   0.1625	
1965	  5	   0.0000	
1965	  6	   0.0000	
1965	  7	   0.0000	
1965	  8	   0.0211	
1965	  9	   0.0000	
1965	 10	   0.0061	
1965	 11	   0.3802	
1965	 12	   0.1230	
1966	  1	   0.0569	
1966	  2	   0.0657	
1966	  3	   0.0055	
1966	  4	   0.0157	
1966	  5	   0.0276	
1966	  6	   0.0000	
1966	  7	   0.0130	
1966	  8	   0.0000	
1966	  9	   0.0049	
1966	 10	   0.0000	
1966	 11	   0.1338	
1966	 12	   0.2308	
1967	  1	   0.1742	
1967	  2	   0.0223	
1967	  3	   0.0958	
1967	  4	   0.2535	
1967	  5	   0.0055	
1967	  6	   0.0083	
1967	  7	   0.0000	
1967	  8	   0.0000	
1967	  9	   0.0021	
1967	 10	   0.0053	
1967	 11	   0.1074	
1967	 12	   0.0840	
1968	  1	   0.0667	
1968	  2	   0.0957	
1968	  3	   0.0921	
1968	  4	   0.0188	
1968	  5	   0.0105	
1968	  6	   0.0000	
1968	  7	   0.0000	
1968	  8	   0.0002	
1968	  9	   0.0000	
1968	 10	   0.0421	
1968	 11	   0.1343	
1968	 12	   0.1557	
1969	  1	   0.3768	
1969	  2	   0.3335	
1969	  3	   0.0383	
1969	  4	   0.0666	
1969	  5	   0.0001	
1969	  6	   0.0000	
1969	  7	   0.0004	
1969	  8	   0.0000	
1969	  9	   0.1110	
1969	 10	   0.1109	
1969	 11	   0.0580	
1969	 12	   0.0615	
1970	  1	   0.2400	
1970	  2	   0.0458	
1970	  3	   0.1037	
1970	  4	   0.0036	
1970	  5	   0.0000	
1970	  6	   0.0010	
1970	  7	   0.0000	
1970	  8	   0.0000	
1970	  9	   0.0000	
1970	 10	   0.0272	
1970	 11	   0.1771	
1970	 12	   0.1648	
1971	  1	   0.0402	
1971	  2	   0.0258	
1971	  3	   0.0491	
1971	  4	   0.0615	
1971	  5	   0.0820	
1971	  6	   0.0000	
1971	  7	   0.0000	
1971	  8	   0.0000	
1971	  9	   0.0016	
1971	 10	   0.0217	
1971	 11	   0.0564	
1971	 12	   0.1239	
1972	  1	   0.0306	
1972	  2	   0.0237	
1972	  3	   0.0000	
1972	  4	   0.0200	
1972	  5	   0.0002	
1972	  6	   0.0010	
1972	  7	   0.0001	
1972	  8	   0.0000	
1972	  9	   0.0067	
1972	 10	   0.0485	
1972	 11	   0.3911	
1972	 12	   0.0711	
1973	  1	   0.2244	
1973	  2	   0.2863	
1973	  3	   0.1233	
1973	  4	   0.0058	
1973	  5	   0.0000	
1973	  6	   0.0001	
1973	  7	   0.0000	
1973	  8	   0.0000	
1973	  9	   0.0022	
1973	 10	   0.0949	
1973	 11	   0.0905	
1973	 12	   0.1658	
1974	  1	   0.1327	
1974	  2	   0.0267	
1974	  3	   0.1546	
1974	  4	   0.0468	
1974	  5	   0.0000	
1974	  6	   0.0000	
1974	  7	   0.0318	
1974	  8	   0.0000	
1974	  9	   0.0000	
1974	 10	   0.0703	
1974	 11	   0.0379	
1974	 12	   0.1644	
1975	  1	   0.0149	
1975	  2	   0.2104	
1975	  3	   0.1471	
1975	  4	   0.0822	
1975	  5	   0.0000	
1975	  6	   0.0000	
1975	  7	   0.0030	
1975	  8	   0.0171	
1975	  9	   0.0018	
1975	 10	   0.0815	
1975	 11	   0.0089	
1975	 12	   0.0109	
1976	  1	   0.0146	
1976	  2	   0.1009	
1976	  3	   0.0338	
1976	  4	   0.0855	
1976	  5	   0.0000	
1976	  6	   0.0059	
1976	  7	   0.0003	
1976	  8	   0.0555	
1976	  9	   0.1523	
1976	 10	   0.0657	
1976	 11	   0.0594	
1976	 12	   0.0618	
1977	  1	   0.0558	
1977	  2	   0.0234	
1977	  3	   0.0332	
1977	  4	   0.0015	
1977	  5	   0.0811	
1977	  6	   0.0185	
1977	  7	   0.0000	
1977	  8	   0.0000	
1977	  9	   0.0067	
1977	 10	   0.0104	
1977	 11	   0.0223	
1977	 12	   0.2082	
1978	  1	   0.3232	
1978	  2	   0.2804	
1978	  3	   0.3216	
1978	  4	   0.1384	
1978	  5	   0.0104	
1978	  6	   0.0000	
1978	  7	   0.0001	
1978	  8	   0.0000	
1978	  9	   0.0301	
1978	 10	   0.0002	
1978	 11	   0.1147	
1978	 12	   0.0399	
1979	  1	   0.1893	
1979	  2	   0.2146	
1979	  3	   0.1765	
1979	  4	   0.0147	
1979	  5	   0.0147	
1979	  6	   0.0000	
1979	  7	   0.0015	
1979	  8	   0.0000	
1979	  9	   0.0000	
1979	 10	   0.0509	
1979	 11	   0.0564	
1979	 12	   0.0576	
1980	  1	   0.2340	
1980	  2	   0.2468	
1980	  3	   0.0939	
1980	  4	   0.0358	
1980	  5	   0.0221	
1980	  6	   0.0000	
1980	  7	   0.0000	
1980	  8	   0.0000	
1980	  9	   0.0000	
1980	 10	   0.0043	
1980	 11	   0.0014	
1980	 12	   0.0386	
1981	  1	   0.1397	
1981	  2	   0.0784	
1981	  3	   0.2315	
1981	  4	   0.0625	
1981	  5	   0.0000	
1981	  6	   0.0000	
1981	  7	   0.0000	
1981	  8	   0.0000	
1981	  9	   0.0000	
1981	 10	   0.0591	
1981	 11	   0.2320	
1981	 12	   0.0539	
1982	  1	   0.1290	
1982	  2	   0.1016	
1982	  3	   0.2708	
1982	  4	   0.1253	
1982	  5	   0.0000	
1982	  6	   0.0085	
1982	  7	   0.0000	
1982	  8	   0.0000	
1982	  9	   0.0563	
1982	 10	   0.0669	
1982	 11	   0.2116	
1982	 12	   0.1169	
1983	  1	   0.3027	
1983	  2	   0.1800	
1983	  3	   0.2998	
1983	  4	   0.1019	
1983	  5	   0.0163	
1983	  6	   0.0000	
1983	  7	   0.0000	
1983	  8	   0.0074	
1983	  9	   0.2062	
1983	 10	   0.0354	
1983	 11	   0.1707	
1983	 12	   0.2078	
1984	  1	   0.0108	
1984	  2	   0.0731	
1984	  3	   0.0276	
1984	  4	   0.0069	
1984	  5	   0.0000	
1984	  6	   0.0015	
1984	  7	   0.0000	
1984	  8	   0.0000	
1984	  9	   0.0000	
1984	 10	   0.0572	
1984	 11	   0.1999	
1984	 12	   0.1283	
1985	  1	   0.0446	
1985	  2	   0.0297	
1985	  3	   0.0925	
1985	  4	   0.0065	
1985	  5	   0.0000	
1985	  6	   0.0107	
1985	  7	   0.0000	
1985	  8	   0.0006	
1985	  9	   0.0013	
1985	 10	   0.0384	
1985	 11	   0.2353	
1985	 12	   0.0751	
1986	  1	   0.0725	
1986	  2	   0.2632	
1986	  3	   0.2242	
1986	  4	   0.0160	
1986	  5	   0.0030	
1986	  6	   0.0000	
1986	  7	   0.0000	
1986	  8	   0.0000	
1986	  9	   0.0512	
1986	 10	   0.0000	
1986	 11	   0.0000	
1986	 12	   0.0437	
1987	  1	   0.1159	
1987	  2	   0.1971	
1987	  3	   0.2354	
1987	  4	   0.0093	
1987	  5	   0.0085	
1987	  6	   0.0001	
1987	  7	   0.0000	
1987	  8	   0.0000	
1987	  9	   0.0000	
1987	 10	   0.0727	
1987	 11	   0.0262	
1987	 12	   0.1815	
1988	  1	   0.1247	
1988	  2	   0.0478	
1988	  3	   0.0120	
1988	  4	   0.1885	
1988	  5	   0.0386	
1988	  6	   0.0216	
1988	  7	   0.0000	
1988	  8	   0.0000	
1988	  9	   0.0000	
1988	 10	   0.0000	
1988	 11	   0.0542	
1988	 12	   0.1316	
1989	  1	   0.0466	
1989	  2	   0.0753	
1989	  3	   0.0588	
1989	  4	   0.0298	
1989	  5	   0.0006	
1989	  6	   0.0000	
1989	  7	   0.0000	
1989	  8	   0.0090	
1989	  9	   0.1101	
1989	 10	   0.0697	
1989	 11	   0.0236	
1989	 12	   0.0007	
1990	  1	   0.1264	
1990	  2	   0.0955	
1990	  3	   0.0386	
1990	  4	   0.0260	
1990	  5	   0.1510	
1990	  6	   0.0000	
1990	  7	   0.0000	
1990	  8	   0.0000	
1990	  9	   0.0061	
1990	 10	   0.0098	
1990	 11	   0.0317	
1990	 12	   0.0427	
1991	  1	   0.0156	
1991	  2	   0.1133	
1991	  3	   0.2867	
1991	  4	   0.0350	
1991	  5	   0.0225	
1991	  6	   0.0038	
1991	  7	   0.0000	
1991	  8	   0.0157	
1991	  9	   0.0000	
1991	 10	   0.0402	
1991	 11	   0.0205	
1991	 12	   0.0628	
1992	  1	   0.0883	
1992	  2	   0.2768	
1992	  3	   0.1705	
1992	  4	   0.0001	
1992	  5	   0.0000	
1992	  6	   0.0007	
1992	  7	   0.0390	
1992	  8	   0.0000	
1992	  9	   0.0000	
1992	 10	   0.0293	
1992	 11	   0.0017	
1992	 12	   0.1393	
1993	  1	   0.3992	
1993	  2	   0.2631	
1993	  3	   0.1644	
1993	  4	   0.0121	
1993	  5	   0.0423	
1993	  6	   0.0304	
1993	  7	   0.0000	
1993	  8	   0.0000	
1993	  9	   0.0000	
1993	 10	   0.0107	
1993	 11	   0.0434	
1993	 12	   0.0689	
1994	  1	   0.1283	
1994	  2	   0.1967	
1994	  3	   0.0164	
1994	  4	   0.0530	
1994	  5	   0.1006	
1994	  6	   0.0000	
1994	  7	   0.0000	
1994	  8	   0.0000	
1994	  9	   0.0081	
1994	 10	   0.0349	
1994	 11	   0.0989	
1994	 12	   0.0561	
1995	  1	   0.4548	
1995	  2	   0.0356	
1995	  3	   0.3065	
1995	  4	   0.0709	
1995	  5	   0.0509	
1995	  6	   0.0115	
1995	  7	   0.0022	
1995	  8	   0.0000	
1995	  9	   0.0000	
1995	 10	   0.0000	
1995	 11	   0.0000	
1995	 12	   0.1625	
1996	  1	   0.1879	
1996	  2	   0.2771	
1996	  3	   0.1213	
1996	  4	   0.0570	
1996	  5	   0.0694	
1996	  6	   0.0062	
1996	  7	   0.0000	
1996	  8	   0.0000	
1996	  9	   0.0000	
1996	 10	   0.1179	
1996	 11	   0.1447	
1996	 12	   0.2889	
1997	  1	   0.3675	
1997	  2	   0.0180	
1997	  3	   0.0022	
1997	  4	   0.0207	
1997	  5	   0.0111	
1997	  6	   0.0000	
1997	  7	   0.0000	
1997	  8	   0.0000	
1997	  9	   0.0007	
1997	 10	   0.0059	
1997	 11	   0.2039	
1997	 12	   0.1783	
1998	  1	   0.2750	
1998	  2	   0.6291	
1998	  3	   0.1767	
1998	  4	   0.0971	
1998	  5	   0.2941	
1998	  6	   0.0358	
1998	  7	   0.0000	
1998	  8	   0.0000	
1998	  9	   0.0047	
1998	 10	   0.0499	
1998	 11	   0.0715	
1998	 12	   0.0384	
1999	  1	   0.1042	
1999	  2	   0.1200	
1999	  3	   0.1104	
1999	  4	   0.0612	
1999	  5	   0.0062	
1999	  6	   0.0003	
1999	  7	   0.0000	
1999	  8	   0.0000	
1999	  9	   0.0000	
1999	 10	   0.0000	
1999	 11	   0.0373	
1999	 12	   0.0249	
2000	  1	   0.2331	
2000	  2	   0.2289	
2000	  3	   0.0544	
2000	  4	   0.0948	
2000	  5	   0.0112	
2000	  6	   0.0128	
2000	  7	   0.0000	
2000	  8	   0.0000	
2000	  9	   0.0081	
2000	 10	   0.2061	
2000	 11	   0.0167	
2000	 12	   0.0125	
2001	  1	   0.1516	
2001	  2	   0.1446	
2001	  3	   0.1084	
2001	  4	   0.0712	
2001	  5	   0.0000	
2001	  6	   0.0000	
2001	  7	   0.0001	
2001	  8	   0.0000	
2001	  9	   0.0075	
2001	 10	   0.0227	
2001	 11	   0.0996	
2001	 12	   0.1831	
2002	  1	   0.0683	
2002	  2	   0.0160	
2002	  3	   0.0715	
2002	  4	   0.0116	
2002	  5	   0.0166	
2002	  6	   0.0012	
2002	  7	   0.0000	
2002	  8	   0.0000	
2002	  9	   0.0037	
2002	 10	   0.0000	
2002	 11	   0.1016	
2002	 12	   0.2727	
2003	  1	   0.0457	
2003	  2	   0.0945	
2003	  3	   0.0548	
2003	  4	   0.0705	
2003	  5	   0.0394	
2003	  6	   0.0000	
2003	  7	   0.0000	
2003	  8	   0.0062	
2003	  9	   0.0000	
2003	 10	   0.0030	
2003	 11	   0.0699	
2003	 12	   0.2306	
2004	  1	   0.0974	
2004	  2	   0.2126	
2004	  3	   0.0319	
2004	  4	   0.0037	
2004	  5	   0.0141	
2004	  6	   0.0000	
2004	  7	   0.0000	
2004	  8	   0.0000	
2004	  9	   0.0052	
2004	 10	   0.1792	
2004	 11	   0.1663	
2004	 12	   0.1985	
2005	  1	   0.1562	
2005	  2	   0.1973	
2005	  3	   0.1609	
2005	  4	   0.0590	
2005	  5	   0.1113	
2005	  6	   0.0052	
2005	  7	   0.0000	
2005	  8	   0.0037	
2005	  9	   0.0107	
2005	 10	   0.0070	
2005	 11	   0.0139	
2005	 12	   0.1857	
