1922	  1	   0.0000	
1922	  2	   9.3010	
1922	  3	   6.3746	
1922	  4	   3.2423	
1922	  5	   0.0000	
1922	  6	   0.0000	
1922	  7	   0.0000	
1922	  8	   0.0000	
1922	  9	   0.0643	
1922	 10	   0.0000	
1922	 11	   0.0000	
1922	 12	   0.0000	
1923	  1	   0.0000	
1923	  2	   0.1749	
1923	  3	   1.7374	
1923	  4	  18.3391	
1923	  5	   0.0000	
1923	  6	   0.0000	
1923	  7	   0.0000	
1923	  8	   0.0000	
1923	  9	   0.9495	
1923	 10	   0.0000	
1923	 11	   0.0000	
1923	 12	   0.0000	
1924	  1	   0.0000	
1924	  2	   0.3100	
1924	  3	  13.2784	
1924	  4	   1.2244	
1924	  5	   0.0000	
1924	  6	   0.0000	
1924	  7	   0.0000	
1924	  8	   0.0000	
1924	  9	   0.0000	
1924	 10	   0.0000	
1924	 11	   0.0000	
1924	 12	   0.0000	
1925	  1	   0.0000	
1925	  2	   5.6100	
1925	  3	   3.2398	
1925	  4	   9.8068	
1925	  5	   0.0000	
1925	  6	   0.0000	
1925	  7	   0.0000	
1925	  8	   0.0000	
1925	  9	   0.0062	
1925	 10	   0.0000	
1925	 11	   0.0000	
1925	 12	   0.0000	
1926	  1	   0.0000	
1926	  2	   4.6568	
1926	  3	   2.3639	
1926	  4	   8.6030	
1926	  5	   0.0000	
1926	  6	   0.0000	
1926	  7	   0.0000	
1926	  8	   0.0000	
1926	  9	   0.0000	
1926	 10	   0.0000	
1926	 11	   0.0000	
1926	 12	   0.0000	
1927	  1	   0.0000	
1927	  2	  15.9716	
1927	  3	   8.6778	
1927	  4	   2.0277	
1927	  5	   0.0000	
1927	  6	   0.0000	
1927	  7	   0.0000	
1927	  8	   0.0000	
1927	  9	   0.0000	
1927	 10	   0.0000	
1927	 11	   0.0000	
1927	 12	   0.0000	
1928	  1	   0.0000	
1928	  2	   3.9087	
1928	  3	  10.2459	
1928	  4	   3.1373	
1928	  5	   0.0000	
1928	  6	   0.0000	
1928	  7	   0.0000	
1928	  8	   0.0000	
1928	  9	   0.0000	
1928	 10	   0.0000	
1928	 11	   0.0000	
1928	 12	   0.0000	
1929	  1	   0.0000	
1929	  2	   3.5850	
1929	  3	   2.5571	
1929	  4	   4.0605	
1929	  5	   0.0000	
1929	  6	   0.0000	
1929	  7	   0.0000	
1929	  8	   0.0000	
1929	  9	   0.0201	
1929	 10	   0.0000	
1929	 11	   0.0000	
1929	 12	   0.0000	
1930	  1	   0.0000	
1930	  2	   5.8709	
1930	  3	   7.4195	
1930	  4	   4.9689	
1930	  5	   0.0000	
1930	  6	   0.0000	
1930	  7	   0.0000	
1930	  8	   0.0000	
1930	  9	   0.1152	
1930	 10	   0.0000	
1930	 11	   0.0000	
1930	 12	   0.0000	
1931	  1	   0.0000	
1931	  2	   3.1221	
1931	  3	   4.8852	
1931	  4	   1.5291	
1931	  5	   0.0000	
1931	  6	   0.0000	
1931	  7	   0.0000	
1931	  8	   0.0000	
1931	  9	   0.0462	
1931	 10	   0.0000	
1931	 11	   0.0000	
1931	 12	   0.0000	
1932	  1	   0.0000	
1932	  2	   5.4934	
1932	  3	   8.1845	
1932	  4	   2.0230	
1932	  5	   0.0000	
1932	  6	   0.0000	
1932	  7	   0.0000	
1932	  8	   0.0000	
1932	  9	   0.0000	
1932	 10	   0.0000	
1932	 11	   0.0000	
1932	 12	   0.0000	
1933	  1	   0.0000	
1933	  2	   0.7904	
1933	  3	   5.0043	
1933	  4	   0.0422	
1933	  5	   0.0000	
1933	  6	   0.0000	
1933	  7	   0.0000	
1933	  8	   0.0000	
1933	  9	   0.0000	
1933	 10	   0.0000	
1933	 11	   0.0000	
1933	 12	   0.0000	
1934	  1	   0.0000	
1934	  2	   5.8487	
1934	  3	   0.0939	
1934	  4	   0.1950	
1934	  5	   0.0000	
1934	  6	   0.0000	
1934	  7	   0.0000	
1934	  8	   0.0000	
1934	  9	   0.0077	
1934	 10	   0.0000	
1934	 11	   0.0000	
1934	 12	   0.0000	
1935	  1	   0.0000	
1935	  2	   1.8330	
1935	  3	  14.8603	
1935	  4	  16.9378	
1935	  5	   0.0000	
1935	  6	   0.0000	
1935	  7	   0.0000	
1935	  8	   0.0000	
1935	  9	   0.0124	
1935	 10	   0.0000	
1935	 11	   0.0000	
1935	 12	   0.0000	
1936	  1	   0.0000	
1936	  2	  17.4536	
1936	  3	   8.2163	
1936	  4	   4.2916	
1936	  5	   0.0000	
1936	  6	   0.0000	
1936	  7	   0.0000	
1936	  8	   0.0000	
1936	  9	   0.0000	
1936	 10	   0.0000	
1936	 11	   0.0000	
1936	 12	   0.0000	
1937	  1	   0.0000	
1937	  2	   7.3366	
1937	  3	  20.7315	
1937	  4	   3.1178	
1937	  5	   0.0000	
1937	  6	   0.0000	
1937	  7	   0.0000	
1937	  8	   0.0000	
1937	  9	   0.0000	
1937	 10	   0.0000	
1937	 11	   0.0000	
1937	 12	   0.0000	
1938	  1	   0.0000	
1938	  2	  14.0182	
1938	  3	  24.4071	
1938	  4	   4.4490	
1938	  5	   0.0000	
1938	  6	   0.0000	
1938	  7	   0.0000	
1938	  8	   0.0000	
1938	  9	   0.3403	
1938	 10	   0.0000	
1938	 11	   0.0000	
1938	 12	   0.0000	
1939	  1	   0.0000	
1939	  2	   3.5931	
1939	  3	   7.2375	
1939	  4	   4.5226	
1939	  5	   0.0000	
1939	  6	   0.0000	
1939	  7	   0.0000	
1939	  8	   0.0000	
1939	  9	   1.8229	
1939	 10	   0.0000	
1939	 11	   0.0000	
1939	 12	   0.0000	
1940	  1	   0.0000	
1940	  2	  10.7714	
1940	  3	   7.6802	
1940	  4	   4.4858	
1940	  5	   0.0000	
1940	  6	   0.0000	
1940	  7	   0.0000	
1940	  8	   0.0000	
1940	  9	   0.0000	
1940	 10	   0.0000	
1940	 11	   0.0000	
1940	 12	   0.0000	
1941	  1	   0.0000	
1941	  2	  11.3429	
1941	  3	  18.1455	
1941	  4	  14.3848	
1941	  5	   0.0000	
1941	  6	   0.0000	
1941	  7	   0.0000	
1941	  8	   0.0000	
1941	  9	   0.0000	
1941	 10	   0.0000	
1941	 11	   0.0000	
1941	 12	   0.0000	
1942	  1	   0.0000	
1942	  2	   4.1831	
1942	  3	   5.8268	
1942	  4	  16.9634	
1942	  5	   0.0000	
1942	  6	   0.0000	
1942	  7	   0.0000	
1942	  8	   0.0000	
1942	  9	   0.0000	
1942	 10	   0.0000	
1942	 11	   0.0000	
1942	 12	   0.0000	
1943	  1	   0.0000	
1943	  2	   3.1802	
1943	  3	  23.8081	
1943	  4	   4.0385	
1943	  5	   0.0000	
1943	  6	   0.0000	
1943	  7	   0.0000	
1943	  8	   0.0000	
1943	  9	   0.0000	
1943	 10	   0.0000	
1943	 11	   0.0000	
1943	 12	   0.0000	
1944	  1	   0.0000	
1944	  2	   7.4915	
1944	  3	   2.4014	
1944	  4	   7.1476	
1944	  5	   0.0000	
1944	  6	   0.0000	
1944	  7	   0.0000	
1944	  8	   0.0000	
1944	  9	   0.1793	
1944	 10	   0.0000	
1944	 11	   0.0000	
1944	 12	   0.0000	
1945	  1	   0.0000	
1945	  2	   5.8709	
1945	  3	  15.3376	
1945	  4	   0.8503	
1945	  5	   0.0000	
1945	  6	   0.0000	
1945	  7	   0.0000	
1945	  8	   0.0000	
1945	  9	   0.0000	
1945	 10	   0.0000	
1945	 11	   0.0000	
1945	 12	   0.0000	
1946	  1	   0.0000	
1946	  2	   3.8948	
1946	  3	   3.7219	
1946	  4	   0.4549	
1946	  5	   0.0000	
1946	  6	   0.0000	
1946	  7	   0.0000	
1946	  8	   0.0000	
1946	  9	   0.0000	
1946	 10	   0.0000	
1946	 11	   0.0000	
1946	 12	   0.0000	
1947	  1	   0.0000	
1947	  2	   3.7422	
1947	  3	   5.4300	
1947	  4	   1.8061	
1947	  5	   0.0000	
1947	  6	   0.0000	
1947	  7	   0.0000	
1947	  8	   0.0000	
1947	  9	   0.0736	
1947	 10	   0.0000	
1947	 11	   0.0000	
1947	 12	   0.0000	
1948	  1	   0.0000	
1948	  2	   2.8872	
1948	  3	  13.6254	
1948	  4	  18.3600	
1948	  5	   0.0000	
1948	  6	   0.0000	
1948	  7	   0.0000	
1948	  8	   0.0000	
1948	  9	   0.0000	
1948	 10	   0.0000	
1948	 11	   0.0000	
1948	 12	   0.0000	
1949	  1	   0.0000	
1949	  2	   3.6886	
1949	  3	  15.2152	
1949	  4	   0.0000	
1949	  5	   0.0000	
1949	  6	   0.0000	
1949	  7	   0.0000	
1949	  8	   0.0000	
1949	  9	   0.0000	
1949	 10	   0.0000	
1949	 11	   0.0000	
1949	 12	   0.0000	
1950	  1	   0.0000	
1950	  2	   3.0539	
1950	  3	   4.4046	
1950	  4	   5.0596	
1950	  5	   0.0000	
1950	  6	   0.0000	
1950	  7	   0.0000	
1950	  8	   0.0000	
1950	  9	   1.2902	
1950	 10	   0.0000	
1950	 11	   0.0000	
1950	 12	   0.0000	
1951	  1	   0.0000	
1951	  2	   3.5655	
1951	  3	   3.9908	
1951	  4	   3.8175	
1951	  5	   0.0000	
1951	  6	   0.0000	
1951	  7	   0.0000	
1951	  8	   0.0000	
1951	  9	   0.0000	
1951	 10	   0.0000	
1951	 11	   0.0000	
1951	 12	   0.0000	
1952	  1	   0.0000	
1952	  2	   1.7104	
1952	  3	  14.2125	
1952	  4	  12.9271	
1952	  5	   0.0000	
1952	  6	   0.0000	
1952	  7	   0.0000	
1952	  8	   0.0000	
1952	  9	   0.3524	
1952	 10	   0.0000	
1952	 11	   0.0000	
1952	 12	   0.0000	
1953	  1	   0.0000	
1953	  2	   0.1240	
1953	  3	   1.5165	
1953	  4	   7.0006	
1953	  5	   0.0000	
1953	  6	   0.0000	
1953	  7	   0.0000	
1953	  8	   0.0000	
1953	  9	   0.0000	
1953	 10	   0.0000	
1953	 11	   0.0000	
1953	 12	   0.0000	
1954	  1	   0.0000	
1954	  2	   3.7101	
1954	  3	  13.6871	
1954	  4	   5.4567	
1954	  5	   0.0000	
1954	  6	   0.0000	
1954	  7	   0.0000	
1954	  8	   0.0000	
1954	  9	   0.0000	
1954	 10	   0.0000	
1954	 11	   0.0000	
1954	 12	   0.0000	
1955	  1	   0.0000	
1955	  2	   2.6182	
1955	  3	   1.8111	
1955	  4	   6.5085	
1955	  5	   0.0000	
1955	  6	   0.0000	
1955	  7	   0.0000	
1955	  8	   0.0000	
1955	  9	   0.0000	
1955	 10	   0.0000	
1955	 11	   0.0000	
1955	 12	   0.0000	
1956	  1	   0.0000	
1956	  2	   0.9720	
1956	  3	   0.0047	
1956	  4	   9.0436	
1956	  5	   0.0000	
1956	  6	   0.0000	
1956	  7	   0.0000	
1956	  8	   0.0000	
1956	  9	   0.3493	
1956	 10	   0.0000	
1956	 11	   0.0000	
1956	 12	   0.0000	
1957	  1	   0.0000	
1957	  2	   4.5194	
1957	  3	  11.3236	
1957	  4	   5.8236	
1957	  5	   0.0000	
1957	  6	   0.0000	
1957	  7	   0.0000	
1957	  8	   0.0000	
1957	  9	   0.1501	
1957	 10	   0.0000	
1957	 11	   0.0000	
1957	 12	   0.0000	
1958	  1	   0.0000	
1958	  2	  12.7962	
1958	  3	  28.3827	
1958	  4	  13.6955	
1958	  5	   0.0000	
1958	  6	   0.0000	
1958	  7	   0.0000	
1958	  8	   0.0000	
1958	  9	   1.0390	
1958	 10	   0.0000	
1958	 11	   0.0000	
1958	 12	   0.0000	
1959	  1	   0.0000	
1959	  2	   9.0791	
1959	  3	   0.6546	
1959	  4	   2.6668	
1959	  5	   0.0000	
1959	  6	   0.0000	
1959	  7	   0.0000	
1959	  8	   0.0000	
1959	  9	   3.1127	
1959	 10	   0.0000	
1959	 11	   0.0000	
1959	 12	   0.0000	
1960	  1	   0.0000	
1960	  2	   9.1715	
1960	  3	   3.7074	
1960	  4	   7.0999	
1960	  5	   0.0000	
1960	  6	   0.0000	
1960	  7	   0.0000	
1960	  8	   0.0000	
1960	  9	   0.1501	
1960	 10	   0.0000	
1960	 11	   0.0000	
1960	 12	   0.0000	
1961	  1	   0.0000	
1961	  2	   2.8591	
1961	  3	   7.8657	
1961	  4	   1.8335	
1961	  5	   0.0000	
1961	  6	   0.0000	
1961	  7	   0.0000	
1961	  8	   0.0000	
1961	  9	   0.0000	
1961	 10	   0.0000	
1961	 11	   0.0000	
1961	 12	   0.0000	
1962	  1	   0.0000	
1962	  2	  16.8535	
1962	  3	   5.1433	
1962	  4	   0.0000	
1962	  5	   0.0000	
1962	  6	   0.0000	
1962	  7	   0.0000	
1962	  8	   0.0000	
1962	  9	   0.0000	
1962	 10	   0.0000	
1962	 11	   0.0000	
1962	 12	   0.0000	
1963	  1	   0.0000	
1963	  2	  11.8576	
1963	  3	   9.3010	
1963	  4	  13.1654	
1963	  5	   0.0000	
1963	  6	   0.0000	
1963	  7	   0.0000	
1963	  8	   0.0000	
1963	  9	   0.1429	
1963	 10	   0.0000	
1963	 11	   0.0000	
1963	 12	   0.0000	
1964	  1	   0.0000	
1964	  2	   0.0673	
1964	  3	   6.3583	
1964	  4	   3.2532	
1964	  5	   0.0000	
1964	  6	   0.0000	
1964	  7	   0.0000	
1964	  8	   0.0000	
1964	  9	   0.5147	
1964	 10	   0.0000	
1964	 11	   0.0000	
1964	 12	   0.0000	
1965	  1	   0.0000	
1965	  2	   1.3244	
1965	  3	   5.1097	
1965	  4	  14.2645	
1965	  5	   0.0000	
1965	  6	   0.0000	
1965	  7	   0.0000	
1965	  8	   0.0000	
1965	  9	   0.0000	
1965	 10	   0.0000	
1965	 11	   0.0000	
1965	 12	   0.0000	
1966	  1	   0.0000	
1966	  2	   2.8852	
1966	  3	   0.4831	
1966	  4	   1.3796	
1966	  5	   0.0000	
1966	  6	   0.0000	
1966	  7	   0.0000	
1966	  8	   0.0000	
1966	  9	   0.1426	
1966	 10	   0.0000	
1966	 11	   0.0000	
1966	 12	   0.0000	
1967	  1	   0.0000	
1967	  2	   0.9796	
1967	  3	   8.4113	
1967	  4	  22.2599	
1967	  5	   0.0000	
1967	  6	   0.0000	
1967	  7	   0.0000	
1967	  8	   0.0000	
1967	  9	   0.0599	
1967	 10	   0.0000	
1967	 11	   0.0000	
1967	 12	   0.0000	
1968	  1	   0.0000	
1968	  2	   4.2029	
1968	  3	   8.0856	
1968	  4	   1.6486	
1968	  5	   0.0000	
1968	  6	   0.0000	
1968	  7	   0.0000	
1968	  8	   0.0000	
1968	  9	   0.0000	
1968	 10	   0.0000	
1968	 11	   0.0000	
1968	 12	   0.0000	
1969	  1	   0.0000	
1969	  2	  14.6412	
1969	  3	   3.3601	
1969	  4	   5.8445	
1969	  5	   0.0000	
1969	  6	   0.0000	
1969	  7	   0.0000	
1969	  8	   0.0000	
1969	  9	   3.2157	
1969	 10	   0.0000	
1969	 11	   0.0000	
1969	 12	   0.0000	
1970	  1	   0.0000	
1970	  2	   2.0102	
1970	  3	   9.1049	
1970	  4	   0.3123	
1970	  5	   0.0000	
1970	  6	   0.0000	
1970	  7	   0.0000	
1970	  8	   0.0000	
1970	  9	   0.0000	
1970	 10	   0.0000	
1970	 11	   0.0000	
1970	 12	   0.0000	
1971	  1	   0.0000	
1971	  2	   1.1310	
1971	  3	   4.3086	
1971	  4	   5.4033	
1971	  5	   0.0000	
1971	  6	   0.0000	
1971	  7	   0.0000	
1971	  8	   0.0000	
1971	  9	   0.0460	
1971	 10	   0.0000	
1971	 11	   0.0000	
1971	 12	   0.0000	
1972	  1	   0.0000	
1972	  2	   1.0417	
1972	  3	   0.0000	
1972	  4	   1.7577	
1972	  5	   0.0000	
1972	  6	   0.0000	
1972	  7	   0.0000	
1972	  8	   0.0000	
1972	  9	   0.1933	
1972	 10	   0.0000	
1972	 11	   0.0000	
1972	 12	   0.0000	
1973	  1	   0.0000	
1973	  2	  12.5691	
1973	  3	  10.8225	
1973	  4	   0.5080	
1973	  5	   0.0000	
1973	  6	   0.0000	
1973	  7	   0.0000	
1973	  8	   0.0000	
1973	  9	   0.0643	
1973	 10	   0.0000	
1973	 11	   0.0000	
1973	 12	   0.0000	
1974	  1	   0.0000	
1974	  2	   1.1709	
1974	  3	  13.5781	
1974	  4	   4.1074	
1974	  5	   0.0000	
1974	  6	   0.0000	
1974	  7	   0.0000	
1974	  8	   0.0000	
1974	  9	   0.0000	
1974	 10	   0.0000	
1974	 11	   0.0000	
1974	 12	   0.0000	
1975	  1	   0.0000	
1975	  2	   9.2374	
1975	  3	  12.9119	
1975	  4	   7.2187	
1975	  5	   0.0000	
1975	  6	   0.0000	
1975	  7	   0.0000	
1975	  8	   0.0000	
1975	  9	   0.0509	
1975	 10	   0.0000	
1975	 11	   0.0000	
1975	 12	   0.0000	
1976	  1	   0.0000	
1976	  2	   4.4288	
1976	  3	   2.9650	
1976	  4	   7.5101	
1976	  5	   0.0000	
1976	  6	   0.0000	
1976	  7	   0.0000	
1976	  8	   0.0000	
1976	  9	   4.4136	
1976	 10	   0.0000	
1976	 11	   0.0000	
1976	 12	   0.0000	
1977	  1	   0.0000	
1977	  2	   1.0265	
1977	  3	   2.9163	
1977	  4	   0.1300	
1977	  5	   0.0000	
1977	  6	   0.0000	
1977	  7	   0.0000	
1977	  8	   0.0000	
1977	  9	   0.1930	
1977	 10	   0.0000	
1977	 11	   0.0000	
1977	 12	   0.0000	
1978	  1	   0.0000	
1978	  2	  12.3106	
1978	  3	  28.2322	
1978	  4	  12.1498	
1978	  5	   0.0000	
1978	  6	   0.0000	
1978	  7	   0.0000	
1978	  8	   0.0000	
1978	  9	   0.8714	
1978	 10	   0.0000	
1978	 11	   0.0000	
1978	 12	   0.0000	
1979	  1	   0.0000	
1979	  2	   9.4226	
1979	  3	  15.4975	
1979	  4	   1.2865	
1979	  5	   0.0000	
1979	  6	   0.0000	
1979	  7	   0.0000	
1979	  8	   0.0000	
1979	  9	   0.0000	
1979	 10	   0.0000	
1979	 11	   0.0000	
1979	 12	   0.0000	
1980	  1	   0.0000	
1980	  2	  10.8340	
1980	  3	   8.2431	
1980	  4	   3.1452	
1980	  5	   0.0000	
1980	  6	   0.0000	
1980	  7	   0.0000	
1980	  8	   0.0000	
1980	  9	   0.0000	
1980	 10	   0.0000	
1980	 11	   0.0000	
1980	 12	   0.0000	
1981	  1	   0.0000	
1981	  2	   3.4397	
1981	  3	  20.3227	
1981	  4	   5.4878	
1981	  5	   0.0000	
1981	  6	   0.0000	
1981	  7	   0.0000	
1981	  8	   0.0000	
1981	  9	   0.0000	
1981	 10	   0.0000	
1981	 11	   0.0000	
1981	 12	   0.0000	
1982	  1	   0.0000	
1982	  2	   4.4602	
1982	  3	  23.7766	
1982	  4	  10.9987	
1982	  5	   0.0000	
1982	  6	   0.0000	
1982	  7	   0.0000	
1982	  8	   0.0000	
1982	  9	   1.6314	
1982	 10	   0.0000	
1982	 11	   0.0000	
1982	 12	   0.0000	
1983	  1	   0.0000	
1983	  2	   7.9008	
1983	  3	  26.3200	
1983	  4	   8.9507	
1983	  5	   0.0000	
1983	  6	   0.0000	
1983	  7	   0.0000	
1983	  8	   0.0000	
1983	  9	   5.9749	
1983	 10	   0.0000	
1983	 11	   0.0000	
1983	 12	   0.0000	
1984	  1	   0.0000	
1984	  2	   3.2070	
1984	  3	   2.4216	
1984	  4	   0.6044	
1984	  5	   0.0000	
1984	  6	   0.0000	
1984	  7	   0.0000	
1984	  8	   0.0000	
1984	  9	   0.0000	
1984	 10	   0.0000	
1984	 11	   0.0000	
1984	 12	   0.0000	
1985	  1	   0.0000	
1985	  2	   1.3040	
1985	  3	   8.1185	
1985	  4	   0.5690	
1985	  5	   0.0000	
1985	  6	   0.0000	
1985	  7	   0.0000	
1985	  8	   0.0000	
1985	  9	   0.0385	
1985	 10	   0.0000	
1985	 11	   0.0000	
1985	 12	   0.0000	
1986	  1	   0.0000	
1986	  2	  11.5531	
1986	  3	  19.6808	
1986	  4	   1.4092	
1986	  5	   0.0000	
1986	  6	   0.0000	
1986	  7	   0.0000	
1986	  8	   0.0000	
1986	  9	   1.4821	
1986	 10	   0.0000	
1986	 11	   0.0000	
1986	 12	   0.0000	
1987	  1	   0.0000	
1987	  2	   8.6543	
1987	  3	  20.6683	
1987	  4	   0.8189	
1987	  5	   0.0000	
1987	  6	   0.0000	
1987	  7	   0.0000	
1987	  8	   0.0000	
1987	  9	   0.0000	
1987	 10	   0.0000	
1987	 11	   0.0000	
1987	 12	   0.0000	
1988	  1	   0.0000	
1988	  2	   2.0996	
1988	  3	   1.0568	
1988	  4	  16.5507	
1988	  5	   0.0000	
1988	  6	   0.0000	
1988	  7	   0.0000	
1988	  8	   0.0000	
1988	  9	   0.0000	
1988	 10	   0.0000	
1988	 11	   0.0000	
1988	 12	   0.0000	
1989	  1	   0.0000	
1989	  2	   3.3037	
1989	  3	   5.1593	
1989	  4	   2.6144	
1989	  5	   0.0000	
1989	  6	   0.0000	
1989	  7	   0.0000	
1989	  8	   0.0000	
1989	  9	   3.1911	
1989	 10	   0.0000	
1989	 11	   0.0000	
1989	 12	   0.0000	
1990	  1	   0.0000	
1990	  2	   4.1908	
1990	  3	   3.3878	
1990	  4	   2.2866	
1990	  5	   0.0000	
1990	  6	   0.0000	
1990	  7	   0.0000	
1990	  8	   0.0000	
1990	  9	   0.1778	
1990	 10	   0.0000	
1990	 11	   0.0000	
1990	 12	   0.0000	
1991	  1	   0.0000	
1991	  2	   4.9727	
1991	  3	  25.1744	
1991	  4	   3.0694	
1991	  5	   0.0000	
1991	  6	   0.0000	
1991	  7	   0.0000	
1991	  8	   0.0000	
1991	  9	   0.0000	
1991	 10	   0.0000	
1991	 11	   0.0000	
1991	 12	   0.0000	
1992	  1	   0.0000	
1992	  2	  12.1499	
1992	  3	  14.9729	
1992	  4	   0.0094	
1992	  5	   0.0000	
1992	  6	   0.0000	
1992	  7	   0.0000	
1992	  8	   0.0000	
1992	  9	   0.0000	
1992	 10	   0.0000	
1992	 11	   0.0000	
1992	 12	   0.0000	
1993	  1	   0.0000	
1993	  2	  11.5498	
1993	  3	  14.4338	
1993	  4	   1.0601	
1993	  5	   0.0000	
1993	  6	   0.0000	
1993	  7	   0.0000	
1993	  8	   0.0000	
1993	  9	   0.0000	
1993	 10	   0.0000	
1993	 11	   0.0000	
1993	 12	   0.0000	
1994	  1	   0.0000	
1994	  2	   8.6368	
1994	  3	   1.4367	
1994	  4	   4.6567	
1994	  5	   0.0000	
1994	  6	   0.0000	
1994	  7	   0.0000	
1994	  8	   0.0000	
1994	  9	   0.2346	
1994	 10	   0.0000	
1994	 11	   0.0000	
1994	 12	   0.0000	
1995	  1	   0.0000	
1995	  2	   1.5639	
1995	  3	  26.9082	
1995	  4	   6.2222	
1995	  5	   0.0000	
1995	  6	   0.0000	
1995	  7	   0.0000	
1995	  8	   0.0000	
1995	  9	   0.0000	
1995	 10	   0.0000	
1995	 11	   0.0000	
1995	 12	   0.0000	
1996	  1	   0.0000	
1996	  2	  12.1638	
1996	  3	  10.6521	
1996	  4	   5.0087	
1996	  5	   0.0000	
1996	  6	   0.0000	
1996	  7	   0.0000	
1996	  8	   0.0000	
1996	  9	   0.0000	
1996	 10	   0.0000	
1996	 11	   0.0000	
1996	 12	   0.0000	
1997	  1	   0.0000	
1997	  2	   0.7920	
1997	  3	   0.1950	
1997	  4	   1.8197	
1997	  5	   0.0000	
1997	  6	   0.0000	
1997	  7	   0.0000	
1997	  8	   0.0000	
1997	  9	   0.0201	
1997	 10	   0.0000	
1997	 11	   0.0000	
1997	 12	   0.0000	
1998	  1	   0.0000	
1998	  2	  27.6152	
1998	  3	  15.5178	
1998	  4	   8.5247	
1998	  5	   0.0000	
1998	  6	   0.0000	
1998	  7	   0.0000	
1998	  8	   0.0000	
1998	  9	   0.1363	
1998	 10	   0.0000	
1998	 11	   0.0000	
1998	 12	   0.0000	
1999	  1	   0.0000	
1999	  2	   5.2663	
1999	  3	   9.6967	
1999	  4	   5.3748	
1999	  5	   0.0000	
1999	  6	   0.0000	
1999	  7	   0.0000	
1999	  8	   0.0000	
1999	  9	   0.0000	
1999	 10	   0.0000	
1999	 11	   0.0000	
1999	 12	   0.0000	
2000	  1	   0.0000	
2000	  2	  10.0500	
2000	  3	   4.7751	
2000	  4	   8.3254	
2000	  5	   0.0000	
2000	  6	   0.0000	
2000	  7	   0.0000	
2000	  8	   0.0000	
2000	  9	   0.2348	
2000	 10	   0.0000	
2000	 11	   0.0000	
2000	 12	   0.0000	
2001	  1	   0.0000	
2001	  2	   6.3464	
2001	  3	   9.5144	
2001	  4	   6.2486	
2001	  5	   0.0000	
2001	  6	   0.0000	
2001	  7	   0.0000	
2001	  8	   0.0000	
2001	  9	   0.2176	
2001	 10	   0.0000	
2001	 11	   0.0000	
2001	 12	   0.0000	
2002	  1	   0.0000	
2002	  2	   0.7006	
2002	  3	   6.2760	
2002	  4	   1.0178	
2002	  5	   0.0000	
2002	  6	   0.0000	
2002	  7	   0.0000	
2002	  8	   0.0000	
2002	  9	   0.1072	
2002	 10	   0.0000	
2002	 11	   0.0000	
2002	 12	   0.0000	
2003	  1	   0.0000	
2003	  2	   4.1497	
2003	  3	   4.8122	
2003	  4	   6.1890	
2003	  5	   0.0000	
2003	  6	   0.0000	
2003	  7	   0.0000	
2003	  8	   0.0000	
2003	  9	   0.0000	
2003	 10	   0.0000	
2003	 11	   0.0000	
2003	 12	   0.0000	
2004	  1	   0.0000	
2004	  2	   9.3340	
2004	  3	   2.7975	
2004	  4	   0.3250	
2004	  5	   0.0000	
2004	  6	   0.0000	
2004	  7	   0.0000	
2004	  8	   0.0000	
2004	  9	   0.1501	
2004	 10	   0.0000	
2004	 11	   0.0000	
2004	 12	   0.0000	
2005	  1	   0.0000	
2005	  2	   8.6610	
2005	  3	  14.1240	
2005	  4	   5.1769	
2005	  5	   0.0000	
2005	  6	   0.0000	
2005	  7	   0.0000	
2005	  8	   0.0000	
2005	  9	   0.3111	
2005	 10	   0.0000	
2005	 11	   0.0000	
2005	 12	   0.0000	
