1922  1  9.30054013285
1922  2  48.9056008103
1922  3  0.0
1922  4  0.0
1922  5  12.9560243041
1922  6  0.0199498167004
1922  7  0.0
1922  8  0.0
1922  9  0.555184444117
1922  10  3.54982795871
1922  11  18.0154323643
1922  12  47.9585615802
1923  1  22.6716812713
1923  2  0.133827970448
1923  3  0.0
1923  4  37.403123397
1923  5  0.612271782507
1923  6  0.0
1923  7  4.14316749334
1923  8  0.0
1923  9  8.19314330767
1923  10  4.23730066488
1923  11  0.731961808918
1923  12  2.48453164154
1924  1  17.1446984443
1924  2  0.237132721361
1924  3  14.2534734212
1924  4  0.0
1924  5  0.0
1924  6  0.27621116624
1924  7  0.0
1924  8  2.48590049601
1924  9  0.0
1924  10  7.45421973286
1924  11  3.4211785697
1924  12  23.695043154
1925  1  16.0683604538
1925  2  20.9835290193
1925  3  0.0
1925  4  4.76709689135
1925  5  37.7321437299
1925  6  1.18464393165
1925  7  0.438895967185
1925  8  1.93347816357
1925  9  0.0534655087321
1925  10  6.47541354081
1925  11  2.73175283669
1925  12  2.03625622595
1926  1  12.0969598707
1926  2  13.7725103597
1926  3  0.0
1926  4  2.21286956041
1926  5  0.119698900128
1926  6  0.0
1926  7  0.0
1926  8  0.0
1926  9  0.0
1926  10  5.10951069665
1926  11  48.0979775309
1926  12  4.47111555556
1927  1  8.30528915837
1927  2  101.190409378
1927  3  0.566515236276
1927  4  0.0
1927  5  0.0398996333635
1927  6  6.67205389013
1927  7  0.478795600548
1927  8  0.199498166892
1927  9  0.0
1927  10  9.08306318404
1927  11  6.15680510306
1927  12  2.74308126584
1928  1  0.953490706897
1928  2  8.615391031
1928  3  5.23162963649
1928  4  0.0
1928  5  1.89666479762
1928  6  0.0
1928  7  0.0
1928  8  0.0
1928  9  0.0
1928  10  3.32725416667
1928  11  41.0072962323
1928  12  61.2488109245
1929  1  4.6348585262
1929  2  6.44176871921
1929  3  0.0
1929  4  0.0
1929  5  0.0
1929  6  17.5164838926
1929  7  0.0
1929  8  0.0
1929  9  0.17376290336
1929  10  3.71394979938
1929  11  0.0
1929  12  2.54198711361
1930  1  39.1192656639
1930  2  22.9569207476
1930  3  0.0
1930  4  0.0
1930  5  4.21227574569
1930  6  0.0
1930  7  0.0
1930  8  0.0
1930  9  0.994207091919
1930  10  4.1397470728
1930  11  3.61175761909
1930  12  0.0
1931  1  40.3358551419
1931  2  3.33358440515
1931  3  0.0
1931  4  0.0
1931  5  17.7297593413
1931  6  5.01026841326
1931  7  0.0
1931  8  0.90843276541
1931  9  0.398923516284
1931  10  3.40459329321
1931  11  25.4336146863
1931  12  79.2346169443
1932  1  25.7506452188
1932  2  20.1012557327
1932  3  0.0
1932  4  0.0
1932  5  7.14467695581
1932  6  0.0
1932  7  0.478795600548
1932  8  0.0
1932  9  0.0
1932  10  3.32725416667
1932  11  0.35080371013
1932  12  9.24067662564
1933  1  60.4781181828
1933  2  0.604631345253
1933  3  0.0
1933  4  0.0
1933  5  9.69659943675
1933  6  1.1079309323
1933  7  0.0
1933  8  0.0
1933  9  0.0
1933  10  4.60637429669
1933  11  0.0
1933  12  50.3054169115
1934  1  16.9394602108
1934  2  22.7890798224
1934  3  0.0
1934  4  0.0
1934  5  0.67212123257
1934  6  7.99491432652
1934  7  0.0
1934  8  0.552422332443
1934  9  0.0668318859213
1934  10  6.43544774521
1934  11  29.8295247242
1934  12  34.2779123007
1935  1  49.15935938
1935  2  1.40221271743
1935  3  18.959479888
1935  4  32.0431603068
1935  5  0.0
1935  6  0.0
1935  7  0.0
1935  8  2.20968932977
1935  9  0.106931017464
1935  10  5.83867750819
1935  11  9.67718571103
1935  12  10.3506707249
1936  1  3.4192541871
1936  2  113.661367706
1936  3  0.0
1936  4  0.0
1936  5  4.51912774301
1936  6  1.38105583113
1936  7  0.552422332443
1936  8  0.828633498683
1936  9  0.0
1936  10  17.9932809721
1936  11  0.0
1936  12  52.7256019569
1937  1  23.6102884677
1937  2  34.0451736257
1937  3  36.4262869439
1937  4  0.0
1937  5  0.0
1937  6  0.0
1937  7  0.0
1937  8  0.0
1937  9  0.0
1937  10  3.72512169672
1937  11  2.45524837737
1937  12  50.7323840927
1938  1  40.1090848077
1938  2  84.7531316816
1938  3  47.3613181492
1938  4  0.0
1938  5  1.65726699733
1938  6  0.0
1938  7  0.356010432967
1938  8  0.0
1938  9  2.93631874671
1938  10  20.2698149469
1938  11  0.299419115796
1938  12  6.67771939943
1939  1  3.77607799922
1939  2  6.49636423857
1939  3  0.0
1939  4  0.0
1939  5  3.03071808149
1939  6  0.0797992667643
1939  7  0.0
1939  8  0.0199498167004
1939  9  16.914290617
1939  10  4.74130121973
1939  11  0.667879930984
1939  12  1.53629848606
1940  1  97.9299807618
1940  2  60.0293643621
1940  3  0.0
1940  4  0.0
1940  5  0.27621116624
1940  6  0.0
1940  7  0.0
1940  8  0.0
1940  9  0.0
1940  10  8.72769179811
1940  11  0.16710886478
1940  12  87.5433748077
1941  1  50.0369560923
1941  2  64.3532287799
1941  3  28.7331110661
1941  4  22.2778176821
1941  5  0.159598533529
1941  6  0.0
1941  7  0.0
1941  8  0.0398996333635
1941  9  0.0
1941  10  21.3390609823
1941  11  3.58550979379
1941  12  39.7185715028
1942  1  26.1989492786
1942  2  10.4580458839
1942  3  0.0
1942  4  32.1410677451
1942  5  17.8724943255
1942  6  0.0
1942  7  0.0
1942  8  0.0
1942  9  0.0
1942  10  5.73035303814
1942  11  1.97657864133
1942  12  11.4391327235
1943  1  21.7656650589
1943  2  3.72402368594
1943  3  45.5791378966
1943  4  0.0
1943  5  0.0
1943  6  0.0
1943  7  0.0
1943  8  0.0
1943  9  0.0
1943  10  5.07426669485
1943  11  2.03706955226
1943  12  19.568355938
1944  1  21.8843844457
1944  2  35.2172232985
1944  3  0.0
1944  4  0.975738851883
1944  5  9.86997525207
1944  6  3.12120836263
1944  7  0.0
1944  8  0.0
1944  9  1.54732373687
1944  10  5.68912206828
1944  11  29.4594627053
1944  12  16.7514692242
1945  1  1.41117016906
1945  2  22.9571181881
1945  3  20.3794207349
1945  4  0.0
1945  5  4.63882664313
1945  6  0.0797992667643
1945  7  0.0
1945  8  1.18773019907
1945  9  0.0
1945  10  69.2250499706
1945  11  25.087749004
1945  12  34.4062350022
1946  1  2.32930673405
1946  2  8.52213560358
1946  3  0.0
1946  4  0.0
1946  5  30.8451603357
1946  6  0.0
1946  7  0.731970682634
1946  8  0.0
1946  9  0.0
1946  10  7.58349859112
1946  11  46.9954615326
1946  12  27.0331731978
1947  1  1.50342425488
1947  2  7.49771251657
1947  3  0.0
1947  4  0.0
1947  5  8.64543168706
1947  6  2.80201129558
1947  7  0.0
1947  8  0.0
1947  9  0.635382707203
1947  10  14.2560497421
1947  11  2.76544039418
1947  12  1.98568495793
1948  1  0.0323187030345
1948  2  2.20873157534
1948  3  15.2858713772
1948  4  37.4830760002
1948  5  27.908240646
1948  6  0.0797992667643
1948  7  0.0
1948  8  0.0
1948  9  0.0
1948  10  6.81097148059
1948  11  0.0287277360351
1948  12  22.3541072365
1949  1  4.89004836047
1949  2  7.13766249862
1949  3  20.0153315227
1949  4  0.0
1949  5  28.5281171755
1949  6  0.0
1949  7  0.0
1949  8  0.0
1949  9  0.0
1949  10  3.32725416667
1949  11  16.7814781044
1949  12  15.9087889672
1950  1  34.0851066669
1950  2  2.87540265723
1950  3  0.0
1950  4  0.0
1950  5  0.751920499335
1950  6  0.0
1950  7  0.828633498683
1950  8  0.0
1950  9  11.1324894356
1950  10  12.6500753372
1950  11  21.0320903769
1950  12  22.7727314496
1951  1  12.9181080269
1951  2  6.31098483133
1951  3  0.0
1951  4  0.0
1951  5  0.0997490834647
1951  6  0.0
1951  7  0.0
1951  8  0.0
1951  9  0.0
1951  10  8.12400832203
1951  11  23.4801536249
1951  12  63.4526988531
1952  1  75.0944635213
1952  2  1.30842094628
1952  3  17.0323275958
1952  4  16.7021969128
1952  5  0.552422332443
1952  6  0.0
1952  7  0.0
1952  8  0.0
1952  9  3.04118196498
1952  10  3.36635580738
1952  11  17.8560012594
1952  12  61.6243709363
1953  1  2.3406351632
1953  2  0.0948828615397
1953  3  0.0
1953  4  0.850815481434
1953  5  5.53348212671
1953  6  2.05934959857
1953  7  0.0
1953  8  0.0
1953  9  0.0
1953  10  3.48924667819
1953  11  8.67524255922
1953  12  1.27749106359
1954  1  28.932033061
1954  2  7.28194384653
1954  3  15.469419806
1954  4  0.0
1954  5  8.15594507213
1954  6  0.837892300969
1954  7  0.0
1954  8  0.0
1954  9  0.0
1954  10  3.32725416667
1954  11  16.437053508
1954  12  23.4425692351
1955  1  59.3451364141
1955  2  2.00295536572
1955  3  0.0
1955  4  0.432530953087
1955  5  25.8519773149
1955  6  0.552422332443
1955  7  0.0
1955  8  0.0
1955  9  0.0
1955  10  3.58161534098
1955  11  4.17357512437
1955  12  130.058772712
1956  1  62.1200240513
1956  2  0.743568002139
1956  3  0.0
1956  4  2.58730886068
1956  5  17.3891802455
1956  6  0.0
1956  7  0.0
1956  8  0.0
1956  9  3.01444921062
1956  10  5.58558150813
1956  11  0.0
1956  12  0.906808135845
1957  1  31.9393180851
1957  2  12.7331858194
1957  3  8.43791622011
1957  4  0.0
1957  5  36.1900571531
1957  6  4.6986760932
1957  7  0.0
1957  8  0.0
1957  9  1.29543036959
1957  10  18.7690472958
1957  11  1.20374734091
1957  12  31.32998697
1958  1  51.7789603842
1958  2  75.3472114177
1958  3  59.8056536358
1958  4  19.6412345748
1958  5  8.71453993941
1958  6  1.16469411495
1958  7  0.758093034205
1958  8  0.0
1958  9  8.96521716796
1958  10  3.40459329321
1958  11  0.434209277541
1958  12  1.40343270691
1959  1  30.2932407326
1959  2  47.2270841433
1959  3  0.0
1959  4  0.0
1959  5  0.119698900128
1959  6  0.0
1959  7  0.0
1959  8  1.38105583113
1959  9  31.8809254095
1959  10  3.32725416667
1959  11  0.0
1959  12  2.06883272716
1960  1  25.0971029254
1960  2  47.9263105054
1960  3  0.0
1960  4  0.935221965014
1960  5  0.27621116624
1960  6  0.0
1960  7  0.0
1960  8  0.0
1960  9  1.29543036959
1960  10  3.38869960207
1960  11  44.5427527682
1960  12  1.15484265731
1961  1  28.345998207
1961  2  2.18718577332
1961  3  0.0
1961  4  0.0
1961  5  19.54519266
1961  6  0.0997490834647
1961  7  0.552422332443
1961  8  0.259347616956
1961  9  0.0
1961  10  3.33842606401
1961  11  23.9449452035
1961  12  17.5630140658
1962  1  23.4738180202
1962  2  108.611616598
1962  3  0.0
1962  4  0.0
1962  5  0.139648716828
1962  6  0.0
1962  7  0.0
1962  8  0.0
1962  9  0.0
1962  10  5.13657628514
1962  11  0.632525789079
1962  12  25.1628462043
1963  1  25.2400703282
1963  2  68.2467462259
1963  3  2.42052494414
1963  4  17.6138268673
1963  5  5.88640629226
1963  6  2.48590049601
1963  7  0.0
1963  8  0.0
1963  9  1.23273408203
1963  10  19.4533260082
1963  11  17.3402272781
1963  12  0.682799327137
1964  1  3.51121054298
1964  2  0.0515134934229
1964  3  0.0
1964  4  0.0
1964  5  0.837892300969
1964  6  11.3108805333
1964  7  0.0
1964  8  0.239397800293
1964  9  4.44147555284
1964  10  62.5812304044
1964  11  12.7803976746
1964  12  58.1727581144
1965  1  5.86502758092
1965  2  1.01314832563
1965  3  0.0
1965  4  21.8176365849
1965  5  0.0
1965  6  0.0
1965  7  0.0
1965  8  7.87356137103
1965  9  0.0
1965  10  3.96358917991
1965  11  118.714217071
1965  12  25.8178440664
1966  1  4.31342159914
1966  2  2.20721385591
1966  3  0.0
1966  4  0.0
1966  5  10.3043527397
1966  6  0.0199498167004
1966  7  4.83523854261
1966  8  0.0
1966  9  1.23066628284
1966  10  3.32725416667
1966  11  28.5827003314
1966  12  61.1948830618
1967  1  42.8396478968
1967  2  0.749361115804
1967  3  0.0
1967  4  52.4001672849
1967  5  2.05626333111
1967  6  3.1074310808
1967  7  0.0
1967  8  0.0
1967  9  0.517153111743
1967  10  3.87979994981
1967  11  18.9236263206
1967  12  12.9974308826
1968  1  7.52594485678
1968  2  10.5914431792
1968  3  0.0
1968  4  0.0
1968  5  3.93297831203
1968  6  0.0
1968  7  0.0
1968  8  0.0598494500639
1968  9  0.0
1968  10  7.7210179788
1968  11  28.7647067988
1968  12  36.5574554146
1969  1  110.814722725
1969  2  89.9956930548
1969  3  0.0
1969  4  0.0
1969  5  0.0398996333635
1969  6  0.0
1969  7  0.139648716828
1969  8  0.0
1969  9  33.076693932
1969  10  28.1918904882
1969  11  3.89266637173
1969  12  5.60283697755
1970  1  64.4373947579
1970  2  1.53781620549
1970  3  1.83731855941
1970  4  0.0
1970  5  0.0
1970  6  0.379046517084
1970  7  0.0
1970  8  0.0
1970  9  0.0
1970  10  6.16818636379
1970  11  44.4193987619
1970  12  39.5187651
1971  1  2.6972120211
1971  2  0.865234251228
1971  3  0.0
1971  4  0.0
1971  5  30.5998118438
1971  6  0.0
1971  7  0.0
1971  8  0.0
1971  9  0.39685571709
1971  10  5.59243263108
1971  11  3.78797280047
1971  12  26.0960215701
1972  1  2.05694876988
1972  2  0.796876979061
1972  3  0.0
1972  4  0.0
1972  5  0.0598494500639
1972  6  0.375960249667
1972  7  0.0398996333635
1972  8  0.0
1972  9  1.6676211315
1972  10  8.39599149725
1972  11  122.69329339
1972  12  8.77753264247
1973  1  59.3085691681
1973  2  73.6291626301
1973  3  6.94714846627
1973  4  0.0
1973  5  0.0
1973  6  0.0398996333635
1973  7  0.0
1973  8  0.0
1973  9  0.555184444117
1973  10  22.3557036408
1973  11  13.185442311
1973  12  39.8738581357
1974  1  29.221074226
1974  2  0.895757470766
1974  3  15.1450648217
1974  4  0.0
1974  5  0.0
1974  6  0.0
1974  7  11.8770801475
1974  8  0.0
1974  9  0.0
1974  10  13.3553084378
1974  11  2.54613360875
1974  12  39.4065426685
1975  1  0.999617749814
1975  2  48.424734606
1975  3  13.1632108815
1975  4  1.03620555544
1975  5  0.0
1975  6  0.0
1975  7  1.10484466489
1975  8  6.37589290723
1975  9  0.439022647827
1975  10  17.4577387641
1975  11  0.598838231591
1975  12  0.731961808918
1976  1  0.980551858521
1976  2  12.1081821319
1976  3  0.0
1976  4  1.28386972481
1976  5  0.0
1976  6  2.20968932977
1976  7  0.0997490834647
1976  8  20.7020601848
1976  9  46.9759645421
1976  10  11.6830115135
1976  11  3.99154686343
1976  12  5.71758010234
1977  1  3.94474898675
1977  2  0.785270785844
1977  3  0.0
1977  4  0.0
1977  5  30.2620971721
1977  6  6.90527915555
1977  7  0.0
1977  8  0.0
1977  9  1.66555333233
1977  10  4.41000193825
1977  11  1.50094434415
1977  12  53.7827333181
1978  1  91.7755104255
1978  2  71.6735262387
1978  3  59.2298099243
1978  4  13.7289378895
1978  5  3.8669563271
1978  6  0.0
1978  7  0.0398996333635
1978  8  0.0
1978  9  7.51876968599
1978  10  3.34401201268
1978  11  21.6081377935
1978  12  2.67981271422
1979  1  47.7793355231
1979  2  49.8261315487
1979  3  20.8552289206
1979  4  0.0
1979  5  5.48740995848
1979  6  0.0
1979  7  0.552422332443
1979  8  0.0
1979  9  0.0
1979  10  8.64563087778
1979  11  3.78963938488
1979  12  4.3348403301
1980  1  62.4604723857
1980  2  60.5032649011
1980  3  0.0
1980  4  0.0
1980  5  8.23265807145
1980  6  0.0
1980  7  0.0
1980  8  0.0
1980  9  0.0
1980  10  3.78098118345
1980  11  0.0933651421041
1980  12  2.59474056239
1981  1  31.5221494407
1981  2  5.46593340146
1981  3  35.2103405591
1981  4  0.0
1981  5  0.0
1981  6  0.0
1981  7  0.0
1981  8  0.0
1981  9  0.0
1981  10  9.50068204415
1981  11  64.4893341771
1981  12  3.62197499196
1982  1  28.000313264
1982  2  12.3188992432
1982  3  45.4857045693
1982  4  9.32613633675
1982  5  0.0
1982  6  3.161107996
1982  7  0.0
1982  8  0.0
1982  9  14.6924690549
1982  10  12.1026523672
1982  11  57.0380992985
1982  12  23.7855382628
1983  1  85.0225300279
1983  2  38.3132226954
1983  3  53.0521940536
1983  4  2.50841328983
1983  5  6.07521344478
1983  6  0.0
1983  7  0.0
1983  8  2.76211166221
1983  9  65.0933483735
1983  10  7.0215092204
1983  11  42.093068546
1983  12  53.6435469553
1984  1  0.722299964183
1984  2  3.90339534308
1984  3  0.0
1984  4  0.0
1984  5  0.0
1984  6  0.552422332443
1984  7  0.0
1984  8  0.0
1984  9  0.0
1984  10  9.30430968571
1984  11  52.7806659773
1984  12  27.5422925197
1985  1  2.99607560875
1985  2  0.997544502244
1985  3  0.0
1985  4  0.0
1985  5  0.0
1985  6  3.9928277621
1985  7  0.0
1985  8  0.239397800293
1985  9  0.332091630363
1985  10  7.34117346903
1985  11  65.7240604015
1985  12  10.0724932213
1986  1  9.4286676123
1986  2  65.9429687627
1986  3  33.3004713645
1986  4  0.0
1986  5  1.127880749
1986  6  0.0
1986  7  0.0
1986  8  0.0
1986  9  12.9600378335
1986  10  3.32725416667
1986  11  0.0
1986  12  2.93366031523
1987  1  23.6872039998
1987  2  44.0135656132
1987  3  36.2382624505
1987  4  0.0
1987  5  3.15802172858
1987  6  0.0398996333635
1987  7  0.0
1987  8  0.0
1987  9  0.0
1987  10  14.2246181598
1987  11  1.76334273363
1987  12  45.0146125115
1988  1  26.5904143384
1988  2  1.60617347766
1988  3  0.0
1988  4  30.5625309131
1988  5  14.3891029951
1988  6  8.0699732705
1988  7  0.0
1988  8  0.0
1988  9  0.0
1988  10  3.32725416667
1988  11  3.64215193954
1988  12  28.6171749416
1989  1  3.12671927536
1989  2  4.55313950446
1989  3  0.0
1989  4  0.0
1989  5  0.219447983592
1989  6  0.0
1989  7  0.0
1989  8  3.37438344472
1989  9  32.7905876784
1989  10  13.1267476777
1989  11  1.58601649598
1989  12  0.0497180099232
1990  1  27.1388168217
1990  2  10.510203252
1990  3  0.0
1990  4  0.0
1990  5  56.3596448222
1990  6  0.0
1990  7  0.0
1990  8  0.0
1990  9  1.53395735968
1990  10  4.34942065774
1990  11  2.12932363809
1990  12  2.86487641402
1991  1  1.04822470346
1991  2  16.1625151697
1991  3  49.644073395
1991  4  0.0
1991  5  8.3860840701
1991  6  1.40100564779
1991  7  0.0
1991  8  5.84033412403
1991  9  0.0
1991  10  7.52550977524
1991  11  1.37526049902
1991  12  6.02815336803
1992  1  14.6383849962
1992  2  70.4581204391
1992  3  19.2944815181
1992  4  0.0
1992  5  0.0
1992  6  0.27621116624
1992  7  14.5425289937
1992  8  0.0
1992  9  0.0
1992  10  6.39035913644
1992  11  0.113799887857
1992  12  31.1721796439
1993  1  118.981885305
1993  2  65.9182477605
1993  3  17.6908369521
1993  4  0.0
1993  5  15.7794176285
1993  6  11.3538664341
1993  7  0.0
1993  8  0.0
1993  9  0.0
1993  10  4.44351763029
1993  11  2.91155898507
1993  12  8.03077932497
1994  1  27.772087361
1994  2  43.8810379212
1994  3  0.0
1994  4  0.0
1994  5  37.5236086039
1994  6  0.0
1994  7  0.0
1994  8  0.0
1994  9  2.02437771704
1994  10  6.97642061163
1994  11  15.9375375008
1994  12  3.84599276222
1995  1  139.322507663
1995  2  1.19641654192
1995  3  54.801968498
1995  4  0.189143189476
1995  5  18.9773389904
1995  6  4.27212519575
1995  7  0.828633498683
1995  8  0.0
1995  9  0.0
1995  10  3.32725416667
1995  11  0.0
1995  12  38.7638640364
1996  1  47.3416999026
1996  2  70.5631803509
1996  3  6.44009231127
1996  4  0.0
1996  5  25.8963954278
1996  6  2.2956611314
1996  7  0.0
1996  8  0.0
1996  9  0.0
1996  10  30.7530479548
1996  11  32.5603730835
1996  12  80.2743876888
1997  1  107.397974679
1997  2  0.605871300617
1997  3  0.0
1997  4  0.0
1997  5  4.14316749334
1997  6  0.0
1997  7  0.0
1997  8  0.0199498167004
1997  9  0.17376290336
1997  10  3.945967179
1997  11  54.2153285153
1997  12  43.974841767
1998  1  75.9277356856
1998  2  199.171920509
1998  3  20.915564472
1998  4  2.14627469064
1998  5  109.746545114
1998  6  13.3533665825
1998  7  0.0
1998  8  0.0
1998  9  1.17624119201
1998  10  8.53776954323
1998  11  6.91965869057
1998  12  2.57845231178
1999  1  19.8441261181
1999  2  18.3832069452
1999  3  3.59773964962
1999  4  0.0
1999  5  2.3293882299
1999  6  0.0997490834647
1999  7  0.0
1999  8  0.0
1999  9  0.0
1999  10  3.32725416667
1999  11  2.50607744357
1999  12  1.66942206339
2000  1  62.182294882
2000  2  54.5723000447
2000  3  0.0
2000  4  1.97684446999
2000  5  4.18615339412
2000  6  4.78464789483
2000  7  0.0
2000  8  0.0
2000  9  2.02644551624
2000  10  63.0250675948
2000  11  1.11893298727
2000  12  0.842170729769
2001  1  35.4206107537
2001  2  26.5542884637
2001  3  3.05542533147
2001  4  0.21156202011
2001  5  0.0
2001  6  0.0
2001  7  0.0398996333635
2001  8  0.0
2001  9  1.87734756804
2001  10  5.70029396563
2001  11  16.1672189724
2001  12  45.5481750714
2002  1  8.05805184807
2002  2  0.535996309019
2002  3  0.0
2002  4  0.0
2002  5  6.1825672752
2002  6  0.438895967185
2002  7  0.0
2002  8  0.0
2002  9  0.925307406854
2002  10  3.32725416667
2002  11  16.8113531731
2002  12  74.9564241354
2003  1  3.07037485957
2003  2  10.2338313125
2003  3  0.0
2003  4  0.160927003693
2003  5  14.7175588644
2003  6  0.0
2003  7  0.0
2003  8  2.3293882299
2003  9  0.0
2003  10  3.63661067283
2003  11  6.41597119932
2003  12  61.1516236384
2004  1  17.6199664356
2004  2  49.1554501951
2004  3  0.0
2004  4  0.0
2004  5  5.24801215822
2004  6  0.0
2004  7  0.0
2004  8  0.0
2004  9  1.29543036959
2004  10  53.187229065
2004  11  40.4643013723
2004  12  50.5863103304
2005  1  36.9385606268
2005  2  44.0640848458
2005  3  16.769155421
2005  4  0.0
2005  5  41.5193007902
2005  6  1.93347816357
2005  7  0.0
2005  8  1.38414209854
2005  9  2.68442537943
2005  10  4.05682199759
2005  11  0.931389376739
2005  12  46.4056952518
