1922	  1	  22.1486	
1922	  2	  65.1066	
1922	  3	  22.3100	
1922	  4	  11.3471	
1922	  5	   0.0000	
1922	  6	   0.0000	
1922	  7	   0.0000	
1922	  8	   0.0000	
1922	  9	   0.2248	
1922	 10	   0.6556	
1922	 11	  32.2281	
1922	 12	  58.5278	
1923	  1	  34.6609	
1923	  2	   1.2241	
1923	  3	   6.0820	
1923	  4	  64.1873	
1923	  5	   0.0000	
1923	  6	   0.0000	
1923	  7	   0.0000	
1923	  8	   0.0000	
1923	  9	   3.3237	
1923	 10	   2.6761	
1923	 11	   3.3496	
1923	 12	  11.3675	
1924	  1	  29.4880	
1924	  2	   2.1690	
1924	  3	  46.4740	
1924	  4	   4.2843	
1924	  5	   0.0000	
1924	  6	   0.0000	
1924	  7	   0.0000	
1924	  8	   0.0000	
1924	  9	   0.0000	
1924	 10	  12.1384	
1924	 11	  15.6518	
1924	 12	  35.8235	
1925	  1	  28.4816	
1925	  2	  39.2704	
1925	  3	  11.3394	
1925	  4	  34.3228	
1925	  5	   0.0000	
1925	  6	   0.0000	
1925	  7	   0.0000	
1925	  8	   0.0000	
1925	  9	   0.0220	
1925	 10	   9.2600	
1925	 11	  12.4994	
1925	 12	   9.3163	
1926	  1	  24.7658	
1926	  2	  32.5968	
1926	  3	   8.2741	
1926	  4	  30.1103	
1926	  5	   0.0000	
1926	  6	   0.0000	
1926	  7	   0.0000	
1926	  8	   0.0000	
1926	  9	   0.0000	
1926	 10	   5.2420	
1926	 11	  57.5086	
1926	 12	  17.8311	
1927	  1	  21.2165	
1927	  2	 111.8009	
1927	  3	  30.3715	
1927	  4	   7.0961	
1927	  5	   0.0000	
1927	  6	   0.0000	
1927	  7	   0.0000	
1927	  8	   0.0000	
1927	  9	   0.0000	
1927	 10	  16.9297	
1927	 11	  21.2421	
1927	 12	  12.5506	
1928	  1	   4.3611	
1928	  2	  27.3599	
1928	  3	  35.8593	
1928	  4	  10.9809	
1928	  5	   0.0000	
1928	  6	   0.0000	
1928	  7	   0.0000	
1928	  8	   0.0000	
1928	  9	   0.0000	
1928	 10	   0.0000	
1928	 11	  51.5496	
1928	 12	  70.9658	
1929	  1	  17.7824	
1929	  2	  25.0936	
1929	  3	   8.9501	
1929	  4	  14.2126	
1929	  5	   0.0000	
1929	  6	   0.0000	
1929	  7	   0.0000	
1929	  8	   0.0000	
1929	  9	   0.0701	
1929	 10	   1.1370	
1929	 11	   0.0000	
1929	 12	  11.6287	
1930	  1	  50.0540	
1930	  2	  41.0963	
1930	  3	  25.9669	
1930	  4	  17.3906	
1930	  5	   0.0000	
1930	  6	   0.0000	
1930	  7	   0.0000	
1930	  8	   0.0000	
1930	  9	   0.4031	
1930	 10	   2.3893	
1930	 11	  16.5251	
1930	 12	   0.0000	
1931	  1	  51.1911	
1931	  2	  21.8542	
1931	  3	  17.0987	
1931	  4	   5.3521	
1931	  5	   0.0000	
1931	  6	   0.0000	
1931	  7	   0.0000	
1931	  8	   0.0000	
1931	  9	   0.1614	
1931	 10	   0.2279	
1931	 11	  38.4612	
1931	 12	  87.7982	
1932	  1	  37.5418	
1932	  2	  38.4535	
1932	  3	  28.6455	
1932	  4	   7.0807	
1932	  5	   0.0000	
1932	  6	   0.0000	
1932	  7	   0.0000	
1932	  8	   0.0000	
1932	  9	   0.0000	
1932	 10	   0.0000	
1932	 11	   1.6056	
1932	 12	  22.2946	
1933	  1	  70.0414	
1933	  2	   5.5314	
1933	  3	  17.5161	
1933	  4	   0.1485	
1933	  5	   0.0000	
1933	  6	   0.0000	
1933	  7	   0.0000	
1933	  8	   0.0000	
1933	  9	   0.0000	
1933	 10	   3.7619	
1933	 11	   0.0000	
1933	 12	  60.7250	
1934	  1	  29.2959	
1934	  2	  40.9400	
1934	  3	   0.3278	
1934	  4	   0.6812	
1934	  5	   0.0000	
1934	  6	   0.0000	
1934	  7	   0.0000	
1934	  8	   0.0000	
1934	  9	   0.0270	
1934	 10	   9.1422	
1934	 11	  42.1564	
1934	 12	  45.7262	
1935	  1	  59.4497	
1935	  2	  12.8298	
1935	  3	  52.0105	
1935	  4	  59.2833	
1935	  5	   0.0000	
1935	  6	   0.0000	
1935	  7	   0.0000	
1935	  8	   0.0000	
1935	  9	   0.0431	
1935	 10	   7.3854	
1935	 11	  24.5379	
1935	 12	  23.3343	
1936	  1	  15.6441	
1936	  2	 122.1748	
1936	  3	  28.7582	
1936	  4	  15.0193	
1936	  5	   0.0000	
1936	  6	   0.0000	
1936	  7	   0.0000	
1936	  8	   0.0000	
1936	  9	   0.0000	
1936	 10	  25.4957	
1936	 11	   0.0000	
1936	 12	  62.9914	
1937	  1	  35.5392	
1937	  2	  51.3550	
1937	  3	  72.5612	
1937	  4	  10.9117	
1937	  5	   0.0000	
1937	  6	   0.0000	
1937	  7	   0.0000	
1937	  8	   0.0000	
1937	  9	   0.0000	
1937	 10	   1.1703	
1937	 11	  11.2344	
1937	 12	  61.1245	
1938	  1	  50.9785	
1938	  2	  98.1286	
1938	  3	  85.4243	
1938	  4	  15.5724	
1938	  5	   0.0000	
1938	  6	   0.0000	
1938	  7	   0.0000	
1938	  8	   0.0000	
1938	  9	   1.1907	
1938	 10	  27.4086	
1938	 11	   1.3700	
1938	 12	  19.8977	
1939	  1	  16.9783	
1939	  2	  25.1525	
1939	  3	  25.3318	
1939	  4	  15.8285	
1939	  5	   0.0000	
1939	  6	   0.0000	
1939	  7	   0.0000	
1939	  8	   0.0000	
1939	  9	   6.3803	
1939	 10	   4.1588	
1939	 11	   3.0551	
1939	 12	   7.0295	
1940	  1	 104.9762	
1940	  2	  75.3986	
1940	  3	  26.8811	
1940	  4	  15.7005	
1940	  5	   0.0000	
1940	  6	   0.0000	
1940	  7	   0.0000	
1940	  8	   0.0000	
1940	  9	   0.0000	
1940	 10	  15.8848	
1940	 11	   0.7657	
1940	 12	  95.5729	
1941	  1	  60.2692	
1941	  2	  79.4012	
1941	  3	  63.5087	
1941	  4	  50.3460	
1941	  5	   0.0000	
1941	  6	   0.0000	
1941	  7	   0.0000	
1941	  8	   0.0000	
1941	  9	   0.0000	
1941	 10	  28.3049	
1941	 11	  16.4047	
1941	 12	  50.8172	
1942	  1	  37.9618	
1942	  2	  29.2806	
1942	  3	  20.3945	
1942	  4	  59.3729	
1942	  5	   0.0000	
1942	  6	   0.0000	
1942	  7	   0.0000	
1942	  8	   0.0000	
1942	  9	   0.0000	
1942	 10	   7.0679	
1942	 11	   9.0423	
1942	 12	  24.3535	
1943	  1	  33.8132	
1943	  2	  22.2613	
1943	  3	  83.3270	
1943	  4	  14.1358	
1943	  5	   0.0000	
1943	  6	   0.0000	
1943	  7	   0.0000	
1943	  8	   0.0000	
1943	  9	   0.0000	
1943	 10	   5.1370	
1943	 11	   9.3189	
1943	 12	  31.9618	
1944	  1	  33.9234	
1944	  2	  52.4407	
1944	  3	   8.4047	
1944	  4	  25.0168	
1944	  5	   0.0000	
1944	  6	   0.0000	
1944	  7	   0.0000	
1944	  8	   0.0000	
1944	  9	   0.6279	
1944	 10	   6.9475	
1944	 11	  41.8466	
1944	 12	  29.3241	
1945	  1	   6.4559	
1945	  2	  41.0963	
1945	  3	  53.6802	
1945	  4	   2.9757	
1945	  5	   0.0000	
1945	  6	   0.0000	
1945	  7	   0.0000	
1945	  8	   0.0000	
1945	  9	   0.0000	
1945	 10	  68.5458	
1945	 11	  38.1718	
1945	 12	  45.8466	
1946	  1	  10.6582	
1946	  2	  27.2626	
1946	  3	  13.0270	
1946	  4	   1.5928	
1946	  5	   0.0000	
1946	  6	   0.0000	
1946	  7	   0.0000	
1946	  8	   0.0000	
1946	  9	   0.0000	
1946	 10	  12.5174	
1946	 11	  56.5816	
1946	 12	  38.9477	
1947	  1	   6.8784	
1947	  2	  26.1948	
1947	  3	  19.0039	
1947	  4	   6.3201	
1947	  5	   0.0000	
1947	  6	   0.0000	
1947	  7	   0.0000	
1947	  8	   0.0000	
1947	  9	   0.2577	
1947	 10	  22.3535	
1947	 11	  12.6531	
1947	 12	   9.0858	
1948	  1	   0.1485	
1948	  2	  20.2101	
1948	  3	  47.6878	
1948	  4	  64.2590	
1948	  5	   0.0000	
1948	  6	   0.0000	
1948	  7	   0.0000	
1948	  8	   0.0000	
1948	  9	   0.0000	
1948	 10	  10.2459	
1948	 11	   0.1306	
1948	 12	  34.5687	
1949	  1	  18.0206	
1949	  2	  25.8209	
1949	  3	  53.2525	
1949	  4	   0.0000	
1949	  5	   0.0000	
1949	  6	   0.0000	
1949	  7	   0.0000	
1949	  8	   0.0000	
1949	  9	   0.0000	
1949	 10	   0.0000	
1949	 11	  31.1858	
1949	 12	  28.5354	
1950	  1	  45.3421	
1950	  2	  21.3778	
1950	  3	  15.4162	
1950	  4	  17.7082	
1950	  5	   0.0000	
1950	  6	   0.0000	
1950	  7	   0.0000	
1950	  8	   0.0000	
1950	  9	   4.5152	
1950	 10	  21.0040	
1950	 11	  34.7633	
1950	 12	  34.9605	
1951	  1	  25.5341	
1951	  2	  24.9579	
1951	  3	  13.9668	
1951	  4	  13.3624	
1951	  5	   0.0000	
1951	  6	   0.0000	
1951	  7	   0.0000	
1951	  8	   0.0000	
1951	  9	   0.0000	
1951	 10	  14.1076	
1951	 11	  36.8197	
1951	 12	  73.0298	
1952	  1	  83.7188	
1952	  2	  11.9719	
1952	  3	  49.7442	
1952	  4	  45.2448	
1952	  5	   0.0000	
1952	  6	   0.0000	
1952	  7	   0.0000	
1952	  8	   0.0000	
1952	  9	   1.2338	
1952	 10	   0.1152	
1952	 11	  32.0949	
1952	 12	  71.3192	
1953	  1	  10.7094	
1953	  2	   0.8681	
1953	  3	   5.3086	
1953	  4	  24.5021	
1953	  5	   0.0000	
1953	  6	   0.0000	
1953	  7	   0.0000	
1953	  8	   0.0000	
1953	  9	   0.0000	
1953	 10	   0.4763	
1953	 11	  23.6006	
1953	 12	   5.8438	
1954	  1	  40.5201	
1954	  2	  25.9694	
1954	  3	  47.9055	
1954	  4	  19.0987	
1954	  5	   0.0000	
1954	  6	   0.0000	
1954	  7	   0.0000	
1954	  8	   0.0000	
1954	  9	   0.0000	
1954	 10	   0.0000	
1954	 11	  30.8632	
1954	 12	  35.5853	
1955	  1	  68.9812	
1955	  2	  18.3279	
1955	  3	   6.3381	
1955	  4	  22.7786	
1955	  5	   0.0000	
1955	  6	   0.0000	
1955	  7	   0.0000	
1955	  8	   0.0000	
1955	  9	   0.0000	
1955	 10	   0.7478	
1955	 11	  19.0936	
1955	 12	 133.9879	
1956	  1	  71.5779	
1956	  2	   6.8041	
1956	  3	   0.0154	
1956	  4	  31.6519	
1956	  5	   0.0000	
1956	  6	   0.0000	
1956	  7	   0.0000	
1956	  8	   0.0000	
1956	  9	   1.2228	
1956	 10	   6.6428	
1956	 11	   0.0000	
1956	 12	   4.1486	
1957	  1	  43.3344	
1957	  2	  31.6365	
1957	  3	  39.6315	
1957	  4	  20.3817	
1957	  5	   0.0000	
1957	  6	   0.0000	
1957	  7	   0.0000	
1957	  8	   0.0000	
1957	  9	   0.5256	
1957	 10	  26.1461	
1957	 11	   5.5084	
1957	 12	  42.9682	
1958	  1	  61.9005	
1958	  2	  89.5728	
1958	  3	  99.3398	
1958	  4	  47.9337	
1958	  5	   0.0000	
1958	  6	   0.0000	
1958	  7	   0.0000	
1958	  8	   0.0000	
1958	  9	   3.6364	
1958	 10	   0.2279	
1958	 11	   1.9872	
1958	 12	   6.4200	
1959	  1	  41.7928	
1959	  2	  63.5548	
1959	  3	   2.2919	
1959	  4	   9.3342	
1959	  5	   0.0000	
1959	  6	   0.0000	
1959	  7	   0.0000	
1959	  8	   0.0000	
1959	  9	  10.8947	
1959	 10	   0.0000	
1959	 11	   0.0000	
1959	 12	   9.4648	
1960	  1	  36.9298	
1960	  2	  64.2001	
1960	  3	  12.9757	
1960	  4	  24.8503	
1960	  5	   0.0000	
1960	  6	   0.0000	
1960	  7	   0.0000	
1960	  8	   0.0000	
1960	  9	   0.5256	
1960	 10	   0.1818	
1960	 11	  54.5201	
1960	 12	   5.2830	
1961	  1	  39.9720	
1961	  2	  20.0129	
1961	  3	  27.5290	
1961	  4	   6.4174	
1961	  5	   0.0000	
1961	  6	   0.0000	
1961	  7	   0.0000	
1961	  8	   0.0000	
1961	  9	   0.0000	
1961	 10	   0.0333	
1961	 11	  37.2115	
1961	 12	  30.0847	
1962	  1	  35.4112	
1962	  2	 117.9750	
1962	  3	  18.0027	
1962	  4	   0.0000	
1962	  5	   0.0000	
1962	  6	   0.0000	
1962	  7	   0.0000	
1962	  8	   0.0000	
1962	  9	   0.0000	
1962	 10	   5.3214	
1962	 11	   2.8937	
1962	 12	  37.1961	
1963	  1	  37.0655	
1963	  2	  83.0043	
1963	  3	  32.5533	
1963	  4	  46.0796	
1963	  5	   0.0000	
1963	  6	   0.0000	
1963	  7	   0.0000	
1963	  8	   0.0000	
1963	  9	   0.5003	
1963	 10	  26.7223	
1963	 11	  31.6621	
1963	 12	   3.1242	
1964	  1	  16.0641	
1964	  2	   0.4712	
1964	  3	  22.2536	
1964	  4	  11.3855	
1964	  5	   0.0000	
1964	  6	   0.0000	
1964	  7	   0.0000	
1964	  8	   0.0000	
1964	  9	   1.8017	
1964	 10	  62.9632	
1964	 11	  27.4419	
1964	 12	  68.0874	
1965	  1	  18.9322	
1965	  2	   9.2702	
1965	  3	  17.8849	
1965	  4	  49.9260	
1965	  5	   0.0000	
1965	  6	   0.0000	
1965	  7	   0.0000	
1965	  8	   0.0000	
1965	  9	   0.0000	
1965	 10	   1.8720	
1965	 11	 116.8483	
1965	 12	  37.8081	
1966	  1	  17.4802	
1966	  2	  20.1973	
1966	  3	   1.6902	
1966	  4	   4.8297	
1966	  5	   0.0000	
1966	  6	   0.0000	
1966	  7	   0.0000	
1966	  8	   0.0000	
1966	  9	   0.4994	
1966	 10	   0.0000	
1966	 11	  41.1091	
1966	 12	  70.9172	
1967	  1	  53.5342	
1967	  2	   6.8579	
1967	  3	  29.4393	
1967	  4	  77.9108	
1967	  5	   0.0000	
1967	  6	   0.0000	
1967	  7	   0.0000	
1967	  8	   0.0000	
1967	  9	   0.2096	
1967	 10	   1.6261	
1967	 11	  32.9912	
1967	 12	  25.8106	
1968	  1	  20.4867	
1968	  2	  29.4214	
1968	  3	  28.2998	
1968	  4	   5.7696	
1968	  5	   0.0000	
1968	  6	   0.0000	
1968	  7	   0.0000	
1968	  8	   0.0000	
1968	  9	   0.0000	
1968	 10	  12.9220	
1968	 11	  41.2627	
1968	 12	  47.8594	
1969	  1	 115.8034	
1969	  2	 102.4897	
1969	  3	  11.7593	
1969	  4	  20.4559	
1969	  5	   0.0000	
1969	  6	   0.0000	
1969	  7	   0.0000	
1969	  8	   0.0000	
1969	  9	  11.2547	
1969	 10	  34.0642	
1969	 11	  17.8106	
1969	 12	  18.8913	
1970	  1	  73.7469	
1970	  2	  14.0718	
1970	  3	  31.8670	
1970	  4	   1.0935	
1970	  5	   0.0000	
1970	  6	   0.0000	
1970	  7	   0.0000	
1970	  8	   0.0000	
1970	  9	   0.0000	
1970	 10	   8.3560	
1970	 11	  54.4177	
1970	 12	  50.6302	
1971	  1	  12.3407	
1971	  2	   7.9181	
1971	  3	  15.0807	
1971	  4	  18.9118	
1971	  5	   0.0000	
1971	  6	   0.0000	
1971	  7	   0.0000	
1971	  8	   0.0000	
1971	  9	   0.1606	
1971	 10	   6.6633	
1971	 11	  17.3317	
1971	 12	  38.0693	
1972	  1	   9.4111	
1972	  2	   7.2907	
1972	  3	   0.0000	
1972	  4	   6.1511	
1972	  5	   0.0000	
1972	  6	   0.0000	
1972	  7	   0.0000	
1972	  8	   0.0000	
1972	  9	   0.6761	
1972	 10	  14.9092	
1972	 11	 120.1927	
1972	 12	  21.8618	
1973	  1	  68.9479	
1973	  2	  87.9826	
1973	  3	  37.8798	
1973	  4	   1.7772	
1973	  5	   0.0000	
1973	  6	   0.0000	
1973	  7	   0.0000	
1973	  8	   0.0000	
1973	  9	   0.2248	
1973	 10	  29.1602	
1973	 11	  27.8209	
1973	 12	  50.9631	
1974	  1	  40.7915	
1974	  2	   8.1972	
1974	  3	  47.5239	
1974	  4	  14.3765	
1974	  5	   0.0000	
1974	  6	   0.0000	
1974	  7	   0.0000	
1974	  8	   0.0000	
1974	  9	   0.0000	
1974	 10	  21.5981	
1974	 11	  11.6492	
1974	 12	  50.5252	
1975	  1	   4.5736	
1975	  2	  64.6610	
1975	  3	  45.1910	
1975	  4	  25.2652	
1975	  5	   0.0000	
1975	  6	   0.0000	
1975	  7	   0.0000	
1975	  8	   0.0000	
1975	  9	   0.1783	
1975	 10	  25.0450	
1975	 11	   2.7401	
1975	 12	   3.3496	
1976	  1	   4.4866	
1976	  2	  31.0014	
1976	  3	  10.3765	
1976	  4	  26.2844	
1976	  5	   0.0000	
1976	  6	   0.0000	
1976	  7	   0.0000	
1976	  8	   0.0000	
1976	  9	  15.4471	
1976	 10	  20.1922	
1976	 11	  18.2613	
1976	 12	  18.9988	
1977	  1	  17.1371	
1977	  2	   7.1857	
1977	  3	  10.2075	
1977	  4	   0.4558	
1977	  5	   0.0000	
1977	  6	   0.0000	
1977	  7	   0.0000	
1977	  8	   0.0000	
1977	  9	   0.6752	
1977	 10	   3.1857	
1977	 11	   6.8682	
1977	 12	  63.9799	
1978	  1	  99.3296	
1978	  2	  86.1746	
1978	  3	  98.8123	
1978	  4	  42.5252	
1978	  5	   0.0000	
1978	  6	   0.0000	
1978	  7	   0.0000	
1978	  8	   0.0000	
1978	  9	   3.0499	
1978	 10	   0.0487	
1978	 11	  35.2473	
1978	 12	  12.2613	
1979	  1	  58.1565	
1979	  2	  65.9594	
1979	  3	  54.2410	
1979	  4	   4.5019	
1979	  5	   0.0000	
1979	  6	   0.0000	
1979	  7	   0.0000	
1979	  8	   0.0000	
1979	  9	   0.0000	
1979	 10	  15.6416	
1979	 11	  17.3394	
1979	 12	  17.7056	
1980	  1	  71.8980	
1980	  2	  75.8391	
1980	  3	  28.8503	
1980	  4	  11.0090	
1980	  5	   0.0000	
1980	  6	   0.0000	
1980	  7	   0.0000	
1980	  8	   0.0000	
1980	  9	   0.0000	
1980	 10	   1.3342	
1980	 11	   0.4277	
1980	 12	  11.8720	
1981	  1	  42.9426	
1981	  2	  24.0770	
1981	  3	  71.1297	
1981	  4	  19.2063	
1981	  5	   0.0000	
1981	  6	   0.0000	
1981	  7	   0.0000	
1981	  8	   0.0000	
1981	  9	   0.0000	
1981	 10	  18.1563	
1981	 11	  71.2834	
1981	 12	  16.5712	
1982	  1	  39.6468	
1982	  2	  31.2217	
1982	  3	  83.2194	
1982	  4	  38.4944	
1982	  5	   0.0000	
1982	  6	   0.0000	
1982	  7	   0.0000	
1982	  8	   0.0000	
1982	  9	   5.7102	
1982	 10	  20.5430	
1982	 11	  65.0196	
1982	 12	  35.9080	
1983	  1	  93.0120	
1983	  2	  55.3063	
1983	  3	  92.1209	
1983	  4	  31.3267	
1983	  5	   0.0000	
1983	  6	   0.0000	
1983	  7	   0.0000	
1983	  8	   0.0000	
1983	  9	  20.9122	
1983	 10	  10.8656	
1983	 11	  52.4612	
1983	 12	  63.8493	
1984	  1	   3.3035	
1984	  2	  22.4483	
1984	  3	   8.4764	
1984	  4	   2.1152	
1984	  5	   0.0000	
1984	  6	   0.0000	
1984	  7	   0.0000	
1984	  8	   0.0000	
1984	  9	   0.0000	
1984	 10	  17.5801	
1984	 11	  61.4421	
1984	 12	  39.4240	
1985	  1	  13.7081	
1985	  2	   9.1268	
1985	  3	  28.4150	
1985	  4	   1.9923	
1985	  5	   0.0000	
1985	  6	   0.0000	
1985	  7	   0.0000	
1985	  8	   0.0000	
1985	  9	   0.1344	
1985	 10	  11.8054	
1985	 11	  72.3205	
1985	 12	  23.0731	
1986	  1	  22.2690	
1986	  2	  80.8711	
1986	  3	  68.8839	
1986	  4	   4.9322	
1986	  5	   0.0000	
1986	  6	   0.0000	
1986	  7	   0.0000	
1986	  8	   0.0000	
1986	  9	   5.1871	
1986	 10	   0.0000	
1986	 11	   0.0000	
1986	 12	  13.4213	
1987	  1	  35.6109	
1987	  2	  60.5791	
1987	  3	  72.3384	
1987	  4	   2.8656	
1987	  5	   0.0000	
1987	  6	   0.0000	
1987	  7	   0.0000	
1987	  8	   0.0000	
1987	  9	   0.0000	
1987	 10	  22.3279	
1987	 11	   8.0666	
1987	 12	  55.7749	
1988	  1	  38.3280	
1988	  2	  14.6966	
1988	  3	   3.6978	
1988	  4	  57.9286	
1988	  5	   0.0000	
1988	  6	   0.0000	
1988	  7	   0.0000	
1988	  8	   0.0000	
1988	  9	   0.0000	
1988	 10	   0.0000	
1988	 11	  16.6633	
1988	 12	  40.4279	
1989	  1	  14.3048	
1989	  2	  23.1269	
1989	  3	  18.0564	
1989	  4	   9.1499	
1989	  5	   0.0000	
1989	  6	   0.0000	
1989	  7	   0.0000	
1989	  8	   0.0000	
1989	  9	  11.1685	
1989	 10	  21.4060	
1989	 11	   7.2574	
1989	 12	   0.2279	
1990	  1	  38.8427	
1990	  2	  29.3369	
1990	  3	  11.8567	
1990	  4	   8.0026	
1990	  5	   0.0000	
1990	  6	   0.0000	
1990	  7	   0.0000	
1990	  8	   0.0000	
1990	  9	   0.6220	
1990	 10	   3.0064	
1990	 11	   9.7414	
1990	 12	  13.1063	
1991	  1	   4.7964	
1991	  2	  34.8094	
1991	  3	  88.1106	
1991	  4	  10.7427	
1991	  5	   0.0000	
1991	  6	   0.0000	
1991	  7	   0.0000	
1991	  8	   0.0000	
1991	  9	   0.0000	
1991	 10	  12.3483	
1991	 11	   6.2920	
1991	 12	  19.2882	
1992	  1	  27.1423	
1992	  2	  85.0504	
1992	  3	  52.4049	
1992	  4	   0.0333	
1992	  5	   0.0000	
1992	  6	   0.0000	
1992	  7	   0.0000	
1992	  8	   0.0000	
1992	  9	   0.0000	
1992	 10	   9.0090	
1992	 11	   0.5198	
1992	 12	  42.8197	
1993	  1	 122.6665	
1993	  2	  80.8481	
1993	  3	  50.5176	
1993	  4	   3.7106	
1993	  5	   0.0000	
1993	  6	   0.0000	
1993	  7	   0.0000	
1993	  8	   0.0000	
1993	  9	   0.0000	
1993	 10	   3.2830	
1993	 11	  13.3215	
1993	 12	  21.1627	
1994	  1	  39.4343	
1994	  2	  60.4562	
1994	  3	   5.0295	
1994	  4	  16.2971	
1994	  5	   0.0000	
1994	  6	   0.0000	
1994	  7	   0.0000	
1994	  8	   0.0000	
1994	  9	   0.8214	
1994	 10	  10.7325	
1994	 11	  30.3971	
1994	 12	  17.2472	
1995	  1	 139.7600	
1995	  2	  10.9476	
1995	  3	  94.1798	
1995	  4	  21.7773	
1995	  5	   0.0000	
1995	  6	   0.0000	
1995	  7	   0.0000	
1995	  8	   0.0000	
1995	  9	   0.0000	
1995	 10	   0.0000	
1995	 11	   0.0000	
1995	 12	  49.9234	
1996	  1	  57.7494	
1996	  2	  85.1477	
1996	  3	  37.2832	
1996	  4	  17.5315	
1996	  5	   0.0000	
1996	  6	   0.0000	
1996	  7	   0.0000	
1996	  8	   0.0000	
1996	  9	   0.0000	
1996	 10	  36.2179	
1996	 11	  44.4509	
1996	 12	  88.7713	
1997	  1	 112.9328	
1997	  2	   5.5442	
1997	  3	   0.6812	
1997	  4	   6.3688	
1997	  5	   0.0000	
1997	  6	   0.0000	
1997	  7	   0.0000	
1997	  8	   0.0000	
1997	  9	   0.0701	
1997	 10	   1.8208	
1997	 11	  62.6482	
1997	 12	  54.8018	
1998	  1	  84.4998	
1998	  2	 193.3071	
1998	  3	  54.3127	
1998	  4	  29.8363	
1998	  5	   0.0000	
1998	  6	   0.0000	
1998	  7	   0.0000	
1998	  8	   0.0000	
1998	  9	   0.4775	
1998	 10	  15.3240	
1998	 11	  21.9566	
1998	 12	  11.7978	
1999	  1	  32.0155	
1999	  2	  36.8632	
1999	  3	  33.9387	
1999	  4	  18.8119	
1999	  5	   0.0000	
1999	  6	   0.0000	
1999	  7	   0.0000	
1999	  8	   0.0000	
1999	  9	   0.0000	
1999	 10	   0.0000	
1999	 11	  11.4649	
1999	 12	   7.6390	
2000	  1	  71.6368	
2000	  2	  70.3512	
2000	  3	  16.7120	
2000	  4	  29.1397	
2000	  5	   0.0000	
2000	  6	   0.0000	
2000	  7	   0.0000	
2000	  8	   0.0000	
2000	  9	   0.8223	
2000	 10	  63.3371	
2000	 11	   5.1191	
2000	 12	   3.8541	
2001	  1	  46.5918	
2001	  2	  44.4253	
2001	  3	  33.3011	
2001	  4	  21.8695	
2001	  5	   0.0000	
2001	  6	   0.0000	
2001	  7	   0.0000	
2001	  8	   0.0000	
2001	  9	   0.7614	
2001	 10	   6.9783	
2001	 11	  30.6122	
2001	 12	  56.2743	
2002	  1	  20.9860	
2002	  2	   4.9040	
2002	  3	  21.9668	
2002	  4	   3.5621	
2002	  5	   0.0000	
2002	  6	   0.0000	
2002	  7	   0.0000	
2002	  8	   0.0000	
2002	  9	   0.3752	
2002	 10	   0.0000	
2002	 11	  31.2140	
2002	 12	  83.7956	
2003	  1	  14.0487	
2003	  2	  29.0475	
2003	  3	  16.8426	
2003	  4	  21.6621	
2003	  5	   0.0000	
2003	  6	   0.0000	
2003	  7	   0.0000	
2003	  8	   0.0000	
2003	  9	   0.0000	
2003	 10	   0.9091	
2003	 11	  21.4854	
2003	 12	  70.8762	
2004	  1	  29.9336	
2004	  2	  65.3371	
2004	  3	   9.7901	
2004	  4	   1.1370	
2004	  5	   0.0000	
2004	  6	   0.0000	
2004	  7	   0.0000	
2004	  8	   0.0000	
2004	  9	   0.5256	
2004	 10	  55.0682	
2004	 11	  51.0937	
2004	 12	  60.9888	
2005	  1	  48.0131	
2005	  2	  60.6277	
2005	  3	  49.4343	
2005	  4	  18.1205	
2005	  5	   0.0000	
2005	  6	   0.0000	
2005	  7	   0.0000	
2005	  8	   0.0000	
2005	  9	   1.0885	
2005	 10	   2.1460	
2005	 11	   4.2612	
2005	 12	  57.0759	
