1922  1  0.0  46.9986974563  0.0
1922  2  0.0  10.8863211503  0.0
1922  3  0.0  0  0.0
1922  4  0.0  0  0.0
1922  5  530.458333333  0  0.0
1922  6  508.508333333  0  0.0
1922  7  654.841666667  0  0.0
1922  8  493.875  0  0.0
1922  9  162.2105  0  0.0
1922  10  0.0  61.2949629867  21.95
1922  11  0.0  69.8313477624  10.975
1922  12  0.0  51.0809071102  0.0
1923  1  0.0  46.6411803136  0.0
1923  2  0.0  11.7989228143  0.0
1923  3  0.0  0  0.0
1923  4  0.0  0  0.0
1923  5  530.458333333  0  0.0
1923  6  508.508333333  0  0.0
1923  7  654.841666667  0  0.0
1923  8  493.875  0  0.0
1923  9  162.2105  0  0.0
1923  10  0.0  61.237192171  21.95
1923  11  0.0  70.6564853845  10.975
1923  12  0.0  52.4283912887  0.0
1924  1  0.0  46.7889606031  0.0
1924  2  0.0  11.7854189253  0.0
1924  3  0.0  0  0.0
1924  4  0.0  0  0.0
1924  5  530.458333333  0  0.0
1924  6  508.508333333  0  0.0
1924  7  654.841666667  0  0.0
1924  8  493.875  0  0.0
1924  9  162.2105  0  0.0
1924  10  0.0  60.9668628376  21.95
1924  11  0.0  70.3049537817  10.975
1924  12  0.0  51.7296642873  0.0
1925  1  0.0  46.8177396937  0.0
1925  2  0.0  11.2554166135  0.0
1925  3  0.0  0  0.0
1925  4  0.0  0  0.0
1925  5  530.458333333  0  0.0
1925  6  508.508333333  0  0.0
1925  7  654.841666667  0  0.0
1925  8  493.875  0  0.0
1925  9  162.2105  0  0.0
1925  10  0.0  61.0491154588  21.95
1925  11  0.0  70.3950747926  10.975
1925  12  0.0  52.4869893822  0.0
1926  1  0.0  46.9239268751  0.0
1926  2  0.0  11.3507374154  0.0
1926  3  0.0  0  0.0
1926  4  0.0  0  0.0
1926  5  530.458333333  0  0.0
1926  6  508.508333333  0  0.0
1926  7  654.841666667  0  0.0
1926  8  493.875  0  0.0
1926  9  162.2105  0  0.0
1926  10  0.0  61.1638972104  21.95
1926  11  0.0  69.1090777704  10.975
1926  12  0.0  52.2436730466  0.0
1927  1  0.0  47.025308445  0.0
1927  2  0.0  10.2192596925  0.0
1927  3  0.0  0  0.0
1927  4  0.0  0  0.0
1927  5  530.458333333  0  0.0
1927  6  508.508333333  0  0.0
1927  7  654.841666667  0  0.0
1927  8  493.875  0  0.0
1927  9  162.2105  0  0.0
1927  10  0.0  60.8299852366  21.95
1927  11  0.0  70.1452204518  10.975
1927  12  0.0  52.3945939522  0.0
1928  1  0.0  47.5068606919  0.0
1928  2  0.0  11.4255495255  0.0
1928  3  0.0  0  0.0
1928  4  0.0  0  0.0
1928  5  530.458333333  0  0.0
1928  6  508.508333333  0  0.0
1928  7  654.841666667  0  0.0
1928  8  493.875  0  0.0
1928  9  162.2105  0  0.0
1928  10  0.0  61.3136666667  21.95
1928  11  0.0  69.2793222193  10.975
1928  12  0.0  50.7255528496  0.0
1929  1  0.0  47.1234483014  0.0
1929  2  0.0  11.4579191802  0.0
1929  3  0.0  0  0.0
1929  4  0.0  0  0.0
1929  5  530.458333333  0  0.0
1929  6  508.508333333  0  0.0
1929  7  654.841666667  0  0.0
1929  8  493.875  0  0.0
1929  9  162.2105  0  0.0
1929  10  0.0  61.2811712353  21.95
1929  11  0.0  70.7521666667  10.975
1929  12  0.0  52.4208807695  0.0
1930  1  0.0  46.2014053298  0.0
1930  2  0.0  11.2293308009  0.0
1930  3  0.0  0  0.0
1930  4  0.0  0  0.0
1930  5  530.458333333  0  0.0
1930  6  508.508333333  0  0.0
1930  7  654.841666667  0  0.0
1930  8  493.875  0  0.0
1930  9  162.2105  0  0.0
1930  10  0.0  61.2453899519  21.95
1930  11  0.0  70.2800414877  10.975
1930  12  0.0  52.7531666667  0.0
1931  1  0.0  46.1688761994  0.0
1931  2  0.0  11.5042063628  0.0
1931  3  0.0  0  0.0
1931  4  0.0  0  0.0
1931  5  530.458333333  0  0.0
1931  6  508.508333333  0  0.0
1931  7  654.841666667  0  0.0
1931  8  493.875  0  0.0
1931  9  162.2105  0  0.0
1931  10  0.0  61.3071675804  21.95
1931  11  0.0  69.6532401436  10.975
1931  12  0.0  50.2446489453  0.0
1932  1  0.0  46.5588550744  0.0
1932  2  0.0  11.2670791818  0.0
1932  3  0.0  0  0.0
1932  4  0.0  0  0.0
1932  5  530.458333333  0  0.0
1932  6  508.508333333  0  0.0
1932  7  654.841666667  0  0.0
1932  8  493.875  0  0.0
1932  9  162.2105  0  0.0
1932  10  0.0  61.3136666667  21.95
1932  11  0.0  70.7063099725  10.975
1932  12  0.0  52.1161446758  0.0
1933  1  0.0  45.6303130165  0.0
1933  2  0.0  11.7373798895  0.0
1933  3  0.0  0  0.0
1933  4  0.0  0  0.0
1933  5  530.458333333  0  0.0
1933  6  508.508333333  0  0.0
1933  7  654.841666667  0  0.0
1933  8  493.875  0  0.0
1933  9  162.2105  0  0.0
1933  10  0.0  61.2061775801  21.95
1933  11  0.0  70.7521666667  10.975
1933  12  0.0  51.0181569676  0.0
1934  1  0.0  46.7944482564  0.0
1934  2  0.0  11.2315494516  0.0
1934  3  0.0  0  0.0
1934  4  0.0  0  0.0
1934  5  530.458333333  0  0.0
1934  6  508.508333333  0  0.0
1934  7  654.841666667  0  0.0
1934  8  493.875  0  0.0
1934  9  162.2105  0  0.0
1934  10  0.0  61.052473929  21.95
1934  11  0.0  69.5476960851  10.975
1934  12  0.0  51.4466998716  0.0
1935  1  0.0  45.9329536262  0.0
1935  2  0.0  11.6331208866  0.0
1935  3  0.0  0  0.0
1935  4  0.0  0  0.0
1935  5  530.458333333  0  0.0
1935  6  508.508333333  0  0.0
1935  7  654.841666667  0  0.0
1935  8  493.875  0  0.0
1935  9  162.2105  0  0.0
1935  10  0.0  61.1026226884  21.95
1935  11  0.0  70.051092628  10.975
1935  12  0.0  52.0864656892  0.0
1936  1  0.0  47.1845386684  0.0
1936  2  0.0  10.0710605442  0.0
1936  3  0.0  0  0.0
1936  4  0.0  0  0.0
1936  5  530.458333333  0  0.0
1936  6  508.508333333  0  0.0
1936  7  654.841666667  0  0.0
1936  8  493.875  0  0.0
1936  9  162.2105  0  0.0
1936  10  0.0  60.5852554589  21.95
1936  11  0.0  70.7521666667  10.975
1936  12  0.0  50.9534461375  0.0
1937  1  0.0  46.6160838645  0.0
1937  2  0.0  11.0827577291  0.0
1937  3  0.0  0  0.0
1937  4  0.0  0  0.0
1937  5  530.458333333  0  0.0
1937  6  508.508333333  0  0.0
1937  7  654.841666667  0  0.0
1937  8  493.875  0  0.0
1937  9  162.2105  0  0.0
1937  10  0.0  61.2802324204  21.95
1937  11  0.0  70.4312191664  10.975
1937  12  0.0  51.0067407328  0.0
1938  1  0.0  46.1749395773  0.0
1938  2  0.0  10.4145927608  0.0
1938  3  0.0  0  0.0
1938  4  0.0  0  0.0
1938  5  530.458333333  0  0.0
1938  6  508.508333333  0  0.0
1938  7  654.841666667  0  0.0
1938  8  493.875  0  0.0
1938  9  162.2105  0  0.0
1938  10  0.0  60.53059678  21.95
1938  11  0.0  70.713026913  10.975
1938  12  0.0  52.1846729439  0.0
1939  1  0.0  47.1464103476  0.0
1939  2  0.0  11.4571061419  0.0
1939  3  0.0  0  0.0
1939  4  0.0  0  0.0
1939  5  530.458333333  0  0.0
1939  6  508.508333333  0  0.0
1939  7  654.841666667  0  0.0
1939  8  493.875  0  0.0
1939  9  162.2105  0  0.0
1939  10  0.0  61.1948391832  21.95
1939  11  0.0  70.6648621005  10.975
1939  12  0.0  52.5523433352  0.0
1940  1  0.0  44.6321923387  0.0
1940  2  0.0  10.7392786711  0.0
1940  3  0.0  0  0.0
1940  4  0.0  0  0.0
1940  5  530.458333333  0  0.0
1940  6  508.508333333  0  0.0
1940  7  654.841666667  0  0.0
1940  8  493.875  0  0.0
1940  9  162.2105  0  0.0
1940  10  0.0  60.8598483783  21.95
1940  11  0.0  70.7303223706  10.975
1940  12  0.0  50.0224896442  0.0
1941  1  0.0  45.9094884735  0.0
1941  2  0.0  10.6821224991  0.0
1941  3  0.0  0  0.0
1941  4  0.0  0  0.0
1941  5  530.458333333  0  0.0
1941  6  508.508333333  0  0.0
1941  7  654.841666667  0  0.0
1941  8  493.875  0  0.0
1941  9  162.2105  0  0.0
1941  10  0.0  60.5049246063  21.95
1941  11  0.0  70.283472576  10.975
1941  12  0.0  51.3012277005  0.0
1942  1  0.0  46.5468683348  0.0
1942  2  0.0  11.398108649  0.0
1942  3  0.0  0  0.0
1942  4  0.0  0  0.0
1942  5  530.458333333  0  0.0
1942  6  508.508333333  0  0.0
1942  7  654.841666667  0  0.0
1942  8  493.875  0  0.0
1942  9  162.2105  0  0.0
1942  10  0.0  61.111725585  21.95
1942  11  0.0  70.4937903737  10.975
1942  12  0.0  52.0573624272  0.0
1943  1  0.0  46.665405346  0.0
1943  2  0.0  11.4983919282  0.0
1943  3  0.0  0  0.0
1943  4  0.0  0  0.0
1943  5  530.458333333  0  0.0
1943  6  508.508333333  0  0.0
1943  7  654.841666667  0  0.0
1943  8  493.875  0  0.0
1943  9  162.2105  0  0.0
1943  10  0.0  61.1668588912  21.95
1943  11  0.0  70.4858830651  10.975
1943  12  0.0  51.8400035177  0.0
1944  1  0.0  46.6622310309  0.0
1944  2  0.0  11.0672646733  0.0
1944  3  0.0  0  0.0
1944  4  0.0  0  0.0
1944  5  530.458333333  0  0.0
1944  6  508.508333333  0  0.0
1944  7  654.841666667  0  0.0
1944  8  493.875  0  0.0
1944  9  162.2105  0  0.0
1944  10  0.0  61.1151903724  21.95
1944  11  0.0  69.5565811275  10.975
1944  12  0.0  51.9153213443  0.0
1945  1  0.0  47.4470333112  0.0
1945  2  0.0  11.2293281909  0.0
1945  3  0.0  0  0.0
1945  4  0.0  0  0.0
1945  5  530.458333333  0  0.0
1945  6  508.508333333  0  0.0
1945  7  654.841666667  0  0.0
1945  8  493.875  0  0.0
1945  9  162.2105  0  0.0
1945  10  0.0  59.3552009811  21.95
1945  11  0.0  69.6615442416  10.975
1945  12  0.0  51.4432687834  0.0
1946  1  0.0  47.3270154596  0.0
1946  2  0.0  11.4269382884  0.0
1946  3  0.0  0  0.0
1946  4  0.0  0  0.0
1946  5  530.458333333  0  0.0
1946  6  508.508333333  0  0.0
1946  7  654.841666667  0  0.0
1946  8  493.875  0  0.0
1946  9  162.2105  0  0.0
1946  10  0.0  60.955999068  21.95
1946  11  0.0  69.1355487427  10.975
1946  12  0.0  51.6404094733  0.0
1947  1  0.0  47.4349739536  0.0
1947  2  0.0  11.4421940305  0.0
1947  3  0.0  0  0.0
1947  4  0.0  0  0.0
1947  5  530.458333333  0  0.0
1947  6  508.508333333  0  0.0
1947  7  654.841666667  0  0.0
1947  8  493.875  0  0.0
1947  9  162.2105  0  0.0
1947  10  0.0  60.6749849002  21.95
1947  11  0.0  70.3906711903  10.975
1947  12  0.0  52.4936000055  0.0
1948  1  0.0  47.6272753329  0.0
1948  2  0.0  11.5276935849  0.0
1948  3  0.0  0  0.0
1948  4  0.0  0  0.0
1948  5  530.458333333  0  0.0
1948  6  508.508333333  0  0.0
1948  7  654.841666667  0  0.0
1948  8  493.875  0  0.0
1948  9  162.2105  0  0.0
1948  10  0.0  61.0209173126  21.95
1948  11  0.0  70.7484114071  10.975
1948  12  0.0  51.7655181889  0.0
1949  1  0.0  47.1166250438  0.0
1949  2  0.0  11.4475559072  0.0
1949  3  0.0  0  0.0
1949  4  0.0  0  0.0
1949  5  530.458333333  0  0.0
1949  6  508.508333333  0  0.0
1949  7  654.841666667  0  0.0
1949  8  493.875  0  0.0
1949  9  162.2105  0  0.0
1949  10  0.0  61.3136666667  21.95
1949  11  0.0  69.861138286  10.975
1949  12  0.0  51.9378529019  0.0
1950  1  0.0  46.3360085116  0.0
1950  2  0.0  11.5110296204  0.0
1950  3  0.0  0  0.0
1950  4  0.0  0  0.0
1950  5  530.458333333  0  0.0
1950  6  508.508333333  0  0.0
1950  7  654.841666667  0  0.0
1950  8  493.875  0  0.0
1950  9  162.2105  0  0.0
1950  10  0.0  60.7135437094  21.95
1950  11  0.0  69.7589189986  10.975
1950  12  0.0  51.7543250281  0.0
1951  1  0.0  46.9019710421  0.0
1951  2  0.0  11.4598668181  0.0
1951  3  0.0  0  0.0
1951  4  0.0  0  0.0
1951  5  530.458333333  0  0.0
1951  6  508.508333333  0  0.0
1951  7  654.841666667  0  0.0
1951  8  493.875  0  0.0
1951  9  162.2105  0  0.0
1951  10  0.0  60.9105780822  21.95
1951  11  0.0  69.7001419698  10.975
1951  12  0.0  50.6666253649  0.0
1952  1  0.0  45.2395016438  0.0
1952  2  0.0  11.6453812489  0.0
1952  3  0.0  0  0.0
1952  4  0.0  0  0.0
1952  5  530.458333333  0  0.0
1952  6  508.508333333  0  0.0
1952  7  654.841666667  0  0.0
1952  8  493.875  0  0.0
1952  9  162.2105  0  0.0
1952  10  0.0  61.3103808145  21.95
1952  11  0.0  69.83517564  10.975
1952  12  0.0  50.7155111381  0.0
1953  1  0.0  47.3255346192  0.0
1953  2  0.0  11.8040136782  0.0
1953  3  0.0  0  0.0
1953  4  0.0  0  0.0
1953  5  530.458333333  0  0.0
1953  6  508.508333333  0  0.0
1953  7  654.841666667  0  0.0
1953  8  493.875  0  0.0
1953  9  162.2105  0  0.0
1953  10  0.0  61.3000538506  21.95
1953  11  0.0  70.0778825519  10.975
1953  12  0.0  52.5861743708  0.0
1954  1  0.0  46.4737912283  0.0
1954  2  0.0  11.4454072646  0.0
1954  3  0.0  0  0.0
1954  4  0.0  0  0.0
1954  5  530.458333333  0  0.0
1954  6  508.508333333  0  0.0
1954  7  654.841666667  0  0.0
1954  8  493.875  0  0.0
1954  9  162.2105  0  0.0
1954  10  0.0  61.3136666667  21.95
1954  11  0.0  69.8703474998  10.975
1954  12  0.0  51.7364149269  0.0
1955  1  0.0  45.6606066467  0.0
1955  2  0.0  11.5545924359  0.0
1955  3  0.0  0  0.0
1955  4  0.0  0  0.0
1955  5  530.458333333  0  0.0
1955  6  508.508333333  0  0.0
1955  7  654.841666667  0  0.0
1955  8  493.875  0  0.0
1955  9  162.2105  0  0.0
1955  10  0.0  61.2922917781  21.95
1955  11  0.0  70.2066012909  10.975
1955  12  0.0  48.9249713435  0.0
1956  1  0.0  45.5864117901  0.0
1956  2  0.0  11.719218235  0.0
1956  3  0.0  0  0.0
1956  4  0.0  0  0.0
1956  5  530.458333333  0  0.0
1956  6  508.508333333  0  0.0
1956  7  654.841666667  0  0.0
1956  8  493.875  0  0.0
1956  9  162.2105  0  0.0
1956  10  0.0  61.1238912598  21.95
1956  11  0.0  70.7521666667  10.975
1956  12  0.0  52.6346296554  0.0
1957  1  0.0  46.3933825378  0.0
1957  2  0.0  11.3644760081  0.0
1957  3  0.0  0  0.0
1957  4  0.0  0  0.0
1957  5  530.458333333  0  0.0
1957  6  508.508333333  0  0.0
1957  7  654.841666667  0  0.0
1957  8  493.875  0  0.0
1957  9  162.2105  0  0.0
1957  10  0.0  60.5666296167  21.95
1957  11  0.0  70.5948140731  10.975
1957  12  0.0  51.5255214045  0.0
1958  1  0.0  45.8629108186  0.0
1958  2  0.0  10.536795564  0.0
1958  3  0.0  0  0.0
1958  4  0.0  0  0.0
1958  5  530.458333333  0  0.0
1958  6  508.508333333  0  0.0
1958  7  654.841666667  0  0.0
1958  8  493.875  0  0.0
1958  9  162.2105  0  0.0
1958  10  0.0  61.3071675804  21.95
1958  11  0.0  70.695407284  10.975
1958  12  0.0  52.5697114109  0.0
1959  1  0.0  46.4373953013  0.0
1959  2  0.0  10.9085090772  0.0
1959  3  0.0  0  0.0
1959  4  0.0  0  0.0
1959  5  530.458333333  0  0.0
1959  6  508.508333333  0  0.0
1959  7  654.841666667  0  0.0
1959  8  493.875  0  0.0
1959  9  162.2105  0  0.0
1959  10  0.0  61.3136666667  21.95
1959  11  0.0  70.7521666667  10.975
1959  12  0.0  52.4827310161  0.0
1960  1  0.0  46.5763294672  0.0
1960  2  0.0  10.8992661643  0.0
1960  3  0.0  0  0.0
1960  4  0.0  0  0.0
1960  5  530.458333333  0  0.0
1960  6  508.508333333  0  0.0
1960  7  654.841666667  0  0.0
1960  8  493.875  0  0.0
1960  9  162.2105  0  0.0
1960  10  0.0  61.3085031847  21.95
1960  11  0.0  69.1944373085  10.975
1960  12  0.0  52.6022068422  0.0
1961  1  0.0  46.4894606094  0.0
1961  2  0.0  11.5305100296  0.0
1961  3  0.0  0  0.0
1961  4  0.0  0  0.0
1961  5  530.458333333  0  0.0
1961  6  508.508333333  0  0.0
1961  7  654.841666667  0  0.0
1961  8  493.875  0  0.0
1961  9  162.2105  0  0.0
1961  10  0.0  61.3127278518  21.95
1961  11  0.0  69.6889825081  10.975
1961  12  0.0  51.8936222843  0.0
1962  1  0.0  46.6197328069  0.0
1962  2  0.0  10.13106947  0.0
1962  3  0.0  0  0.0
1962  4  0.0  0  0.0
1962  5  530.458333333  0  0.0
1962  6  508.508333333  0  0.0
1962  7  654.841666667  0  0.0
1962  8  493.875  0  0.0
1962  9  162.2105  0  0.0
1962  10  0.0  61.1616227912  21.95
1962  11  0.0  70.669483557  10.975
1962  12  0.0  51.6904182165  0.0
1963  1  0.0  46.5725068094  0.0
1963  2  0.0  10.6306549849  0.0
1963  3  0.0  0  0.0
1963  4  0.0  0  0.0
1963  5  530.458333333  0  0.0
1963  6  508.508333333  0  0.0
1963  7  654.841666667  0  0.0
1963  8  493.875  0  0.0
1963  9  162.2105  0  0.0
1963  10  0.0  60.5502003559  21.95
1963  11  0.0  69.847559169  10.975
1963  12  0.0  52.6639118527  0.0
1964  1  0.0  47.1725182297  0.0
1964  2  0.0  11.8096828767  0.0
1964  3  0.0  0  0.0
1964  4  0.0  0  0.0
1964  5  530.458333333  0  0.0
1964  6  508.508333333  0  0.0
1964  7  654.841666667  0  0.0
1964  8  493.875  0  0.0
1964  9  162.2105  0  0.0
1964  10  0.0  59.5147164569  21.95
1964  11  0.0  69.9681190461  10.975
1964  12  0.0  50.807800251  0.0
1965  1  0.0  47.0905560807  0.0
1965  2  0.0  11.683978977  0.0
1965  3  0.0  0  0.0
1965  4  0.0  0  0.0
1965  5  530.458333333  0  0.0
1965  6  508.508333333  0  0.0
1965  7  654.841666667  0  0.0
1965  8  493.875  0  0.0
1965  9  162.2105  0  0.0
1965  10  0.0  61.2601931361  21.95
1965  11  0.0  67.4136098342  10.975
1965  12  0.0  51.6729049046  0.0
1966  1  0.0  47.1320428717  0.0
1966  2  0.0  11.5278919796  0.0
1966  3  0.0  0  0.0
1966  4  0.0  0  0.0
1966  5  530.458333333  0  0.0
1966  6  508.508333333  0  0.0
1966  7  654.841666667  0  0.0
1966  8  493.875  0  0.0
1966  9  162.2105  0  0.0
1966  10  0.0  61.3136666667  21.95
1966  11  0.0  69.5776318448  10.975
1966  12  0.0  50.7269947711  0.0
1967  1  0.0  46.1019298691  0.0
1967  2  0.0  11.7184609653  0.0
1967  3  0.0  0  0.0
1967  4  0.0  0  0.0
1967  5  530.458333333  0  0.0
1967  6  508.508333333  0  0.0
1967  7  654.841666667  0  0.0
1967  8  493.875  0  0.0
1967  9  162.2105  0  0.0
1967  10  0.0  61.2672342479  21.95
1967  11  0.0  69.8095423853  10.975
1967  12  0.0  52.015696701  0.0
1968  1  0.0  47.0461465279  0.0
1968  2  0.0  11.3961220921  0.0
1968  3  0.0  0  0.0
1968  4  0.0  0  0.0
1968  5  530.458333333  0  0.0
1968  6  508.508333333  0  0.0
1968  7  654.841666667  0  0.0
1968  8  493.875  0  0.0
1968  9  162.2105  0  0.0
1968  10  0.0  60.9444428169  21.95
1968  11  0.0  69.5732619416  10.975
1968  12  0.0  51.385749521  0.0
1969  1  0.0  44.3228347885  0.0
1969  2  0.0  10.3522925662  0.0
1969  3  0.0  0  0.0
1969  4  0.0  0  0.0
1969  5  530.458333333  0  0.0
1969  6  508.508333333  0  0.0
1969  7  654.841666667  0  0.0
1969  8  493.875  0  0.0
1969  9  162.2105  0  0.0
1969  10  0.0  60.3403908846  21.95
1969  11  0.0  70.2433213893  10.975
1969  12  0.0  52.2134131156  0.0
1970  1  0.0  45.5244500065  0.0
1970  2  0.0  11.6153949405  0.0
1970  3  0.0  0  0.0
1970  4  0.0  0  0.0
1970  5  530.458333333  0  0.0
1970  6  508.508333333  0  0.0
1970  7  654.841666667  0  0.0
1970  8  493.875  0  0.0
1970  9  162.2105  0  0.0
1970  10  0.0  61.0749328686  21.95
1970  11  0.0  69.1973989893  10.975
1970  12  0.0  51.3065701176  0.0
1971  1  0.0  47.2789232652  0.0
1971  2  0.0  11.7033141502  0.0
1971  3  0.0  0  0.0
1971  4  0.0  0  0.0
1971  5  530.458333333  0  0.0
1971  6  508.508333333  0  0.0
1971  7  654.841666667  0  0.0
1971  8  493.875  0  0.0
1971  9  162.2105  0  0.0
1971  10  0.0  61.1233155352  21.95
1971  11  0.0  70.2570068235  10.975
1971  12  0.0  51.6654670035  0.0
1972  1  0.0  47.3626178079  0.0
1972  2  0.0  11.7122497413  0.0
1972  3  0.0  0  0.0
1972  4  0.0  0  0.0
1972  5  530.458333333  0  0.0
1972  6  508.508333333  0  0.0
1972  7  654.841666667  0  0.0
1972  8  493.875  0  0.0
1972  9  162.2105  0  0.0
1972  10  0.0  60.8877223532  21.95
1972  11  0.0  67.3180737881  10.975
1972  12  0.0  52.1285282047  0.0
1973  1  0.0  45.6615843805  0.0
1973  2  0.0  10.5595060569  0.0
1973  3  0.0  0  0.0
1973  4  0.0  0  0.0
1973  5  530.458333333  0  0.0
1973  6  508.508333333  0  0.0
1973  7  654.841666667  0  0.0
1973  8  493.875  0  0.0
1973  9  162.2105  0  0.0
1973  10  0.0  60.4805154188  21.95
1973  11  0.0  69.9572889756  10.975
1973  12  0.0  51.2970756515  0.0
1974  1  0.0  46.4660628549  0.0
1974  2  0.0  11.6993241868  0.0
1974  3  0.0  0  0.0
1974  4  0.0  0  0.0
1974  5  530.458333333  0  0.0
1974  6  508.508333333  0  0.0
1974  7  654.841666667  0  0.0
1974  8  493.875  0  0.0
1974  9  162.2105  0  0.0
1974  10  0.0  60.696611342  21.95
1974  11  0.0  70.419338744  10.975
1974  12  0.0  51.3095707174  0.0
1975  1  0.0  47.5008310131  0.0
1975  2  0.0  10.8926776104  0.0
1975  3  0.0  0  0.0
1975  4  0.0  0  0.0
1975  5  530.458333333  0  0.0
1975  6  508.508333333  0  0.0
1975  7  654.841666667  0  0.0
1975  8  493.875  0  0.0
1975  9  162.2105  0  0.0
1975  10  0.0  60.5981136151  21.95
1975  11  0.0  70.6738871593  10.975
1975  12  0.0  52.6574853845  0.0
1976  1  0.0  47.5033232865  0.0
1976  2  0.0  11.373534766  0.0
1976  3  0.0  0  0.0
1976  4  0.0  0  0.0
1976  5  530.458333333  0  0.0
1976  6  508.508333333  0  0.0
1976  7  654.841666667  0  0.0
1976  8  493.875  0  0.0
1976  9  162.2105  0  0.0
1976  10  0.0  60.7367625287  21.95
1976  11  0.0  70.2303958348  10.975
1976  12  0.0  52.2103451176  0.0
1977  1  0.0  47.1419004282  0.0
1977  2  0.0  11.7137668907  0.0
1977  3  0.0  0  0.0
1977  4  0.0  0  0.0
1977  5  530.458333333  0  0.0
1977  6  508.508333333  0  0.0
1977  7  654.841666667  0  0.0
1977  8  493.875  0  0.0
1977  9  162.2105  0  0.0
1977  10  0.0  61.222679459  21.95
1977  11  0.0  70.5559647916  10.975
1977  12  0.0  50.9251805931  0.0
1978  1  0.0  44.7934843469  0.0
1978  2  0.0  10.5853571658  0.0
1978  3  0.0  0  0.0
1978  4  0.0  0  0.0
1978  5  530.458333333  0  0.0
1978  6  508.508333333  0  0.0
1978  7  654.841666667  0  0.0
1978  8  493.875  0  0.0
1978  9  162.2105  0  0.0
1978  10  0.0  61.3122584443  21.95
1978  11  0.0  69.7450883283  10.975
1978  12  0.0  52.4028643511  0.0
1979  1  0.0  45.9698526598  0.0
1979  2  0.0  10.8741528656  0.0
1979  3  0.0  0  0.0
1979  4  0.0  0  0.0
1979  5  530.458333333  0  0.0
1979  6  508.508333333  0  0.0
1979  7  654.841666667  0  0.0
1979  8  493.875  0  0.0
1979  9  162.2105  0  0.0
1979  10  0.0  60.866744254  21.95
1979  11  0.0  70.2567889693  10.975
1979  12  0.0  52.2473167692  0.0
1980  1  0.0  45.5773088934  0.0
1980  2  0.0  10.7330142886  0.0
1980  3  0.0  0  0.0
1980  4  0.0  0  0.0
1980  5  530.458333333  0  0.0
1980  6  508.508333333  0  0.0
1980  7  654.841666667  0  0.0
1980  8  493.875  0  0.0
1980  9  162.2105  0  0.0
1980  10  0.0  61.2755383459  21.95
1980  11  0.0  70.7399620729  10.975
1980  12  0.0  52.4139848938  0.0
1981  1  0.0  46.4045367797  0.0
1981  2  0.0  11.4724513517  0.0
1981  3  0.0  0  0.0
1981  4  0.0  0  0.0
1981  5  530.458333333  0  0.0
1981  6  508.508333333  0  0.0
1981  7  654.841666667  0  0.0
1981  8  493.875  0  0.0
1981  9  162.2105  0  0.0
1981  10  0.0  60.7948912148  21.95
1981  11  0.0  68.7155277909  10.975
1981  12  0.0  52.2797058834  0.0
1982  1  0.0  46.4987035224  0.0
1982  2  0.0  11.3703967598  0.0
1982  3  0.0  0  0.0
1982  4  0.0  0  0.0
1982  5  530.458333333  0  0.0
1982  6  508.508333333  0  0.0
1982  7  654.841666667  0  0.0
1982  8  493.875  0  0.0
1982  9  162.2105  0  0.0
1982  10  0.0  60.726687118  21.95
1982  11  0.0  68.8944289884  10.975
1982  12  0.0  51.727244632  0.0
1983  1  0.0  44.9740453201  0.0
1983  2  0.0  11.0263393673  0.0
1983  3  0.0  0  0.0
1983  4  0.0  0  0.0
1983  5  530.458333333  0  0.0
1983  6  508.508333333  0  0.0
1983  7  654.841666667  0  0.0
1983  8  493.875  0  0.0
1983  9  162.2105  0  0.0
1983  10  0.0  61.0032250655  21.95
1983  11  0.0  69.2532532562  10.975
1983  12  0.0  50.9289021536  0.0
1984  1  0.0  47.537081704  0.0
1984  2  0.0  11.4957207196  0.0
1984  3  0.0  0  0.0
1984  4  0.0  0  0.0
1984  5  530.458333333  0  0.0
1984  6  508.508333333  0  0.0
1984  7  654.841666667  0  0.0
1984  8  493.875  0  0.0
1984  9  162.2105  0  0.0
1984  10  0.0  60.8113930936  21.95
1984  11  0.0  68.9966482759  10.975
1984  12  0.0  51.6267966572  0.0
1985  1  0.0  47.2398561296  0.0
1985  2  0.0  11.6860186925  0.0
1985  3  0.0  0  0.0
1985  4  0.0  0  0.0
1985  5  530.458333333  0  0.0
1985  6  508.508333333  0  0.0
1985  7  654.841666667  0  0.0
1985  8  493.875  0  0.0
1985  9  162.2105  0  0.0
1985  10  0.0  60.9763625236  21.95
1985  11  0.0  68.6858825034  10.975
1985  12  0.0  52.0939035903  0.0
1986  1  0.0  46.9952715879  0.0
1986  2  0.0  10.6611080908  0.0
1986  3  0.0  0  0.0
1986  4  0.0  0  0.0
1986  5  530.458333333  0  0.0
1986  6  508.508333333  0  0.0
1986  7  654.841666667  0  0.0
1986  8  493.875  0  0.0
1986  9  162.2105  0  0.0
1986  10  0.0  61.3136666667  21.95
1986  11  0.0  70.7521666667  10.975
1986  12  0.0  52.3696816581  0.0
1987  1  0.0  46.6140272995  0.0
1987  2  0.0  10.9509878416  0.0
1987  3  0.0  0  0.0
1987  4  0.0  0  0.0
1987  5  530.458333333  0  0.0
1987  6  508.508333333  0  0.0
1987  7  654.841666667  0  0.0
1987  8  493.875  0  0.0
1987  9  162.2105  0  0.0
1987  10  0.0  60.67573956  21.95
1987  11  0.0  70.5216643485  10.975
1987  12  0.0  51.1596223259  0.0
1988  1  0.0  46.5364013546  0.0
1988  2  0.0  11.6064593493  0.0
1988  3  0.0  0  0.0
1988  4  0.0  0  0.0
1988  5  530.458333333  0  0.0
1988  6  508.508333333  0  0.0
1988  7  654.841666667  0  0.0
1988  8  493.875  0  0.0
1988  9  162.2105  0  0.0
1988  10  0.0  61.3136666667  21.95
1988  11  0.0  70.2760683739  10.975
1988  12  0.0  51.5980564855  0.0
1989  1  0.0  47.2227785261  0.0
1989  2  0.0  11.4860447083  0.0
1989  3  0.0  0  0.0
1989  4  0.0  0  0.0
1989  5  530.458333333  0  0.0
1989  6  508.508333333  0  0.0
1989  7  654.841666667  0  0.0
1989  8  493.875  0  0.0
1989  9  162.2105  0  0.0
1989  10  0.0  60.7020989953  21.95
1989  11  0.0  70.5448442489  10.975
1989  12  0.0  52.7466675804  0.0
1990  1  0.0  46.5217381866  0.0
1990  2  0.0  11.3973319198  0.0
1990  3  0.0  0  0.0
1990  4  0.0  0  0.0
1990  5  530.458333333  0  0.0
1990  6  508.508333333  0  0.0
1990  7  654.841666667  0  0.0
1990  8  493.875  0  0.0
1990  9  162.2105  0  0.0
1990  10  0.0  61.2277703229  21.95
1990  11  0.0  70.4738237074  10.975
1990  12  0.0  52.3786730178  0.0
1991  1  0.0  47.4944771629  0.0
1991  2  0.0  11.3191444899  0.0
1991  3  0.0  0  0.0
1991  4  0.0  0  0.0
1991  5  530.458333333  0  0.0
1991  6  508.508333333  0  0.0
1991  7  654.841666667  0  0.0
1991  8  493.875  0  0.0
1991  9  162.2105  0  0.0
1991  10  0.0  60.9608720777  21.95
1991  11  0.0  70.5723940524  10.975
1991  12  0.0  52.2020410196  0.0
1992  1  0.0  46.8559743317  0.0
1992  2  0.0  10.6014233363  0.0
1992  3  0.0  0  0.0
1992  4  0.0  0  0.0
1992  5  530.458333333  0  0.0
1992  6  508.508333333  0  0.0
1992  7  654.841666667  0  0.0
1992  8  493.875  0  0.0
1992  9  162.2105  0  0.0
1992  10  0.0  61.0562628877  21.95
1992  11  0.0  70.7372908643  10.975
1992  12  0.0  51.5297408518  0.0
1993  1  0.0  44.1267444505  0.0
1993  2  0.0  10.6614348721  0.0
1993  3  0.0  0  0.0
1993  4  0.0  0  0.0
1993  5  530.458333333  0  0.0
1993  6  508.508333333  0  0.0
1993  7  654.841666667  0  0.0
1993  8  493.875  0  0.0
1993  9  162.2105  0  0.0
1993  10  0.0  61.2198630143  21.95
1993  11  0.0  70.3715707209  10.975
1993  12  0.0  52.148494871  0.0
1994  1  0.0  46.5048058192  0.0
1994  2  0.0  10.9527396948  0.0
1994  3  0.0  0  0.0
1994  4  0.0  0  0.0
1994  5  530.458333333  0  0.0
1994  6  508.508333333  0  0.0
1994  7  654.841666667  0  0.0
1994  8  493.875  0  0.0
1994  9  162.2105  0  0.0
1994  10  0.0  61.0070140242  21.95
1994  11  0.0  69.8837035428  10.975
1994  12  0.0  52.2603875598  0.0
1995  1  0.0  43.6383741658  0.0
1995  2  0.0  11.6600223475  0.0
1995  3  0.0  0  0.0
1995  4  0.0  0  0.0
1995  5  530.458333333  0  0.0
1995  6  508.508333333  0  0.0
1995  7  654.841666667  0  0.0
1995  8  493.875  0  0.0
1995  9  162.2105  0  0.0
1995  10  0.0  61.3136666667  21.95
1995  11  0.0  70.7521666667  10.975
1995  12  0.0  51.3267546381  0.0
1996  1  0.0  45.981554147  0.0
1996  2  0.0  10.6000345735  0.0
1996  3  0.0  0  0.0
1996  4  0.0  0  0.0
1996  5  530.458333333  0  0.0
1996  6  508.508333333  0  0.0
1996  7  654.841666667  0  0.0
1996  8  493.875  0  0.0
1996  9  162.2105  0  0.0
1996  10  0.0  60.2788985085  21.95
1996  11  0.0  69.4821294978  10.975
1996  12  0.0  50.2168475885  0.0
1997  1  0.0  44.4048695555  0.0
1997  2  0.0  11.7372178038  0.0
1997  3  0.0  0  0.0
1997  4  0.0  0  0.0
1997  5  530.458333333  0  0.0
1997  6  508.508333333  0  0.0
1997  7  654.841666667  0  0.0
1997  8  493.875  0  0.0
1997  9  162.2105  0  0.0
1997  10  0.0  61.2616739766  21.95
1997  11  0.0  68.9622025967  10.975
1997  12  0.0  51.1874236827  0.0
1998  1  0.0  45.2172216394  0.0
1998  2  0.0  9.05489235878  0.0
1998  3  0.0  0  0.0
1998  4  0.0  0  0.0
1998  5  530.458333333  0  0.0
1998  6  508.508333333  0  0.0
1998  7  654.841666667  0  0.0
1998  8  493.875  0  0.0
1998  9  162.2105  0  0.0
1998  10  0.0  60.8758082317  21.95
1998  11  0.0  70.124823297  10.975
1998  12  0.0  52.4161140769  0.0
1999  1  0.0  46.7167833926  0.0
1999  2  0.0  11.2897896747  0.0
1999  3  0.0  0  0.0
1999  4  0.0  0  0.0
1999  5  530.458333333  0  0.0
1999  6  508.508333333  0  0.0
1999  7  654.841666667  0  0.0
1999  8  493.875  0  0.0
1999  9  162.2105  0  0.0
1999  10  0.0  61.3136666667  21.95
1999  11  0.0  70.424574844  10.975
1999  12  0.0  52.5349415603  0.0
2000  1  0.0  45.5847467946  0.0
2000  2  0.0  10.8114143528  0.0
2000  3  0.0  0  0.0
2000  4  0.0  0  0.0
2000  5  530.458333333  0  0.0
2000  6  508.508333333  0  0.0
2000  7  654.841666667  0  0.0
2000  8  493.875  0  0.0
2000  9  162.2105  0  0.0
2000  10  0.0  59.5040601018  21.95
2000  11  0.0  70.6059009167  10.975
2000  12  0.0  52.6430789896  0.0
2001  1  0.0  46.3002998462  0.0
2001  2  0.0  11.1817780221  0.0
2001  3  0.0  0  0.0
2001  4  0.0  0  0.0
2001  5  530.458333333  0  0.0
2001  6  508.508333333  0  0.0
2001  7  654.841666667  0  0.0
2001  8  493.875  0  0.0
2001  9  162.2105  0  0.0
2001  10  0.0  61.1142515575  21.95
2001  11  0.0  69.8775623269  10.975
2001  12  0.0  51.1453559473  0.0
2002  1  0.0  47.0319190682  0.0
2002  2  0.0  11.7463517897  0.0
2002  3  0.0  0  0.0
2002  4  0.0  0  0.0
2002  5  530.458333333  0  0.0
2002  6  508.508333333  0  0.0
2002  7  654.841666667  0  0.0
2002  8  493.875  0  0.0
2002  9  162.2105  0  0.0
2002  10  0.0  61.3136666667  21.95
2002  11  0.0  69.8603394873  10.975
2002  12  0.0  50.3590391274  0.0
2003  1  0.0  47.2301438092  0.0
2003  2  0.0  11.4014476598  0.0
2003  3  0.0  0  0.0
2003  4  0.0  0  0.0
2003  5  530.458333333  0  0.0
2003  6  508.508333333  0  0.0
2003  7  654.841666667  0  0.0
2003  8  493.875  0  0.0
2003  9  162.2105  0  0.0
2003  10  0.0  61.2876703216  21.95
2003  11  0.0  70.138290877  10.975
2003  12  0.0  50.7281514401  0.0
2004  1  0.0  46.7762529028  0.0
2004  2  0.0  10.8830184486  0.0
2004  3  0.0  0  0.0
2004  4  0.0  0  0.0
2004  5  530.458333333  0  0.0
2004  6  508.508333333  0  0.0
2004  7  654.841666667  0  0.0
2004  8  493.875  0  0.0
2004  9  162.2105  0  0.0
2004  10  0.0  59.7402627075  21.95
2004  11  0.0  69.2923593108  10.975
2004  12  0.0  51.0106464484  0.0
2005  1  0.0  46.2597129512  0.0
2005  2  0.0  10.9503200395  0.0
2005  3  0.0  0  0.0
2005  4  0.0  0  0.0
2005  5  530.458333333  0  0.0
2005  6  508.508333333  0  0.0
2005  7  654.841666667  0  0.0
2005  8  493.875  0  0.0
2005  9  162.2105  0  0.0
2005  10  0.0  61.2523584456  21.95
2005  11  0.0  70.6304164213  10.975
2005  12  0.0  51.1224276002  0.0
