1922	  1	    32.04	
1922	  2	     2.26	
1922	  3	     0.00	
1922	  4	     0.00	
1922	  5	   396.20	
1922	  6	   447.87	
1922	  7	   549.02	
1922	  8	   388.06	
1922	  9	   162.11	
1922	 10	    77.02	
1922	 11	    60.58	
1922	 12	    29.19	
1923	  1	    29.32	
1923	  2	    11.78	
1923	  3	     0.00	
1923	  4	     0.00	
1923	  5	   398.38	
1923	  6	   447.87	
1923	  7	   548.29	
1923	  8	   388.06	
1923	  9	   160.76	
1923	 10	    76.84	
1923	 11	    66.05	
1923	 12	    38.67	
1924	  1	    30.45	
1924	  2	    11.74	
1924	  3	     0.00	
1924	  4	     0.00	
1924	  5	   398.48	
1924	  6	   447.82	
1924	  7	   549.02	
1924	  8	   387.62	
1924	  9	   162.21	
1924	 10	    76.00	
1924	 11	    64.52	
1924	 12	    34.23	
1925	  1	    30.67	
1925	  2	     7.55	
1925	  3	     0.00	
1925	  4	     0.00	
1925	  5	   391.83	
1925	  6	   447.66	
1925	  7	   548.95	
1925	  8	   387.72	
1925	  9	   162.20	
1925	 10	    76.26	
1925	 11	    64.91	
1925	 12	    38.81	
1926	  1	    31.47	
1926	  2	     8.92	
1926	  3	     0.00	
1926	  4	     0.00	
1926	  5	   398.46	
1926	  6	   447.87	
1926	  7	   549.02	
1926	  8	   388.06	
1926	  9	   162.21	
1926	 10	    76.61	
1926	 11	    54.55	
1926	 12	    38.14	
1927	  1	    32.24	
1927	  2	     0.00	
1927	  3	     0.00	
1927	  4	     0.00	
1927	  5	   398.48	
1927	  6	   446.69	
1927	  7	   548.94	
1927	  8	   388.02	
1927	  9	   162.21	
1927	 10	    75.58	
1927	 11	    63.56	
1927	 12	    38.59	
1928	  1	    34.02	
1928	  2	     9.91	
1928	  3	     0.00	
1928	  4	     0.00	
1928	  5	   398.15	
1928	  6	   447.87	
1928	  7	   549.02	
1928	  8	   388.06	
1928	  9	   162.21	
1928	 10	    77.08	
1928	 11	    55.97	
1928	 12	    25.78	
1929	  1	    32.99	
1929	  2	    10.32	
1929	  3	     0.00	
1929	  4	     0.00	
1929	  5	   398.48	
1929	  6	   444.78	
1929	  7	   549.02	
1929	  8	   388.06	
1929	  9	   162.18	
1929	 10	    76.98	
1929	 11	    66.46	
1929	 12	    38.66	
1930	  1	    25.33	
1930	  2	     7.18	
1930	  3	     0.00	
1930	  4	     0.00	
1930	  5	   397.74	
1930	  6	   447.87	
1930	  7	   549.02	
1930	  8	   388.06	
1930	  9	   162.04	
1930	 10	    76.87	
1930	 11	    64.41	
1930	 12	    39.44	
1931	  1	    25.02	
1931	  2	    10.92	
1931	  3	     0.00	
1931	  4	     0.00	
1931	  5	   395.35	
1931	  6	   446.99	
1931	  7	   549.02	
1931	  8	   387.90	
1931	  9	   162.14	
1931	 10	    77.06	
1931	 11	    59.09	
1931	 12	    21.16	
1932	  1	    28.70	
1932	  2	     7.72	
1932	  3	     0.00	
1932	  4	     0.00	
1932	  5	   397.22	
1932	  6	   447.87	
1932	  7	   548.94	
1932	  8	   388.06	
1932	  9	   162.21	
1932	 10	    77.08	
1932	 11	    66.27	
1932	 12	    37.17	
1933	  1	    19.85	
1933	  2	    11.63	
1933	  3	     0.00	
1933	  4	     0.00	
1933	  5	   396.77	
1933	  6	   447.68	
1933	  7	   549.02	
1933	  8	   388.06	
1933	  9	   162.21	
1933	 10	    76.75	
1933	 11	    66.46	
1933	 12	    28.59	
1934	  1	    30.49	
1934	  2	     7.21	
1934	  3	     0.00	
1934	  4	     0.00	
1934	  5	   398.37	
1934	  6	   446.46	
1934	  7	   549.02	
1934	  8	   387.96	
1934	  9	   162.20	
1934	 10	    76.27	
1934	 11	    58.21	
1934	 12	    32.08	
1935	  1	    22.75	
1935	  2	    11.39	
1935	  3	     0.00	
1935	  4	     0.00	
1935	  5	   398.48	
1935	  6	   447.87	
1935	  7	   549.02	
1935	  8	   387.67	
1935	  9	   162.19	
1935	 10	    76.43	
1935	 11	    62.65	
1935	 12	    36.94	
1936	  1	    33.26	
1936	  2	     0.00	
1936	  3	     0.00	
1936	  4	     0.00	
1936	  5	   397.69	
1936	  6	   447.63	
1936	  7	   548.93	
1936	  8	   387.91	
1936	  9	   162.21	
1936	 10	    73.76	
1936	 11	    66.46	
1936	 12	    27.97	
1937	  1	    29.13	
1937	  2	     5.08	
1937	  3	     0.00	
1937	  4	     0.00	
1937	  5	   398.48	
1937	  6	   447.87	
1937	  7	   549.02	
1937	  8	   388.06	
1937	  9	   162.21	
1937	 10	    76.98	
1937	 11	    65.07	
1937	 12	    28.48	
1938	  1	    25.08	
1938	  2	     0.00	
1938	  3	     0.00	
1938	  4	     0.00	
1938	  5	   398.19	
1938	  6	   447.87	
1938	  7	   548.96	
1938	  8	   388.06	
1938	  9	   161.69	
1938	 10	    73.31	
1938	 11	    66.29	
1938	 12	    37.69	
1939	  1	    33.16	
1939	  2	    10.31	
1939	  3	     0.00	
1939	  4	     0.00	
1939	  5	   397.95	
1939	  6	   447.86	
1939	  7	   549.02	
1939	  8	   388.05	
1939	  9	   159.23	
1939	 10	    76.71	
1939	 11	    66.08	
1939	 12	    38.96	
1940	  1	    10.30	
1940	  2	     0.15	
1940	  3	     0.00	
1940	  4	     0.00	
1940	  5	   398.44	
1940	  6	   447.87	
1940	  7	   549.02	
1940	  8	   388.06	
1940	  9	   162.21	
1940	 10	    75.67	
1940	 11	    66.37	
1940	 12	    19.03	
1941	  1	    22.53	
1941	  2	     0.00	
1941	  3	     0.00	
1941	  4	     0.00	
1941	  5	   398.46	
1941	  6	   447.87	
1941	  7	   549.02	
1941	  8	   388.05	
1941	  9	   162.21	
1941	 10	    73.09	
1941	 11	    64.43	
1941	 12	    30.98	
1942	  1	    28.61	
1942	  2	     9.55	
1942	  3	     0.00	
1942	  4	     0.00	
1942	  5	   395.33	
1942	  6	   447.87	
1942	  7	   549.02	
1942	  8	   388.06	
1942	  9	   162.21	
1942	 10	    76.45	
1942	 11	    65.34	
1942	 12	    36.72	
1943	  1	    29.51	
1943	  2	    10.84	
1943	  3	     0.00	
1943	  4	     0.00	
1943	  5	   398.48	
1943	  6	   447.87	
1943	  7	   549.02	
1943	  8	   388.06	
1943	  9	   162.21	
1943	 10	    76.62	
1943	 11	    65.31	
1943	 12	    35.07	
1944	  1	    29.48	
1944	  2	     4.85	
1944	  3	     0.00	
1944	  4	     0.00	
1944	  5	   396.74	
1944	  6	   447.32	
1944	  7	   549.02	
1944	  8	   388.06	
1944	  9	   161.94	
1944	 10	    76.46	
1944	 11	    58.28	
1944	 12	    35.64	
1945	  1	    33.88	
1945	  2	     7.18	
1945	  3	     0.00	
1945	  4	     0.00	
1945	  5	   397.67	
1945	  6	   447.86	
1945	  7	   549.02	
1945	  8	   387.85	
1945	  9	   162.21	
1945	 10	    63.49	
1945	 11	    59.16	
1945	 12	    32.06	
1946	  1	    33.60	
1946	  2	     9.92	
1946	  3	     0.00	
1946	  4	     0.00	
1946	  5	   393.04	
1946	  6	   447.87	
1946	  7	   548.90	
1946	  8	   388.06	
1946	  9	   162.21	
1946	 10	    75.97	
1946	 11	    54.77	
1946	 12	    33.55	
1947	  1	    33.85	
1947	  2	    10.12	
1947	  3	     0.00	
1947	  4	     0.00	
1947	  5	   396.96	
1947	  6	   447.38	
1947	  7	   549.02	
1947	  8	   388.06	
1947	  9	   162.10	
1947	 10	    74.51	
1947	 11	    64.89	
1947	 12	    38.83	
1948	  1	    34.31	
1948	  2	    11.14	
1948	  3	     0.00	
1948	  4	     0.00	
1948	  5	   393.56	
1948	  6	   447.86	
1948	  7	   549.02	
1948	  8	   388.06	
1948	  9	   162.21	
1948	 10	    76.17	
1948	 11	    66.45	
1948	 12	    34.50	
1949	  1	    32.94	
1949	  2	    10.19	
1949	  3	     0.00	
1949	  4	     0.00	
1949	  5	   393.45	
1949	  6	   447.87	
1949	  7	   549.02	
1949	  8	   388.06	
1949	  9	   162.21	
1949	 10	    77.08	
1949	 11	    60.83	
1949	 12	    35.81	
1950	  1	    26.62	
1950	  2	    11.00	
1950	  3	     0.00	
1950	  4	     0.00	
1950	  5	   398.35	
1950	  6	   447.87	
1950	  7	   548.88	
1950	  8	   388.06	
1950	  9	   160.25	
1950	 10	    74.83	
1950	 11	    59.97	
1950	 12	    34.42	
1951	  1	    31.31	
1951	  2	    10.35	
1951	  3	     0.00	
1951	  4	     0.00	
1951	  5	   398.47	
1951	  6	   447.87	
1951	  7	   549.02	
1951	  8	   388.06	
1951	  9	   162.21	
1951	 10	    75.83	
1951	 11	    59.48	
1951	 12	    25.21	
1952	  1	    16.10	
1952	  2	    11.41	
1952	  3	     0.00	
1952	  4	     0.00	
1952	  5	   398.39	
1952	  6	   447.87	
1952	  7	   549.02	
1952	  8	   388.06	
1952	  9	   161.67	
1952	 10	    77.07	
1952	 11	    60.61	
1952	 12	    25.68	
1953	  1	    33.60	
1953	  2	    11.79	
1953	  3	     0.00	
1953	  4	     0.00	
1953	  5	   397.51	
1953	  6	   447.51	
1953	  7	   549.02	
1953	  8	   388.06	
1953	  9	   162.21	
1953	 10	    77.04	
1953	 11	    62.91	
1953	 12	    39.04	
1954	  1	    27.95	
1954	  2	    10.16	
1954	  3	     0.00	
1954	  4	     0.00	
1954	  5	   397.04	
1954	  6	   447.72	
1954	  7	   549.02	
1954	  8	   388.06	
1954	  9	   162.21	
1954	 10	    77.08	
1954	 11	    60.92	
1954	 12	    34.28	
1955	  1	    20.14	
1955	  2	    11.20	
1955	  3	     0.00	
1955	  4	     0.00	
1955	  5	   393.92	
1955	  6	   447.77	
1955	  7	   549.02	
1955	  8	   388.06	
1955	  9	   162.21	
1955	 10	    77.01	
1955	 11	    64.09	
1955	 12	     8.93	
1956	  1	    19.43	
1956	  2	    11.59	
1956	  3	     0.00	
1956	  4	     0.00	
1956	  5	   395.42	
1956	  6	   447.87	
1956	  7	   549.02	
1956	  8	   388.06	
1956	  9	   161.68	
1956	 10	    76.49	
1956	 11	    66.46	
1956	 12	    39.16	
1957	  1	    27.17	
1957	  2	     9.12	
1957	  3	     0.00	
1957	  4	     0.00	
1957	  5	   392.10	
1957	  6	   447.04	
1957	  7	   549.02	
1957	  8	   388.06	
1957	  9	   161.98	
1957	 10	    73.61	
1957	 11	    65.78	
1957	 12	    32.68	
1958	  1	    22.08	
1958	  2	     0.00	
1958	  3	     0.00	
1958	  4	     0.00	
1958	  5	   396.95	
1958	  6	   447.67	
1958	  7	   548.89	
1958	  8	   388.06	
1958	  9	   160.63	
1958	 10	    77.06	
1958	 11	    66.22	
1958	 12	    39.01	
1959	  1	    27.60	
1959	  2	     2.57	
1959	  3	     0.00	
1959	  4	     0.00	
1959	  5	   398.46	
1959	  6	   447.87	
1959	  7	   549.02	
1959	  8	   387.81	
1959	  9	   156.58	
1959	 10	    77.08	
1959	 11	    66.46	
1959	 12	    38.80	
1960	  1	    28.83	
1960	  2	     2.44	
1960	  3	     0.00	
1960	  4	     0.00	
1960	  5	   398.44	
1960	  6	   447.87	
1960	  7	   549.02	
1960	  8	   388.06	
1960	  9	   161.98	
1960	 10	    77.06	
1960	 11	    55.26	
1960	 12	    39.08	
1961	  1	    28.10	
1961	  2	    11.14	
1961	  3	     0.00	
1961	  4	     0.00	
1961	  5	   395.04	
1961	  6	   447.85	
1961	  7	   548.93	
1961	  8	   388.01	
1961	  9	   162.21	
1961	 10	    77.08	
1961	 11	    59.39	
1961	 12	    35.48	
1962	  1	    29.16	
1962	  2	     0.00	
1962	  3	     0.00	
1962	  4	     0.00	
1962	  5	   398.46	
1962	  6	   447.87	
1962	  7	   549.02	
1962	  8	   388.06	
1962	  9	   162.21	
1962	 10	    76.61	
1962	 11	    66.10	
1962	 12	    33.93	
1963	  1	    28.80	
1963	  2	     0.00	
1963	  3	     0.00	
1963	  4	     0.00	
1963	  5	   397.45	
1963	  6	   447.43	
1963	  7	   549.02	
1963	  8	   388.06	
1963	  9	   161.99	
1963	 10	    73.47	
1963	 11	    60.71	
1963	 12	    39.23	
1964	  1	    33.24	
1964	  2	    11.80	
1964	  3	     0.00	
1964	  4	     0.00	
1964	  5	   398.34	
1964	  6	   445.88	
1964	  7	   549.02	
1964	  8	   388.02	
1964	  9	   161.43	
1964	 10	    64.82	
1964	 11	    61.86	
1964	 12	    26.57	
1965	  1	    32.74	
1965	  2	    11.51	
1965	  3	     0.00	
1965	  4	     0.00	
1965	  5	   398.48	
1965	  6	   447.87	
1965	  7	   549.02	
1965	  8	   386.67	
1965	  9	   162.21	
1965	 10	    76.91	
1965	 11	    40.39	
1965	 12	    33.80	
1966	  1	    33.05	
1966	  2	    11.14	
1966	  3	     0.00	
1966	  4	     0.00	
1966	  5	   396.67	
1966	  6	   447.87	
1966	  7	   548.17	
1966	  8	   388.06	
1966	  9	   161.99	
1966	 10	    77.08	
1966	 11	    58.46	
1966	 12	    25.79	
1967	  1	    24.38	
1967	  2	    11.59	
1967	  3	     0.00	
1967	  4	     0.00	
1967	  5	   398.12	
1967	  6	   447.32	
1967	  7	   549.02	
1967	  8	   388.06	
1967	  9	   162.12	
1967	 10	    76.94	
1967	 11	    60.40	
1967	 12	    36.41	
1968	  1	    32.40	
1968	  2	     9.53	
1968	  3	     0.00	
1968	  4	     0.00	
1968	  5	   397.79	
1968	  6	   447.87	
1968	  7	   549.02	
1968	  8	   388.05	
1968	  9	   162.21	
1968	 10	    75.93	
1968	 11	    58.42	
1968	 12	    31.62	
1969	  1	     7.72	
1969	  2	     0.00	
1969	  3	     0.00	
1969	  4	     0.00	
1969	  5	   398.48	
1969	  6	   447.87	
1969	  7	   549.00	
1969	  8	   388.06	
1969	  9	   156.37	
1969	 10	    71.72	
1969	 11	    64.25	
1969	 12	    37.91	
1970	  1	    18.83	
1970	  2	    11.34	
1970	  3	     0.00	
1970	  4	     0.00	
1970	  5	   398.48	
1970	  6	   447.80	
1970	  7	   549.02	
1970	  8	   388.06	
1970	  9	   162.21	
1970	 10	    76.34	
1970	 11	    55.29	
1970	 12	    31.02	
1971	  1	    33.49	
1971	  2	    11.55	
1971	  3	     0.00	
1971	  4	     0.00	
1971	  5	   393.08	
1971	  6	   447.87	
1971	  7	   549.02	
1971	  8	   388.06	
1971	  9	   162.14	
1971	 10	    76.49	
1971	 11	    64.31	
1971	 12	    33.74	
1972	  1	    33.68	
1972	  2	    11.57	
1972	  3	     0.00	
1972	  4	     0.00	
1972	  5	   398.47	
1972	  6	   447.81	
1972	  7	   549.02	
1972	  8	   388.06	
1972	  9	   161.92	
1972	 10	    75.76	
1972	 11	    39.59	
1972	 12	    37.26	
1973	  1	    20.15	
1973	  2	     0.00	
1973	  3	     0.00	
1973	  4	     0.00	
1973	  5	   398.48	
1973	  6	   447.86	
1973	  7	   549.02	
1973	  8	   388.06	
1973	  9	   162.11	
1973	 10	    72.89	
1973	 11	    61.75	
1973	 12	    30.94	
1974	  1	    27.87	
1974	  2	    11.54	
1974	  3	     0.00	
1974	  4	     0.00	
1974	  5	   398.48	
1974	  6	   447.87	
1974	  7	   546.93	
1974	  8	   388.06	
1974	  9	   162.21	
1974	 10	    74.69	
1974	 11	    65.02	
1974	 12	    31.04	
1975	  1	    34.01	
1975	  2	     2.35	
1975	  3	     0.00	
1975	  4	     0.00	
1975	  5	   398.48	
1975	  6	   447.87	
1975	  7	   548.83	
1975	  8	   386.93	
1975	  9	   162.13	
1975	 10	    73.87	
1975	 11	    66.12	
1975	 12	    39.21	
1976	  1	    34.01	
1976	  2	     9.24	
1976	  3	     0.00	
1976	  4	     0.00	
1976	  5	   398.48	
1976	  6	   447.48	
1976	  7	   549.01	
1976	  8	   384.40	
1976	  9	   153.92	
1976	 10	    75.03	
1976	 11	    64.19	
1976	 12	    37.89	
1977	  1	    33.13	
1977	  2	    11.58	
1977	  3	     0.00	
1977	  4	     0.00	
1977	  5	   393.14	
1977	  6	   446.65	
1977	  7	   549.02	
1977	  8	   388.06	
1977	  9	   161.92	
1977	 10	    76.80	
1977	 11	    65.61	
1977	 12	    27.70	
1978	  1	    11.82	
1978	  2	     0.00	
1978	  3	     0.00	
1978	  4	     0.00	
1978	  5	   397.80	
1978	  6	   447.87	
1978	  7	   549.02	
1978	  8	   388.06	
1978	  9	   160.88	
1978	 10	    77.07	
1978	 11	    59.86	
1978	 12	    38.61	
1979	  1	    23.11	
1979	  2	     2.08	
1979	  3	     0.00	
1979	  4	     0.00	
1979	  5	   397.52	
1979	  6	   447.87	
1979	  7	   548.93	
1979	  8	   388.06	
1979	  9	   162.21	
1979	 10	    75.69	
1979	 11	    64.31	
1979	 12	    38.17	
1980	  1	    19.34	
1980	  2	     0.06	
1980	  3	     0.00	
1980	  4	     0.00	
1980	  5	   397.03	
1980	  6	   447.87	
1980	  7	   549.02	
1980	  8	   388.06	
1980	  9	   162.21	
1980	 10	    76.96	
1980	 11	    66.41	
1980	 12	    38.64	
1981	  1	    27.28	
1981	  2	    10.51	
1981	  3	     0.00	
1981	  4	     0.00	
1981	  5	   398.48	
1981	  6	   447.87	
1981	  7	   549.02	
1981	  8	   388.06	
1981	  9	   162.21	
1981	 10	    75.47	
1981	 11	    51.26	
1981	 12	    38.32	
1982	  1	    28.19	
1982	  2	     9.20	
1982	  3	     0.00	
1982	  4	     0.00	
1982	  5	   398.48	
1982	  6	   447.31	
1982	  7	   549.02	
1982	  8	   388.06	
1982	  9	   159.62	
1982	 10	    74.94	
1982	 11	    52.76	
1982	 12	    34.21	
1983	  1	    13.55	
1983	  2	     4.26	
1983	  3	     0.00	
1983	  4	     0.00	
1983	  5	   397.41	
1983	  6	   447.87	
1983	  7	   549.02	
1983	  8	   387.57	
1983	  9	   150.72	
1983	 10	    76.12	
1983	 11	    55.75	
1983	 12	    27.73	
1984	  1	    34.09	
1984	  2	    10.81	
1984	  3	     0.00	
1984	  4	     0.00	
1984	  5	   398.48	
1984	  6	   447.77	
1984	  7	   549.02	
1984	  8	   388.06	
1984	  9	   162.21	
1984	 10	    75.52	
1984	 11	    53.61	
1984	 12	    33.45	
1985	  1	    33.39	
1985	  2	    11.51	
1985	  3	     0.00	
1985	  4	     0.00	
1985	  5	   398.48	
1985	  6	   447.17	
1985	  7	   549.02	
1985	  8	   388.02	
1985	  9	   162.15	
1985	 10	    76.03	
1985	 11	    51.01	
1985	 12	    37.00	
1986	  1	    32.01	
1986	  2	     0.00	
1986	  3	     0.00	
1986	  4	     0.00	
1986	  5	   398.28	
1986	  6	   447.87	
1986	  7	   549.02	
1986	  8	   388.06	
1986	  9	   159.92	
1986	 10	    77.08	
1986	 11	    66.46	
1986	 12	    38.54	
1987	  1	    29.12	
1987	  2	     3.18	
1987	  3	     0.00	
1987	  4	     0.00	
1987	  5	   397.93	
1987	  6	   447.86	
1987	  7	   549.02	
1987	  8	   388.06	
1987	  9	   162.21	
1987	 10	    74.52	
1987	 11	    65.46	
1987	 12	    29.90	
1988	  1	    28.53	
1988	  2	    11.32	
1988	  3	     0.00	
1988	  4	     0.00	
1988	  5	   395.94	
1988	  6	   446.45	
1988	  7	   549.02	
1988	  8	   388.06	
1988	  9	   162.21	
1988	 10	    77.08	
1988	 11	    64.39	
1988	 12	    33.23	
1989	  1	    33.35	
1989	  2	    10.68	
1989	  3	     0.00	
1989	  4	     0.00	
1989	  5	   398.44	
1989	  6	   447.87	
1989	  7	   549.02	
1989	  8	   387.46	
1989	  9	   156.42	
1989	 10	    74.74	
1989	 11	    65.56	
1989	 12	    39.42	
1990	  1	    28.41	
1990	  2	     9.54	
1990	  3	     0.00	
1990	  4	     0.00	
1990	  5	   388.54	
1990	  6	   447.87	
1990	  7	   549.02	
1990	  8	   388.06	
1990	  9	   161.94	
1990	 10	    76.81	
1990	 11	    65.25	
1990	 12	    38.56	
1991	  1	    33.99	
1991	  2	     8.47	
1991	  3	     0.00	
1991	  4	     0.00	
1991	  5	   397.00	
1991	  6	   447.62	
1991	  7	   549.02	
1991	  8	   387.03	
1991	  9	   162.21	
1991	 10	    75.99	
1991	 11	    65.68	
1991	 12	    37.82	
1992	  1	    30.96	
1992	  2	     0.00	
1992	  3	     0.00	
1992	  4	     0.00	
1992	  5	   398.48	
1992	  6	   447.82	
1992	  7	   546.46	
1992	  8	   388.06	
1992	  9	   162.21	
1992	 10	    76.28	
1992	 11	    66.40	
1992	 12	    32.71	
1993	  1	     6.08	
1993	  2	     0.00	
1993	  3	     0.00	
1993	  4	     0.00	
1993	  5	   395.70	
1993	  6	   445.87	
1993	  7	   549.02	
1993	  8	   388.06	
1993	  9	   162.21	
1993	 10	    76.79	
1993	 11	    64.81	
1993	 12	    37.42	
1994	  1	    28.24	
1994	  2	     3.21	
1994	  3	     0.00	
1994	  4	     0.00	
1994	  5	   391.86	
1994	  6	   447.87	
1994	  7	   549.02	
1994	  8	   388.06	
1994	  9	   161.85	
1994	 10	    76.13	
1994	 11	    61.05	
1994	 12	    38.27	
1995	  1	     2.00	
1995	  2	    11.45	
1995	  3	     0.00	
1995	  4	     0.00	
1995	  5	   395.13	
1995	  6	   447.12	
1995	  7	   548.88	
1995	  8	   388.06	
1995	  9	   162.21	
1995	 10	    77.08	
1995	 11	    66.46	
1995	 12	    31.17	
1996	  1	    23.22	
1996	  2	     0.00	
1996	  3	     0.00	
1996	  4	     0.00	
1996	  5	   393.91	
1996	  6	   447.47	
1996	  7	   549.02	
1996	  8	   388.06	
1996	  9	   162.21	
1996	 10	    71.20	
1996	 11	    57.66	
1996	 12	    20.90	
1997	  1	     8.40	
1997	  2	    11.63	
1997	  3	     0.00	
1997	  4	     0.00	
1997	  5	   397.75	
1997	  6	   447.87	
1997	  7	   549.02	
1997	  8	   388.05	
1997	  9	   162.18	
1997	 10	    76.92	
1997	 11	    53.32	
1997	 12	    30.11	
1998	  1	    15.88	
1998	  2	     0.00	
1998	  3	     0.00	
1998	  4	     0.00	
1998	  5	   379.12	
1998	  6	   445.52	
1998	  7	   549.02	
1998	  8	   388.06	
1998	  9	   162.00	
1998	 10	    75.72	
1998	 11	    63.36	
1998	 12	    38.64	
1999	  1	    29.90	
1999	  2	     8.05	
1999	  3	     0.00	
1999	  4	     0.00	
1999	  5	   398.07	
1999	  6	   447.85	
1999	  7	   549.02	
1999	  8	   388.06	
1999	  9	   162.21	
1999	 10	    77.08	
1999	 11	    65.04	
1999	 12	    38.92	
2000	  1	    19.41	
2000	  2	     1.18	
2000	  3	     0.00	
2000	  4	     0.00	
2000	  5	   397.75	
2000	  6	   447.03	
2000	  7	   549.02	
2000	  8	   388.06	
2000	  9	   161.85	
2000	 10	    64.73	
2000	 11	    65.83	
2000	 12	    39.18	
2001	  1	    26.28	
2001	  2	     6.50	
2001	  3	     0.00	
2001	  4	     0.00	
2001	  5	   398.48	
2001	  6	   447.87	
2001	  7	   549.02	
2001	  8	   388.06	
2001	  9	   161.88	
2001	 10	    76.46	
2001	 11	    60.99	
2001	 12	    29.79	
2002	  1	    32.29	
2002	  2	    11.65	
2002	  3	     0.00	
2002	  4	     0.00	
2002	  5	   397.39	
2002	  6	   447.79	
2002	  7	   549.02	
2002	  8	   388.06	
2002	  9	   162.05	
2002	 10	    77.08	
2002	 11	    60.82	
2002	 12	    22.26	
2003	  1	    33.37	
2003	  2	     9.60	
2003	  3	     0.00	
2003	  4	     0.00	
2003	  5	   395.89	
2003	  6	   447.87	
2003	  7	   549.02	
2003	  8	   387.65	
2003	  9	   162.21	
2003	 10	    77.00	
2003	 11	    63.49	
2003	 12	    25.80	
2004	  1	    30.35	
2004	  2	     2.21	
2004	  3	     0.00	
2004	  4	     0.00	
2004	  5	   397.56	
2004	  6	   447.87	
2004	  7	   549.02	
2004	  8	   388.06	
2004	  9	   161.98	
2004	 10	    66.71	
2004	 11	    56.08	
2004	 12	    28.52	
2005	  1	    25.89	
2005	  2	     3.17	
2005	  3	     0.00	
2005	  4	     0.00	
2005	  5	   391.16	
2005	  6	   447.53	
2005	  7	   549.02	
2005	  8	   387.81	
2005	  9	   161.74	
2005	 10	    76.89	
2005	 11	    65.93	
2005	 12	    29.59	
