1922  1  14.81625
1922  2  13.17
1922  3  11.52375
1922  4  11.3481673365
1922  5  16.4625
1922  6  16.4625
1922  7  16.4625
1922  8  16.4625
1922  9  11.2550683391
1922  10  3.94712880012
1922  11  14.81625
1922  12  14.81625
1923  1  14.81625
1923  2  2.87081966423
1923  3  6.08100274032
1923  4  11.52375
1923  5  16.4625
1923  6  16.4625
1923  7  16.4625
1923  8  16.4625
1923  9  14.3531693004
1923  10  5.96910734769
1923  11  6.6413448774
1923  12  14.6596382293
1924  1  14.81625
1924  2  3.81609189481
1924  3  11.52375
1924  4  4.2853127432
1924  5  16.4625
1924  6  16.4625
1924  7  16.4625
1924  8  16.4625
1924  9  11.029875
1924  10  14.81625
1924  11  14.81625
1924  12  14.81625
1925  1  14.81625
1925  2  13.17
1925  3  11.3393629717
1925  4  11.52375
1925  5  16.4625
1925  6  16.4625
1925  7  16.4625
1925  8  16.4625
1925  9  11.0515616243
1925  10  12.5517922769
1925  11  14.81625
1925  12  12.6087049553
1926  1  14.81625
1926  2  13.17
1926  3  8.2735366287
1926  4  11.52375
1926  5  16.4625
1926  6  16.4625
1926  7  16.4625
1926  8  16.4625
1926  9  11.029875
1926  10  8.53443097055
1926  11  14.81625
1926  12  14.81625
1927  1  14.81625
1927  2  13.17
1927  3  11.52375
1927  4  7.09707527809
1927  5  16.4625
1927  6  16.4625
1927  7  16.4625
1927  8  16.4625
1927  9  11.029875
1927  10  14.81625
1927  11  14.81625
1927  12  14.81625
1928  1  7.65487578319
1928  2  13.17
1928  3  11.52375
1928  4  10.980460866
1928  5  16.4625
1928  6  16.4625
1928  7  16.4625
1928  8  16.4625
1928  9  11.029875
1928  10  3.2925
1928  11  14.81625
1928  12  14.81625
1929  1  14.81625
1929  2  13.17
1929  3  8.94967795365
1929  4  11.52375
1929  5  16.4625
1929  6  16.4625
1929  7  16.4625
1929  8  16.4625
1929  9  11.1003565288
1929  10  4.42984009622
1929  11  3.2925
1929  12  14.81625
1930  1  14.81625
1930  2  13.17
1930  3  11.52375
1930  4  11.52375
1930  5  16.4625
1930  6  16.4625
1930  7  16.4625
1930  8  16.4625
1930  9  11.4331442506
1930  10  5.68218501803
1930  11  14.81625
1930  12  3.2925
1931  1  14.81625
1931  2  13.17
1931  3  11.52375
1931  4  5.35185253216
1931  5  16.4625
1931  6  16.4625
1931  7  16.4625
1931  8  16.4625
1931  9  11.1916859434
1931  10  3.51996801926
1931  11  14.81625
1931  12  14.81625
1932  1  14.81625
1932  2  13.17
1932  3  11.52375
1932  4  7.08064601731
1932  5  16.4625
1932  6  16.4625
1932  7  16.4625
1932  8  16.4625
1932  9  11.029875
1932  10  3.2925
1932  11  4.89748429471
1932  12  14.81625
1933  1  14.81625
1933  2  7.178824401
1933  3  11.52375
1933  4  0.147863347217
1933  5  16.4625
1933  6  16.4625
1933  7  16.4625
1933  8  16.4625
1933  9  11.029875
1933  10  7.05461802948
1933  11  3.2925
1933  12  14.81625
1934  1  14.81625
1934  2  13.17
1934  3  0.328585216057
1934  4  0.682404057739
1934  5  16.4625
1934  6  16.4625
1934  7  16.4625
1934  8  16.4625
1934  9  11.0569832803
1934  10  12.4342458193
1934  11  14.81625
1934  12  14.81625
1935  1  14.81625
1935  2  13.17
1935  3  11.52375
1935  4  11.52375
1935  5  16.4625
1935  6  16.4625
1935  7  16.4625
1935  8  16.4625
1935  9  11.0732482485
1935  10  10.6790392398
1935  11  14.81625
1935  12  14.81625
1936  1  14.81625
1936  2  13.17
1936  3  11.52375
1936  4  11.52375
1936  5  16.4625
1936  6  16.4625
1936  7  16.4625
1936  8  16.4625
1936  9  11.029875
1936  10  14.81625
1936  11  3.2925
1936  12  14.81625
1937  1  14.81625
1937  2  13.17
1937  3  11.52375
1937  4  10.9122021908
1937  5  16.4625
1937  6  16.4625
1937  7  16.4625
1937  8  16.4625
1937  9  11.029875
1937  10  4.46269861781
1937  11  14.5256625108
1937  12  14.81625
1938  1  14.81625
1938  2  13.17
1938  3  11.52375
1938  4  11.52375
1938  5  16.4625
1938  6  16.4625
1938  7  16.4625
1938  8  16.4625
1938  9  12.220901568
1938  10  14.81625
1938  11  4.66239137946
1938  12  14.81625
1939  1  14.81625
1939  2  13.17
1939  3  11.52375
1939  4  11.52375
1939  5  16.4625
1939  6  16.4625
1939  7  16.4625
1939  8  16.4625
1939  9  14.8327125
1939  10  7.45146192078
1939  11  6.34815981496
1939  12  10.3213166029
1940  1  14.81625
1940  2  13.17
1940  3  11.52375
1940  4  11.52375
1940  5  16.4625
1940  6  16.4625
1940  7  16.4625
1940  8  16.4625
1940  9  11.029875
1940  10  14.81625
1940  11  4.05705036174
1940  12  14.81625
1941  1  14.81625
1941  2  13.17
1941  3  11.52375
1941  4  11.52375
1941  5  16.4625
1941  6  16.4625
1941  7  16.4625
1941  8  16.4625
1941  9  11.029875
1941  10  14.81625
1941  11  14.81625
1941  12  14.81625
1942  1  14.81625
1942  2  13.17
1942  3  11.52375
1942  4  11.52375
1942  5  16.4625
1942  6  16.4625
1942  7  16.4625
1942  8  16.4625
1942  9  11.029875
1942  10  10.3604378573
1942  11  12.3356702544
1942  12  14.81625
1943  1  14.81625
1943  2  13.17
1943  3  11.52375
1943  4  11.52375
1943  5  16.4625
1943  6  16.4625
1943  7  16.4625
1943  8  16.4625
1943  9  11.029875
1943  10  8.43077214173
1943  11  12.6124260561
1943  12  14.81625
1944  1  14.81625
1944  2  13.17
1944  3  8.40497071513
1944  4  11.52375
1944  5  16.4625
1944  6  16.4625
1944  7  16.4625
1944  8  16.4625
1944  9  11.6574988511
1944  10  10.2391702989
1944  11  14.81625
1944  12  14.81625
1945  1  9.74883410679
1945  2  13.17
1945  3  11.52375
1945  4  2.97605514295
1945  5  16.4625
1945  6  16.4625
1945  7  16.4625
1945  8  16.4625
1945  9  11.029875
1945  10  14.81625
1945  11  14.81625
1945  12  14.81625
1946  1  13.9494589139
1946  2  13.17
1946  3  11.52375
1946  4  1.5922761347
1946  5  16.4625
1946  6  16.4625
1946  7  16.4625
1946  8  16.4625
1946  9  11.029875
1946  10  14.81625
1946  11  14.81625
1946  12  14.81625
1947  1  10.1709116236
1947  2  13.17
1947  3  11.52375
1947  4  6.32117891955
1947  5  16.4625
1947  6  16.4625
1947  7  16.4625
1947  8  16.4625
1947  9  11.2875982754
1947  10  14.81625
1947  11  14.81625
1947  12  12.3773331409
1948  1  3.44036334722
1948  2  13.17
1948  3  11.52375
1948  4  11.52375
1948  5  16.4625
1948  6  16.4625
1948  7  16.4625
1948  8  16.4625
1948  9  11.029875
1948  10  13.5387273939
1948  11  3.42393408644
1948  12  14.81625
1949  1  14.81625
1949  2  13.17
1949  3  11.52375
1949  4  0.0
1949  5  16.4625
1949  6  16.4625
1949  7  16.4625
1949  8  16.4625
1949  9  11.029875
1949  10  3.2925
1949  11  14.81625
1949  12  14.81625
1950  1  14.81625
1950  2  13.17
1950  3  11.52375
1950  4  11.52375
1950  5  16.4625
1950  6  16.4625
1950  7  16.4625
1950  8  16.4625
1950  9  14.8327125
1950  10  14.81625
1950  11  14.81625
1950  12  14.81625
1951  1  14.81625
1951  2  13.17
1951  3  11.52375
1951  4  11.52375
1951  5  16.4625
1951  6  16.4625
1951  7  16.4625
1951  8  16.4625
1951  9  11.029875
1951  10  14.81625
1951  11  14.81625
1951  12  14.81625
1952  1  14.81625
1952  2  13.17
1952  3  11.52375
1952  4  11.52375
1952  5  16.4625
1952  6  16.4625
1952  7  16.4625
1952  8  16.4625
1952  9  12.263436078
1952  10  3.40750482562
1952  11  14.81625
1952  12  14.81625
1953  1  14.0012883284
1953  2  2.51445919056
1953  3  5.30764801377
1953  4  11.52375
1953  5  16.4625
1953  6  16.4625
1953  7  16.4625
1953  8  16.4625
1953  9  11.029875
1953  10  3.7689485633
1953  11  14.81625
1953  12  9.13723035628
1954  1  14.81625
1954  2  13.17
1954  3  11.52375
1954  4  11.52375
1954  5  16.4625
1954  6  16.4625
1954  7  16.4625
1954  8  16.4625
1954  9  11.029875
1954  10  3.2925
1954  11  14.81625
1954  12  14.81625
1955  1  14.81625
1955  2  13.17
1955  3  6.33878764915
1955  4  11.52375
1955  5  16.4625
1955  6  16.4625
1955  7  16.4625
1955  8  16.4625
1955  9  11.029875
1955  10  4.04062110093
1955  11  14.81625
1955  12  14.81625
1956  1  14.81625
1956  2  8.45014021565
1956  3  0.0164292608121
1956  4  11.52375
1956  5  16.4625
1956  6  16.4625
1956  7  16.4625
1956  8  16.4625
1956  9  12.2525927659
1956  10  9.93463923961
1956  11  3.2925
1956  12  7.44129539276
1957  1  14.81625
1957  2  13.17
1957  3  11.52375
1957  4  11.52375
1957  5  16.4625
1957  6  16.4625
1957  7  16.4625
1957  8  16.4625
1957  9  11.5553261245
1957  10  14.81625
1957  11  8.79984077541
1957  12  14.81625
1958  1  14.81625
1958  2  13.17
1958  3  11.52375
1958  4  11.52375
1958  5  16.4625
1958  6  16.4625
1958  7  16.4625
1958  8  16.4625
1958  9  14.6663370997
1958  10  3.51996801926
1958  11  5.27907839398
1958  12  9.71343395318
1959  1  14.81625
1959  2  13.17
1959  3  2.29110945322
1959  4  9.3338136849
1959  5  16.4625
1959  6  16.4625
1959  7  16.4625
1959  8  16.4625
1959  9  14.8327125
1959  10  3.2925
1959  11  3.2925
1959  12  12.7577477713
1960  1  14.81625
1960  2  13.17
1960  3  11.52375
1960  4  11.52375
1960  5  16.4625
1960  6  16.4625
1960  7  16.4625
1960  8  16.4625
1960  9  11.5553261245
1960  10  3.47322186884
1960  11  14.81625
1960  12  8.57609385696
1961  1  14.81625
1961  2  13.17
1961  3  11.52375
1961  4  6.41721285238
1961  5  16.4625
1961  6  16.4625
1961  7  16.4625
1961  8  16.4625
1961  9  11.029875
1961  10  3.32535852159
1961  11  14.81625
1961  12  14.81625
1962  1  14.81625
1962  2  13.17
1962  3  11.52375
1962  4  0.0
1962  5  16.4625
1962  6  16.4625
1962  7  16.4625
1962  8  16.4625
1962  9  11.029875
1962  10  8.61403564256
1962  11  6.18640883892
1962  12  14.81625
1963  1  14.81625
1963  2  13.17
1963  3  11.52375
1963  4  11.52375
1963  5  16.4625
1963  6  16.4625
1963  7  16.4625
1963  8  16.4625
1963  9  11.5298953212
1963  10  14.81625
1963  11  14.81625
1963  12  6.41641849017
1964  1  14.81625
1964  2  2.11761529929
1964  3  11.52375
1964  4  11.3861091221
1964  5  16.4625
1964  6  16.4625
1964  7  16.4625
1964  8  16.4625
1964  9  12.8314217124
1964  10  14.81625
1964  11  14.81625
1964  12  14.81625
1965  1  14.81625
1965  2  10.9168882737
1965  3  11.52375
1965  4  11.52375
1965  5  16.4625
1965  6  16.4625
1965  7  16.4625
1965  8  16.4625
1965  9  11.029875
1965  10  5.16407356835
1965  11  14.81625
1965  12  14.81625
1966  1  14.81625
1966  2  13.17
1966  3  1.69085169951
1966  4  4.82865781847
1966  5  16.4625
1966  6  16.4625
1966  7  16.4625
1966  8  16.4625
1966  9  11.5290565827
1966  10  3.2925
1966  11  14.81625
1966  12  14.81625
1967  1  14.81625
1967  2  8.50314909886
1967  3  11.52375
1967  4  11.52375
1967  5  16.4625
1967  6  16.4625
1967  7  16.4625
1967  8  16.4625
1967  9  11.2396421094
1967  10  4.9176346563
1967  11  14.81625
1967  12  14.81625
1968  1  14.81625
1968  2  13.17
1968  3  11.52375
1968  4  5.77020894825
1968  5  16.4625
1968  6  16.4625
1968  7  16.4625
1968  8  16.4625
1968  9  11.029875
1968  10  14.81625
1968  11  14.81625
1968  12  14.81625
1969  1  14.81625
1969  2  13.17
1969  3  11.52375
1969  4  11.52375
1969  5  16.4625
1969  6  16.4625
1969  7  16.4625
1969  8  16.4625
1969  9  14.8327125
1969  10  14.81625
1969  11  14.81625
1969  12  14.81625
1970  1  14.81625
1970  2  13.17
1970  3  11.52375
1970  4  1.0931355778
1970  5  16.4625
1970  6  16.4625
1970  7  16.4625
1970  8  16.4625
1970  9  11.029875
1970  10  11.6481829327
1970  11  14.81625
1970  12  14.81625
1971  1  14.81625
1971  2  9.56342615503
1971  3  11.52375
1971  4  11.52375
1971  5  16.4625
1971  6  16.4625
1971  7  16.4625
1971  8  16.4625
1971  9  11.1908472048
1971  10  9.95478960122
1971  11  14.81625
1971  12  14.81625
1972  1  12.7033767249
1972  2  8.93793477573
1972  3  0.0
1972  4  6.15180304751
1972  5  16.4625
1972  6  16.4625
1972  7  16.4625
1972  8  16.4625
1972  9  11.7062937557
1972  10  14.81625
1972  11  14.81625
1972  12  14.81625
1973  1  14.81625
1973  2  13.17
1973  3  11.52375
1973  4  1.77808126752
1973  5  16.4625
1973  6  16.4625
1973  7  16.4625
1973  8  16.4625
1973  9  11.2550683391
1973  10  14.81625
1973  11  14.81625
1973  12  14.81625
1974  1  14.81625
1974  2  9.84272358871
1974  3  11.52375
1974  4  11.52375
1974  5  16.4625
1974  6  16.4625
1974  7  16.4625
1974  8  16.4625
1974  9  11.029875
1974  10  14.81625
1974  11  14.81625
1974  12  14.81625
1975  1  7.86591454163
1975  2  13.17
1975  3  11.52375
1975  4  11.52375
1975  5  16.4625
1975  6  16.4625
1975  7  16.4625
1975  8  16.4625
1975  9  11.2079509116
1975  10  14.81625
1975  11  6.03228275891
1975  12  6.6413448774
1976  1  7.77868497362
1976  2  13.17
1976  3  10.3776614803
1976  4  11.52375
1976  5  16.4625
1976  6  16.4625
1976  7  16.4625
1976  8  16.4625
1976  9  14.8327125
1976  10  14.81625
1976  11  14.81625
1976  12  14.81625
1977  1  14.81625
1977  2  8.83173431491
1977  3  10.2071061395
1977  4  0.454936038482
1977  5  16.4625
1977  6  16.4625
1977  7  16.4625
1977  8  16.4625
1977  9  11.7054550172
1977  10  6.47705226938
1977  11  10.1595656268
1977  12  14.81625
1978  1  14.81625
1978  2  13.17
1978  3  11.52375
1978  4  11.52375
1978  5  16.4625
1978  6  16.4625
1978  7  16.4625
1978  8  16.4625
1978  9  14.0796305706
1978  10  3.34178778241
1978  11  14.81625
1978  12  14.81625
1979  1  14.81625
1979  2  13.17
1979  3  11.52375
1979  4  4.50261423441
1979  5  16.4625
1979  6  16.4625
1979  7  16.4625
1979  8  16.4625
1979  9  11.029875
1979  10  14.81625
1979  11  14.81625
1979  12  14.81625
1980  1  14.81625
1980  2  13.17
1980  3  11.52375
1980  4  11.0082361236
1980  5  16.4625
1980  6  16.4625
1980  7  16.4625
1980  8  16.4625
1980  9  11.029875
1980  10  4.62699122584
1980  11  3.71966078087
1980  12  14.81625
1981  1  14.81625
1981  2  13.17
1981  3  11.52375
1981  4  11.52375
1981  5  16.4625
1981  6  16.4625
1981  7  16.4625
1981  8  16.4625
1981  9  11.029875
1981  10  14.81625
1981  11  14.81625
1981  12  14.81625
1982  1  14.81625
1982  2  13.17
1982  3  11.52375
1982  4  11.52375
1982  5  16.4625
1982  6  16.4625
1982  7  16.4625
1982  8  16.4625
1982  9  14.8327125
1982  10  14.81625
1982  11  14.81625
1982  12  14.81625
1983  1  14.81625
1983  2  13.17
1983  3  11.52375
1983  4  11.52375
1983  5  16.4625
1983  6  16.4625
1983  7  16.4625
1983  8  16.4625
1983  9  14.8327125
1983  10  14.1579560404
1983  11  14.81625
1983  12  14.81625
1984  1  6.59714035901
1984  2  13.17
1984  3  8.47577102236
1984  4  2.11547084839
1984  5  16.4625
1984  6  16.4625
1984  7  16.4625
1984  8  16.4625
1984  9  11.029875
1984  10  14.81625
1984  11  14.81625
1984  12  14.81625
1985  1  14.81625
1985  2  10.7741081905
1985  3  11.52375
1985  4  1.99166165796
1985  5  16.4625
1985  6  16.4625
1985  7  16.4625
1985  8  16.4625
1985  9  11.1645776631
1985  10  14.81625
1985  11  14.81625
1985  12  14.81625
1986  1  14.81625
1986  2  13.17
1986  3  11.52375
1986  4  4.9323166473
1986  5  16.4625
1986  6  16.4625
1986  7  16.4625
1986  8  16.4625
1986  9  14.8327125
1986  10  3.2925
1986  11  3.2925
1986  12  14.81625
1987  1  14.81625
1987  2  13.17
1987  3  11.52375
1987  4  2.86613358134
1987  5  16.4625
1987  6  16.4625
1987  7  16.4625
1987  8  16.4625
1987  9  11.029875
1987  10  14.81625
1987  11  11.3600811343
1987  12  14.81625
1988  1  14.81625
1988  2  13.17
1988  3  3.69894261828
1988  4  11.52375
1988  5  16.4625
1988  6  16.4625
1988  7  16.4625
1988  8  16.4625
1988  9  11.029875
1988  10  3.2925
1988  11  14.81625
1988  12  14.81625
1989  1  14.81625
1989  2  13.17
1989  3  11.52375
1989  4  9.15055018407
1989  5  16.4625
1989  6  16.4625
1989  7  16.4625
1989  8  16.4625
1989  9  14.8327125
1989  10  14.81625
1989  11  10.5487846221
1989  12  3.51996801926
1990  1  14.81625
1990  2  13.17
1990  3  11.52375
1990  4  8.00322625429
1990  5  16.4625
1990  6  16.4625
1990  7  16.4625
1990  8  16.4625
1990  9  11.6520771951
1990  10  6.29887203256
1990  11  13.034503573
1990  12  14.81625
1991  1  8.08829929688
1991  2  13.17
1991  3  11.52375
1991  4  10.7428263187
1991  5  16.4625
1991  6  16.4625
1991  7  16.4625
1991  8  16.4625
1991  9  11.029875
1991  10  14.81625
1991  11  9.58454149876
1991  12  14.81625
1992  1  14.81625
1992  2  13.17
1992  3  11.52375
1992  4  0.0328585215934
1992  5  16.4625
1992  6  16.4625
1992  7  16.4625
1992  8  16.4625
1992  9  11.029875
1992  10  12.301632264
1992  11  3.8131530817
1992  12  14.81625
1993  1  14.81625
1993  2  13.17
1993  3  11.52375
1993  4  3.71028861509
1993  5  16.4625
1993  6  16.4625
1993  7  16.4625
1993  8  16.4625
1993  9  11.029875
1993  10  6.57562783419
1993  11  14.81625
1993  12  14.81625
1994  1  14.81625
1994  2  13.17
1994  3  5.02835058012
1994  4  11.52375
1994  5  16.4625
1994  6  16.4625
1994  7  16.4625
1994  8  16.4625
1994  9  11.8510009923
1994  10  14.0253424852
1994  11  14.81625
1994  12  14.81625
1995  1  14.81625
1995  2  12.5938523444
1995  3  11.52375
1995  4  11.52375
1995  5  16.4625
1995  6  16.4625
1995  7  16.4625
1995  8  16.4625
1995  9  11.029875
1995  10  3.2925
1995  11  3.2925
1995  12  14.81625
1996  1  14.81625
1996  2  13.17
1996  3  11.52375
1996  4  11.52375
1996  5  16.4625
1996  6  16.4625
1996  7  16.4625
1996  8  16.4625
1996  9  11.029875
1996  10  14.81625
1996  11  14.81625
1996  12  14.81625
1997  1  14.81625
1997  2  7.19017039781
1997  3  0.682404057739
1997  4  6.36910453875
1997  5  16.4625
1997  6  16.4625
1997  7  16.4625
1997  8  16.4625
1997  9  11.1003565288
1997  10  5.11224415393
1997  11  14.81625
1997  12  14.81625
1998  1  14.81625
1998  2  13.17
1998  3  11.52375
1998  4  11.52375
1998  5  16.4625
1998  6  16.4625
1998  7  16.4625
1998  8  16.4625
1998  9  11.5069807337
1998  10  14.81625
1998  11  14.81625
1998  12  14.81625
1999  1  14.81625
1999  2  13.17
1999  3  11.52375
1999  4  11.52375
1999  5  16.4625
1999  6  16.4625
1999  7  16.4625
1999  8  16.4625
1999  9  11.029875
1999  10  3.2925
1999  11  14.7582137941
1999  12  10.9303787214
2000  1  14.81625
2000  2  13.17
2000  3  11.52375
2000  4  11.52375
2000  5  16.4625
2000  6  16.4625
2000  7  16.4625
2000  8  16.4625
2000  9  11.8518397309
2000  10  14.81625
2000  11  8.41180124893
2000  12  7.14556869829
2001  1  14.81625
2001  2  13.17
2001  3  11.52375
2001  4  11.52375
2001  5  16.4625
2001  6  16.4625
2001  7  16.4625
2001  8  16.4625
2001  9  11.7913627756
2001  10  10.2720288205
2001  11  14.81625
2001  12  14.81625
2002  1  14.81625
2002  2  6.55079138971
2002  3  11.52375
2002  4  3.56242526784
2002  5  16.4625
2002  6  16.4625
2002  7  16.4625
2002  8  16.4625
2002  9  11.4051972318
2002  10  3.2925
2002  11  14.81625
2002  12  14.81625
2003  1  14.81625
2003  2  13.17
2003  3  11.52375
2003  4  11.52375
2003  5  16.4625
2003  6  16.4625
2003  7  16.4625
2003  8  16.4625
2003  9  11.029875
2003  10  4.20237207696
2003  11  14.81625
2003  12  14.81625
2004  1  14.81625
2004  2  13.17
2004  3  9.79129135537
2004  4  1.13734009622
2004  5  16.4625
2004  6  16.4625
2004  7  16.4625
2004  8  16.4625
2004  9  11.5553261245
2004  10  14.81625
2004  11  14.81625
2004  12  14.81625
2005  1  14.81625
2005  2  13.17
2005  3  11.52375
2005  4  11.52375
2005  5  16.4625
2005  6  16.4625
2005  7  16.4625
2005  8  16.4625
2005  9  12.1187288413
2005  10  5.438287738
2005  11  7.55375858639
2005  12  14.81625
