1922  1  40.8055890281
1922  2  74.4354361431
1922  3  22.3110194729
1922  4  11.3481673365
1922  5  93.2875
1922  6  93.2875
1922  7  93.2875
1922  8  93.2875
1922  9  62.7278183391
1922  10  19.3121288001
1922  11  50.8861616507
1922  12  77.1865844779
1923  1  53.3186890239
1923  2  10.5533196642
1923  3  6.08100274032
1923  4  64.1868302325
1923  5  93.2875
1923  6  93.2875
1923  7  93.2875
1923  8  93.2875
1923  9  65.8259193004
1923  10  21.3341073477
1923  11  22.0063448774
1923  12  30.0246382293
1924  1  48.1463788918
1924  2  11.4985918948
1924  3  46.4744589269
1924  4  4.2853127432
1924  5  93.2875
1924  6  93.2875
1924  7  93.2875
1924  8  93.2875
1924  9  62.502625
1924  10  30.7956340182
1924  11  34.3099509725
1924  12  54.4800832769
1925  1  47.1391107188
1925  2  48.5987537192
1925  3  11.3393629717
1925  4  34.3237994431
1925  5  93.2875
1925  6  93.2875
1925  7  93.2875
1925  8  93.2875
1925  9  62.5243116243
1925  10  27.9167922769
1925  11  31.1557155927
1925  12  27.9737049553
1926  1  43.4225593709
1926  2  41.9262975899
1926  3  8.2735366287
1926  4  30.1106491703
1926  5  93.2875
1926  6  93.2875
1926  7  93.2875
1926  8  93.2875
1926  9  62.502625
1926  10  23.8994309706
1926  11  76.1656113705
1926  12  36.4897767008
1927  1  39.8742044263
1927  2  74.63
1927  3  30.3721551799
1927  4  7.09707527809
1927  5  93.2875
1927  6  93.2875
1927  7  93.2875
1927  8  93.2875
1927  9  62.502625
1927  10  35.5863500511
1927  11  39.9006175207
1927  12  31.2075450071
1928  1  23.0198757832
1928  2  36.6894498834
1928  3  35.8605250625
1928  4  10.980460866
1928  5  93.2875
1928  6  93.2875
1928  7  93.2875
1928  8  93.2875
1928  9  62.502625
1928  10  18.6575
1928  11  70.2070556574
1928  12  83.95875
1929  1  36.4393094496
1929  2  34.4235740558
1929  3  8.94967795365
1929  4  14.2117592858
1929  5  93.2875
1929  6  93.2875
1929  7  93.2875
1929  8  93.2875
1929  9  62.5731065288
1929  10  19.7948400962
1929  11  18.6575
1929  12  30.2875064021
1930  1  68.7108134555
1930  2  50.4247606059
1930  3  25.9681165103
1930  4  17.3912282912
1930  5  93.2875
1930  6  93.2875
1930  7  93.2875
1930  8  93.2875
1930  9  62.9058942506
1930  10  21.047185018
1930  11  35.1818812638
1930  12  18.6575
1931  1  69.8493330205
1931  2  31.1834712712
1931  3  17.0980432287
1931  4  5.35185253216
1931  5  93.2875
1931  6  93.2875
1931  7  93.2875
1931  8  93.2875
1931  9  62.6644359434
1931  10  18.8849680193
1931  11  57.1199283078
1931  12  83.95875
1932  1  56.2000723972
1932  2  47.782373943
1932  3  28.6459033268
1932  4  7.08064601731
1932  5  93.2875
1932  6  93.2875
1932  7  93.2875
1932  8  93.2875
1932  9  62.502625
1932  10  18.6575
1932  11  20.2624842947
1932  12  40.9532696809
1933  1  83.95875
1933  2  14.861324401
1933  3  17.515220176
1933  4  0.147863347217
1933  5  93.2875
1933  6  93.2875
1933  7  93.2875
1933  8  93.2875
1933  9  62.502625
1933  10  22.4196180295
1933  11  18.6575
1933  12  79.3828394671
1934  1  47.9543110262
1934  2  50.2694550571
1934  3  0.328585216057
1934  4  0.682404057739
1934  5  93.2875
1934  6  93.2875
1934  7  93.2875
1934  8  93.2875
1934  9  62.5297332803
1934  10  27.7992458193
1934  11  60.8139703565
1934  12  64.3838378259
1935  1  78.1066230829
1935  2  22.159454604
1935  3  52.0109371231
1935  4  59.2822888428
1935  5  93.2875
1935  6  93.2875
1935  7  93.2875
1935  8  93.2875
1935  9  62.5459982485
1935  10  26.0440392398
1935  11  43.1950913517
1935  12  41.9920342123
1936  1  34.3011466077
1936  2  74.63
1936  3  28.7571870517
1936  4  15.0205141659
1936  5  93.2875
1936  6  93.2875
1936  7  93.2875
1936  8  93.2875
1936  9  62.502625
1936  10  44.1518922735
1936  11  18.6575
1936  12  81.6477185203
1937  1  54.1970647425
1937  2  60.6848756285
1937  3  65.30125
1937  4  10.9122021908
1937  5  93.2875
1937  6  93.2875
1937  7  93.2875
1937  8  93.2875
1937  9  62.502625
1937  10  19.8276986178
1937  11  29.8906625108
1937  12  79.7824076848
1938  1  69.6371147933
1938  2  74.63
1938  3  65.30125
1938  4  15.5716668317
1938  5  93.2875
1938  6  93.2875
1938  7  93.2875
1938  8  93.2875
1938  9  63.693651568
1938  10  46.0649460338
1938  11  20.0273913795
1938  12  38.554780298
1939  1  35.6356378335
1939  2  34.4804867342
1939  3  25.3312791342
1939  4  15.8292690461
1939  5  93.2875
1939  6  93.2875
1939  7  93.2875
1939  8  93.2875
1939  9  68.882713715
1939  10  22.8164619208
1939  11  21.713159815
1939  12  25.6863166029
1940  1  83.95875
1940  2  74.63
1940  3  26.8805302193
1940  4  15.7003765917
1940  5  93.2875
1940  6  93.2875
1940  7  93.2875
1940  8  93.2875
1940  9  62.502625
1940  10  34.5411400925
1940  11  19.4220503617
1940  12  83.95875
1941  1  78.9279034286
1941  2  74.63
1941  3  63.5093267444
1941  4  50.3466812124
1941  5  93.2875
1941  6  93.2875
1941  7  93.2875
1941  8  93.2875
1941  9  62.502625
1941  10  46.9634721139
1941  11  35.0617931742
1941  12  69.4753638173
1942  1  56.6196082821
1942  2  38.6103112341
1942  3  20.3938792229
1942  4  59.3718773484
1942  5  93.2875
1942  6  93.2875
1942  7  93.2875
1942  8  93.2875
1942  9  62.502625
1942  10  25.7254378573
1942  11  27.7006702544
1942  12  43.0106483821
1943  1  52.4708128894
1943  2  31.5904816905
1943  3  65.30125
1943  4  14.1346962458
1943  5  93.2875
1943  6  93.2875
1943  7  93.2875
1943  8  93.2875
1943  9  62.502625
1943  10  23.7957721417
1943  11  27.9774260561
1943  12  50.6182102138
1944  1  52.5819139198
1944  2  61.769389536
1944  3  8.40497071513
1944  4  25.016581547
1944  5  93.2875
1944  6  93.2875
1944  7  93.2875
1944  8  93.2875
1944  9  63.1302488511
1944  10  25.6041702989
1944  11  60.50299387
1944  12  47.9820862837
1945  1  25.1138341068
1945  2  50.4249433003
1945  3  53.6814557666
1945  4  2.97605514295
1945  5  93.2875
1945  6  93.2875
1945  7  93.2875
1945  8  93.2875
1945  9  62.502625
1945  10  83.95875
1945  11  56.8292848773
1945  12  64.5039259156
1946  1  29.3144589139
1946  2  36.5922364818
1946  3  13.0264935704
1946  4  1.5922761347
1946  5  93.2875
1946  6  93.2875
1946  7  93.2875
1946  8  93.2875
1946  9  62.502625
1946  10  31.1758659543
1946  11  75.2391273383
1946  12  57.6040017671
1947  1  25.5359116236
1947  2  35.5243345296
1947  3  19.0050169507
1947  4  6.32117891955
1947  5  93.2875
1947  6  93.2875
1947  7  93.2875
1947  8  93.2875
1947  9  62.7603482754
1947  10  41.0113618281
1947  11  31.3098416727
1947  12  27.7423331409
1948  1  18.8053633472
1948  2  29.5393657221
1948  3  47.6890447575
1948  4  64.2599894773
1948  5  93.2875
1948  6  93.2875
1948  7  93.2875
1948  8  93.2875
1948  9  62.502625
1948  10  28.9037273939
1948  11  18.7889340864
1948  12  53.2251967231
1949  1  36.6781234657
1949  2  35.1490031631
1949  3  53.2531155169
1949  4  0.0
1949  5  93.2875
1949  6  93.2875
1949  7  93.2875
1949  8  93.2875
1949  9  62.502625
1949  10  18.6575
1949  11  49.8434933241
1949  12  47.1934817652
1950  1  63.9997020947
1950  2  30.7058432391
1950  3  15.4161785884
1950  4  17.7084675104
1950  5  93.2875
1950  6  93.2875
1950  7  93.2875
1950  8  93.2875
1950  9  67.0181738317
1950  10  39.6618035046
1950  11  53.4211683839
1950  12  53.6169573504
1951  1  44.1910135279
1951  2  34.2872393998
1951  3  13.9678620057
1951  4  13.3613415192
1951  5  93.2875
1951  6  93.2875
1951  7  93.2875
1951  8  93.2875
1951  9  62.502625
1951  10  32.765600457
1951  11  55.4783643907
1951  12  83.95875
1952  1  83.95875
1952  2  21.301229247
1952  3  49.7436991323
1952  4  45.2448059986
1952  5  93.2875
1952  6  93.2875
1952  7  93.2875
1952  8  93.2875
1952  9  63.736186078
1952  10  18.7725048256
1952  11  50.7521859323
1952  12  83.95875
1953  1  29.3662883284
1953  2  10.1969591906
1953  3  5.30764801377
1953  4  24.5021911981
1953  5  93.2875
1953  6  93.2875
1953  7  93.2875
1953  8  93.2875
1953  9  62.502625
1953  10  19.1339485633
1953  11  42.2574440171
1953  12  24.5022303563
1954  1  59.177307009
1954  2  35.2994081423
1954  3  47.9049840855
1954  4  19.0985092515
1954  5  93.2875
1954  6  93.2875
1954  7  93.2875
1954  8  93.2875
1954  9  62.502625
1954  10  18.6575
1954  11  49.5211708408
1954  12  54.2438108929
1955  1  83.95875
1955  2  27.6564461569
1955  3  6.33878764915
1955  4  22.7798431402
1955  5  93.2875
1955  6  93.2875
1955  7  93.2875
1955  8  93.2875
1955  9  62.502625
1955  10  19.4056211009
1955  11  37.7522881507
1955  12  83.95875
1956  1  83.95875
1956  2  16.1326402157
1956  3  0.0164292608121
1956  4  31.6524580538
1956  5  93.2875
1956  6  93.2875
1956  7  93.2875
1956  8  93.2875
1956  9  63.7253427659
1956  10  25.2996392396
1956  11  18.6575
1956  12  22.8062953928
1957  1  61.9916111759
1957  2  40.9645960985
1957  3  39.6326269256
1957  4  20.3825332261
1957  5  93.2875
1957  6  93.2875
1957  7  93.2875
1957  8  93.2875
1957  9  63.0280761245
1957  10  44.8037967472
1957  11  24.1648407754
1957  12  61.6250841742
1958  1  80.5581213489
1958  2  74.63
1958  3  65.30125
1958  4  47.9341215064
1958  5  93.2875
1958  6  93.2875
1958  7  93.2875
1958  8  93.2875
1958  9  66.1390870997
1958  10  18.8849680193
1958  11  20.644078394
1958  12  25.0784339532
1959  1  60.4511644556
1959  2  72.8822812628
1959  3  2.29110945322
1959  4  9.3338136849
1959  5  93.2875
1959  6  93.2875
1959  7  93.2875
1959  8  93.2875
1959  9  73.3970345834
1959  10  18.6575
1959  11  18.6575
1959  12  28.1227477713
1960  1  55.5884686468
1960  2  73.5292851669
1960  3  12.9758436248
1960  4  24.8497473069
1960  5  93.2875
1960  6  93.2875
1960  7  93.2875
1960  8  93.2875
1960  9  63.0280761245
1960  10  18.8382218688
1960  11  73.1780275363
1960  12  23.941093857
1961  1  58.6288786697
1961  2  29.3422145924
1961  3  27.5300757554
1961  4  6.41721285238
1961  5  93.2875
1961  6  93.2875
1961  7  93.2875
1961  8  93.2875
1961  9  62.502625
1961  10  18.6903585216
1961  11  55.8689455492
1961  12  48.7415533815
1962  1  54.0693517569
1962  2  74.63
1962  3  18.0016525729
1962  4  0.0
1962  5  93.2875
1962  6  93.2875
1962  7  93.2875
1962  8  93.2875
1962  9  62.502625
1962  10  23.9790356426
1962  11  21.5514088389
1962  12  55.8536957572
1963  1  55.7222616708
1963  2  74.63
1963  3  32.5533430715
1963  4  46.0789771988
1963  5  93.2875
1963  6  93.2875
1963  7  93.2875
1963  8  93.2875
1963  9  63.0026453212
1963  10  45.3788208753
1963  11  50.3187624186
1963  12  21.7814184902
1964  1  34.7218619613
1964  2  9.80011529929
1964  3  22.2541067945
1964  4  11.3861091221
1964  5  93.2875
1964  6  93.2875
1964  7  93.2875
1964  8  93.2875
1964  9  64.3041717124
1964  10  81.6207573427
1964  11  46.0991667186
1964  12  83.95875
1965  1  37.5905371747
1965  2  18.5993882737
1965  3  17.8841061153
1965  4  49.9256004699
1965  5  93.2875
1965  6  93.2875
1965  7  93.2875
1965  8  93.2875
1965  9  62.502625
1965  10  20.5290735684
1965  11  83.95875
1965  12  56.4666616709
1966  1  36.1384994912
1966  2  29.5254780933
1966  3  1.69085169951
1966  4  4.82865781847
1966  5  93.2875
1966  6  93.2875
1966  7  93.2875
1966  8  93.2875
1966  9  63.0018065827
1966  10  18.6575
1966  11  59.7662187659
1966  12  83.95875
1967  1  72.1924545826
1967  2  16.1856490989
1967  3  29.4395911094
1967  4  65.30125
1967  5  93.2875
1967  6  93.2875
1967  7  93.2875
1967  8  93.2875
1967  9  62.7123921094
1967  10  20.2826346563
1967  11  51.6493498492
1967  12  44.4689487983
1968  1  39.1448715237
1968  2  38.7493702166
1968  3  28.2997093812
1968  4  5.77020894825
1968  5  93.2875
1968  6  93.2875
1968  7  93.2875
1968  8  93.2875
1968  9  62.502625
1968  10  31.5803347416
1968  11  59.9191653771
1968  12  66.5171000984
1969  1  83.95875
1969  2  74.63
1969  3  11.7602610198
1969  4  20.4558751653
1969  5  93.2875
1969  6  93.2875
1969  7  93.2875
1969  8  93.2875
1969  9  73.7577090349
1969  10  52.722152371
1969  11  36.4670847073
1969  12  37.5488742883
1970  1  83.95875
1970  2  23.4002708346
1970  3  31.867217913
1970  4  1.0931355778
1970  5  93.2875
1970  6  93.2875
1970  7  93.2875
1970  8  93.2875
1970  9  62.502625
1970  10  27.0131829327
1970  11  73.0743687075
1970  12  69.2883792157
1971  1  30.9976857175
1971  2  17.245926155
1971  3  15.0799684764
1971  4  18.9115246498
1971  5  93.2875
1971  6  93.2875
1971  7  93.2875
1971  8  93.2875
1971  9  62.6635972048
1971  10  25.3197896012
1971  11  35.988094512
1971  12  56.7269882117
1972  1  28.0683767249
1972  2  16.6204347757
1972  3  0.0
1972  4  6.15180304751
1972  5  93.2875
1972  6  93.2875
1972  7  93.2875
1972  8  93.2875
1972  9  63.1790437557
1972  10  33.5655509723
1972  11  83.95875
1972  12  40.5198461672
1973  1  83.95875
1973  2  74.63
1973  3  37.8787825093
1973  4  1.77808126752
1973  5  93.2875
1973  6  93.2875
1973  7  93.2875
1973  8  93.2875
1973  9  62.7278183391
1973  10  47.8177936757
1973  11  46.4782191859
1973  12  69.6206855325
1974  1  59.4478000778
1974  2  17.5252235887
1974  3  47.5233899863
1974  4  14.3760518938
1974  5  93.2875
1974  6  93.2875
1974  7  93.2875
1974  8  93.2875
1974  9  62.502625
1974  10  40.2544363623
1974  11  30.3064772949
1974  12  69.1833582236
1975  1  23.2309145416
1975  2  73.9904839382
1975  3  45.1917971155
1975  4  25.265562091
1975  5  93.2875
1975  6  93.2875
1975  7  93.2875
1975  8  93.2875
1975  9  62.6807009116
1975  10  43.7018568046
1975  11  21.3972827589
1975  12  22.0063448774
1976  1  23.1436849736
1976  2  40.3304830489
1976  3  10.3776614803
1976  4  26.2853557296
1976  5  93.2875
1976  6  93.2875
1976  7  93.2875
1976  8  93.2875
1976  9  77.9500854937
1976  10  38.8491448293
1976  11  36.9194791137
1976  12  37.6562542179
1977  1  35.7934850143
1977  2  16.5142343149
1977  3  10.2071061395
1977  4  0.454936038482
1977  5  93.2875
1977  6  93.2875
1977  7  93.2875
1977  8  93.2875
1977  9  63.1782050172
1977  10  21.8420522694
1977  11  25.5245656268
1977  12  82.6370125749
1978  1  83.95875
1978  2  74.63
1978  3  65.30125
1978  4  42.524176827
1978  5  93.2875
1978  6  93.2875
1978  7  93.2875
1978  8  93.2875
1978  9  65.5523805706
1978  10  18.7067877824
1978  11  53.9052418433
1978  12  30.9180810454
1979  1  76.8151569066
1979  2  74.63
1979  3  54.2412301027
1979  4  4.50261423441
1979  5  93.2875
1979  6  93.2875
1979  7  93.2875
1979  8  93.2875
1979  9  62.502625
1979  10  34.2997844444
1979  11  35.995719408
1979  12  36.3622464096
1980  1  83.95875
1980  2  74.63
1980  3  28.8506793525
1980  4  11.0082361236
1980  5  93.2875
1980  6  93.2875
1980  7  93.2875
1980  8  93.2875
1980  9  62.502625
1980  10  19.9919912258
1980  11  19.0846607809
1980  12  30.5288620502
1981  1  61.6012127118
1981  2  33.4063220492
1981  3  65.30125
1981  4  19.2072513443
1981  5  93.2875
1981  6  93.2875
1981  7  93.2875
1981  8  93.2875
1981  9  62.502625
1981  10  36.8146408161
1981  11  83.95875
1981  12  35.2286274142
1982  1  58.3053767176
1982  2  40.5501434777
1982  3  65.30125
1982  4  38.4954695238
1982  5  93.2875
1982  6  93.2875
1982  7  93.2875
1982  8  93.2875
1982  9  68.2125553539
1982  10  39.2017842022
1982  11  83.6783187383
1982  12  54.564771213
1983  1  83.95875
1983  2  64.6341609541
1983  3  65.30125
1983  4  31.3275939385
1983  5  93.2875
1983  6  93.2875
1983  7  93.2875
1983  8  93.2875
1983  9  83.4147530723
1983  10  29.5229560404
1983  11  71.1194693664
1983  12  82.5067579572
1984  1  21.962140359
1984  2  31.7774662921
1984  3  8.47577102236
1984  4  2.11547084839
1984  5  93.2875
1984  6  93.2875
1984  7  93.2875
1984  8  93.2875
1984  9  62.502625
1984  10  36.237075056
1984  11  80.1006436784
1984  12  58.0804503304
1985  1  32.3650354649
1985  2  18.4566081905
1985  3  28.4147142068
1985  4  1.99166165796
1985  5  93.2875
1985  6  93.2875
1985  7  93.2875
1985  8  93.2875
1985  9  62.6373276631
1985  10  30.463145007
1985  11  83.95875
1985  12  41.7317076714
1986  1  40.9254944233
1986  2  74.63
1986  3  65.30125
1986  4  4.9323166473
1986  5  93.2875
1986  6  93.2875
1986  7  93.2875
1986  8  93.2875
1986  9  67.6900096699
1986  10  18.6575
1986  11  18.6575
1986  12  32.0794752984
1987  1  54.2690445185
1987  2  69.9087677518
1987  3  65.30125
1987  4  2.86613358134
1987  5  93.2875
1987  6  93.2875
1987  7  93.2875
1987  8  93.2875
1987  9  62.502625
1987  10  40.9849487337
1987  11  26.7250811343
1987  12  74.431551927
1988  1  56.9859525894
1988  2  24.0257622139
1988  3  3.69894261828
1988  4  57.927464561
1988  5  93.2875
1988  6  93.2875
1988  7  93.2875
1988  8  93.2875
1988  9  62.502625
1988  10  18.6575
1988  11  35.3209402463
1988  12  59.0863563402
1989  1  32.9627515866
1989  2  32.4547870858
1989  3  18.0573857825
1989  4  9.15055018407
1989  5  93.2875
1989  6  93.2875
1989  7  93.2875
1989  8  93.2875
1989  9  73.6714120518
1989  10  40.0623684967
1989  11  25.9137846221
1989  12  18.8849680193
1990  1  57.4991634695
1990  2  38.6646822805
1990  3  11.8574744214
1990  4  8.00322625429
1990  5  93.2875
1990  6  93.2875
1990  7  93.2875
1990  8  93.2875
1990  9  63.1248271951
1990  10  21.6638720326
1990  11  28.399503573
1990  12  31.7647777112
1991  1  23.4532992969
1991  2  44.1378023712
1991  3  65.30125
1991  4  10.7428263187
1991  5  93.2875
1991  6  93.2875
1991  7  93.2875
1991  8  93.2875
1991  9  62.502625
1991  10  31.0053106135
1991  11  24.9495414988
1991  12  37.9468976483
1992  1  45.8008983922
1992  2  74.63
1992  3  52.4050566879
1992  4  0.0328585215934
1992  5  93.2875
1992  6  93.2875
1992  7  93.2875
1992  8  93.2875
1992  9  62.502625
1992  10  27.666632264
1992  11  19.1781530817
1992  12  61.4774035214
1993  1  83.95875
1993  2  74.63
1993  3  50.518416022
1993  4  3.71028861509
1993  5  93.2875
1993  6  93.2875
1993  7  93.2875
1993  8  93.2875
1993  9  62.502625
1993  10  21.9406278342
1993  11  31.9783581016
1993  12  39.8210128487
1994  1  58.0917963272
1994  2  69.7861380302
1994  3  5.02835058012
1994  4  16.2982754078
1994  5  93.2875
1994  6  93.2875
1994  7  93.2875
1994  8  93.2875
1994  9  63.3237509923
1994  10  29.3903424852
1994  11  49.0537093367
1994  12  35.9047687392
1995  1  83.95875
1995  2  20.2763523444
1995  3  65.30125
1995  4  21.7776582312
1995  5  93.2875
1995  6  93.2875
1995  7  93.2875
1995  8  93.2875
1995  9  62.502625
1995  10  18.6575
1995  11  18.6575
1995  12  68.5819210011
1996  1  76.4056048553
1996  2  74.63
1996  3  37.2822458564
1996  4  17.5302872736
1996  5  93.2875
1996  6  93.2875
1996  7  93.2875
1996  8  93.2875
1996  9  62.502625
1996  10  54.8743855362
1996  11  63.1088009105
1996  12  83.95875
1997  1  83.95875
1997  2  14.8726703978
1997  3  0.682404057739
1997  4  6.36910453875
1997  5  93.2875
1997  6  93.2875
1997  7  93.2875
1997  8  93.2875
1997  9  62.5731065288
1997  10  20.4772441539
1997  11  81.3062424498
1997  12  73.4585044388
1998  1  83.95875
1998  2  74.63
1998  3  54.3122131043
1998  4  29.8364350007
1998  5  93.2875
1998  6  93.2875
1998  7  93.2875
1998  8  93.2875
1998  9  62.9797307337
1998  10  33.9825452252
1998  11  40.6145179368
1998  12  30.4543406422
1999  1  50.6725812603
1999  2  46.1926394403
1999  3  33.9383015486
1999  4  18.8117696162
1999  5  93.2875
1999  6  93.2875
1999  7  93.2875
1999  8  93.2875
1999  9  62.502625
1999  10  18.6575
1999  11  30.1232137941
1999  12  26.2953787214
2000  1  83.95875
2000  2  74.63
2000  3  16.7127280287
2000  4  29.1387811509
2000  5  93.2875
2000  6  93.2875
2000  7  93.2875
2000  8  93.2875
2000  9  63.3245897309
2000  10  81.9937297716
2000  11  23.7768012489
2000  12  22.5105686983
2001  1  65.2495053845
2001  2  53.7534551217
2001  3  33.3002847037
2001  4  21.8699710632
2001  5  93.2875
2001  6  93.2875
2001  7  93.2875
2001  8  93.2875
2001  9  63.2641127756
2001  10  25.6370288205
2001  11  49.2686518904
2001  12  74.9308751783
2002  1  39.6428326118
2002  2  14.2332913897
2002  3  21.966004996
2002  4  3.56242526784
2002  5  93.2875
2002  6  93.2875
2002  7  93.2875
2002  8  93.2875
2002  9  62.8779472318
2002  10  18.6575
2002  11  49.8714512761
2002  12  83.95875
2003  1  32.7049666778
2003  2  38.3765804821
2003  3  16.8427999519
2003  4  21.6614739368
2003  5  93.2875
2003  6  93.2875
2003  7  93.2875
2003  8  93.2875
2003  9  62.502625
2003  10  19.567372077
2003  11  40.1431526375
2003  12  83.95875
2004  1  48.5911484023
2004  2  74.63
2004  3  9.79129135537
2004  4  1.13734009622
2004  5  93.2875
2004  6  93.2875
2004  7  93.2875
2004  8  93.2875
2004  9  63.0280761245
2004  10  73.7266385701
2004  11  69.7507574557
2004  12  79.6457076399
2005  1  66.6700467096
2005  2  69.9555139023
2005  3  49.434084809
2005  4  18.1191990305
2005  5  93.2875
2005  6  93.2875
2005  7  93.2875
2005  8  93.2875
2005  9  63.5914788413
2005  10  20.803287738
2005  11  22.9187585864
2005  12  75.7333673256
