1922	  1	  22.1481	
1922	  2	  65.1067	
1922	  3	  22.3110	
1922	  4	  11.3482	
1922	  5	   0.0000	
1922	  6	   0.0000	
1922	  7	   0.0000	
1922	  8	   0.0000	
1922	  9	   0.2252	
1922	 10	   0.6546	
1922	 11	  32.2287	
1922	 12	  58.5291	
1923	  1	  34.6612	
1923	  2	   1.2246	
1923	  3	   6.0810	
1923	  4	  64.1868	
1923	  5	   0.0000	
1923	  6	   0.0000	
1923	  7	   0.0000	
1923	  8	   0.0000	
1923	  9	   3.3233	
1923	 10	   2.6766	
1923	 11	   3.3488	
1923	 12	  11.3671	
1924	  1	  29.4889	
1924	  2	   2.1698	
1924	  3	  46.4745	
1924	  4	   4.2853	
1924	  5	   0.0000	
1924	  6	   0.0000	
1924	  7	   0.0000	
1924	  8	   0.0000	
1924	  9	   0.0000	
1924	 10	  12.1381	
1924	 11	  15.6525	
1924	 12	  35.8226	
1925	  1	  28.4816	
1925	  2	  39.2700	
1925	  3	  11.3394	
1925	  4	  34.3238	
1925	  5	   0.0000	
1925	  6	   0.0000	
1925	  7	   0.0000	
1925	  8	   0.0000	
1925	  9	   0.0217	
1925	 10	   9.2593	
1925	 11	  12.4982	
1925	 12	   9.3162	
1926	  1	  24.7651	
1926	  2	  32.5975	
1926	  3	   8.2735	
1926	  4	  30.1106	
1926	  5	   0.0000	
1926	  6	   0.0000	
1926	  7	   0.0000	
1926	  8	   0.0000	
1926	  9	   0.0000	
1926	 10	   5.2419	
1926	 11	  57.5081	
1926	 12	  17.8323	
1927	  1	  21.2167	
1927	  2	 111.8010	
1927	  3	  30.3722	
1927	  4	   7.0971	
1927	  5	   0.0000	
1927	  6	   0.0000	
1927	  7	   0.0000	
1927	  8	   0.0000	
1927	  9	   0.0000	
1927	 10	  16.9289	
1927	 11	  21.2431	
1927	 12	  12.5500	
1928	  1	   4.3624	
1928	  2	  27.3607	
1928	  3	  35.8605	
1928	  4	  10.9805	
1928	  5	   0.0000	
1928	  6	   0.0000	
1928	  7	   0.0000	
1928	  8	   0.0000	
1928	  9	   0.0000	
1928	 10	   0.0000	
1928	 11	  51.5496	
1928	 12	  70.9665	
1929	  1	  17.7818	
1929	  2	  25.0948	
1929	  3	   8.9497	
1929	  4	  14.2118	
1929	  5	   0.0000	
1929	  6	   0.0000	
1929	  7	   0.0000	
1929	  8	   0.0000	
1929	  9	   0.0705	
1929	 10	   1.1373	
1929	 11	   0.0000	
1929	 12	  11.6300	
1930	  1	  50.0533	
1930	  2	  41.0960	
1930	  3	  25.9681	
1930	  4	  17.3912	
1930	  5	   0.0000	
1930	  6	   0.0000	
1930	  7	   0.0000	
1930	  8	   0.0000	
1930	  9	   0.4033	
1930	 10	   2.3897	
1930	 11	  16.5244	
1930	 12	   0.0000	
1931	  1	  51.1918	
1931	  2	  21.8547	
1931	  3	  17.0980	
1931	  4	   5.3519	
1931	  5	   0.0000	
1931	  6	   0.0000	
1931	  7	   0.0000	
1931	  8	   0.0000	
1931	  9	   0.1618	
1931	 10	   0.2275	
1931	 11	  38.4624	
1931	 12	  87.7981	
1932	  1	  37.5426	
1932	  2	  38.4536	
1932	  3	  28.6459	
1932	  4	   7.0806	
1932	  5	   0.0000	
1932	  6	   0.0000	
1932	  7	   0.0000	
1932	  8	   0.0000	
1932	  9	   0.0000	
1932	 10	   0.0000	
1932	 11	   1.6050	
1932	 12	  22.2958	
1933	  1	  70.0415	
1933	  2	   5.5326	
1933	  3	  17.5152	
1933	  4	   0.1479	
1933	  5	   0.0000	
1933	  6	   0.0000	
1933	  7	   0.0000	
1933	  8	   0.0000	
1933	  9	   0.0000	
1933	 10	   3.7621	
1933	 11	   0.0000	
1933	 12	  60.7253	
1934	  1	  29.2968	
1934	  2	  40.9407	
1934	  3	   0.3286	
1934	  4	   0.6824	
1934	  5	   0.0000	
1934	  6	   0.0000	
1934	  7	   0.0000	
1934	  8	   0.0000	
1934	  9	   0.0271	
1934	 10	   9.1417	
1934	 11	  42.1565	
1934	 12	  45.7263	
1935	  1	  59.4491	
1935	  2	  12.8307	
1935	  3	  52.0109	
1935	  4	  59.2823	
1935	  5	   0.0000	
1935	  6	   0.0000	
1935	  7	   0.0000	
1935	  8	   0.0000	
1935	  9	   0.0434	
1935	 10	   7.3865	
1935	 11	  24.5376	
1935	 12	  23.3345	
1936	  1	  15.6436	
1936	  2	 122.1749	
1936	  3	  28.7572	
1936	  4	  15.0205	
1936	  5	   0.0000	
1936	  6	   0.0000	
1936	  7	   0.0000	
1936	  8	   0.0000	
1936	  9	   0.0000	
1936	 10	  25.4944	
1936	 11	   0.0000	
1936	 12	  62.9902	
1937	  1	  35.5396	
1937	  2	  51.3561	
1937	  3	  72.5601	
1937	  4	  10.9122	
1937	  5	   0.0000	
1937	  6	   0.0000	
1937	  7	   0.0000	
1937	  8	   0.0000	
1937	  9	   0.0000	
1937	 10	   1.1702	
1937	 11	  11.2332	
1937	 12	  61.1249	
1938	  1	  50.9796	
1938	  2	  98.1277	
1938	  3	  85.4249	
1938	  4	  15.5717	
1938	  5	   0.0000	
1938	  6	   0.0000	
1938	  7	   0.0000	
1938	  8	   0.0000	
1938	  9	   1.1910	
1938	 10	  27.4074	
1938	 11	   1.3699	
1938	 12	  19.8973	
1939	  1	  16.9781	
1939	  2	  25.1517	
1939	  3	  25.3313	
1939	  4	  15.8293	
1939	  5	   0.0000	
1939	  6	   0.0000	
1939	  7	   0.0000	
1939	  8	   0.0000	
1939	  9	   6.3801	
1939	 10	   4.1590	
1939	 11	   3.0557	
1939	 12	   7.0288	
1940	  1	 104.9758	
1940	  2	  75.3997	
1940	  3	  26.8805	
1940	  4	  15.7004	
1940	  5	   0.0000	
1940	  6	   0.0000	
1940	  7	   0.0000	
1940	  8	   0.0000	
1940	  9	   0.0000	
1940	 10	  15.8836	
1940	 11	   0.7646	
1940	 12	  95.5737	
1941	  1	  60.2704	
1941	  2	  79.4006	
1941	  3	  63.5093	
1941	  4	  50.3467	
1941	  5	   0.0000	
1941	  6	   0.0000	
1941	  7	   0.0000	
1941	  8	   0.0000	
1941	  9	   0.0000	
1941	 10	  28.3060	
1941	 11	  16.4043	
1941	 12	  50.8179	
1942	  1	  37.9621	
1942	  2	  29.2816	
1942	  3	  20.3939	
1942	  4	  59.3719	
1942	  5	   0.0000	
1942	  6	   0.0000	
1942	  7	   0.0000	
1942	  8	   0.0000	
1942	  9	   0.0000	
1942	 10	   7.0679	
1942	 11	   9.0432	
1942	 12	  24.3531	
1943	  1	  33.8133	
1943	  2	  22.2617	
1943	  3	  83.3282	
1943	  4	  14.1347	
1943	  5	   0.0000	
1943	  6	   0.0000	
1943	  7	   0.0000	
1943	  8	   0.0000	
1943	  9	   0.0000	
1943	 10	   5.1383	
1943	 11	   9.3199	
1943	 12	  31.9607	
1944	  1	  33.9244	
1944	  2	  52.4406	
1944	  3	   8.4050	
1944	  4	  25.0166	
1944	  5	   0.0000	
1944	  6	   0.0000	
1944	  7	   0.0000	
1944	  8	   0.0000	
1944	  9	   0.6276	
1944	 10	   6.9467	
1944	 11	  41.8455	
1944	 12	  29.3246	
1945	  1	   6.4563	
1945	  2	  41.0962	
1945	  3	  53.6815	
1945	  4	   2.9761	
1945	  5	   0.0000	
1945	  6	   0.0000	
1945	  7	   0.0000	
1945	  8	   0.0000	
1945	  9	   0.0000	
1945	 10	  68.5463	
1945	 11	  38.1718	
1945	 12	  45.8464	
1946	  1	  10.6570	
1946	  2	  27.2635	
1946	  3	  13.0265	
1946	  4	   1.5923	
1946	  5	   0.0000	
1946	  6	   0.0000	
1946	  7	   0.0000	
1946	  8	   0.0000	
1946	  9	   0.0000	
1946	 10	  12.5184	
1946	 11	  56.5816	
1946	 12	  38.9465	
1947	  1	   6.8784	
1947	  2	  26.1956	
1947	  3	  19.0050	
1947	  4	   6.3212	
1947	  5	   0.0000	
1947	  6	   0.0000	
1947	  7	   0.0000	
1947	  8	   0.0000	
1947	  9	   0.2577	
1947	 10	  22.3539	
1947	 11	  12.6523	
1947	 12	   9.0848	
1948	  1	   0.1479	
1948	  2	  20.2106	
1948	  3	  47.6890	
1948	  4	  64.2600	
1948	  5	   0.0000	
1948	  6	   0.0000	
1948	  7	   0.0000	
1948	  8	   0.0000	
1948	  9	   0.0000	
1948	 10	  10.2462	
1948	 11	   0.1314	
1948	 12	  34.5677	
1949	  1	  18.0206	
1949	  2	  25.8203	
1949	  3	  53.2531	
1949	  4	   0.0000	
1949	  5	   0.0000	
1949	  6	   0.0000	
1949	  7	   0.0000	
1949	  8	   0.0000	
1949	  9	   0.0000	
1949	 10	   0.0000	
1949	 11	  31.1860	
1949	 12	  28.5360	
1950	  1	  45.3422	
1950	  2	  21.3771	
1950	  3	  15.4162	
1950	  4	  17.7085	
1950	  5	   0.0000	
1950	  6	   0.0000	
1950	  7	   0.0000	
1950	  8	   0.0000	
1950	  9	   4.5155	
1950	 10	  21.0043	
1950	 11	  34.7637	
1950	 12	  34.9595	
1951	  1	  25.5335	
1951	  2	  24.9585	
1951	  3	  13.9679	
1951	  4	  13.3613	
1951	  5	   0.0000	
1951	  6	   0.0000	
1951	  7	   0.0000	
1951	  8	   0.0000	
1951	  9	   0.0000	
1951	 10	  14.1081	
1951	 11	  36.8209	
1951	 12	  73.0289	
1952	  1	  83.7199	
1952	  2	  11.9725	
1952	  3	  49.7437	
1952	  4	  45.2448	
1952	  5	   0.0000	
1952	  6	   0.0000	
1952	  7	   0.0000	
1952	  8	   0.0000	
1952	  9	   1.2336	
1952	 10	   0.1150	
1952	 11	  32.0947	
1952	 12	  71.3179	
1953	  1	  10.7088	
1953	  2	   0.8682	
1953	  3	   5.3076	
1953	  4	  24.5022	
1953	  5	   0.0000	
1953	  6	   0.0000	
1953	  7	   0.0000	
1953	  8	   0.0000	
1953	  9	   0.0000	
1953	 10	   0.4764	
1953	 11	  23.5999	
1953	 12	   5.8447	
1954	  1	  40.5198	
1954	  2	  25.9707	
1954	  3	  47.9050	
1954	  4	  19.0985	
1954	  5	   0.0000	
1954	  6	   0.0000	
1954	  7	   0.0000	
1954	  8	   0.0000	
1954	  9	   0.0000	
1954	 10	   0.0000	
1954	 11	  30.8637	
1954	 12	  35.5863	
1955	  1	  68.9813	
1955	  2	  18.3277	
1955	  3	   6.3388	
1955	  4	  22.7798	
1955	  5	   0.0000	
1955	  6	   0.0000	
1955	  7	   0.0000	
1955	  8	   0.0000	
1955	  9	   0.0000	
1955	 10	   0.7481	
1955	 11	  19.0948	
1955	 12	 133.9868	
1956	  1	  71.5781	
1956	  2	   6.8039	
1956	  3	   0.0164	
1956	  4	  31.6525	
1956	  5	   0.0000	
1956	  6	   0.0000	
1956	  7	   0.0000	
1956	  8	   0.0000	
1956	  9	   1.2227	
1956	 10	   6.6421	
1956	 11	   0.0000	
1956	 12	   4.1488	
1957	  1	  43.3341	
1957	  2	  31.6358	
1957	  3	  39.6326	
1957	  4	  20.3825	
1957	  5	   0.0000	
1957	  6	   0.0000	
1957	  7	   0.0000	
1957	  8	   0.0000	
1957	  9	   0.5255	
1957	 10	  26.1463	
1957	 11	   5.5073	
1957	 12	  42.9676	
1958	  1	  61.9006	
1958	  2	  89.5735	
1958	  3	  99.3395	
1958	  4	  47.9341	
1958	  5	   0.0000	
1958	  6	   0.0000	
1958	  7	   0.0000	
1958	  8	   0.0000	
1958	  9	   3.6365	
1958	 10	   0.2275	
1958	 11	   1.9866	
1958	 12	   6.4209	
1959	  1	  41.7937	
1959	  2	  63.5535	
1959	  3	   2.2911	
1959	  4	   9.3338	
1959	  5	   0.0000	
1959	  6	   0.0000	
1959	  7	   0.0000	
1959	  8	   0.0000	
1959	  9	  10.8944	
1959	 10	   0.0000	
1959	 11	   0.0000	
1959	 12	   9.4652	
1960	  1	  36.9310	
1960	  2	  64.2005	
1960	  3	  12.9758	
1960	  4	  24.8497	
1960	  5	   0.0000	
1960	  6	   0.0000	
1960	  7	   0.0000	
1960	  8	   0.0000	
1960	  9	   0.5255	
1960	 10	   0.1807	
1960	 11	  54.5205	
1960	 12	   5.2836	
1961	  1	  39.9714	
1961	  2	  20.0135	
1961	  3	  27.5301	
1961	  4	   6.4172	
1961	  5	   0.0000	
1961	  6	   0.0000	
1961	  7	   0.0000	
1961	  8	   0.0000	
1961	  9	   0.0000	
1961	 10	   0.0329	
1961	 11	  37.2114	
1961	 12	  30.0841	
1962	  1	  35.4119	
1962	  2	 117.9743	
1962	  3	  18.0017	
1962	  4	   0.0000	
1962	  5	   0.0000	
1962	  6	   0.0000	
1962	  7	   0.0000	
1962	  8	   0.0000	
1962	  9	   0.0000	
1962	 10	   5.3215	
1962	 11	   2.8939	
1962	 12	  37.1962	
1963	  1	  37.0648	
1963	  2	  83.0033	
1963	  3	  32.5533	
1963	  4	  46.0790	
1963	  5	   0.0000	
1963	  6	   0.0000	
1963	  7	   0.0000	
1963	  8	   0.0000	
1963	  9	   0.5000	
1963	 10	  26.7213	
1963	 11	  31.6613	
1963	 12	   3.1239	
1964	  1	  16.0644	
1964	  2	   0.4714	
1964	  3	  22.2541	
1964	  4	  11.3861	
1964	  5	   0.0000	
1964	  6	   0.0000	
1964	  7	   0.0000	
1964	  8	   0.0000	
1964	  9	   1.8015	
1964	 10	  62.9633	
1964	 11	  27.4417	
1964	 12	  68.0878	
1965	  1	  18.9330	
1965	  2	   9.2706	
1965	  3	  17.8841	
1965	  4	  49.9256	
1965	  5	   0.0000	
1965	  6	   0.0000	
1965	  7	   0.0000	
1965	  8	   0.0000	
1965	  9	   0.0000	
1965	 10	   1.8716	
1965	 11	 116.8495	
1965	 12	  37.8092	
1966	  1	  17.4810	
1966	  2	  20.1967	
1966	  3	   1.6909	
1966	  4	   4.8287	
1966	  5	   0.0000	
1966	  6	   0.0000	
1966	  7	   0.0000	
1966	  8	   0.0000	
1966	  9	   0.4992	
1966	 10	   0.0000	
1966	 11	  41.1087	
1966	 12	  70.9160	
1967	  1	  53.5350	
1967	  2	   6.8569	
1967	  3	  29.4396	
1967	  4	  77.9096	
1967	  5	   0.0000	
1967	  6	   0.0000	
1967	  7	   0.0000	
1967	  8	   0.0000	
1967	  9	   0.2098	
1967	 10	   1.6251	
1967	 11	  32.9918	
1967	 12	  25.8114	
1968	  1	  20.4874	
1968	  2	  29.4206	
1968	  3	  28.2997	
1968	  4	   5.7702	
1968	  5	   0.0000	
1968	  6	   0.0000	
1968	  7	   0.0000	
1968	  8	   0.0000	
1968	  9	   0.0000	
1968	 10	  12.9228	
1968	 11	  41.2617	
1968	 12	  47.8596	
1969	  1	 115.8033	
1969	  2	 102.4887	
1969	  3	  11.7603	
1969	  4	  20.4559	
1969	  5	   0.0000	
1969	  6	   0.0000	
1969	  7	   0.0000	
1969	  8	   0.0000	
1969	  9	  11.2551	
1969	 10	  34.0647	
1969	 11	  17.8096	
1969	 12	  18.8914	
1970	  1	  73.7467	
1970	  2	  14.0715	
1970	  3	  31.8672	
1970	  4	   1.0931	
1970	  5	   0.0000	
1970	  6	   0.0000	
1970	  7	   0.0000	
1970	  8	   0.0000	
1970	  9	   0.0000	
1970	 10	   8.3557	
1970	 11	  54.4169	
1970	 12	  50.6309	
1971	  1	  12.3402	
1971	  2	   7.9172	
1971	  3	  15.0800	
1971	  4	  18.9115	
1971	  5	   0.0000	
1971	  6	   0.0000	
1971	  7	   0.0000	
1971	  8	   0.0000	
1971	  9	   0.1610	
1971	 10	   6.6623	
1971	 11	  17.3306	
1971	 12	  38.0695	
1972	  1	   9.4109	
1972	  2	   7.2917	
1972	  3	   0.0000	
1972	  4	   6.1518	
1972	  5	   0.0000	
1972	  6	   0.0000	
1972	  7	   0.0000	
1972	  8	   0.0000	
1972	  9	   0.6764	
1972	 10	  14.9081	
1972	 11	 120.1933	
1972	 12	  21.8623	
1973	  1	  68.9470	
1973	  2	  87.9837	
1973	  3	  37.8788	
1973	  4	   1.7781	
1973	  5	   0.0000	
1973	  6	   0.0000	
1973	  7	   0.0000	
1973	  8	   0.0000	
1973	  9	   0.2252	
1973	 10	  29.1603	
1973	 11	  27.8207	
1973	 12	  50.9632	
1974	  1	  40.7903	
1974	  2	   8.1965	
1974	  3	  47.5234	
1974	  4	  14.3761	
1974	  5	   0.0000	
1974	  6	   0.0000	
1974	  7	   0.0000	
1974	  8	   0.0000	
1974	  9	   0.0000	
1974	 10	  21.5969	
1974	 11	  11.6490	
1974	 12	  50.5259	
1975	  1	   4.5734	
1975	  2	  64.6617	
1975	  3	  45.1918	
1975	  4	  25.2656	
1975	  5	   0.0000	
1975	  6	   0.0000	
1975	  7	   0.0000	
1975	  8	   0.0000	
1975	  9	   0.1781	
1975	 10	  25.0444	
1975	 11	   2.7398	
1975	 12	   3.3488	
1976	  1	   4.4862	
1976	  2	  31.0017	
1976	  3	  10.3777	
1976	  4	  26.2854	
1976	  5	   0.0000	
1976	  6	   0.0000	
1976	  7	   0.0000	
1976	  8	   0.0000	
1976	  9	  15.4475	
1976	 10	  20.1916	
1976	 11	  18.2620	
1976	 12	  18.9988	
1977	  1	  17.1360	
1977	  2	   7.1855	
1977	  3	  10.2071	
1977	  4	   0.4549	
1977	  5	   0.0000	
1977	  6	   0.0000	
1977	  7	   0.0000	
1977	  8	   0.0000	
1977	  9	   0.6756	
1977	 10	   3.1846	
1977	 11	   6.8671	
1977	 12	  63.9795	
1978	  1	  99.3305	
1978	  2	  86.1742	
1978	  3	  98.8126	
1978	  4	  42.5242	
1978	  5	   0.0000	
1978	  6	   0.0000	
1978	  7	   0.0000	
1978	  8	   0.0000	
1978	  9	   3.0498	
1978	 10	   0.0493	
1978	 11	  35.2477	
1978	 12	  12.2606	
1979	  1	  58.1577	
1979	  2	  65.9585	
1979	  3	  54.2412	
1979	  4	   4.5026	
1979	  5	   0.0000	
1979	  6	   0.0000	
1979	  7	   0.0000	
1979	  8	   0.0000	
1979	  9	   0.0000	
1979	 10	  15.6423	
1979	 11	  17.3382	
1979	 12	  17.7047	
1980	  1	  71.8967	
1980	  2	  75.8382	
1980	  3	  28.8507	
1980	  4	  11.0082	
1980	  5	   0.0000	
1980	  6	   0.0000	
1980	  7	   0.0000	
1980	  8	   0.0000	
1980	  9	   0.0000	
1980	 10	   1.3345	
1980	 11	   0.4272	
1980	 12	  11.8714	
1981	  1	  42.9437	
1981	  2	  24.0776	
1981	  3	  71.1296	
1981	  4	  19.2073	
1981	  5	   0.0000	
1981	  6	   0.0000	
1981	  7	   0.0000	
1981	  8	   0.0000	
1981	  9	   0.0000	
1981	 10	  18.1571	
1981	 11	  71.2824	
1981	 12	  16.5711	
1982	  1	  39.6479	
1982	  2	  31.2214	
1982	  3	  83.2183	
1982	  4	  38.4955	
1982	  5	   0.0000	
1982	  6	   0.0000	
1982	  7	   0.0000	
1982	  8	   0.0000	
1982	  9	   5.7099	
1982	 10	  20.5443	
1982	 11	  65.0208	
1982	 12	  35.9073	
1983	  1	  93.0109	
1983	  2	  55.3054	
1983	  3	  92.1200	
1983	  4	  31.3276	
1983	  5	   0.0000	
1983	  6	   0.0000	
1983	  7	   0.0000	
1983	  8	   0.0000	
1983	  9	  20.9121	
1983	 10	  10.8655	
1983	 11	  52.4620	
1983	 12	  63.8493	
1984	  1	   3.3046	
1984	  2	  22.4487	
1984	  3	   8.4758	
1984	  4	   2.1155	
1984	  5	   0.0000	
1984	  6	   0.0000	
1984	  7	   0.0000	
1984	  8	   0.0000	
1984	  9	   0.0000	
1984	 10	  17.5796	
1984	 11	  61.4431	
1984	 12	  39.4230	
1985	  1	  13.7075	
1985	  2	   9.1279	
1985	  3	  28.4147	
1985	  4	   1.9917	
1985	  5	   0.0000	
1985	  6	   0.0000	
1985	  7	   0.0000	
1985	  8	   0.0000	
1985	  9	   0.1347	
1985	 10	  11.8056	
1985	 11	  72.3199	
1985	 12	  23.0742	
1986	  1	  22.2680	
1986	  2	  80.8716	
1986	  3	  68.8827	
1986	  4	   4.9323	
1986	  5	   0.0000	
1986	  6	   0.0000	
1986	  7	   0.0000	
1986	  8	   0.0000	
1986	  9	   5.1874	
1986	 10	   0.0000	
1986	 11	   0.0000	
1986	 12	  13.4220	
1987	  1	  35.6115	
1987	  2	  60.5800	
1987	  3	  72.3389	
1987	  4	   2.8661	
1987	  5	   0.0000	
1987	  6	   0.0000	
1987	  7	   0.0000	
1987	  8	   0.0000	
1987	  9	   0.0000	
1987	 10	  22.3274	
1987	 11	   8.0676	
1987	 12	  55.7741	
1988	  1	  38.3285	
1988	  2	  14.6970	
1988	  3	   3.6989	
1988	  4	  57.9275	
1988	  5	   0.0000	
1988	  6	   0.0000	
1988	  7	   0.0000	
1988	  8	   0.0000	
1988	  9	   0.0000	
1988	 10	   0.0000	
1988	 11	  16.6634	
1988	 12	  40.4289	
1989	  1	  14.3053	
1989	  2	  23.1260	
1989	  3	  18.0574	
1989	  4	   9.1506	
1989	  5	   0.0000	
1989	  6	   0.0000	
1989	  7	   0.0000	
1989	  8	   0.0000	
1989	  9	  11.1688	
1989	 10	  21.4049	
1989	 11	   7.2563	
1989	 12	   0.2275	
1990	  1	  38.8417	
1990	  2	  29.3359	
1990	  3	  11.8575	
1990	  4	   8.0032	
1990	  5	   0.0000	
1990	  6	   0.0000	
1990	  7	   0.0000	
1990	  8	   0.0000	
1990	  9	   0.6222	
1990	 10	   3.0064	
1990	 11	   9.7420	
1990	 12	  13.1073	
1991	  1	   4.7958	
1991	  2	  34.8091	
1991	  3	  88.1105	
1991	  4	  10.7428	
1991	  5	   0.0000	
1991	  6	   0.0000	
1991	  7	   0.0000	
1991	  8	   0.0000	
1991	  9	   0.0000	
1991	 10	  12.3478	
1991	 11	   6.2920	
1991	 12	  19.2894	
1992	  1	  27.1434	
1992	  2	  85.0495	
1992	  3	  52.4051	
1992	  4	   0.0329	
1992	  5	   0.0000	
1992	  6	   0.0000	
1992	  7	   0.0000	
1992	  8	   0.0000	
1992	  9	   0.0000	
1992	 10	   9.0091	
1992	 11	   0.5207	
1992	 12	  42.8199	
1993	  1	 122.6664	
1993	  2	  80.8487	
1993	  3	  50.5184	
1993	  4	   3.7103	
1993	  5	   0.0000	
1993	  6	   0.0000	
1993	  7	   0.0000	
1993	  8	   0.0000	
1993	  9	   0.0000	
1993	 10	   3.2831	
1993	 11	  13.3209	
1993	 12	  21.1635	
1994	  1	  39.4343	
1994	  2	  60.4574	
1994	  3	   5.0284	
1994	  4	  16.2983	
1994	  5	   0.0000	
1994	  6	   0.0000	
1994	  7	   0.0000	
1994	  8	   0.0000	
1994	  9	   0.8211	
1994	 10	  10.7328	
1994	 11	  30.3962	
1994	 12	  17.2473	
1995	  1	 139.7594	
1995	  2	  10.9476	
1995	  3	  94.1786	
1995	  4	  21.7777	
1995	  5	   0.0000	
1995	  6	   0.0000	
1995	  7	   0.0000	
1995	  8	   0.0000	
1995	  9	   0.0000	
1995	 10	   0.0000	
1995	 11	   0.0000	
1995	 12	  49.9244	
1996	  1	  57.7481	
1996	  2	  85.1467	
1996	  3	  37.2822	
1996	  4	  17.5303	
1996	  5	   0.0000	
1996	  6	   0.0000	
1996	  7	   0.0000	
1996	  8	   0.0000	
1996	  9	   0.0000	
1996	 10	  36.2169	
1996	 11	  44.4513	
1996	 12	  88.7712	
1997	  1	 112.9321	
1997	  2	   5.5439	
1997	  3	   0.6824	
1997	  4	   6.3691	
1997	  5	   0.0000	
1997	  6	   0.0000	
1997	  7	   0.0000	
1997	  8	   0.0000	
1997	  9	   0.0705	
1997	 10	   1.8197	
1997	 11	  62.6487	
1997	 12	  54.8010	
1998	  1	  84.4997	
1998	  2	 193.3067	
1998	  3	  54.3122	
1998	  4	  29.8364	
1998	  5	   0.0000	
1998	  6	   0.0000	
1998	  7	   0.0000	
1998	  8	   0.0000	
1998	  9	   0.4771	
1998	 10	  15.3250	
1998	 11	  21.9570	
1998	 12	  11.7968	
1999	  1	  32.0151	
1999	  2	  36.8639	
1999	  3	  33.9383	
1999	  4	  18.8118	
1999	  5	   0.0000	
1999	  6	   0.0000	
1999	  7	   0.0000	
1999	  8	   0.0000	
1999	  9	   0.0000	
1999	 10	   0.0000	
1999	 11	  11.4657	
1999	 12	   7.6379	
2000	  1	  71.6364	
2000	  2	  70.3502	
2000	  3	  16.7127	
2000	  4	  29.1388	
2000	  5	   0.0000	
2000	  6	   0.0000	
2000	  7	   0.0000	
2000	  8	   0.0000	
2000	  9	   0.8220	
2000	 10	  63.3362	
2000	 11	   5.1193	
2000	 12	   3.8531	
2001	  1	  46.5920	
2001	  2	  44.4247	
2001	  3	  33.3003	
2001	  4	  21.8700	
2001	  5	   0.0000	
2001	  6	   0.0000	
2001	  7	   0.0000	
2001	  8	   0.0000	
2001	  9	   0.7615	
2001	 10	   6.9795	
2001	 11	  30.6112	
2001	 12	  56.2734	
2002	  1	  20.9853	
2002	  2	   4.9045	
2002	  3	  21.9660	
2002	  4	   3.5624	
2002	  5	   0.0000	
2002	  6	   0.0000	
2002	  7	   0.0000	
2002	  8	   0.0000	
2002	  9	   0.3753	
2002	 10	   0.0000	
2002	 11	  31.2140	
2002	 12	  83.7945	
2003	  1	  14.0475	
2003	  2	  29.0478	
2003	  3	  16.8428	
2003	  4	  21.6615	
2003	  5	   0.0000	
2003	  6	   0.0000	
2003	  7	   0.0000	
2003	  8	   0.0000	
2003	  9	   0.0000	
2003	 10	   0.9099	
2003	 11	  21.4857	
2003	 12	  70.8755	
2004	  1	  29.9336	
2004	  2	  65.3379	
2004	  3	   9.7913	
2004	  4	   1.1373	
2004	  5	   0.0000	
2004	  6	   0.0000	
2004	  7	   0.0000	
2004	  8	   0.0000	
2004	  9	   0.5255	
2004	 10	  55.0691	
2004	 11	  51.0933	
2004	 12	  60.9882	
2005	  1	  48.0125	
2005	  2	  60.6268	
2005	  3	  49.4341	
2005	  4	  18.1192	
2005	  5	   0.0000	
2005	  6	   0.0000	
2005	  7	   0.0000	
2005	  8	   0.0000	
2005	  9	   1.0889	
2005	 10	   2.1458	
2005	 11	   4.2613	
2005	 12	  57.0759	
