1922	  1	   0.0000	
1922	  2	   0.0000	
1922	  3	   0.0000	
1922	  4	   0.0000	
1922	  5	  15.2424	
1922	  6	   0.0235	
1922	  7	   0.0000	
1922	  8	   0.0000	
1922	  9	   0.6532	
1922	 10	   0.0000	
1922	 11	   0.0000	
1922	 12	   0.0000	
1923	  1	   0.0000	
1923	  2	   0.0000	
1923	  3	   0.0000	
1923	  4	   0.0000	
1923	  5	   0.7203	
1923	  6	   0.0000	
1923	  7	   4.8743	
1923	  8	   0.0000	
1923	  9	   9.6390	
1923	 10	   0.0000	
1923	 11	   0.0000	
1923	 12	   0.0000	
1924	  1	   0.0000	
1924	  2	   0.0000	
1924	  3	   0.0000	
1924	  4	   0.0000	
1924	  5	   0.0000	
1924	  6	   0.3250	
1924	  7	   0.0000	
1924	  8	   2.9246	
1924	  9	   0.0000	
1924	 10	   0.0000	
1924	 11	   0.0000	
1924	 12	   0.0000	
1925	  1	   0.0000	
1925	  2	   0.0000	
1925	  3	   0.0000	
1925	  4	   0.0000	
1925	  5	  44.3908	
1925	  6	   1.3937	
1925	  7	   0.5163	
1925	  8	   2.2747	
1925	  9	   0.0629	
1925	 10	   0.0000	
1925	 11	   0.0000	
1925	 12	   0.0000	
1926	  1	   0.0000	
1926	  2	   0.0000	
1926	  3	   0.0000	
1926	  4	   0.0000	
1926	  5	   0.1408	
1926	  6	   0.0000	
1926	  7	   0.0000	
1926	  8	   0.0000	
1926	  9	   0.0000	
1926	 10	   0.0000	
1926	 11	   0.0000	
1926	 12	   0.0000	
1927	  1	   0.0000	
1927	  2	   0.0000	
1927	  3	   0.0000	
1927	  4	   0.0000	
1927	  5	   0.0469	
1927	  6	   7.8495	
1927	  7	   0.5633	
1927	  8	   0.2347	
1927	  9	   0.0000	
1927	 10	   0.0000	
1927	 11	   0.0000	
1927	 12	   0.0000	
1928	  1	   0.0000	
1928	  2	   0.0000	
1928	  3	   0.0000	
1928	  4	   0.0000	
1928	  5	   2.2314	
1928	  6	   0.0000	
1928	  7	   0.0000	
1928	  8	   0.0000	
1928	  9	   0.0000	
1928	 10	   0.0000	
1928	 11	   0.0000	
1928	 12	   0.0000	
1929	  1	   0.0000	
1929	  2	   0.0000	
1929	  3	   0.0000	
1929	  4	   0.0000	
1929	  5	   0.0000	
1929	  6	  20.6076	
1929	  7	   0.0000	
1929	  8	   0.0000	
1929	  9	   0.2044	
1929	 10	   0.0000	
1929	 11	   0.0000	
1929	 12	   0.0000	
1930	  1	   0.0000	
1930	  2	   0.0000	
1930	  3	   0.0000	
1930	  4	   0.0000	
1930	  5	   4.9556	
1930	  6	   0.0000	
1930	  7	   0.0000	
1930	  8	   0.0000	
1930	  9	   1.1697	
1930	 10	   0.0000	
1930	 11	   0.0000	
1930	 12	   0.0000	
1931	  1	   0.0000	
1931	  2	   0.0000	
1931	  3	   0.0000	
1931	  4	   0.0000	
1931	  5	  20.8585	
1931	  6	   5.8944	
1931	  7	   0.0000	
1931	  8	   1.0687	
1931	  9	   0.4693	
1931	 10	   0.0000	
1931	 11	   0.0000	
1931	 12	   0.0000	
1932	  1	   0.0000	
1932	  2	   0.0000	
1932	  3	   0.0000	
1932	  4	   0.0000	
1932	  5	   8.4055	
1932	  6	   0.0000	
1932	  7	   0.5633	
1932	  8	   0.0000	
1932	  9	   0.0000	
1932	 10	   0.0000	
1932	 11	   0.0000	
1932	 12	   0.0000	
1933	  1	   0.0000	
1933	  2	   0.0000	
1933	  3	   0.0000	
1933	  4	   0.0000	
1933	  5	  11.4078	
1933	  6	   1.3034	
1933	  7	   0.0000	
1933	  8	   0.0000	
1933	  9	   0.0000	
1933	 10	   0.0000	
1933	 11	   0.0000	
1933	 12	   0.0000	
1934	  1	   0.0000	
1934	  2	   0.0000	
1934	  3	   0.0000	
1934	  4	   0.0000	
1934	  5	   0.7907	
1934	  6	   9.4058	
1934	  7	   0.0000	
1934	  8	   0.6499	
1934	  9	   0.0786	
1934	 10	   0.0000	
1934	 11	   0.0000	
1934	 12	   0.0000	
1935	  1	   0.0000	
1935	  2	   0.0000	
1935	  3	   0.0000	
1935	  4	   0.0000	
1935	  5	   0.0000	
1935	  6	   0.0000	
1935	  7	   0.0000	
1935	  8	   2.5996	
1935	  9	   0.1258	
1935	 10	   0.0000	
1935	 11	   0.0000	
1935	 12	   0.0000	
1936	  1	   0.0000	
1936	  2	   0.0000	
1936	  3	   0.0000	
1936	  4	   0.0000	
1936	  5	   5.3166	
1936	  6	   1.6248	
1936	  7	   0.6499	
1936	  8	   0.9749	
1936	  9	   0.0000	
1936	 10	   0.0000	
1936	 11	   0.0000	
1936	 12	   0.0000	
1937	  1	   0.0000	
1937	  2	   0.0000	
1937	  3	   0.0000	
1937	  4	   0.0000	
1937	  5	   0.0000	
1937	  6	   0.0000	
1937	  7	   0.0000	
1937	  8	   0.0000	
1937	  9	   0.0000	
1937	 10	   0.0000	
1937	 11	   0.0000	
1937	 12	   0.0000	
1938	  1	   0.0000	
1938	  2	   0.0000	
1938	  3	   0.0000	
1938	  4	   0.0000	
1938	  5	   1.9497	
1938	  6	   0.0000	
1938	  7	   0.4188	
1938	  8	   0.0000	
1938	  9	   3.4545	
1938	 10	   0.0000	
1938	 11	   0.0000	
1938	 12	   0.0000	
1939	  1	   0.0000	
1939	  2	   0.0000	
1939	  3	   0.0000	
1939	  4	   0.0000	
1939	  5	   3.5656	
1939	  6	   0.0939	
1939	  7	   0.0000	
1939	  8	   0.0235	
1939	  9	  18.5050	
1939	 10	   0.0000	
1939	 11	   0.0000	
1939	 12	   0.0000	
1940	  1	   0.0000	
1940	  2	   0.0000	
1940	  3	   0.0000	
1940	  4	   0.0000	
1940	  5	   0.3250	
1940	  6	   0.0000	
1940	  7	   0.0000	
1940	  8	   0.0000	
1940	  9	   0.0000	
1940	 10	   0.0000	
1940	 11	   0.0000	
1940	 12	   0.0000	
1941	  1	   0.0000	
1941	  2	   0.0000	
1941	  3	   0.0000	
1941	  4	   0.0000	
1941	  5	   0.1878	
1941	  6	   0.0000	
1941	  7	   0.0000	
1941	  8	   0.0469	
1941	  9	   0.0000	
1941	 10	   0.0000	
1941	 11	   0.0000	
1941	 12	   0.0000	
1942	  1	   0.0000	
1942	  2	   0.0000	
1942	  3	   0.0000	
1942	  4	   0.0000	
1942	  5	  21.0265	
1942	  6	   0.0000	
1942	  7	   0.0000	
1942	  8	   0.0000	
1942	  9	   0.0000	
1942	 10	   0.0000	
1942	 11	   0.0000	
1942	 12	   0.0000	
1943	  1	   0.0000	
1943	  2	   0.0000	
1943	  3	   0.0000	
1943	  4	   0.0000	
1943	  5	   0.0000	
1943	  6	   0.0000	
1943	  7	   0.0000	
1943	  8	   0.0000	
1943	  9	   0.0000	
1943	 10	   0.0000	
1943	 11	   0.0000	
1943	 12	   0.0000	
1944	  1	   0.0000	
1944	  2	   0.0000	
1944	  3	   0.0000	
1944	  4	   0.0000	
1944	  5	  11.6117	
1944	  6	   3.6720	
1944	  7	   0.0000	
1944	  8	   0.0000	
1944	  9	   1.8204	
1944	 10	   0.0000	
1944	 11	   0.0000	
1944	 12	   0.0000	
1945	  1	   0.0000	
1945	  2	   0.0000	
1945	  3	   0.0000	
1945	  4	   0.0000	
1945	  5	   5.4574	
1945	  6	   0.0939	
1945	  7	   0.0000	
1945	  8	   1.3973	
1945	  9	   0.0000	
1945	 10	   0.0000	
1945	 11	   0.0000	
1945	 12	   0.0000	
1946	  1	   0.0000	
1946	  2	   0.0000	
1946	  3	   0.0000	
1946	  4	   0.0000	
1946	  5	  36.2884	
1946	  6	   0.0000	
1946	  7	   0.8611	
1946	  8	   0.0000	
1946	  9	   0.0000	
1946	 10	   0.0000	
1946	 11	   0.0000	
1946	 12	   0.0000	
1947	  1	   0.0000	
1947	  2	   0.0000	
1947	  3	   0.0000	
1947	  4	   0.0000	
1947	  5	  10.1711	
1947	  6	   3.2965	
1947	  7	   0.0000	
1947	  8	   0.0000	
1947	  9	   0.7475	
1947	 10	   0.0000	
1947	 11	   0.0000	
1947	 12	   0.0000	
1948	  1	   0.0000	
1948	  2	   0.0000	
1948	  3	   0.0000	
1948	  4	   0.0000	
1948	  5	  32.8332	
1948	  6	   0.0939	
1948	  7	   0.0000	
1948	  8	   0.0000	
1948	  9	   0.0000	
1948	 10	   0.0000	
1948	 11	   0.0000	
1948	 12	   0.0000	
1949	  1	   0.0000	
1949	  2	   0.0000	
1949	  3	   0.0000	
1949	  4	   0.0000	
1949	  5	  33.5625	
1949	  6	   0.0000	
1949	  7	   0.0000	
1949	  8	   0.0000	
1949	  9	   0.0000	
1949	 10	   0.0000	
1949	 11	   0.0000	
1949	 12	   0.0000	
1950	  1	   0.0000	
1950	  2	   0.0000	
1950	  3	   0.0000	
1950	  4	   0.0000	
1950	  5	   0.8846	
1950	  6	   0.0000	
1950	  7	   0.9749	
1950	  8	   0.0000	
1950	  9	  13.0970	
1950	 10	   0.0000	
1950	 11	   0.0000	
1950	 12	   0.0000	
1951	  1	   0.0000	
1951	  2	   0.0000	
1951	  3	   0.0000	
1951	  4	   0.0000	
1951	  5	   0.1174	
1951	  6	   0.0000	
1951	  7	   0.0000	
1951	  8	   0.0000	
1951	  9	   0.0000	
1951	 10	   0.0000	
1951	 11	   0.0000	
1951	 12	   0.0000	
1952	  1	   0.0000	
1952	  2	   0.0000	
1952	  3	   0.0000	
1952	  4	   0.0000	
1952	  5	   0.6499	
1952	  6	   0.0000	
1952	  7	   0.0000	
1952	  8	   0.0000	
1952	  9	   3.5779	
1952	 10	   0.0000	
1952	 11	   0.0000	
1952	 12	   0.0000	
1953	  1	   0.0000	
1953	  2	   0.0000	
1953	  3	   0.0000	
1953	  4	   0.0000	
1953	  5	   6.5100	
1953	  6	   2.4228	
1953	  7	   0.0000	
1953	  8	   0.0000	
1953	  9	   0.0000	
1953	 10	   0.0000	
1953	 11	   0.0000	
1953	 12	   0.0000	
1954	  1	   0.0000	
1954	  2	   0.0000	
1954	  3	   0.0000	
1954	  4	   0.0000	
1954	  5	   9.5952	
1954	  6	   0.9858	
1954	  7	   0.0000	
1954	  8	   0.0000	
1954	  9	   0.0000	
1954	 10	   0.0000	
1954	 11	   0.0000	
1954	 12	   0.0000	
1955	  1	   0.0000	
1955	  2	   0.0000	
1955	  3	   0.0000	
1955	  4	   0.0000	
1955	  5	  30.4141	
1955	  6	   0.6499	
1955	  7	   0.0000	
1955	  8	   0.0000	
1955	  9	   0.0000	
1955	 10	   0.0000	
1955	 11	   0.0000	
1955	 12	   0.0000	
1956	  1	   0.0000	
1956	  2	   0.0000	
1956	  3	   0.0000	
1956	  4	   0.0000	
1956	  5	  20.4579	
1956	  6	   0.0000	
1956	  7	   0.0000	
1956	  8	   0.0000	
1956	  9	   3.5464	
1956	 10	   0.0000	
1956	 11	   0.0000	
1956	 12	   0.0000	
1957	  1	   0.0000	
1957	  2	   0.0000	
1957	  3	   0.0000	
1957	  4	   0.0000	
1957	  5	  42.5765	
1957	  6	   5.5279	
1957	  7	   0.0000	
1957	  8	   0.0000	
1957	  9	   1.5240	
1957	 10	   0.0000	
1957	 11	   0.0000	
1957	 12	   0.0000	
1958	  1	   0.0000	
1958	  2	   0.0000	
1958	  3	   0.0000	
1958	  4	   0.0000	
1958	  5	  10.2524	
1958	  6	   1.3702	
1958	  7	   0.8919	
1958	  8	   0.0000	
1958	  9	  10.5473	
1958	 10	   0.0000	
1958	 11	   0.0000	
1958	 12	   0.0000	
1959	  1	   0.0000	
1959	  2	   0.0000	
1959	  3	   0.0000	
1959	  4	   0.0000	
1959	  5	   0.1408	
1959	  6	   0.0000	
1959	  7	   0.0000	
1959	  8	   1.6248	
1959	  9	  31.5985	
1959	 10	   0.0000	
1959	 11	   0.0000	
1959	 12	   0.0000	
1960	  1	   0.0000	
1960	  2	   0.0000	
1960	  3	   0.0000	
1960	  4	   0.0000	
1960	  5	   0.3250	
1960	  6	   0.0000	
1960	  7	   0.0000	
1960	  8	   0.0000	
1960	  9	   1.5240	
1960	 10	   0.0000	
1960	 11	   0.0000	
1960	 12	   0.0000	
1961	  1	   0.0000	
1961	  2	   0.0000	
1961	  3	   0.0000	
1961	  4	   0.0000	
1961	  5	  22.9943	
1961	  6	   0.1174	
1961	  7	   0.6499	
1961	  8	   0.3051	
1961	  9	   0.0000	
1961	 10	   0.0000	
1961	 11	   0.0000	
1961	 12	   0.0000	
1962	  1	   0.0000	
1962	  2	   0.0000	
1962	  3	   0.0000	
1962	  4	   0.0000	
1962	  5	   0.1643	
1962	  6	   0.0000	
1962	  7	   0.0000	
1962	  8	   0.0000	
1962	  9	   0.0000	
1962	 10	   0.0000	
1962	 11	   0.0000	
1962	 12	   0.0000	
1963	  1	   0.0000	
1963	  2	   0.0000	
1963	  3	   0.0000	
1963	  4	   0.0000	
1963	  5	   6.9252	
1963	  6	   2.9246	
1963	  7	   0.0000	
1963	  8	   0.0000	
1963	  9	   1.4503	
1963	 10	   0.0000	
1963	 11	   0.0000	
1963	 12	   0.0000	
1964	  1	   0.0000	
1964	  2	   0.0000	
1964	  3	   0.0000	
1964	  4	   0.0000	
1964	  5	   0.9858	
1964	  6	  13.3069	
1964	  7	   0.0000	
1964	  8	   0.2816	
1964	  9	   5.2253	
1964	 10	   0.0000	
1964	 11	   0.0000	
1964	 12	   0.0000	
1965	  1	   0.0000	
1965	  2	   0.0000	
1965	  3	   0.0000	
1965	  4	   0.0000	
1965	  5	   0.0000	
1965	  6	   0.0000	
1965	  7	   0.0000	
1965	  8	   9.2630	
1965	  9	   0.0000	
1965	 10	   0.0000	
1965	 11	   0.0000	
1965	 12	   0.0000	
1966	  1	   0.0000	
1966	  2	   0.0000	
1966	  3	   0.0000	
1966	  4	   0.0000	
1966	  5	  12.1228	
1966	  6	   0.0235	
1966	  7	   5.6885	
1966	  8	   0.0000	
1966	  9	   1.4478	
1966	 10	   0.0000	
1966	 11	   0.0000	
1966	 12	   0.0000	
1967	  1	   0.0000	
1967	  2	   0.0000	
1967	  3	   0.0000	
1967	  4	   0.0000	
1967	  5	   2.4191	
1967	  6	   3.6558	
1967	  7	   0.0000	
1967	  8	   0.0000	
1967	  9	   0.6084	
1967	 10	   0.0000	
1967	 11	   0.0000	
1967	 12	   0.0000	
1968	  1	   0.0000	
1968	  2	   0.0000	
1968	  3	   0.0000	
1968	  4	   0.0000	
1968	  5	   4.6270	
1968	  6	   0.0000	
1968	  7	   0.0000	
1968	  8	   0.0704	
1968	  9	   0.0000	
1968	 10	   0.0000	
1968	 11	   0.0000	
1968	 12	   0.0000	
1969	  1	   0.0000	
1969	  2	   0.0000	
1969	  3	   0.0000	
1969	  4	   0.0000	
1969	  5	   0.0469	
1969	  6	   0.0000	
1969	  7	   0.1643	
1969	  8	   0.0000	
1969	  9	  32.6446	
1969	 10	   0.0000	
1969	 11	   0.0000	
1969	 12	   0.0000	
1970	  1	   0.0000	
1970	  2	   0.0000	
1970	  3	   0.0000	
1970	  4	   0.0000	
1970	  5	   0.0000	
1970	  6	   0.4459	
1970	  7	   0.0000	
1970	  8	   0.0000	
1970	  9	   0.0000	
1970	 10	   0.0000	
1970	 11	   0.0000	
1970	 12	   0.0000	
1971	  1	   0.0000	
1971	  2	   0.0000	
1971	  3	   0.0000	
1971	  4	   0.0000	
1971	  5	  35.9998	
1971	  6	   0.0000	
1971	  7	   0.0000	
1971	  8	   0.0000	
1971	  9	   0.4669	
1971	 10	   0.0000	
1971	 11	   0.0000	
1971	 12	   0.0000	
1972	  1	   0.0000	
1972	  2	   0.0000	
1972	  3	   0.0000	
1972	  4	   0.0000	
1972	  5	   0.0704	
1972	  6	   0.4423	
1972	  7	   0.0469	
1972	  8	   0.0000	
1972	  9	   1.9619	
1972	 10	   0.0000	
1972	 11	   0.0000	
1972	 12	   0.0000	
1973	  1	   0.0000	
1973	  2	   0.0000	
1973	  3	   0.0000	
1973	  4	   0.0000	
1973	  5	   0.0000	
1973	  6	   0.0469	
1973	  7	   0.0000	
1973	  8	   0.0000	
1973	  9	   0.6532	
1973	 10	   0.0000	
1973	 11	   0.0000	
1973	 12	   0.0000	
1974	  1	   0.0000	
1974	  2	   0.0000	
1974	  3	   0.0000	
1974	  4	   0.0000	
1974	  5	   0.0000	
1974	  6	   0.0000	
1974	  7	  13.9730	
1974	  8	   0.0000	
1974	  9	   0.0000	
1974	 10	   0.0000	
1974	 11	   0.0000	
1974	 12	   0.0000	
1975	  1	   0.0000	
1975	  2	   0.0000	
1975	  3	   0.0000	
1975	  4	   0.0000	
1975	  5	   0.0000	
1975	  6	   0.0000	
1975	  7	   1.2998	
1975	  8	   7.5011	
1975	  9	   0.5165	
1975	 10	   0.0000	
1975	 11	   0.0000	
1975	 12	   0.0000	
1976	  1	   0.0000	
1976	  2	   0.0000	
1976	  3	   0.0000	
1976	  4	   0.0000	
1976	  5	   0.0000	
1976	  6	   2.5996	
1976	  7	   0.1174	
1976	  8	  24.3554	
1976	  9	  44.8043	
1976	 10	   0.0000	
1976	 11	   0.0000	
1976	 12	   0.0000	
1977	  1	   0.0000	
1977	  2	   0.0000	
1977	  3	   0.0000	
1977	  4	   0.0000	
1977	  5	  35.6025	
1977	  6	   8.1239	
1977	  7	   0.0000	
1977	  8	   0.0000	
1977	  9	   1.9595	
1977	 10	   0.0000	
1977	 11	   0.0000	
1977	 12	   0.0000	
1978	  1	   0.0000	
1978	  2	   0.0000	
1978	  3	   0.0000	
1978	  4	   0.0000	
1978	  5	   4.5494	
1978	  6	   0.0000	
1978	  7	   0.0469	
1978	  8	   0.0000	
1978	  9	   8.8456	
1978	 10	   0.0000	
1978	 11	   0.0000	
1978	 12	   0.0000	
1979	  1	   0.0000	
1979	  2	   0.0000	
1979	  3	   0.0000	
1979	  4	   0.0000	
1979	  5	   6.4558	
1979	  6	   0.0000	
1979	  7	   0.6499	
1979	  8	   0.0000	
1979	  9	   0.0000	
1979	 10	   0.0000	
1979	 11	   0.0000	
1979	 12	   0.0000	
1980	  1	   0.0000	
1980	  2	   0.0000	
1980	  3	   0.0000	
1980	  4	   0.0000	
1980	  5	   9.6855	
1980	  6	   0.0000	
1980	  7	   0.0000	
1980	  8	   0.0000	
1980	  9	   0.0000	
1980	 10	   0.0000	
1980	 11	   0.0000	
1980	 12	   0.0000	
1981	  1	   0.0000	
1981	  2	   0.0000	
1981	  3	   0.0000	
1981	  4	   0.0000	
1981	  5	   0.0000	
1981	  6	   0.0000	
1981	  7	   0.0000	
1981	  8	   0.0000	
1981	  9	   0.0000	
1981	 10	   0.0000	
1981	 11	   0.0000	
1981	 12	   0.0000	
1982	  1	   0.0000	
1982	  2	   0.0000	
1982	  3	   0.0000	
1982	  4	   0.0000	
1982	  5	   0.0000	
1982	  6	   3.7190	
1982	  7	   0.0000	
1982	  8	   0.0000	
1982	  9	  16.5613	
1982	 10	   0.0000	
1982	 11	   0.0000	
1982	 12	   0.0000	
1983	  1	   0.0000	
1983	  2	   0.0000	
1983	  3	   0.0000	
1983	  4	   0.0000	
1983	  5	   7.1473	
1983	  6	   0.0000	
1983	  7	   0.0000	
1983	  8	   3.2495	
1983	  9	  60.6542	
1983	 10	   0.0000	
1983	 11	   0.0000	
1983	 12	   0.0000	
1984	  1	   0.0000	
1984	  2	   0.0000	
1984	  3	   0.0000	
1984	  4	   0.0000	
1984	  5	   0.0000	
1984	  6	   0.6499	
1984	  7	   0.0000	
1984	  8	   0.0000	
1984	  9	   0.0000	
1984	 10	   0.0000	
1984	 11	   0.0000	
1984	 12	   0.0000	
1985	  1	   0.0000	
1985	  2	   0.0000	
1985	  3	   0.0000	
1985	  4	   0.0000	
1985	  5	   0.0000	
1985	  6	   4.6974	
1985	  7	   0.0000	
1985	  8	   0.2816	
1985	  9	   0.3907	
1985	 10	   0.0000	
1985	 11	   0.0000	
1985	 12	   0.0000	
1986	  1	   0.0000	
1986	  2	   0.0000	
1986	  3	   0.0000	
1986	  4	   0.0000	
1986	  5	   1.3269	
1986	  6	   0.0000	
1986	  7	   0.0000	
1986	  8	   0.0000	
1986	  9	  15.0457	
1986	 10	   0.0000	
1986	 11	   0.0000	
1986	 12	   0.0000	
1987	  1	   0.0000	
1987	  2	   0.0000	
1987	  3	   0.0000	
1987	  4	   0.0000	
1987	  5	   3.7153	
1987	  6	   0.0469	
1987	  7	   0.0000	
1987	  8	   0.0000	
1987	  9	   0.0000	
1987	 10	   0.0000	
1987	 11	   0.0000	
1987	 12	   0.0000	
1988	  1	   0.0000	
1988	  2	   0.0000	
1988	  3	   0.0000	
1988	  4	   0.0000	
1988	  5	  16.9284	
1988	  6	   9.4941	
1988	  7	   0.0000	
1988	  8	   0.0000	
1988	  9	   0.0000	
1988	 10	   0.0000	
1988	 11	   0.0000	
1988	 12	   0.0000	
1989	  1	   0.0000	
1989	  2	   0.0000	
1989	  3	   0.0000	
1989	  4	   0.0000	
1989	  5	   0.2582	
1989	  6	   0.0000	
1989	  7	   0.0000	
1989	  8	   3.9699	
1989	  9	  32.3943	
1989	 10	   0.0000	
1989	 11	   0.0000	
1989	 12	   0.0000	
1990	  1	   0.0000	
1990	  2	   0.0000	
1990	  3	   0.0000	
1990	  4	   0.0000	
1990	  5	  66.3055	
1990	  6	   0.0000	
1990	  7	   0.0000	
1990	  8	   0.0000	
1990	  9	   1.8047	
1990	 10	   0.0000	
1990	 11	   0.0000	
1990	 12	   0.0000	
1991	  1	   0.0000	
1991	  2	   0.0000	
1991	  3	   0.0000	
1991	  4	   0.0000	
1991	  5	   9.8660	
1991	  6	   1.6482	
1991	  7	   0.0000	
1991	  8	   6.8710	
1991	  9	   0.0000	
1991	 10	   0.0000	
1991	 11	   0.0000	
1991	 12	   0.0000	
1992	  1	   0.0000	
1992	  2	   0.0000	
1992	  3	   0.0000	
1992	  4	   0.0000	
1992	  5	   0.0000	
1992	  6	   0.3250	
1992	  7	  17.1089	
1992	  8	   0.0000	
1992	  9	   0.0000	
1992	 10	   0.0000	
1992	 11	   0.0000	
1992	 12	   0.0000	
1993	  1	   0.0000	
1993	  2	   0.0000	
1993	  3	   0.0000	
1993	  4	   0.0000	
1993	  5	  18.5640	
1993	  6	  13.3575	
1993	  7	   0.0000	
1993	  8	   0.0000	
1993	  9	   0.0000	
1993	 10	   0.0000	
1993	 11	   0.0000	
1993	 12	   0.0000	
1994	  1	   0.0000	
1994	  2	   0.0000	
1994	  3	   0.0000	
1994	  4	   0.0000	
1994	  5	  44.1454	
1994	  6	   0.0000	
1994	  7	   0.0000	
1994	  8	   0.0000	
1994	  9	   2.3816	
1994	 10	   0.0000	
1994	 11	   0.0000	
1994	 12	   0.0000	
1995	  1	   0.0000	
1995	  2	   0.0000	
1995	  3	   0.0000	
1995	  4	   0.0000	
1995	  5	  22.3263	
1995	  6	   5.0260	
1995	  7	   0.9749	
1995	  8	   0.0000	
1995	  9	   0.0000	
1995	 10	   0.0000	
1995	 11	   0.0000	
1995	 12	   0.0000	
1996	  1	   0.0000	
1996	  2	   0.0000	
1996	  3	   0.0000	
1996	  4	   0.0000	
1996	  5	  30.4663	
1996	  6	   2.7008	
1996	  7	   0.0000	
1996	  8	   0.0000	
1996	  9	   0.0000	
1996	 10	   0.0000	
1996	 11	   0.0000	
1996	 12	   0.0000	
1997	  1	   0.0000	
1997	  2	   0.0000	
1997	  3	   0.0000	
1997	  4	   0.0000	
1997	  5	   4.8743	
1997	  6	   0.0000	
1997	  7	   0.0000	
1997	  8	   0.0235	
1997	  9	   0.2044	
1997	 10	   0.0000	
1997	 11	   0.0000	
1997	 12	   0.0000	
1998	  1	   0.0000	
1998	  2	   0.0000	
1998	  3	   0.0000	
1998	  4	   0.0000	
1998	  5	 129.1136	
1998	  6	  15.7098	
1998	  7	   0.0000	
1998	  8	   0.0000	
1998	  9	   1.3838	
1998	 10	   0.0000	
1998	 11	   0.0000	
1998	 12	   0.0000	
1999	  1	   0.0000	
1999	  2	   0.0000	
1999	  3	   0.0000	
1999	  4	   0.0000	
1999	  5	   2.7405	
1999	  6	   0.1174	
1999	  7	   0.0000	
1999	  8	   0.0000	
1999	  9	   0.0000	
1999	 10	   0.0000	
1999	 11	   0.0000	
1999	 12	   0.0000	
2000	  1	   0.0000	
2000	  2	   0.0000	
2000	  3	   0.0000	
2000	  4	   0.0000	
2000	  5	   4.9249	
2000	  6	   5.6290	
2000	  7	   0.0000	
2000	  8	   0.0000	
2000	  9	   2.3841	
2000	 10	   0.0000	
2000	 11	   0.0000	
2000	 12	   0.0000	
2001	  1	   0.0000	
2001	  2	   0.0000	
2001	  3	   0.0000	
2001	  4	   0.0000	
2001	  5	   0.0000	
2001	  6	   0.0000	
2001	  7	   0.0469	
2001	  8	   0.0000	
2001	  9	   2.2086	
2001	 10	   0.0000	
2001	 11	   0.0000	
2001	 12	   0.0000	
2002	  1	   0.0000	
2002	  2	   0.0000	
2002	  3	   0.0000	
2002	  4	   0.0000	
2002	  5	   7.2736	
2002	  6	   0.5163	
2002	  7	   0.0000	
2002	  8	   0.0000	
2002	  9	   1.0886	
2002	 10	   0.0000	
2002	 11	   0.0000	
2002	 12	   0.0000	
2003	  1	   0.0000	
2003	  2	   0.0000	
2003	  3	   0.0000	
2003	  4	   0.0000	
2003	  5	  17.3148	
2003	  6	   0.0000	
2003	  7	   0.0000	
2003	  8	   2.7405	
2003	  9	   0.0000	
2003	 10	   0.0000	
2003	 11	   0.0000	
2003	 12	   0.0000	
2004	  1	   0.0000	
2004	  2	   0.0000	
2004	  3	   0.0000	
2004	  4	   0.0000	
2004	  5	   6.1741	
2004	  6	   0.0000	
2004	  7	   0.0000	
2004	  8	   0.0000	
2004	  9	   1.5240	
2004	 10	   0.0000	
2004	 11	   0.0000	
2004	 12	   0.0000	
2005	  1	   0.0000	
2005	  2	   0.0000	
2005	  3	   0.0000	
2005	  4	   0.0000	
2005	  5	  48.8462	
2005	  6	   2.2747	
2005	  7	   0.0000	
2005	  8	   1.6284	
2005	  9	   3.1581	
2005	 10	   0.0000	
2005	 11	   0.0000	
2005	 12	   0.0000	
