1922	  1	   3.1640	
1922	  2	   9.3010	
1922	  3	   3.1873	
1922	  4	   1.6212	
1922	  5	   0.0000	
1922	  6	   0.0000	
1922	  7	   0.0000	
1922	  8	   0.0000	
1922	  9	   0.0322	
1922	 10	   0.0935	
1922	 11	   4.6041	
1922	 12	   8.3613	
1923	  1	   4.9516	
1923	  2	   0.1749	
1923	  3	   0.8687	
1923	  4	   9.1695	
1923	  5	   0.0000	
1923	  6	   0.0000	
1923	  7	   0.0000	
1923	  8	   0.0000	
1923	  9	   0.4748	
1923	 10	   0.3824	
1923	 11	   0.4784	
1923	 12	   1.6239	
1924	  1	   4.2127	
1924	  2	   0.3100	
1924	  3	   6.6392	
1924	  4	   0.6122	
1924	  5	   0.0000	
1924	  6	   0.0000	
1924	  7	   0.0000	
1924	  8	   0.0000	
1924	  9	   0.0000	
1924	 10	   1.7340	
1924	 11	   2.2361	
1924	 12	   5.1175	
1925	  1	   4.0688	
1925	  2	   5.6100	
1925	  3	   1.6199	
1925	  4	   4.9034	
1925	  5	   0.0000	
1925	  6	   0.0000	
1925	  7	   0.0000	
1925	  8	   0.0000	
1925	  9	   0.0031	
1925	 10	   1.3228	
1925	 11	   1.7855	
1925	 12	   1.3309	
1926	  1	   3.5379	
1926	  2	   4.6568	
1926	  3	   1.1819	
1926	  4	   4.3015	
1926	  5	   0.0000	
1926	  6	   0.0000	
1926	  7	   0.0000	
1926	  8	   0.0000	
1926	  9	   0.0000	
1926	 10	   0.7488	
1926	 11	   8.2154	
1926	 12	   2.5475	
1927	  1	   3.0310	
1927	  2	  15.9716	
1927	  3	   4.3389	
1927	  4	   1.0139	
1927	  5	   0.0000	
1927	  6	   0.0000	
1927	  7	   0.0000	
1927	  8	   0.0000	
1927	  9	   0.0000	
1927	 10	   2.4184	
1927	 11	   3.0347	
1927	 12	   1.7929	
1928	  1	   0.6232	
1928	  2	   3.9087	
1928	  3	   5.1229	
1928	  4	   1.5686	
1928	  5	   0.0000	
1928	  6	   0.0000	
1928	  7	   0.0000	
1928	  8	   0.0000	
1928	  9	   0.0000	
1928	 10	   0.0000	
1928	 11	   7.3642	
1928	 12	  10.1381	
1929	  1	   2.5403	
1929	  2	   3.5850	
1929	  3	   1.2785	
1929	  4	   2.0303	
1929	  5	   0.0000	
1929	  6	   0.0000	
1929	  7	   0.0000	
1929	  8	   0.0000	
1929	  9	   0.0101	
1929	 10	   0.1625	
1929	 11	   0.0000	
1929	 12	   1.6614	
1930	  1	   7.1505	
1930	  2	   5.8709	
1930	  3	   3.7097	
1930	  4	   2.4845	
1930	  5	   0.0000	
1930	  6	   0.0000	
1930	  7	   0.0000	
1930	  8	   0.0000	
1930	  9	   0.0576	
1930	 10	   0.3414	
1930	 11	   2.3606	
1930	 12	   0.0000	
1931	  1	   7.3131	
1931	  2	   3.1221	
1931	  3	   2.4426	
1931	  4	   0.7646	
1931	  5	   0.0000	
1931	  6	   0.0000	
1931	  7	   0.0000	
1931	  8	   0.0000	
1931	  9	   0.0231	
1931	 10	   0.0325	
1931	 11	   5.4946	
1931	 12	  12.5426	
1932	  1	   5.3632	
1932	  2	   5.4934	
1932	  3	   4.0923	
1932	  4	   1.0115	
1932	  5	   0.0000	
1932	  6	   0.0000	
1932	  7	   0.0000	
1932	  8	   0.0000	
1932	  9	   0.0000	
1932	 10	   0.0000	
1932	 11	   0.2293	
1932	 12	   3.1851	
1933	  1	  10.0059	
1933	  2	   0.7904	
1933	  3	   2.5022	
1933	  4	   0.0211	
1933	  5	   0.0000	
1933	  6	   0.0000	
1933	  7	   0.0000	
1933	  8	   0.0000	
1933	  9	   0.0000	
1933	 10	   0.5374	
1933	 11	   0.0000	
1933	 12	   8.6750	
1934	  1	   4.1853	
1934	  2	   5.8487	
1934	  3	   0.0469	
1934	  4	   0.0975	
1934	  5	   0.0000	
1934	  6	   0.0000	
1934	  7	   0.0000	
1934	  8	   0.0000	
1934	  9	   0.0039	
1934	 10	   1.3060	
1934	 11	   6.0224	
1934	 12	   6.5323	
1935	  1	   8.4927	
1935	  2	   1.8330	
1935	  3	   7.4301	
1935	  4	   8.4689	
1935	  5	   0.0000	
1935	  6	   0.0000	
1935	  7	   0.0000	
1935	  8	   0.0000	
1935	  9	   0.0062	
1935	 10	   1.0552	
1935	 11	   3.5054	
1935	 12	   3.3335	
1936	  1	   2.2348	
1936	  2	  17.4536	
1936	  3	   4.1082	
1936	  4	   2.1458	
1936	  5	   0.0000	
1936	  6	   0.0000	
1936	  7	   0.0000	
1936	  8	   0.0000	
1936	  9	   0.0000	
1936	 10	   3.6421	
1936	 11	   0.0000	
1936	 12	   8.9986	
1937	  1	   5.0771	
1937	  2	   7.3366	
1937	  3	  10.3657	
1937	  4	   1.5589	
1937	  5	   0.0000	
1937	  6	   0.0000	
1937	  7	   0.0000	
1937	  8	   0.0000	
1937	  9	   0.0000	
1937	 10	   0.1672	
1937	 11	   1.6047	
1937	 12	   8.7321	
1938	  1	   7.2828	
1938	  2	  14.0182	
1938	  3	  12.2036	
1938	  4	   2.2245	
1938	  5	   0.0000	
1938	  6	   0.0000	
1938	  7	   0.0000	
1938	  8	   0.0000	
1938	  9	   0.1701	
1938	 10	   3.9153	
1938	 11	   0.1957	
1938	 12	   2.8425	
1939	  1	   2.4254	
1939	  2	   3.5931	
1939	  3	   3.6188	
1939	  4	   2.2613	
1939	  5	   0.0000	
1939	  6	   0.0000	
1939	  7	   0.0000	
1939	  8	   0.0000	
1939	  9	   0.9114	
1939	 10	   0.5941	
1939	 11	   0.4365	
1939	 12	   1.0041	
1940	  1	  14.9965	
1940	  2	  10.7714	
1940	  3	   3.8401	
1940	  4	   2.2429	
1940	  5	   0.0000	
1940	  6	   0.0000	
1940	  7	   0.0000	
1940	  8	   0.0000	
1940	  9	   0.0000	
1940	 10	   2.2691	
1940	 11	   0.1092	
1940	 12	  13.6534	
1941	  1	   8.6101	
1941	  2	  11.3429	
1941	  3	   9.0728	
1941	  4	   7.1924	
1941	  5	   0.0000	
1941	  6	   0.0000	
1941	  7	   0.0000	
1941	  8	   0.0000	
1941	  9	   0.0000	
1941	 10	   4.0437	
1941	 11	   2.3435	
1941	 12	   7.2597	
1942	  1	   5.4232	
1942	  2	   4.1831	
1942	  3	   2.9134	
1942	  4	   8.4817	
1942	  5	   0.0000	
1942	  6	   0.0000	
1942	  7	   0.0000	
1942	  8	   0.0000	
1942	  9	   0.0000	
1942	 10	   1.0097	
1942	 11	   1.2919	
1942	 12	   3.4790	
1943	  1	   4.8305	
1943	  2	   3.1802	
1943	  3	  11.9040	
1943	  4	   2.0192	
1943	  5	   0.0000	
1943	  6	   0.0000	
1943	  7	   0.0000	
1943	  8	   0.0000	
1943	  9	   0.0000	
1943	 10	   0.7340	
1943	 11	   1.3314	
1943	 12	   4.5658	
1944	  1	   4.8463	
1944	  2	   7.4915	
1944	  3	   1.2007	
1944	  4	   3.5738	
1944	  5	   0.0000	
1944	  6	   0.0000	
1944	  7	   0.0000	
1944	  8	   0.0000	
1944	  9	   0.0897	
1944	 10	   0.9924	
1944	 11	   5.9779	
1944	 12	   4.1892	
1945	  1	   0.9223	
1945	  2	   5.8709	
1945	  3	   7.6688	
1945	  4	   0.4252	
1945	  5	   0.0000	
1945	  6	   0.0000	
1945	  7	   0.0000	
1945	  8	   0.0000	
1945	  9	   0.0000	
1945	 10	   9.7923	
1945	 11	   5.4531	
1945	 12	   6.5495	
1946	  1	   1.5224	
1946	  2	   3.8948	
1946	  3	   1.8609	
1946	  4	   0.2275	
1946	  5	   0.0000	
1946	  6	   0.0000	
1946	  7	   0.0000	
1946	  8	   0.0000	
1946	  9	   0.0000	
1946	 10	   1.7883	
1946	 11	   8.0831	
1946	 12	   5.5638	
1947	  1	   0.9826	
1947	  2	   3.7422	
1947	  3	   2.7150	
1947	  4	   0.9030	
1947	  5	   0.0000	
1947	  6	   0.0000	
1947	  7	   0.0000	
1947	  8	   0.0000	
1947	  9	   0.0368	
1947	 10	   3.1934	
1947	 11	   1.8075	
1947	 12	   1.2978	
1948	  1	   0.0211	
1948	  2	   2.8872	
1948	  3	   6.8127	
1948	  4	   9.1800	
1948	  5	   0.0000	
1948	  6	   0.0000	
1948	  7	   0.0000	
1948	  8	   0.0000	
1948	  9	   0.0000	
1948	 10	   1.4637	
1948	 11	   0.0188	
1948	 12	   4.9382	
1949	  1	   2.5744	
1949	  2	   3.6886	
1949	  3	   7.6076	
1949	  4	   0.0000	
1949	  5	   0.0000	
1949	  6	   0.0000	
1949	  7	   0.0000	
1949	  8	   0.0000	
1949	  9	   0.0000	
1949	 10	   0.0000	
1949	 11	   4.4551	
1949	 12	   4.0766	
1950	  1	   6.4775	
1950	  2	   3.0539	
1950	  3	   2.2023	
1950	  4	   2.5298	
1950	  5	   0.0000	
1950	  6	   0.0000	
1950	  7	   0.0000	
1950	  8	   0.0000	
1950	  9	   0.6451	
1950	 10	   3.0006	
1950	 11	   4.9662	
1950	 12	   4.9942	
1951	  1	   3.6476	
1951	  2	   3.5655	
1951	  3	   1.9954	
1951	  4	   1.9088	
1951	  5	   0.0000	
1951	  6	   0.0000	
1951	  7	   0.0000	
1951	  8	   0.0000	
1951	  9	   0.0000	
1951	 10	   2.0154	
1951	 11	   5.2601	
1951	 12	  10.4327	
1952	  1	  11.9600	
1952	  2	   1.7104	
1952	  3	   7.1062	
1952	  4	   6.4635	
1952	  5	   0.0000	
1952	  6	   0.0000	
1952	  7	   0.0000	
1952	  8	   0.0000	
1952	  9	   0.1762	
1952	 10	   0.0164	
1952	 11	   4.5850	
1952	 12	  10.1883	
1953	  1	   1.5298	
1953	  2	   0.1240	
1953	  3	   0.7582	
1953	  4	   3.5003	
1953	  5	   0.0000	
1953	  6	   0.0000	
1953	  7	   0.0000	
1953	  8	   0.0000	
1953	  9	   0.0000	
1953	 10	   0.0681	
1953	 11	   3.3714	
1953	 12	   0.8350	
1954	  1	   5.7885	
1954	  2	   3.7101	
1954	  3	   6.8436	
1954	  4	   2.7284	
1954	  5	   0.0000	
1954	  6	   0.0000	
1954	  7	   0.0000	
1954	  8	   0.0000	
1954	  9	   0.0000	
1954	 10	   0.0000	
1954	 11	   4.4091	
1954	 12	   5.0838	
1955	  1	   9.8545	
1955	  2	   2.6182	
1955	  3	   0.9055	
1955	  4	   3.2543	
1955	  5	   0.0000	
1955	  6	   0.0000	
1955	  7	   0.0000	
1955	  8	   0.0000	
1955	  9	   0.0000	
1955	 10	   0.1069	
1955	 11	   2.7278	
1955	 12	  19.1410	
1956	  1	  10.2254	
1956	  2	   0.9720	
1956	  3	   0.0023	
1956	  4	   4.5218	
1956	  5	   0.0000	
1956	  6	   0.0000	
1956	  7	   0.0000	
1956	  8	   0.0000	
1956	  9	   0.1747	
1956	 10	   0.9489	
1956	 11	   0.0000	
1956	 12	   0.5927	
1957	  1	   6.1906	
1957	  2	   4.5194	
1957	  3	   5.6618	
1957	  4	   2.9118	
1957	  5	   0.0000	
1957	  6	   0.0000	
1957	  7	   0.0000	
1957	  8	   0.0000	
1957	  9	   0.0751	
1957	 10	   3.7352	
1957	 11	   0.7868	
1957	 12	   6.1382	
1958	  1	   8.8429	
1958	  2	  12.7962	
1958	  3	  14.1914	
1958	  4	   6.8477	
1958	  5	   0.0000	
1958	  6	   0.0000	
1958	  7	   0.0000	
1958	  8	   0.0000	
1958	  9	   0.5195	
1958	 10	   0.0325	
1958	 11	   0.2838	
1958	 12	   0.9173	
1959	  1	   5.9705	
1959	  2	   9.0791	
1959	  3	   0.3273	
1959	  4	   1.3334	
1959	  5	   0.0000	
1959	  6	   0.0000	
1959	  7	   0.0000	
1959	  8	   0.0000	
1959	  9	   1.5563	
1959	 10	   0.0000	
1959	 11	   0.0000	
1959	 12	   1.3522	
1960	  1	   5.2759	
1960	  2	   9.1715	
1960	  3	   1.8537	
1960	  4	   3.5500	
1960	  5	   0.0000	
1960	  6	   0.0000	
1960	  7	   0.0000	
1960	  8	   0.0000	
1960	  9	   0.0751	
1960	 10	   0.0258	
1960	 11	   7.7886	
1960	 12	   0.7548	
1961	  1	   5.7102	
1961	  2	   2.8591	
1961	  3	   3.9329	
1961	  4	   0.9167	
1961	  5	   0.0000	
1961	  6	   0.0000	
1961	  7	   0.0000	
1961	  8	   0.0000	
1961	  9	   0.0000	
1961	 10	   0.0047	
1961	 11	   5.3159	
1961	 12	   4.2977	
1962	  1	   5.0588	
1962	  2	  16.8535	
1962	  3	   2.5717	
1962	  4	   0.0000	
1962	  5	   0.0000	
1962	  6	   0.0000	
1962	  7	   0.0000	
1962	  8	   0.0000	
1962	  9	   0.0000	
1962	 10	   0.7602	
1962	 11	   0.4134	
1962	 12	   5.3137	
1963	  1	   5.2950	
1963	  2	  11.8576	
1963	  3	   4.6505	
1963	  4	   6.5827	
1963	  5	   0.0000	
1963	  6	   0.0000	
1963	  7	   0.0000	
1963	  8	   0.0000	
1963	  9	   0.0714	
1963	 10	   3.8173	
1963	 11	   4.5230	
1963	 12	   0.4463	
1964	  1	   2.2949	
1964	  2	   0.0673	
1964	  3	   3.1792	
1964	  4	   1.6266	
1964	  5	   0.0000	
1964	  6	   0.0000	
1964	  7	   0.0000	
1964	  8	   0.0000	
1964	  9	   0.2574	
1964	 10	   8.9948	
1964	 11	   3.9202	
1964	 12	   9.7268	
1965	  1	   2.7047	
1965	  2	   1.3244	
1965	  3	   2.5549	
1965	  4	   7.1322	
1965	  5	   0.0000	
1965	  6	   0.0000	
1965	  7	   0.0000	
1965	  8	   0.0000	
1965	  9	   0.0000	
1965	 10	   0.2674	
1965	 11	  16.6928	
1965	 12	   5.4013	
1966	  1	   2.4973	
1966	  2	   2.8852	
1966	  3	   0.2416	
1966	  4	   0.6898	
1966	  5	   0.0000	
1966	  6	   0.0000	
1966	  7	   0.0000	
1966	  8	   0.0000	
1966	  9	   0.0713	
1966	 10	   0.0000	
1966	 11	   5.8727	
1966	 12	  10.1309	
1967	  1	   7.6479	
1967	  2	   0.9796	
1967	  3	   4.2057	
1967	  4	  11.1299	
1967	  5	   0.0000	
1967	  6	   0.0000	
1967	  7	   0.0000	
1967	  8	   0.0000	
1967	  9	   0.0300	
1967	 10	   0.2322	
1967	 11	   4.7131	
1967	 12	   3.6873	
1968	  1	   2.9268	
1968	  2	   4.2029	
1968	  3	   4.0428	
1968	  4	   0.8243	
1968	  5	   0.0000	
1968	  6	   0.0000	
1968	  7	   0.0000	
1968	  8	   0.0000	
1968	  9	   0.0000	
1968	 10	   1.8461	
1968	 11	   5.8945	
1968	 12	   6.8371	
1969	  1	  16.5433	
1969	  2	  14.6412	
1969	  3	   1.6800	
1969	  4	   2.9223	
1969	  5	   0.0000	
1969	  6	   0.0000	
1969	  7	   0.0000	
1969	  8	   0.0000	
1969	  9	   1.6079	
1969	 10	   4.8664	
1969	 11	   2.5442	
1969	 12	   2.6988	
1970	  1	  10.5352	
1970	  2	   2.0102	
1970	  3	   4.5525	
1970	  4	   0.1562	
1970	  5	   0.0000	
1970	  6	   0.0000	
1970	  7	   0.0000	
1970	  8	   0.0000	
1970	  9	   0.0000	
1970	 10	   1.1937	
1970	 11	   7.7738	
1970	 12	   7.2330	
1971	  1	   1.7629	
1971	  2	   1.1310	
1971	  3	   2.1543	
1971	  4	   2.7016	
1971	  5	   0.0000	
1971	  6	   0.0000	
1971	  7	   0.0000	
1971	  8	   0.0000	
1971	  9	   0.0230	
1971	 10	   0.9518	
1971	 11	   2.4758	
1971	 12	   5.4385	
1972	  1	   1.3444	
1972	  2	   1.0417	
1972	  3	   0.0000	
1972	  4	   0.8788	
1972	  5	   0.0000	
1972	  6	   0.0000	
1972	  7	   0.0000	
1972	  8	   0.0000	
1972	  9	   0.0966	
1972	 10	   2.1297	
1972	 11	  17.1705	
1972	 12	   3.1232	
1973	  1	   9.8496	
1973	  2	  12.5691	
1973	  3	   5.4113	
1973	  4	   0.2540	
1973	  5	   0.0000	
1973	  6	   0.0000	
1973	  7	   0.0000	
1973	  8	   0.0000	
1973	  9	   0.0322	
1973	 10	   4.1658	
1973	 11	   3.9744	
1973	 12	   7.2805	
1974	  1	   5.8272	
1974	  2	   1.1709	
1974	  3	   6.7891	
1974	  4	   2.0537	
1974	  5	   0.0000	
1974	  6	   0.0000	
1974	  7	   0.0000	
1974	  8	   0.0000	
1974	  9	   0.0000	
1974	 10	   3.0853	
1974	 11	   1.6641	
1974	 12	   7.2180	
1975	  1	   0.6533	
1975	  2	   9.2374	
1975	  3	   6.4560	
1975	  4	   3.6094	
1975	  5	   0.0000	
1975	  6	   0.0000	
1975	  7	   0.0000	
1975	  8	   0.0000	
1975	  9	   0.0254	
1975	 10	   3.5778	
1975	 11	   0.3914	
1975	 12	   0.4784	
1976	  1	   0.6409	
1976	  2	   4.4288	
1976	  3	   1.4825	
1976	  4	   3.7551	
1976	  5	   0.0000	
1976	  6	   0.0000	
1976	  7	   0.0000	
1976	  8	   0.0000	
1976	  9	   2.2068	
1976	 10	   2.8845	
1976	 11	   2.6089	
1976	 12	   2.7141	
1977	  1	   2.4480	
1977	  2	   1.0265	
1977	  3	   1.4582	
1977	  4	   0.0650	
1977	  5	   0.0000	
1977	  6	   0.0000	
1977	  7	   0.0000	
1977	  8	   0.0000	
1977	  9	   0.0965	
1977	 10	   0.4549	
1977	 11	   0.9810	
1977	 12	   9.1399	
1978	  1	  14.1901	
1978	  2	  12.3106	
1978	  3	  14.1161	
1978	  4	   6.0749	
1978	  5	   0.0000	
1978	  6	   0.0000	
1978	  7	   0.0000	
1978	  8	   0.0000	
1978	  9	   0.4357	
1978	 10	   0.0070	
1978	 11	   5.0354	
1978	 12	   1.7515	
1979	  1	   8.3082	
1979	  2	   9.4226	
1979	  3	   7.7487	
1979	  4	   0.6432	
1979	  5	   0.0000	
1979	  6	   0.0000	
1979	  7	   0.0000	
1979	  8	   0.0000	
1979	  9	   0.0000	
1979	 10	   2.2346	
1979	 11	   2.4769	
1979	 12	   2.5292	
1980	  1	  10.2710	
1980	  2	  10.8340	
1980	  3	   4.1215	
1980	  4	   1.5726	
1980	  5	   0.0000	
1980	  6	   0.0000	
1980	  7	   0.0000	
1980	  8	   0.0000	
1980	  9	   0.0000	
1980	 10	   0.1906	
1980	 11	   0.0610	
1980	 12	   1.6959	
1981	  1	   6.1348	
1981	  2	   3.4397	
1981	  3	  10.1614	
1981	  4	   2.7439	
1981	  5	   0.0000	
1981	  6	   0.0000	
1981	  7	   0.0000	
1981	  8	   0.0000	
1981	  9	   0.0000	
1981	 10	   2.5939	
1981	 11	  10.1832	
1981	 12	   2.3673	
1982	  1	   5.6640	
1982	  2	   4.4602	
1982	  3	  11.8883	
1982	  4	   5.4994	
1982	  5	   0.0000	
1982	  6	   0.0000	
1982	  7	   0.0000	
1982	  8	   0.0000	
1982	  9	   0.8157	
1982	 10	   2.9349	
1982	 11	   9.2887	
1982	 12	   5.1296	
1983	  1	  13.2873	
1983	  2	   7.9008	
1983	  3	  13.1600	
1983	  4	   4.4754	
1983	  5	   0.0000	
1983	  6	   0.0000	
1983	  7	   0.0000	
1983	  8	   0.0000	
1983	  9	   2.9874	
1983	 10	   1.5522	
1983	 11	   7.4946	
1983	 12	   9.1213	
1984	  1	   0.4721	
1984	  2	   3.2070	
1984	  3	   1.2108	
1984	  4	   0.3022	
1984	  5	   0.0000	
1984	  6	   0.0000	
1984	  7	   0.0000	
1984	  8	   0.0000	
1984	  9	   0.0000	
1984	 10	   2.5114	
1984	 11	   8.7776	
1984	 12	   5.6319	
1985	  1	   1.9582	
1985	  2	   1.3040	
1985	  3	   4.0592	
1985	  4	   0.2845	
1985	  5	   0.0000	
1985	  6	   0.0000	
1985	  7	   0.0000	
1985	  8	   0.0000	
1985	  9	   0.0192	
1985	 10	   1.6865	
1985	 11	  10.3314	
1985	 12	   3.2963	
1986	  1	   3.1811	
1986	  2	  11.5531	
1986	  3	   9.8404	
1986	  4	   0.7046	
1986	  5	   0.0000	
1986	  6	   0.0000	
1986	  7	   0.0000	
1986	  8	   0.0000	
1986	  9	   0.7411	
1986	 10	   0.0000	
1986	 11	   0.0000	
1986	 12	   1.9174	
1987	  1	   5.0874	
1987	  2	   8.6543	
1987	  3	  10.3341	
1987	  4	   0.4094	
1987	  5	   0.0000	
1987	  6	   0.0000	
1987	  7	   0.0000	
1987	  8	   0.0000	
1987	  9	   0.0000	
1987	 10	   3.1896	
1987	 11	   1.1525	
1987	 12	   7.9677	
1988	  1	   5.4755	
1988	  2	   2.0996	
1988	  3	   0.5284	
1988	  4	   8.2754	
1988	  5	   0.0000	
1988	  6	   0.0000	
1988	  7	   0.0000	
1988	  8	   0.0000	
1988	  9	   0.0000	
1988	 10	   0.0000	
1988	 11	   2.3805	
1988	 12	   5.7756	
1989	  1	   2.0436	
1989	  2	   3.3037	
1989	  3	   2.5796	
1989	  4	   1.3072	
1989	  5	   0.0000	
1989	  6	   0.0000	
1989	  7	   0.0000	
1989	  8	   0.0000	
1989	  9	   1.5955	
1989	 10	   3.0578	
1989	 11	   1.0366	
1989	 12	   0.0325	
1990	  1	   5.5488	
1990	  2	   4.1908	
1990	  3	   1.6939	
1990	  4	   1.1433	
1990	  5	   0.0000	
1990	  6	   0.0000	
1990	  7	   0.0000	
1990	  8	   0.0000	
1990	  9	   0.0889	
1990	 10	   0.4295	
1990	 11	   1.3917	
1990	 12	   1.8725	
1991	  1	   0.6851	
1991	  2	   4.9727	
1991	  3	  12.5872	
1991	  4	   1.5347	
1991	  5	   0.0000	
1991	  6	   0.0000	
1991	  7	   0.0000	
1991	  8	   0.0000	
1991	  9	   0.0000	
1991	 10	   1.7640	
1991	 11	   0.8989	
1991	 12	   2.7556	
1992	  1	   3.8776	
1992	  2	  12.1499	
1992	  3	   7.4864	
1992	  4	   0.0047	
1992	  5	   0.0000	
1992	  6	   0.0000	
1992	  7	   0.0000	
1992	  8	   0.0000	
1992	  9	   0.0000	
1992	 10	   1.2870	
1992	 11	   0.0744	
1992	 12	   6.1171	
1993	  1	  17.5238	
1993	  2	  11.5498	
1993	  3	   7.2169	
1993	  4	   0.5300	
1993	  5	   0.0000	
1993	  6	   0.0000	
1993	  7	   0.0000	
1993	  8	   0.0000	
1993	  9	   0.0000	
1993	 10	   0.4690	
1993	 11	   1.9030	
1993	 12	   3.0234	
1994	  1	   5.6335	
1994	  2	   8.6368	
1994	  3	   0.7183	
1994	  4	   2.3283	
1994	  5	   0.0000	
1994	  6	   0.0000	
1994	  7	   0.0000	
1994	  8	   0.0000	
1994	  9	   0.1173	
1994	 10	   1.5333	
1994	 11	   4.3423	
1994	 12	   2.4639	
1995	  1	  19.9656	
1995	  2	   1.5639	
1995	  3	  13.4541	
1995	  4	   3.1111	
1995	  5	   0.0000	
1995	  6	   0.0000	
1995	  7	   0.0000	
1995	  8	   0.0000	
1995	  9	   0.0000	
1995	 10	   0.0000	
1995	 11	   0.0000	
1995	 12	   7.1321	
1996	  1	   8.2497	
1996	  2	  12.1638	
1996	  3	   5.3260	
1996	  4	   2.5043	
1996	  5	   0.0000	
1996	  6	   0.0000	
1996	  7	   0.0000	
1996	  8	   0.0000	
1996	  9	   0.0000	
1996	 10	   5.1738	
1996	 11	   6.3502	
1996	 12	  12.6816	
1997	  1	  16.1332	
1997	  2	   0.7920	
1997	  3	   0.0975	
1997	  4	   0.9099	
1997	  5	   0.0000	
1997	  6	   0.0000	
1997	  7	   0.0000	
1997	  8	   0.0000	
1997	  9	   0.0101	
1997	 10	   0.2600	
1997	 11	   8.9498	
1997	 12	   7.8287	
1998	  1	  12.0714	
1998	  2	  27.6152	
1998	  3	   7.7589	
1998	  4	   4.2623	
1998	  5	   0.0000	
1998	  6	   0.0000	
1998	  7	   0.0000	
1998	  8	   0.0000	
1998	  9	   0.0682	
1998	 10	   2.1893	
1998	 11	   3.1367	
1998	 12	   1.6853	
1999	  1	   4.5736	
1999	  2	   5.2663	
1999	  3	   4.8483	
1999	  4	   2.6874	
1999	  5	   0.0000	
1999	  6	   0.0000	
1999	  7	   0.0000	
1999	  8	   0.0000	
1999	  9	   0.0000	
1999	 10	   0.0000	
1999	 11	   1.6380	
1999	 12	   1.0911	
2000	  1	  10.2338	
2000	  2	  10.0500	
2000	  3	   2.3875	
2000	  4	   4.1627	
2000	  5	   0.0000	
2000	  6	   0.0000	
2000	  7	   0.0000	
2000	  8	   0.0000	
2000	  9	   0.1174	
2000	 10	   9.0480	
2000	 11	   0.7313	
2000	 12	   0.5504	
2001	  1	   6.6560	
2001	  2	   6.3464	
2001	  3	   4.7572	
2001	  4	   3.1243	
2001	  5	   0.0000	
2001	  6	   0.0000	
2001	  7	   0.0000	
2001	  8	   0.0000	
2001	  9	   0.1088	
2001	 10	   0.9971	
2001	 11	   4.3730	
2001	 12	   8.0391	
2002	  1	   2.9979	
2002	  2	   0.7006	
2002	  3	   3.1380	
2002	  4	   0.5089	
2002	  5	   0.0000	
2002	  6	   0.0000	
2002	  7	   0.0000	
2002	  8	   0.0000	
2002	  9	   0.0536	
2002	 10	   0.0000	
2002	 11	   4.4591	
2002	 12	  11.9706	
2003	  1	   2.0068	
2003	  2	   4.1497	
2003	  3	   2.4061	
2003	  4	   3.0945	
2003	  5	   0.0000	
2003	  6	   0.0000	
2003	  7	   0.0000	
2003	  8	   0.0000	
2003	  9	   0.0000	
2003	 10	   0.1300	
2003	 11	   3.0694	
2003	 12	  10.1251	
2004	  1	   4.2762	
2004	  2	   9.3340	
2004	  3	   1.3988	
2004	  4	   0.1625	
2004	  5	   0.0000	
2004	  6	   0.0000	
2004	  7	   0.0000	
2004	  8	   0.0000	
2004	  9	   0.0751	
2004	 10	   7.8670	
2004	 11	   7.2990	
2004	 12	   8.7126	
2005	  1	   6.8589	
2005	  2	   8.6610	
2005	  3	   7.0620	
2005	  4	   2.5885	
2005	  5	   0.0000	
2005	  6	   0.0000	
2005	  7	   0.0000	
2005	  8	   0.0000	
2005	  9	   0.1556	
2005	 10	   0.3065	
2005	 11	   0.6088	
2005	 12	   8.1537	
