1921	 10	     4.02	
1921	 11	     1.70	
1921	 12	    97.46	
1922	  1	     9.30	
1922	  2	    48.91	
1922	  3	     0.00	
1922	  4	     0.00	
1922	  5	    12.95	
1922	  6	     0.02	
1922	  7	     0.00	
1922	  8	     0.00	
1922	  9	     0.55	
1922	 10	     3.55	
1922	 11	    18.01	
1922	 12	    47.96	
1923	  1	    22.67	
1923	  2	     0.13	
1923	  3	     0.00	
1923	  4	    37.40	
1923	  5	     0.61	
1923	  6	     0.00	
1923	  7	     4.14	
1923	  8	     0.00	
1923	  9	     8.19	
1923	 10	     4.24	
1923	 11	     0.73	
1923	 12	     2.48	
1924	  1	    17.14	
1924	  2	     0.24	
1924	  3	    14.25	
1924	  4	     0.00	
1924	  5	     0.00	
1924	  6	     0.28	
1924	  7	     0.00	
1924	  8	     2.48	
1924	  9	     0.00	
1924	 10	     7.45	
1924	 11	     3.42	
1924	 12	    23.70	
1925	  1	    16.07	
1925	  2	    20.98	
1925	  3	     0.00	
1925	  4	     4.77	
1925	  5	    37.73	
1925	  6	     1.18	
1925	  7	     0.44	
1925	  8	     1.93	
1925	  9	     0.05	
1925	 10	     6.48	
1925	 11	     2.73	
1925	 12	     2.04	
1926	  1	    12.10	
1926	  2	    13.77	
1926	  3	     0.00	
1926	  4	     2.21	
1926	  5	     0.12	
1926	  6	     0.00	
1926	  7	     0.00	
1926	  8	     0.00	
1926	  9	     0.00	
1926	 10	     5.11	
1926	 11	    48.10	
1926	 12	     4.47	
1927	  1	     8.31	
1927	  2	   101.19	
1927	  3	     0.57	
1927	  4	     0.00	
1927	  5	     0.04	
1927	  6	     6.67	
1927	  7	     0.48	
1927	  8	     0.20	
1927	  9	     0.00	
1927	 10	     9.08	
1927	 11	     6.16	
1927	 12	     2.74	
1928	  1	     0.95	
1928	  2	     8.61	
1928	  3	     5.23	
1928	  4	     0.00	
1928	  5	     1.90	
1928	  6	     0.00	
1928	  7	     0.00	
1928	  8	     0.00	
1928	  9	     0.00	
1928	 10	     3.33	
1928	 11	    41.01	
1928	 12	    61.25	
1929	  1	     4.64	
1929	  2	     6.44	
1929	  3	     0.00	
1929	  4	     0.00	
1929	  5	     0.00	
1929	  6	    17.52	
1929	  7	     0.00	
1929	  8	     0.00	
1929	  9	     0.17	
1929	 10	     3.71	
1929	 11	     0.00	
1929	 12	     2.54	
1930	  1	    39.12	
1930	  2	    22.96	
1930	  3	     0.00	
1930	  4	     0.00	
1930	  5	     4.21	
1930	  6	     0.00	
1930	  7	     0.00	
1930	  8	     0.00	
1930	  9	     0.99	
1930	 10	     4.14	
1930	 11	     3.61	
1930	 12	     0.00	
1931	  1	    40.34	
1931	  2	     3.33	
1931	  3	     0.00	
1931	  4	     0.00	
1931	  5	    17.73	
1931	  6	     5.01	
1931	  7	     0.00	
1931	  8	     0.91	
1931	  9	     0.40	
1931	 10	     3.40	
1931	 11	    25.43	
1931	 12	    79.23	
1932	  1	    25.75	
1932	  2	    20.10	
1932	  3	     0.00	
1932	  4	     0.00	
1932	  5	     7.15	
1932	  6	     0.00	
1932	  7	     0.48	
1932	  8	     0.00	
1932	  9	     0.00	
1932	 10	     3.33	
1932	 11	     0.35	
1932	 12	     9.24	
1933	  1	    60.48	
1933	  2	     0.60	
1933	  3	     0.00	
1933	  4	     0.00	
1933	  5	     9.70	
1933	  6	     1.11	
1933	  7	     0.00	
1933	  8	     0.00	
1933	  9	     0.00	
1933	 10	     4.61	
1933	 11	     0.00	
1933	 12	    50.31	
1934	  1	    16.94	
1934	  2	    22.79	
1934	  3	     0.00	
1934	  4	     0.00	
1934	  5	     0.67	
1934	  6	     7.99	
1934	  7	     0.00	
1934	  8	     0.55	
1934	  9	     0.07	
1934	 10	     6.44	
1934	 11	    29.83	
1934	 12	    34.28	
1935	  1	    49.16	
1935	  2	     1.40	
1935	  3	    18.96	
1935	  4	    32.04	
1935	  5	     0.00	
1935	  6	     0.00	
1935	  7	     0.00	
1935	  8	     2.21	
1935	  9	     0.11	
1935	 10	     5.84	
1935	 11	     9.68	
1935	 12	    10.35	
1936	  1	     3.42	
1936	  2	   113.66	
1936	  3	     0.00	
1936	  4	     0.00	
1936	  5	     4.52	
1936	  6	     1.38	
1936	  7	     0.55	
1936	  8	     0.83	
1936	  9	     0.00	
1936	 10	    17.99	
1936	 11	     0.00	
1936	 12	    52.73	
1937	  1	    23.61	
1937	  2	    34.04	
1937	  3	    36.43	
1937	  4	     0.00	
1937	  5	     0.00	
1937	  6	     0.00	
1937	  7	     0.00	
1937	  8	     0.00	
1937	  9	     0.00	
1937	 10	     3.73	
1937	 11	     2.46	
1937	 12	    50.73	
1938	  1	    40.11	
1938	  2	    84.75	
1938	  3	    47.36	
1938	  4	     0.00	
1938	  5	     1.66	
1938	  6	     0.00	
1938	  7	     0.35	
1938	  8	     0.00	
1938	  9	     2.94	
1938	 10	    20.27	
1938	 11	     0.30	
1938	 12	     6.68	
1939	  1	     3.78	
1939	  2	     6.50	
1939	  3	     0.00	
1939	  4	     0.00	
1939	  5	     3.03	
1939	  6	     0.08	
1939	  7	     0.00	
1939	  8	     0.02	
1939	  9	    16.92	
1939	 10	     4.74	
1939	 11	     0.67	
1939	 12	     1.54	
1940	  1	    97.93	
1940	  2	    60.03	
1940	  3	     0.00	
1940	  4	     0.00	
1940	  5	     0.28	
1940	  6	     0.00	
1940	  7	     0.00	
1940	  8	     0.00	
1940	  9	     0.00	
1940	 10	     8.73	
1940	 11	     0.17	
1940	 12	    87.54	
1941	  1	    50.04	
1941	  2	    64.35	
1941	  3	    28.73	
1941	  4	    22.28	
1941	  5	     0.16	
1941	  6	     0.00	
1941	  7	     0.00	
1941	  8	     0.04	
1941	  9	     0.00	
1941	 10	    21.34	
1941	 11	     3.59	
1941	 12	    39.72	
1942	  1	    26.20	
1942	  2	    10.46	
1942	  3	     0.00	
1942	  4	    32.14	
1942	  5	    17.87	
1942	  6	     0.00	
1942	  7	     0.00	
1942	  8	     0.00	
1942	  9	     0.00	
1942	 10	     5.73	
1942	 11	     1.98	
1942	 12	    11.44	
1943	  1	    21.77	
1943	  2	     3.72	
1943	  3	    45.58	
1943	  4	     0.00	
1943	  5	     0.00	
1943	  6	     0.00	
1943	  7	     0.00	
1943	  8	     0.00	
1943	  9	     0.00	
1943	 10	     5.07	
1943	 11	     2.04	
1943	 12	    19.57	
1944	  1	    21.88	
1944	  2	    35.22	
1944	  3	     0.00	
1944	  4	     0.98	
1944	  5	     9.87	
1944	  6	     3.12	
1944	  7	     0.00	
1944	  8	     0.00	
1944	  9	     1.55	
1944	 10	     5.69	
1944	 11	    29.46	
1944	 12	    16.75	
1945	  1	     1.41	
1945	  2	    22.96	
1945	  3	    20.38	
1945	  4	     0.00	
1945	  5	     4.64	
1945	  6	     0.08	
1945	  7	     0.00	
1945	  8	     1.19	
1945	  9	     0.00	
1945	 10	    69.22	
1945	 11	    25.09	
1945	 12	    34.41	
1946	  1	     2.33	
1946	  2	     8.52	
1946	  3	     0.00	
1946	  4	     0.00	
1946	  5	    30.84	
1946	  6	     0.00	
1946	  7	     0.73	
1946	  8	     0.00	
1946	  9	     0.00	
1946	 10	     7.58	
1946	 11	    47.00	
1946	 12	    27.03	
1947	  1	     1.50	
1947	  2	     7.50	
1947	  3	     0.00	
1947	  4	     0.00	
1947	  5	     8.64	
1947	  6	     2.80	
1947	  7	     0.00	
1947	  8	     0.00	
1947	  9	     0.64	
1947	 10	    14.26	
1947	 11	     2.77	
1947	 12	     1.99	
1948	  1	     0.03	
1948	  2	     2.21	
1948	  3	    15.28	
1948	  4	    37.48	
1948	  5	    27.91	
1948	  6	     0.08	
1948	  7	     0.00	
1948	  8	     0.00	
1948	  9	     0.00	
1948	 10	     6.81	
1948	 11	     0.03	
1948	 12	    22.36	
1949	  1	     4.89	
1949	  2	     7.14	
1949	  3	    20.01	
1949	  4	     0.00	
1949	  5	    28.53	
1949	  6	     0.00	
1949	  7	     0.00	
1949	  8	     0.00	
1949	  9	     0.00	
1949	 10	     3.33	
1949	 11	    16.78	
1949	 12	    15.91	
1950	  1	    34.09	
1950	  2	     2.88	
1950	  3	     0.00	
1950	  4	     0.00	
1950	  5	     0.75	
1950	  6	     0.00	
1950	  7	     0.83	
1950	  8	     0.00	
1950	  9	    11.13	
1950	 10	    12.65	
1950	 11	    21.03	
1950	 12	    22.77	
1951	  1	    12.92	
1951	  2	     6.31	
1951	  3	     0.00	
1951	  4	     0.00	
1951	  5	     0.10	
1951	  6	     0.00	
1951	  7	     0.00	
1951	  8	     0.00	
1951	  9	     0.00	
1951	 10	     8.12	
1951	 11	    23.48	
1951	 12	    63.45	
1952	  1	    75.09	
1952	  2	     1.31	
1952	  3	    17.03	
1952	  4	    16.70	
1952	  5	     0.55	
1952	  6	     0.00	
1952	  7	     0.00	
1952	  8	     0.00	
1952	  9	     3.04	
1952	 10	     3.37	
1952	 11	    17.86	
1952	 12	    61.63	
1953	  1	     2.34	
1953	  2	     0.09	
1953	  3	     0.00	
1953	  4	     0.85	
1953	  5	     5.53	
1953	  6	     2.06	
1953	  7	     0.00	
1953	  8	     0.00	
1953	  9	     0.00	
1953	 10	     3.49	
1953	 11	     8.68	
1953	 12	     1.28	
1954	  1	    28.93	
1954	  2	     7.28	
1954	  3	    15.47	
1954	  4	     0.00	
1954	  5	     8.16	
1954	  6	     0.84	
1954	  7	     0.00	
1954	  8	     0.00	
1954	  9	     0.00	
1954	 10	     3.33	
1954	 11	    16.44	
1954	 12	    23.44	
1955	  1	    59.35	
1955	  2	     2.00	
1955	  3	     0.00	
1955	  4	     0.43	
1955	  5	    25.85	
1955	  6	     0.55	
1955	  7	     0.00	
1955	  8	     0.00	
1955	  9	     0.00	
1955	 10	     3.58	
1955	 11	     4.17	
1955	 12	   130.06	
1956	  1	    62.12	
1956	  2	     0.74	
1956	  3	     0.00	
1956	  4	     2.59	
1956	  5	    17.39	
1956	  6	     0.00	
1956	  7	     0.00	
1956	  8	     0.00	
1956	  9	     3.01	
1956	 10	     5.59	
1956	 11	     0.00	
1956	 12	     0.91	
1957	  1	    31.94	
1957	  2	    12.73	
1957	  3	     8.44	
1957	  4	     0.00	
1957	  5	    36.19	
1957	  6	     4.70	
1957	  7	     0.00	
1957	  8	     0.00	
1957	  9	     1.30	
1957	 10	    18.77	
1957	 11	     1.20	
1957	 12	    31.33	
1958	  1	    51.78	
1958	  2	    75.35	
1958	  3	    59.81	
1958	  4	    19.64	
1958	  5	     8.71	
1958	  6	     1.17	
1958	  7	     0.76	
1958	  8	     0.00	
1958	  9	     8.96	
1958	 10	     3.40	
1958	 11	     0.43	
1958	 12	     1.40	
1959	  1	    30.29	
1959	  2	    47.23	
1959	  3	     0.00	
1959	  4	     0.00	
1959	  5	     0.12	
1959	  6	     0.00	
1959	  7	     0.00	
1959	  8	     1.38	
1959	  9	    31.88	
1959	 10	     3.33	
1959	 11	     0.00	
1959	 12	     2.07	
1960	  1	    25.10	
1960	  2	    47.93	
1960	  3	     0.00	
1960	  4	     0.94	
1960	  5	     0.28	
1960	  6	     0.00	
1960	  7	     0.00	
1960	  8	     0.00	
1960	  9	     1.30	
1960	 10	     3.39	
1960	 11	    44.54	
1960	 12	     1.15	
1961	  1	    28.35	
1961	  2	     2.19	
1961	  3	     0.00	
1961	  4	     0.00	
1961	  5	    19.54	
1961	  6	     0.10	
1961	  7	     0.55	
1961	  8	     0.26	
1961	  9	     0.00	
1961	 10	     3.34	
1961	 11	    23.94	
1961	 12	    17.56	
1962	  1	    23.47	
1962	  2	   108.61	
1962	  3	     0.00	
1962	  4	     0.00	
1962	  5	     0.14	
1962	  6	     0.00	
1962	  7	     0.00	
1962	  8	     0.00	
1962	  9	     0.00	
1962	 10	     5.14	
1962	 11	     0.63	
1962	 12	    25.16	
1963	  1	    25.24	
1963	  2	    68.25	
1963	  3	     2.42	
1963	  4	    17.61	
1963	  5	     5.89	
1963	  6	     2.48	
1963	  7	     0.00	
1963	  8	     0.00	
1963	  9	     1.23	
1963	 10	    19.45	
1963	 11	    17.34	
1963	 12	     0.68	
1964	  1	     3.51	
1964	  2	     0.05	
1964	  3	     0.00	
1964	  4	     0.00	
1964	  5	     0.84	
1964	  6	    11.31	
1964	  7	     0.00	
1964	  8	     0.24	
1964	  9	     4.44	
1964	 10	    62.58	
1964	 11	    12.78	
1964	 12	    58.17	
1965	  1	     5.86	
1965	  2	     1.01	
1965	  3	     0.00	
1965	  4	    21.82	
1965	  5	     0.00	
1965	  6	     0.00	
1965	  7	     0.00	
1965	  8	     7.87	
1965	  9	     0.00	
1965	 10	     3.96	
1965	 11	   118.71	
1965	 12	    25.82	
1966	  1	     4.31	
1966	  2	     2.21	
1966	  3	     0.00	
1966	  4	     0.00	
1966	  5	    10.31	
1966	  6	     0.02	
1966	  7	     4.84	
1966	  8	     0.00	
1966	  9	     1.23	
1966	 10	     3.33	
1966	 11	    28.58	
1966	 12	    61.20	
1967	  1	    42.84	
1967	  2	     0.75	
1967	  3	     0.00	
1967	  4	    52.40	
1967	  5	     2.06	
1967	  6	     3.11	
1967	  7	     0.00	
1967	  8	     0.00	
1967	  9	     0.52	
1967	 10	     3.88	
1967	 11	    18.92	
1967	 12	    13.00	
1968	  1	     7.53	
1968	  2	    10.59	
1968	  3	     0.00	
1968	  4	     0.00	
1968	  5	     3.93	
1968	  6	     0.00	
1968	  7	     0.00	
1968	  8	     0.06	
1968	  9	     0.00	
1968	 10	     7.72	
1968	 11	    28.77	
1968	 12	    36.56	
1969	  1	   110.81	
1969	  2	    90.00	
1969	  3	     0.00	
1969	  4	     0.00	
1969	  5	     0.04	
1969	  6	     0.00	
1969	  7	     0.14	
1969	  8	     0.00	
1969	  9	    33.08	
1969	 10	    28.19	
1969	 11	     3.89	
1969	 12	     5.60	
1970	  1	    64.44	
1970	  2	     1.54	
1970	  3	     1.84	
1970	  4	     0.00	
1970	  5	     0.00	
1970	  6	     0.38	
1970	  7	     0.00	
1970	  8	     0.00	
1970	  9	     0.00	
1970	 10	     6.17	
1970	 11	    44.42	
1970	 12	    39.52	
1971	  1	     2.70	
1971	  2	     0.87	
1971	  3	     0.00	
1971	  4	     0.00	
1971	  5	    30.60	
1971	  6	     0.00	
1971	  7	     0.00	
1971	  8	     0.00	
1971	  9	     0.40	
1971	 10	     5.59	
1971	 11	     3.79	
1971	 12	    26.10	
1972	  1	     2.06	
1972	  2	     0.80	
1972	  3	     0.00	
1972	  4	     0.00	
1972	  5	     0.06	
1972	  6	     0.38	
1972	  7	     0.04	
1972	  8	     0.00	
1972	  9	     1.67	
1972	 10	     8.40	
1972	 11	   122.69	
1972	 12	     8.78	
1973	  1	    59.31	
1973	  2	    73.63	
1973	  3	     6.95	
1973	  4	     0.00	
1973	  5	     0.00	
1973	  6	     0.04	
1973	  7	     0.00	
1973	  8	     0.00	
1973	  9	     0.55	
1973	 10	    22.36	
1973	 11	    13.19	
1973	 12	    39.87	
1974	  1	    29.22	
1974	  2	     0.90	
1974	  3	    15.15	
1974	  4	     0.00	
1974	  5	     0.00	
1974	  6	     0.00	
1974	  7	    11.88	
1974	  8	     0.00	
1974	  9	     0.00	
1974	 10	    13.36	
1974	 11	     2.55	
1974	 12	    39.41	
1975	  1	     1.00	
1975	  2	    48.42	
1975	  3	    13.16	
1975	  4	     1.04	
1975	  5	     0.00	
1975	  6	     0.00	
1975	  7	     1.10	
1975	  8	     6.37	
1975	  9	     0.44	
1975	 10	    17.46	
1975	 11	     0.60	
1975	 12	     0.73	
1976	  1	     0.98	
1976	  2	    12.11	
1976	  3	     0.00	
1976	  4	     1.28	
1976	  5	     0.00	
1976	  6	     2.21	
1976	  7	     0.10	
1976	  8	    20.70	
1976	  9	    46.97	
1976	 10	    11.68	
1976	 11	     3.99	
1976	 12	     5.72	
1977	  1	     3.95	
1977	  2	     0.79	
1977	  3	     0.00	
1977	  4	     0.00	
1977	  5	    30.26	
1977	  6	     6.91	
1977	  7	     0.00	
1977	  8	     0.00	
1977	  9	     1.66	
1977	 10	     4.41	
1977	 11	     1.50	
1977	 12	    53.78	
1978	  1	    91.77	
1978	  2	    71.67	
1978	  3	    59.23	
1978	  4	    13.73	
1978	  5	     3.87	
1978	  6	     0.00	
1978	  7	     0.04	
1978	  8	     0.00	
1978	  9	     7.52	
1978	 10	     3.34	
1978	 11	    21.61	
1978	 12	     2.68	
1979	  1	    47.78	
1979	  2	    49.83	
1979	  3	    20.86	
1979	  4	     0.00	
1979	  5	     5.49	
1979	  6	     0.00	
1979	  7	     0.55	
1979	  8	     0.00	
1979	  9	     0.00	
1979	 10	     8.65	
1979	 11	     3.79	
1979	 12	     4.34	
1980	  1	    62.46	
1980	  2	    60.50	
1980	  3	     0.00	
1980	  4	     0.00	
1980	  5	     8.23	
1980	  6	     0.00	
1980	  7	     0.00	
1980	  8	     0.00	
1980	  9	     0.00	
1980	 10	     3.78	
1980	 11	     0.09	
1980	 12	     2.59	
1981	  1	    31.52	
1981	  2	     5.47	
1981	  3	    35.21	
1981	  4	     0.00	
1981	  5	     0.00	
1981	  6	     0.00	
1981	  7	     0.00	
1981	  8	     0.00	
1981	  9	     0.00	
1981	 10	     9.50	
1981	 11	    64.49	
1981	 12	     3.62	
1982	  1	    28.00	
1982	  2	    12.32	
1982	  3	    45.49	
1982	  4	     9.33	
1982	  5	     0.00	
1982	  6	     3.16	
1982	  7	     0.00	
1982	  8	     0.00	
1982	  9	    14.69	
1982	 10	    12.10	
1982	 11	    57.04	
1982	 12	    23.79	
1983	  1	    85.02	
1983	  2	    38.31	
1983	  3	    53.05	
1983	  4	     2.51	
1983	  5	     6.08	
1983	  6	     0.00	
1983	  7	     0.00	
1983	  8	     2.76	
1983	  9	    65.09	
1983	 10	     7.02	
1983	 11	    42.09	
1983	 12	    53.64	
1984	  1	     0.72	
1984	  2	     3.90	
1984	  3	     0.00	
1984	  4	     0.00	
1984	  5	     0.00	
1984	  6	     0.55	
1984	  7	     0.00	
1984	  8	     0.00	
1984	  9	     0.00	
1984	 10	     9.30	
1984	 11	    52.78	
1984	 12	    27.54	
1985	  1	     3.00	
1985	  2	     1.00	
1985	  3	     0.00	
1985	  4	     0.00	
1985	  5	     0.00	
1985	  6	     3.99	
1985	  7	     0.00	
1985	  8	     0.24	
1985	  9	     0.33	
1985	 10	     7.34	
1985	 11	    65.72	
1985	 12	    10.07	
1986	  1	     9.43	
1986	  2	    65.94	
1986	  3	    33.30	
1986	  4	     0.00	
1986	  5	     1.13	
1986	  6	     0.00	
1986	  7	     0.00	
1986	  8	     0.00	
1986	  9	    12.96	
1986	 10	     3.33	
1986	 11	     0.00	
1986	 12	     2.93	
1987	  1	    23.69	
1987	  2	    44.01	
1987	  3	    36.24	
1987	  4	     0.00	
1987	  5	     3.16	
1987	  6	     0.04	
1987	  7	     0.00	
1987	  8	     0.00	
1987	  9	     0.00	
1987	 10	    14.23	
1987	 11	     1.76	
1987	 12	    45.02	
1988	  1	    26.59	
1988	  2	     1.61	
1988	  3	     0.00	
1988	  4	    30.56	
1988	  5	    14.39	
1988	  6	     8.07	
1988	  7	     0.00	
1988	  8	     0.00	
1988	  9	     0.00	
1988	 10	     3.33	
1988	 11	     3.64	
1988	 12	    28.62	
1989	  1	     3.13	
1989	  2	     4.55	
1989	  3	     0.00	
1989	  4	     0.00	
1989	  5	     0.22	
1989	  6	     0.00	
1989	  7	     0.00	
1989	  8	     3.37	
1989	  9	    32.79	
1989	 10	    13.13	
1989	 11	     1.59	
1989	 12	     0.05	
1990	  1	    27.14	
1990	  2	    10.51	
1990	  3	     0.00	
1990	  4	     0.00	
1990	  5	    56.36	
1990	  6	     0.00	
1990	  7	     0.00	
1990	  8	     0.00	
1990	  9	     1.53	
1990	 10	     4.35	
1990	 11	     2.13	
1990	 12	     2.86	
1991	  1	     1.05	
1991	  2	    16.16	
1991	  3	    49.64	
1991	  4	     0.00	
1991	  5	     8.39	
1991	  6	     1.40	
1991	  7	     0.00	
1991	  8	     5.84	
1991	  9	     0.00	
1991	 10	     7.53	
1991	 11	     1.38	
1991	 12	     6.03	
1992	  1	    14.64	
1992	  2	    70.46	
1992	  3	    19.29	
1992	  4	     0.00	
1992	  5	     0.00	
1992	  6	     0.28	
1992	  7	    14.54	
1992	  8	     0.00	
1992	  9	     0.00	
1992	 10	     6.39	
1992	 11	     0.11	
1992	 12	    31.17	
1993	  1	   118.98	
1993	  2	    65.92	
1993	  3	    17.69	
1993	  4	     0.00	
1993	  5	    15.78	
1993	  6	    11.35	
1993	  7	     0.00	
1993	  8	     0.00	
1993	  9	     0.00	
1993	 10	     4.44	
1993	 11	     2.91	
1993	 12	     8.03	
1994	  1	    27.77	
1994	  2	    43.88	
1994	  3	     0.00	
1994	  4	     0.00	
1994	  5	    37.52	
1994	  6	     0.00	
1994	  7	     0.00	
1994	  8	     0.00	
1994	  9	     2.03	
1994	 10	     6.98	
1994	 11	    15.94	
1994	 12	     3.85	
1995	  1	   139.32	
1995	  2	     1.20	
1995	  3	    54.80	
1995	  4	     0.19	
1995	  5	    18.98	
1995	  6	     4.27	
1995	  7	     0.83	
1995	  8	     0.00	
1995	  9	     0.00	
1995	 10	     3.33	
1995	 11	     0.00	
1995	 12	    38.76	
1996	  1	    47.34	
1996	  2	    70.56	
1996	  3	     6.44	
1996	  4	     0.00	
1996	  5	    25.90	
1996	  6	     2.29	
1996	  7	     0.00	
1996	  8	     0.00	
1996	  9	     0.00	
1996	 10	    30.75	
1996	 11	    32.56	
1996	 12	    80.27	
1997	  1	   107.40	
1997	  2	     0.61	
1997	  3	     0.00	
1997	  4	     0.00	
1997	  5	     4.14	
1997	  6	     0.00	
1997	  7	     0.00	
1997	  8	     0.02	
1997	  9	     0.17	
1997	 10	     3.95	
1997	 11	    54.21	
1997	 12	    43.98	
1998	  1	    75.93	
1998	  2	   199.17	
1998	  3	    20.92	
1998	  4	     2.15	
1998	  5	   109.75	
1998	  6	    13.35	
1998	  7	     0.00	
1998	  8	     0.00	
1998	  9	     1.18	
1998	 10	     8.54	
1998	 11	     6.92	
1998	 12	     2.58	
1999	  1	    19.84	
1999	  2	    18.38	
1999	  3	     3.60	
1999	  4	     0.00	
1999	  5	     2.33	
1999	  6	     0.10	
1999	  7	     0.00	
1999	  8	     0.00	
1999	  9	     0.00	
1999	 10	     3.33	
1999	 11	     2.51	
1999	 12	     1.67	
2000	  1	    62.18	
2000	  2	    54.57	
2000	  3	     0.00	
2000	  4	     1.98	
2000	  5	     4.19	
2000	  6	     4.79	
2000	  7	     0.00	
2000	  8	     0.00	
2000	  9	     2.03	
2000	 10	    63.03	
2000	 11	     1.12	
2000	 12	     0.84	
2001	  1	    35.42	
2001	  2	    26.55	
2001	  3	     3.06	
2001	  4	     0.21	
2001	  5	     0.00	
2001	  6	     0.00	
2001	  7	     0.04	
2001	  8	     0.00	
2001	  9	     1.88	
2001	 10	     5.70	
2001	 11	    16.17	
2001	 12	    45.55	
2002	  1	     8.06	
2002	  2	     0.54	
2002	  3	     0.00	
2002	  4	     0.00	
2002	  5	     6.18	
2002	  6	     0.44	
2002	  7	     0.00	
2002	  8	     0.00	
2002	  9	     0.93	
2002	 10	     3.33	
2002	 11	    16.81	
2002	 12	    74.96	
2003	  1	     3.07	
2003	  2	    10.23	
2003	  3	     0.00	
2003	  4	     0.16	
2003	  5	    14.72	
2003	  6	     0.00	
2003	  7	     0.00	
2003	  8	     2.33	
2003	  9	     0.00	
2003	 10	     3.64	
2003	 11	     6.42	
2003	 12	    61.15	
2004	  1	    17.62	
2004	  2	    49.15	
2004	  3	     0.00	
2004	  4	     0.00	
2004	  5	     5.25	
2004	  6	     0.00	
2004	  7	     0.00	
2004	  8	     0.00	
2004	  9	     1.30	
2004	 10	    53.19	
2004	 11	    40.46	
2004	 12	    50.59	
2005	  1	    36.94	
2005	  2	    44.07	
2005	  3	    16.77	
2005	  4	     0.00	
2005	  5	    41.52	
2005	  6	     1.93	
2005	  7	     0.00	
2005	  8	     1.38	
2005	  9	     2.68	
2005	 10	     4.06	
2005	 11	     0.93	
2005	 12	    46.41	
2006	  1	    61.08	
2006	  2	     2.11	
2006	  3	    22.73	
2006	  4	    12.04	
2006	  5	    21.82	
2006	  6	     0.00	
2006	  7	     0.00	
2006	  8	     0.00	
2006	  9	     0.00	
