1922  1  19.9745
1922  2  54.37162183
1922  3  0.0
1922  4  0.0
1922  5  71.063125
1922  6  32.650625
1922  7  56.9785416667
1922  8  56.9785416667
1922  9  316.390958333
1922  10  22.389
1922  11  25.57175
1922  12  20.1403286695
1923  1  19.9745
1923  2  49.5704166667
1923  3  0.0
1923  4  6.16971384274
1923  5  71.063125
1923  6  32.650625
1923  7  56.9785416667
1923  8  56.9785416667
1923  9  316.390958333
1923  10  22.389
1923  11  23.1808938466
1923  12  19.9745
1924  1  19.9745
1924  2  49.5704166667
1924  3  0.0
1924  4  0.0
1924  5  71.063125
1924  6  32.650625
1924  7  56.9785416667
1924  8  56.9785416667
1924  9  316.390958333
1924  10  22.389
1924  11  24.2354886548
1924  12  19.9745
1925  1  19.9745
1925  2  50.680667198
1925  3  0.0
1925  4  1.9035665871
1925  5  71.063125
1925  6  32.650625
1925  7  56.9785416667
1925  8  56.9785416667
1925  9  316.390958333
1925  10  22.389
1925  11  23.9651256222
1925  12  19.9745
1926  1  19.9745
1926  2  49.7274591795
1926  3  0.0
1926  4  1.30168797671
1926  5  71.063125
1926  6  32.650625
1926  7  56.9785416667
1926  8  56.9785416667
1926  9  316.390958333
1926  10  22.389
1926  11  25.57175
1926  12  19.9745
1927  1  19.9745
1927  2  58.8991666667
1927  3  0.0
1927  4  0.0
1927  5  71.063125
1927  6  32.650625
1927  7  56.9785416667
1927  8  56.9785416667
1927  9  316.390958333
1927  10  22.389
1927  11  24.7146886446
1927  12  19.9745
1928  1  19.9745
1928  2  49.5704166667
1928  3  0.0
1928  4  0.0
1928  5  71.063125
1928  6  32.650625
1928  7  56.9785416667
1928  8  56.9785416667
1928  9  316.390958333
1928  10  22.389
1928  11  25.57175
1928  12  21.2063914512
1929  1  19.9745
1929  2  49.5704166667
1929  3  0.0
1929  4  0.0
1929  5  71.063125
1929  6  32.650625
1929  7  56.9785416667
1929  8  56.9785416667
1929  9  316.390958333
1929  10  22.389
1929  11  22.89385
1929  12  19.9745
1930  1  20.9503340105
1930  2  50.9415253246
1930  3  0.0
1930  4  0.0
1930  5  71.063125
1930  6  32.650625
1930  7  56.9785416667
1930  8  56.9785416667
1930  9  316.390958333
1930  10  22.389
1930  11  24.3102255369
1930  12  19.9745
1931  1  21.0479214018
1931  2  49.5704166667
1931  3  0.0
1931  4  0.0
1931  5  71.063125
1931  6  32.650625
1931  7  56.9785416667
1931  8  56.9785416667
1931  9  316.390958333
1931  10  22.389
1931  11  25.57175
1931  12  22.649103164
1932  1  19.9745
1932  2  50.5640415157
1932  3  0.0
1932  4  0.0
1932  5  71.063125
1932  6  32.650625
1932  7  56.9785416667
1932  8  56.9785416667
1932  9  316.390958333
1932  10  22.389
1932  11  23.0314200824
1932  12  19.9745
1933  1  22.6636109505
1933  2  49.5704166667
1933  3  0.0
1933  4  0.0
1933  5  71.063125
1933  6  32.650625
1933  7  56.9785416667
1933  8  56.9785416667
1933  9  316.390958333
1933  10  22.389
1933  11  22.89385
1933  12  20.3285790972
1934  1  19.9745
1934  2  50.9193388177
1934  3  0.0
1934  4  0.0
1934  5  71.063125
1934  6  32.650625
1934  7  56.9785416667
1934  8  56.9785416667
1934  9  316.390958333
1934  10  22.389
1934  11  25.57175
1934  12  19.9745
1935  1  21.7556891214
1935  2  49.5704166667
1935  3  0.0
1935  4  5.46906507278
1935  5  71.063125
1935  6  32.650625
1935  7  56.9785416667
1935  8  56.9785416667
1935  9  316.390958333
1935  10  22.389
1935  11  24.9970721159
1935  12  19.9745
1936  1  19.9745
1936  2  58.8991666667
1936  3  0.0
1936  4  0.0
1936  5  71.063125
1936  6  32.650625
1936  7  56.9785416667
1936  8  56.9785416667
1936  9  316.390958333
1936  10  22.389
1936  11  22.89385
1936  12  20.5227115875
1937  1  19.9745
1937  2  52.4072560422
1937  3  0.0
1937  4  0.0
1937  5  71.063125
1937  6  32.650625
1937  7  56.9785416667
1937  8  56.9785416667
1937  9  316.390958333
1937  10  22.389
1937  11  23.8566925009
1937  12  20.3628278016
1938  1  21.029731268
1938  2  58.8991666667
1938  3  0.0
1938  4  0.0
1938  5  71.063125
1938  6  32.650625
1938  7  56.9785416667
1938  8  56.9785416667
1938  9  316.390958333
1938  10  22.389
1938  11  23.0112692611
1938  12  19.9745
1939  1  19.9745
1939  2  49.5704166667
1939  3  0.0
1939  4  0.0
1939  5  71.063125
1939  6  32.650625
1939  7  56.9785416667
1939  8  56.9785416667
1939  9  316.390958333
1939  10  22.389
1939  11  23.1557636984
1939  12  19.9745
1940  1  25.57175
1940  2  55.842046622
1940  3  0.0
1940  4  0.0
1940  5  71.063125
1940  6  32.650625
1940  7  56.9785416667
1940  8  56.9785416667
1940  9  316.390958333
1940  10  22.389
1940  11  22.9593828881
1940  12  23.3155810675
1941  1  21.8260845796
1941  2  56.4136083428
1941  3  0.0
1941  4  4.19254969701
1941  5  71.063125
1941  6  32.650625
1941  7  56.9785416667
1941  8  56.9785416667
1941  9  316.390958333
1941  10  22.389
1941  11  24.2999322721
1941  12  19.9745
1942  1  19.9745
1942  2  49.5704166667
1942  3  0.0
1942  4  5.48186343073
1942  5  71.063125
1942  6  32.650625
1942  7  56.9785416667
1942  8  56.9785416667
1942  9  316.390958333
1942  10  22.389
1942  11  23.668978879
1942  12  19.9745
1943  1  19.9745
1943  2  49.5704166667
1943  3  0.0
1943  4  0.0
1943  5  71.063125
1943  6  32.650625
1943  7  56.9785416667
1943  8  56.9785416667
1943  9  316.390958333
1943  10  22.389
1943  11  23.6927008048
1943  12  19.9745
1944  1  19.9745
1944  2  52.5621866004
1944  3  0.0
1944  4  0.573964030519
1944  5  71.063125
1944  6  32.650625
1944  7  56.9785416667
1944  8  56.9785416667
1944  9  316.390958333
1944  10  22.389
1944  11  25.57175
1944  12  19.9745
1945  1  19.9745
1945  2  50.9415514239
1945  3  0.0
1945  4  0.0
1945  5  71.063125
1945  6  32.650625
1945  7  56.9785416667
1945  8  56.9785416667
1945  9  316.390958333
1945  10  22.389
1945  11  25.57175
1945  12  19.9745
1946  1  19.9745
1946  2  49.5704166667
1946  3  0.0
1946  4  0.0
1946  5  71.063125
1946  6  32.650625
1946  7  56.9785416667
1946  8  56.9785416667
1946  9  316.390958333
1946  10  22.389
1946  11  25.57175
1946  12  19.9745
1947  1  19.9745
1947  2  49.5704166667
1947  3  0.0
1947  4  0.0
1947  5  71.063125
1947  6  32.650625
1947  7  56.9785416667
1947  8  56.9785416667
1947  9  316.390958333
1947  10  22.389
1947  11  23.9783364291
1947  12  19.9745
1948  1  19.9745
1948  2  49.5704166667
1948  3  0.0
1948  4  6.18016516343
1948  5  71.063125
1948  6  32.650625
1948  7  56.9785416667
1948  8  56.9785416667
1948  9  316.390958333
1948  10  22.389
1948  11  22.9051157788
1948  12  19.9745
1949  1  19.9745
1949  2  49.5704166667
1949  3  0.0
1949  4  0.0
1949  5  71.063125
1949  6  32.650625
1949  7  56.9785416667
1949  8  56.9785416667
1949  9  316.390958333
1949  10  22.389
1949  11  25.5669351421
1949  12  19.9745
1950  1  20.5465244653
1950  2  49.5704166667
1950  3  0.0
1950  4  0.0
1950  5  71.063125
1950  6  32.650625
1950  7  56.9785416667
1950  8  56.9785416667
1950  9  316.390958333
1950  10  22.389
1950  11  25.57175
1950  12  19.9745
1951  1  19.9745
1951  2  49.5704166667
1951  3  0.0
1951  4  0.0
1951  5  71.063125
1951  6  32.650625
1951  7  56.9785416667
1951  8  56.9785416667
1951  9  316.390958333
1951  10  22.389
1951  11  25.57175
1951  12  21.3831739053
1952  1  23.8360450686
1952  2  49.5704166667
1952  3  0.0
1952  4  3.46371038076
1952  5  71.063125
1952  6  32.650625
1952  7  56.9785416667
1952  8  56.9785416667
1952  9  316.390958333
1952  10  22.389
1952  11  25.57175
1952  12  21.2365165858
1953  1  19.9745
1953  2  49.5704166667
1953  3  0.0
1953  4  0.500479694961
1953  5  71.063125
1953  6  32.650625
1953  7  56.9785416667
1953  8  56.9785416667
1953  9  316.390958333
1953  10  22.389
1953  11  24.9167023443
1953  12  19.9745
1954  1  20.1331763151
1954  2  49.5704166667
1954  3  0.0
1954  4  0.0
1954  5  71.063125
1954  6  32.650625
1954  7  56.9785416667
1954  8  56.9785416667
1954  9  316.390958333
1954  10  22.389
1954  11  25.5393075006
1954  12  19.9745
1955  1  22.57273006
1955  2  49.5704166667
1955  3  0.0
1955  4  0.254429972404
1955  5  71.063125
1955  6  32.650625
1955  7  56.9785416667
1955  8  56.9785416667
1955  9  316.390958333
1955  10  22.389
1955  11  24.5305461272
1955  12  25.57175
1956  1  22.7953146298
1956  2  49.5704166667
1956  3  0.0
1956  4  1.52194638864
1956  5  71.063125
1956  6  32.650625
1956  7  56.9785416667
1956  8  56.9785416667
1956  9  316.390958333
1956  10  22.389
1956  11  22.89385
1956  12  19.9745
1957  1  20.3744023865
1957  2  49.5900732522
1957  3  0.0
1957  4  0.0
1957  5  71.063125
1957  6  32.650625
1957  7  56.9785416667
1957  8  56.9785416667
1957  9  316.390958333
1957  10  22.389
1957  11  23.3659077807
1957  12  19.9745
1958  1  21.9658175442
1958  2  57.8668776935
1958  3  0.362862131044
1958  4  3.84789831043
1958  5  71.063125
1958  6  32.650625
1958  7  56.9785416667
1958  8  56.9785416667
1958  9  316.390958333
1958  10  22.389
1958  11  23.0641281481
1958  12  19.9745
1959  1  20.2423640962
1959  2  54.1497425613
1959  3  0.0
1959  4  0.0
1959  5  71.063125
1959  6  32.650625
1959  7  56.9785416667
1959  8  56.9785416667
1959  9  316.390958333
1959  10  22.389
1959  11  22.89385
1959  12  19.9745
1960  1  19.9745
1960  2  54.2421716905
1960  3  0.0
1960  4  0.550130567655
1960  5  71.063125
1960  6  32.650625
1960  7  56.9785416667
1960  8  56.9785416667
1960  9  316.390958333
1960  10  22.389
1960  11  25.57175
1960  12  19.9745
1961  1  20.0861681717
1961  2  49.5704166667
1961  3  0.0
1961  4  0.0
1961  5  71.063125
1961  6  32.650625
1961  7  56.9785416667
1961  8  56.9785416667
1961  9  316.390958333
1961  10  22.389
1961  11  25.57175
1961  12  19.9745
1962  1  19.9745
1962  2  58.8991666667
1962  3  0.0
1962  4  0.0
1962  5  71.063125
1962  6  32.650625
1962  7  56.9785416667
1962  8  56.9785416667
1962  9  316.390958333
1962  10  22.389
1962  11  23.1418993291
1962  12  19.9745
1963  1  19.9745
1963  2  56.9282834844
1963  3  0.0
1963  4  3.58287769507
1963  5  71.063125
1963  6  32.650625
1963  7  56.9785416667
1963  8  56.9785416667
1963  9  316.390958333
1963  10  22.389
1963  11  25.57175
1963  12  19.9745
1964  1  19.9745
1964  2  49.5704166667
1964  3  0.0
1964  4  0.0
1964  5  71.063125
1964  6  32.650625
1964  7  56.9785416667
1964  8  56.9785416667
1964  9  316.390958333
1964  10  22.389
1964  11  25.2459928616
1964  12  20.9596492471
1965  1  19.9745
1965  2  49.5704166667
1965  3  0.0
1965  4  4.13239530522
1965  5  71.063125
1965  6  32.650625
1965  7  56.9785416667
1965  8  56.9785416667
1965  9  316.390958333
1965  10  22.389
1965  11  25.57175
1965  12  19.9745
1966  1  19.9745
1966  2  49.5704166667
1966  3  0.0
1966  4  0.0
1966  5  71.063125
1966  6  32.650625
1966  7  56.9785416667
1966  8  56.9785416667
1966  9  316.390958333
1966  10  22.389
1966  11  25.57175
1966  12  21.2020656868
1967  1  21.2487603928
1967  2  49.5704166667
1967  3  0.0
1967  4  8.13011173658
1967  5  71.063125
1967  6  32.650625
1967  7  56.9785416667
1967  8  56.9785416667
1967  9  316.390958333
1967  10  22.389
1967  11  25.57175
1967  12  19.9745
1968  1  19.9745
1968  2  49.5704166667
1968  3  0.0
1968  4  0.0
1968  5  71.063125
1968  6  32.650625
1968  7  56.9785416667
1968  8  56.9785416667
1968  9  316.390958333
1968  10  22.389
1968  11  25.57175
1968  12  19.9745
1969  1  25.57175
1969  2  58.8991666667
1969  3  0.0
1969  4  0.0
1969  5  71.063125
1969  6  32.650625
1969  7  56.9785416667
1969  8  56.9785416667
1969  9  316.390958333
1969  10  22.389
1969  11  24.4203858321
1969  12  19.9745
1970  1  22.9811999806
1970  2  49.5704166667
1970  3  0.0
1970  4  0.0
1970  5  71.063125
1970  6  32.650625
1970  7  56.9785416667
1970  8  56.9785416667
1970  9  316.390958333
1970  10  22.389
1970  11  25.57175
1970  12  19.9745
1971  1  19.9745
1971  2  49.5704166667
1971  3  0.0
1971  4  0.0
1971  5  71.063125
1971  6  32.650625
1971  7  56.9785416667
1971  8  56.9785416667
1971  9  316.390958333
1971  10  22.389
1971  11  24.3793295296
1971  12  19.9745
1972  1  19.9745
1972  2  49.5704166667
1972  3  0.0
1972  4  0.0
1972  5  71.063125
1972  6  32.650625
1972  7  56.9785416667
1972  8  56.9785416667
1972  9  316.390958333
1972  10  22.389
1972  11  25.57175
1972  12  19.9745
1973  1  22.5697968584
1973  2  57.6397727645
1973  3  0.0
1973  4  0.0
1973  5  71.063125
1973  6  32.650625
1973  7  56.9785416667
1973  8  56.9785416667
1973  9  316.390958333
1973  10  22.389
1973  11  25.2784830731
1973  12  19.9745
1974  1  20.1563614352
1974  2  49.5704166667
1974  3  0.0
1974  4  0.0
1974  5  71.063125
1974  6  32.650625
1974  7  56.9785416667
1974  8  56.9785416667
1974  9  316.390958333
1974  10  22.389
1974  11  23.8923337681
1974  12  19.9745
1975  1  19.9745
1975  2  54.3080572293
1975  3  0.0
1975  4  0.609532679669
1975  5  71.063125
1975  6  32.650625
1975  7  56.9785416667
1975  8  56.9785416667
1975  9  316.390958333
1975  10  22.389
1975  11  23.1286885222
1975  12  19.9745
1976  1  19.9745
1976  2  49.5704166667
1976  3  0.0
1976  4  0.75521748518
1976  5  71.063125
1976  6  32.650625
1976  7  56.9785416667
1976  8  56.9785416667
1976  9  316.390958333
1976  10  22.389
1976  11  24.4591624955
1976  12  19.9745
1977  1  19.9745
1977  2  49.5704166667
1977  3  0.0
1977  4  0.0
1977  5  71.063125
1977  6  32.650625
1977  7  56.9785416667
1977  8  56.9785416667
1977  9  316.390958333
1977  10  22.389
1977  11  23.4824556252
1977  12  20.6075082207
1978  1  25.1740969593
1978  2  57.3812616751
1978  3  0.28758844326
1978  4  3.07504907052
1978  5  71.063125
1978  6  32.650625
1978  7  56.9785416667
1978  8  56.9785416667
1978  9  316.390958333
1978  10  22.389
1978  11  25.57175
1978  12  19.9745
1979  1  21.6449920206
1979  2  54.4933046771
1979  3  0.0
1979  4  0.0
1979  5  71.063125
1979  6  32.650625
1979  7  56.9785416667
1979  8  56.9785416667
1979  9  316.390958333
1979  10  22.389
1979  11  24.3799830921
1979  12  19.9745
1980  1  22.8226233197
1980  2  55.9046904474
1980  3  0.0
1980  4  0.0
1980  5  71.063125
1980  6  32.650625
1980  7  56.9785416667
1980  8  56.9785416667
1980  9  316.390958333
1980  10  22.389
1980  11  22.9304637812
1980  12  19.9745
1981  1  20.340939661
1981  2  49.5704166667
1981  3  0.0
1981  4  0.0
1981  5  71.063125
1981  6  32.650625
1981  7  56.9785416667
1981  8  56.9785416667
1981  9  316.390958333
1981  10  22.389
1981  11  25.57175
1981  12  19.9745
1982  1  20.0584394329
1982  2  49.5704166667
1982  3  0.0
1982  4  2.49951945578
1982  5  71.063125
1982  6  32.650625
1982  7  56.9785416667
1982  8  56.9785416667
1982  9  316.390958333
1982  10  22.389
1982  11  25.57175
1982  12  19.9745
1983  1  24.6324140397
1983  2  52.9714396601
1983  3  0.0
1983  4  1.47553722931
1983  5  71.063125
1983  6  32.650625
1983  7  56.9785416667
1983  8  56.9785416667
1983  9  316.390958333
1983  10  22.389
1983  11  25.57175
1983  12  20.5963435392
1984  1  19.9745
1984  2  49.5704166667
1984  3  0.0
1984  4  0.0
1984  5  71.063125
1984  6  32.650625
1984  7  56.9785416667
1984  8  56.9785416667
1984  9  316.390958333
1984  10  22.389
1984  11  25.57175
1984  12  19.9745
1985  1  19.9745
1985  2  49.5704166667
1985  3  0.0
1985  4  0.0
1985  5  71.063125
1985  6  32.650625
1985  7  56.9785416667
1985  8  56.9785416667
1985  9  316.390958333
1985  10  22.389
1985  11  25.57175
1985  12  19.9745
1986  1  19.9745
1986  2  56.6237524251
1986  3  0.0
1986  4  0.0
1986  5  71.063125
1986  6  32.650625
1986  7  56.9785416667
1986  8  56.9785416667
1986  9  316.390958333
1986  10  22.389
1986  11  22.89385
1986  12  19.9745
1987  1  19.9745
1987  2  53.7249549169
1987  3  0.0
1987  4  0.0
1987  5  71.063125
1987  6  32.650625
1987  7  56.9785416667
1987  8  56.9785416667
1987  9  316.390958333
1987  10  22.389
1987  11  23.5853569544
1987  12  19.9745
1988  1  19.9745
1988  2  49.5704166667
1988  3  0.0
1988  4  5.2755187468
1988  5  71.063125
1988  6  32.650625
1988  7  56.9785416667
1988  8  56.9785416667
1988  9  316.390958333
1988  10  22.389
1988  11  24.3221448783
1988  12  19.9745
1989  1  19.9745
1989  2  49.5704166667
1989  3  0.0
1989  4  0.0
1989  5  71.063125
1989  6  32.650625
1989  7  56.9785416667
1989  8  56.9785416667
1989  9  316.390958333
1989  10  22.389
1989  11  23.5158172533
1989  12  19.9745
1990  1  19.9893354402
1990  2  49.5704166667
1990  3  0.0
1990  4  0.0
1990  5  71.063125
1990  6  32.650625
1990  7  56.9785416667
1990  8  56.9785416667
1990  9  316.390958333
1990  10  22.389
1990  11  23.7288788777
1990  12  19.9745
1991  1  19.9745
1991  2  50.043388434
1991  3  0.0
1991  4  0.0
1991  5  71.063125
1991  6  32.650625
1991  7  56.9785416667
1991  8  56.9785416667
1991  9  316.390958333
1991  10  22.389
1991  11  23.4331678428
1991  12  19.9745
1992  1  19.9745
1992  2  57.2205999699
1992  3  0.0
1992  4  0.0
1992  5  71.063125
1992  6  32.650625
1992  7  56.9785416667
1992  8  56.9785416667
1992  9  316.390958333
1992  10  22.389
1992  11  22.938477407
1992  12  19.9745
1993  1  25.57175
1993  2  56.6204846125
1993  3  0.0
1993  4  0.0
1993  5  71.063125
1993  6  32.650625
1993  7  56.9785416667
1993  8  56.9785416667
1993  9  316.390958333
1993  10  22.389
1993  11  24.0356378373
1993  12  19.9745
1994  1  20.0401325423
1994  2  53.7074363853
1994  3  0.0
1994  4  0.0
1994  5  71.063125
1994  6  32.650625
1994  7  56.9785416667
1994  8  56.9785416667
1994  9  316.390958333
1994  10  22.389
1994  11  25.4992393717
1994  12  19.9745
1995  1  25.57175
1995  2  49.5704166667
1995  3  0.0
1995  4  0.111260699692
1995  5  71.063125
1995  6  32.650625
1995  7  56.9785416667
1995  8  56.9785416667
1995  9  316.390958333
1995  10  22.389
1995  11  22.89385
1995  12  19.9745
1996  1  21.609887559
1996  2  57.2344875987
1996  3  0.0
1996  4  0.0
1996  5  71.063125
1996  6  32.650625
1996  7  56.9785416667
1996  8  56.9785416667
1996  9  316.390958333
1996  10  22.389
1996  11  25.57175
1996  12  22.7325072344
1997  1  25.57175
1997  2  49.5704166667
1997  3  0.0
1997  4  0.0
1997  5  71.063125
1997  6  32.650625
1997  7  56.9785416667
1997  8  56.9785416667
1997  9  316.390958333
1997  10  22.389
1997  11  25.57175
1997  12  19.9745
1998  1  23.9028850817
1998  2  58.8991666667
1998  3  0.0
1998  4  1.2625145239
1998  5  71.063125
1998  6  32.650625
1998  7  56.9785416667
1998  8  56.9785416667
1998  9  316.390958333
1998  10  22.389
1998  11  24.7758801089
1998  12  19.9745
1999  1  19.9745
1999  2  50.3369365867
1999  3  0.0
1999  4  0.0
1999  5  71.063125
1999  6  32.650625
1999  7  56.9785416667
1999  8  56.9785416667
1999  9  316.390958333
1999  10  22.389
1999  11  23.8766254681
1999  12  19.9745
2000  1  22.8003096162
2000  2  55.1206898054
2000  3  0.0
2000  4  1.16284968823
2000  5  71.063125
2000  6  32.650625
2000  7  56.9785416667
2000  8  56.9785416667
2000  9  316.390958333
2000  10  22.389
2000  11  23.3326472499
2000  12  19.9745
2001  1  20.6536504615
2001  2  51.4170531126
2001  3  0.0
2001  4  0.124448247123
2001  5  71.063125
2001  6  32.650625
2001  7  56.9785416667
2001  8  56.9785416667
2001  9  316.390958333
2001  10  22.389
2001  11  25.5176630192
2001  12  19.9745
2002  1  19.9745
2002  2  49.5704166667
2002  3  0.0
2002  4  0.0
2002  5  71.063125
2002  6  32.650625
2002  7  56.9785416667
2002  8  56.9785416667
2002  9  316.390958333
2002  10  22.389
2002  11  25.569331538
2002  12  22.3059326178
2003  1  19.9745
2003  2  49.5704166667
2003  3  0.0
2003  4  0.0946629433486
2003  5  71.063125
2003  6  32.650625
2003  7  56.9785416667
2003  8  56.9785416667
2003  9  316.390958333
2003  10  22.389
2003  11  24.7354773689
2003  12  21.1985956796
2004  1  19.9745
2004  2  54.4046488471
2004  3  0.0
2004  4  0.0
2004  5  71.063125
2004  6  32.650625
2004  7  56.9785416667
2004  8  56.9785416667
2004  9  316.390958333
2004  10  22.389
2004  11  25.57175
2004  12  20.3511106548
2005  1  20.7754111465
2005  2  53.7316329384
2005  3  0.0
2005  4  0.0
2005  5  71.063125
2005  6  32.650625
2005  7  56.9785416667
2005  8  56.9785416667
2005  9  316.390958333
2005  10  22.389
2005  11  23.259100736
2005  12  20.0157671993
