1922	  1	     0.00	
1922	  2	     4.80	
1922	  3	     0.00	
1922	  4	     0.00	
1922	  5	     0.00	
1922	  6	     0.00	
1922	  7	     0.00	
1922	  8	     0.00	
1922	  9	     0.00	
1922	 10	     9.33	
1922	 11	     9.33	
1922	 12	     0.28	
1923	  1	     0.00	
1923	  2	     0.00	
1923	  3	     0.00	
1923	  4	     6.17	
1923	  5	     0.00	
1923	  6	     0.00	
1923	  7	     0.00	
1923	  8	     0.00	
1923	  9	     0.00	
1923	 10	     9.33	
1923	 11	     5.34	
1923	 12	     0.00	
1924	  1	     0.00	
1924	  2	     0.00	
1924	  3	     0.00	
1924	  4	     0.00	
1924	  5	     0.00	
1924	  6	     0.00	
1924	  7	     0.00	
1924	  8	     0.00	
1924	  9	     0.00	
1924	 10	     9.33	
1924	 11	     7.10	
1924	 12	     0.00	
1925	  1	     0.00	
1925	  2	     1.11	
1925	  3	     0.00	
1925	  4	     1.90	
1925	  5	     0.00	
1925	  6	     0.00	
1925	  7	     0.00	
1925	  8	     0.00	
1925	  9	     0.00	
1925	 10	     9.33	
1925	 11	     6.65	
1925	 12	     0.00	
1926	  1	     0.00	
1926	  2	     0.16	
1926	  3	     0.00	
1926	  4	     1.30	
1926	  5	     0.00	
1926	  6	     0.00	
1926	  7	     0.00	
1926	  8	     0.00	
1926	  9	     0.00	
1926	 10	     9.33	
1926	 11	     9.33	
1926	 12	     0.00	
1927	  1	     0.00	
1927	  2	     9.33	
1927	  3	     0.00	
1927	  4	     0.00	
1927	  5	     0.00	
1927	  6	     0.00	
1927	  7	     0.00	
1927	  8	     0.00	
1927	  9	     0.00	
1927	 10	     9.33	
1927	 11	     7.90	
1927	 12	     0.00	
1928	  1	     0.00	
1928	  2	     0.00	
1928	  3	     0.00	
1928	  4	     0.00	
1928	  5	     0.00	
1928	  6	     0.00	
1928	  7	     0.00	
1928	  8	     0.00	
1928	  9	     0.00	
1928	 10	     9.33	
1928	 11	     9.33	
1928	 12	     2.05	
1929	  1	     0.00	
1929	  2	     0.00	
1929	  3	     0.00	
1929	  4	     0.00	
1929	  5	     0.00	
1929	  6	     0.00	
1929	  7	     0.00	
1929	  8	     0.00	
1929	  9	     0.00	
1929	 10	     9.33	
1929	 11	     4.87	
1929	 12	     0.00	
1930	  1	     1.63	
1930	  2	     1.37	
1930	  3	     0.00	
1930	  4	     0.00	
1930	  5	     0.00	
1930	  6	     0.00	
1930	  7	     0.00	
1930	  8	     0.00	
1930	  9	     0.00	
1930	 10	     9.33	
1930	 11	     7.23	
1930	 12	     0.00	
1931	  1	     1.79	
1931	  2	     0.00	
1931	  3	     0.00	
1931	  4	     0.00	
1931	  5	     0.00	
1931	  6	     0.00	
1931	  7	     0.00	
1931	  8	     0.00	
1931	  9	     0.00	
1931	 10	     9.33	
1931	 11	     9.33	
1931	 12	     4.46	
1932	  1	     0.00	
1932	  2	     0.99	
1932	  3	     0.00	
1932	  4	     0.00	
1932	  5	     0.00	
1932	  6	     0.00	
1932	  7	     0.00	
1932	  8	     0.00	
1932	  9	     0.00	
1932	 10	     9.33	
1932	 11	     5.09	
1932	 12	     0.00	
1933	  1	     4.48	
1933	  2	     0.00	
1933	  3	     0.00	
1933	  4	     0.00	
1933	  5	     0.00	
1933	  6	     0.00	
1933	  7	     0.00	
1933	  8	     0.00	
1933	  9	     0.00	
1933	 10	     9.33	
1933	 11	     4.87	
1933	 12	     0.59	
1934	  1	     0.00	
1934	  2	     1.35	
1934	  3	     0.00	
1934	  4	     0.00	
1934	  5	     0.00	
1934	  6	     0.00	
1934	  7	     0.00	
1934	  8	     0.00	
1934	  9	     0.00	
1934	 10	     9.33	
1934	 11	     9.33	
1934	 12	     0.00	
1935	  1	     2.97	
1935	  2	     0.00	
1935	  3	     0.00	
1935	  4	     5.47	
1935	  5	     0.00	
1935	  6	     0.00	
1935	  7	     0.00	
1935	  8	     0.00	
1935	  9	     0.00	
1935	 10	     9.33	
1935	 11	     8.37	
1935	 12	     0.00	
1936	  1	     0.00	
1936	  2	     9.33	
1936	  3	     0.00	
1936	  4	     0.00	
1936	  5	     0.00	
1936	  6	     0.00	
1936	  7	     0.00	
1936	  8	     0.00	
1936	  9	     0.00	
1936	 10	     9.33	
1936	 11	     4.87	
1936	 12	     0.91	
1937	  1	     0.00	
1937	  2	     2.84	
1937	  3	     0.00	
1937	  4	     0.00	
1937	  5	     0.00	
1937	  6	     0.00	
1937	  7	     0.00	
1937	  8	     0.00	
1937	  9	     0.00	
1937	 10	     9.33	
1937	 11	     6.47	
1937	 12	     0.65	
1938	  1	     1.76	
1938	  2	     9.33	
1938	  3	     0.00	
1938	  4	     0.00	
1938	  5	     0.00	
1938	  6	     0.00	
1938	  7	     0.00	
1938	  8	     0.00	
1938	  9	     0.00	
1938	 10	     9.33	
1938	 11	     5.06	
1938	 12	     0.00	
1939	  1	     0.00	
1939	  2	     0.00	
1939	  3	     0.00	
1939	  4	     0.00	
1939	  5	     0.00	
1939	  6	     0.00	
1939	  7	     0.00	
1939	  8	     0.00	
1939	  9	     0.00	
1939	 10	     9.33	
1939	 11	     5.30	
1939	 12	     0.00	
1940	  1	     9.33	
1940	  2	     6.27	
1940	  3	     0.00	
1940	  4	     0.00	
1940	  5	     0.00	
1940	  6	     0.00	
1940	  7	     0.00	
1940	  8	     0.00	
1940	  9	     0.00	
1940	 10	     9.33	
1940	 11	     4.97	
1940	 12	     5.57	
1941	  1	     3.09	
1941	  2	     6.84	
1941	  3	     0.00	
1941	  4	     4.19	
1941	  5	     0.00	
1941	  6	     0.00	
1941	  7	     0.00	
1941	  8	     0.00	
1941	  9	     0.00	
1941	 10	     9.33	
1941	 11	     7.21	
1941	 12	     0.00	
1942	  1	     0.00	
1942	  2	     0.00	
1942	  3	     0.00	
1942	  4	     5.48	
1942	  5	     0.00	
1942	  6	     0.00	
1942	  7	     0.00	
1942	  8	     0.00	
1942	  9	     0.00	
1942	 10	     9.33	
1942	 11	     6.16	
1942	 12	     0.00	
1943	  1	     0.00	
1943	  2	     0.00	
1943	  3	     0.00	
1943	  4	     0.00	
1943	  5	     0.00	
1943	  6	     0.00	
1943	  7	     0.00	
1943	  8	     0.00	
1943	  9	     0.00	
1943	 10	     9.33	
1943	 11	     6.20	
1943	 12	     0.00	
1944	  1	     0.00	
1944	  2	     2.99	
1944	  3	     0.00	
1944	  4	     0.57	
1944	  5	     0.00	
1944	  6	     0.00	
1944	  7	     0.00	
1944	  8	     0.00	
1944	  9	     0.00	
1944	 10	     9.33	
1944	 11	     9.33	
1944	 12	     0.00	
1945	  1	     0.00	
1945	  2	     1.37	
1945	  3	     0.00	
1945	  4	     0.00	
1945	  5	     0.00	
1945	  6	     0.00	
1945	  7	     0.00	
1945	  8	     0.00	
1945	  9	     0.00	
1945	 10	     9.33	
1945	 11	     9.33	
1945	 12	     0.00	
1946	  1	     0.00	
1946	  2	     0.00	
1946	  3	     0.00	
1946	  4	     0.00	
1946	  5	     0.00	
1946	  6	     0.00	
1946	  7	     0.00	
1946	  8	     0.00	
1946	  9	     0.00	
1946	 10	     9.33	
1946	 11	     9.33	
1946	 12	     0.00	
1947	  1	     0.00	
1947	  2	     0.00	
1947	  3	     0.00	
1947	  4	     0.00	
1947	  5	     0.00	
1947	  6	     0.00	
1947	  7	     0.00	
1947	  8	     0.00	
1947	  9	     0.00	
1947	 10	     9.33	
1947	 11	     6.67	
1947	 12	     0.00	
1948	  1	     0.00	
1948	  2	     0.00	
1948	  3	     0.00	
1948	  4	     6.18	
1948	  5	     0.00	
1948	  6	     0.00	
1948	  7	     0.00	
1948	  8	     0.00	
1948	  9	     0.00	
1948	 10	     9.33	
1948	 11	     4.88	
1948	 12	     0.00	
1949	  1	     0.00	
1949	  2	     0.00	
1949	  3	     0.00	
1949	  4	     0.00	
1949	  5	     0.00	
1949	  6	     0.00	
1949	  7	     0.00	
1949	  8	     0.00	
1949	  9	     0.00	
1949	 10	     9.33	
1949	 11	     9.32	
1949	 12	     0.00	
1950	  1	     0.95	
1950	  2	     0.00	
1950	  3	     0.00	
1950	  4	     0.00	
1950	  5	     0.00	
1950	  6	     0.00	
1950	  7	     0.00	
1950	  8	     0.00	
1950	  9	     0.00	
1950	 10	     9.33	
1950	 11	     9.33	
1950	 12	     0.00	
1951	  1	     0.00	
1951	  2	     0.00	
1951	  3	     0.00	
1951	  4	     0.00	
1951	  5	     0.00	
1951	  6	     0.00	
1951	  7	     0.00	
1951	  8	     0.00	
1951	  9	     0.00	
1951	 10	     9.33	
1951	 11	     9.33	
1951	 12	     2.35	
1952	  1	     6.44	
1952	  2	     0.00	
1952	  3	     0.00	
1952	  4	     3.46	
1952	  5	     0.00	
1952	  6	     0.00	
1952	  7	     0.00	
1952	  8	     0.00	
1952	  9	     0.00	
1952	 10	     9.33	
1952	 11	     9.33	
1952	 12	     2.10	
1953	  1	     0.00	
1953	  2	     0.00	
1953	  3	     0.00	
1953	  4	     0.50	
1953	  5	     0.00	
1953	  6	     0.00	
1953	  7	     0.00	
1953	  8	     0.00	
1953	  9	     0.00	
1953	 10	     9.33	
1953	 11	     8.24	
1953	 12	     0.00	
1954	  1	     0.26	
1954	  2	     0.00	
1954	  3	     0.00	
1954	  4	     0.00	
1954	  5	     0.00	
1954	  6	     0.00	
1954	  7	     0.00	
1954	  8	     0.00	
1954	  9	     0.00	
1954	 10	     9.33	
1954	 11	     9.27	
1954	 12	     0.00	
1955	  1	     4.33	
1955	  2	     0.00	
1955	  3	     0.00	
1955	  4	     0.25	
1955	  5	     0.00	
1955	  6	     0.00	
1955	  7	     0.00	
1955	  8	     0.00	
1955	  9	     0.00	
1955	 10	     9.33	
1955	 11	     7.59	
1955	 12	     9.33	
1956	  1	     4.70	
1956	  2	     0.00	
1956	  3	     0.00	
1956	  4	     1.52	
1956	  5	     0.00	
1956	  6	     0.00	
1956	  7	     0.00	
1956	  8	     0.00	
1956	  9	     0.00	
1956	 10	     9.33	
1956	 11	     4.87	
1956	 12	     0.00	
1957	  1	     0.67	
1957	  2	     0.02	
1957	  3	     0.00	
1957	  4	     0.00	
1957	  5	     0.00	
1957	  6	     0.00	
1957	  7	     0.00	
1957	  8	     0.00	
1957	  9	     0.00	
1957	 10	     9.33	
1957	 11	     5.65	
1957	 12	     0.00	
1958	  1	     3.32	
1958	  2	     8.30	
1958	  3	     0.36	
1958	  4	     3.85	
1958	  5	     0.00	
1958	  6	     0.00	
1958	  7	     0.00	
1958	  8	     0.00	
1958	  9	     0.00	
1958	 10	     9.33	
1958	 11	     5.15	
1958	 12	     0.00	
1959	  1	     0.45	
1959	  2	     4.58	
1959	  3	     0.00	
1959	  4	     0.00	
1959	  5	     0.00	
1959	  6	     0.00	
1959	  7	     0.00	
1959	  8	     0.00	
1959	  9	     0.00	
1959	 10	     9.33	
1959	 11	     4.87	
1959	 12	     0.00	
1960	  1	     0.00	
1960	  2	     4.67	
1960	  3	     0.00	
1960	  4	     0.55	
1960	  5	     0.00	
1960	  6	     0.00	
1960	  7	     0.00	
1960	  8	     0.00	
1960	  9	     0.00	
1960	 10	     9.33	
1960	 11	     9.33	
1960	 12	     0.00	
1961	  1	     0.19	
1961	  2	     0.00	
1961	  3	     0.00	
1961	  4	     0.00	
1961	  5	     0.00	
1961	  6	     0.00	
1961	  7	     0.00	
1961	  8	     0.00	
1961	  9	     0.00	
1961	 10	     9.33	
1961	 11	     9.33	
1961	 12	     0.00	
1962	  1	     0.00	
1962	  2	     9.33	
1962	  3	     0.00	
1962	  4	     0.00	
1962	  5	     0.00	
1962	  6	     0.00	
1962	  7	     0.00	
1962	  8	     0.00	
1962	  9	     0.00	
1962	 10	     9.33	
1962	 11	     5.28	
1962	 12	     0.00	
1963	  1	     0.00	
1963	  2	     7.36	
1963	  3	     0.00	
1963	  4	     3.58	
1963	  5	     0.00	
1963	  6	     0.00	
1963	  7	     0.00	
1963	  8	     0.00	
1963	  9	     0.00	
1963	 10	     9.33	
1963	 11	     9.33	
1963	 12	     0.00	
1964	  1	     0.00	
1964	  2	     0.00	
1964	  3	     0.00	
1964	  4	     0.00	
1964	  5	     0.00	
1964	  6	     0.00	
1964	  7	     0.00	
1964	  8	     0.00	
1964	  9	     0.00	
1964	 10	     9.33	
1964	 11	     8.79	
1964	 12	     1.64	
1965	  1	     0.00	
1965	  2	     0.00	
1965	  3	     0.00	
1965	  4	     4.13	
1965	  5	     0.00	
1965	  6	     0.00	
1965	  7	     0.00	
1965	  8	     0.00	
1965	  9	     0.00	
1965	 10	     9.33	
1965	 11	     9.33	
1965	 12	     0.00	
1966	  1	     0.00	
1966	  2	     0.00	
1966	  3	     0.00	
1966	  4	     0.00	
1966	  5	     0.00	
1966	  6	     0.00	
1966	  7	     0.00	
1966	  8	     0.00	
1966	  9	     0.00	
1966	 10	     9.33	
1966	 11	     9.33	
1966	 12	     2.05	
1967	  1	     2.12	
1967	  2	     0.00	
1967	  3	     0.00	
1967	  4	     8.13	
1967	  5	     0.00	
1967	  6	     0.00	
1967	  7	     0.00	
1967	  8	     0.00	
1967	  9	     0.00	
1967	 10	     9.33	
1967	 11	     9.33	
1967	 12	     0.00	
1968	  1	     0.00	
1968	  2	     0.00	
1968	  3	     0.00	
1968	  4	     0.00	
1968	  5	     0.00	
1968	  6	     0.00	
1968	  7	     0.00	
1968	  8	     0.00	
1968	  9	     0.00	
1968	 10	     9.33	
1968	 11	     9.33	
1968	 12	     0.00	
1969	  1	     9.33	
1969	  2	     9.33	
1969	  3	     0.00	
1969	  4	     0.00	
1969	  5	     0.00	
1969	  6	     0.00	
1969	  7	     0.00	
1969	  8	     0.00	
1969	  9	     0.00	
1969	 10	     9.33	
1969	 11	     7.41	
1969	 12	     0.00	
1970	  1	     5.01	
1970	  2	     0.00	
1970	  3	     0.00	
1970	  4	     0.00	
1970	  5	     0.00	
1970	  6	     0.00	
1970	  7	     0.00	
1970	  8	     0.00	
1970	  9	     0.00	
1970	 10	     9.33	
1970	 11	     9.33	
1970	 12	     0.00	
1971	  1	     0.00	
1971	  2	     0.00	
1971	  3	     0.00	
1971	  4	     0.00	
1971	  5	     0.00	
1971	  6	     0.00	
1971	  7	     0.00	
1971	  8	     0.00	
1971	  9	     0.00	
1971	 10	     9.33	
1971	 11	     7.34	
1971	 12	     0.00	
1972	  1	     0.00	
1972	  2	     0.00	
1972	  3	     0.00	
1972	  4	     0.00	
1972	  5	     0.00	
1972	  6	     0.00	
1972	  7	     0.00	
1972	  8	     0.00	
1972	  9	     0.00	
1972	 10	     9.33	
1972	 11	     9.33	
1972	 12	     0.00	
1973	  1	     4.33	
1973	  2	     8.07	
1973	  3	     0.00	
1973	  4	     0.00	
1973	  5	     0.00	
1973	  6	     0.00	
1973	  7	     0.00	
1973	  8	     0.00	
1973	  9	     0.00	
1973	 10	     9.33	
1973	 11	     8.84	
1973	 12	     0.00	
1974	  1	     0.30	
1974	  2	     0.00	
1974	  3	     0.00	
1974	  4	     0.00	
1974	  5	     0.00	
1974	  6	     0.00	
1974	  7	     0.00	
1974	  8	     0.00	
1974	  9	     0.00	
1974	 10	     9.33	
1974	 11	     6.53	
1974	 12	     0.00	
1975	  1	     0.00	
1975	  2	     4.74	
1975	  3	     0.00	
1975	  4	     0.61	
1975	  5	     0.00	
1975	  6	     0.00	
1975	  7	     0.00	
1975	  8	     0.00	
1975	  9	     0.00	
1975	 10	     9.33	
1975	 11	     5.26	
1975	 12	     0.00	
1976	  1	     0.00	
1976	  2	     0.00	
1976	  3	     0.00	
1976	  4	     0.76	
1976	  5	     0.00	
1976	  6	     0.00	
1976	  7	     0.00	
1976	  8	     0.00	
1976	  9	     0.00	
1976	 10	     9.33	
1976	 11	     7.47	
1976	 12	     0.00	
1977	  1	     0.00	
1977	  2	     0.00	
1977	  3	     0.00	
1977	  4	     0.00	
1977	  5	     0.00	
1977	  6	     0.00	
1977	  7	     0.00	
1977	  8	     0.00	
1977	  9	     0.00	
1977	 10	     9.33	
1977	 11	     5.85	
1977	 12	     1.06	
1978	  1	     8.67	
1978	  2	     7.81	
1978	  3	     0.29	
1978	  4	     3.08	
1978	  5	     0.00	
1978	  6	     0.00	
1978	  7	     0.00	
1978	  8	     0.00	
1978	  9	     0.00	
1978	 10	     9.33	
1978	 11	     9.33	
1978	 12	     0.00	
1979	  1	     2.78	
1979	  2	     4.92	
1979	  3	     0.00	
1979	  4	     0.00	
1979	  5	     0.00	
1979	  6	     0.00	
1979	  7	     0.00	
1979	  8	     0.00	
1979	  9	     0.00	
1979	 10	     9.33	
1979	 11	     7.34	
1979	 12	     0.00	
1980	  1	     4.75	
1980	  2	     6.33	
1980	  3	     0.00	
1980	  4	     0.00	
1980	  5	     0.00	
1980	  6	     0.00	
1980	  7	     0.00	
1980	  8	     0.00	
1980	  9	     0.00	
1980	 10	     9.33	
1980	 11	     4.93	
1980	 12	     0.00	
1981	  1	     0.61	
1981	  2	     0.00	
1981	  3	     0.00	
1981	  4	     0.00	
1981	  5	     0.00	
1981	  6	     0.00	
1981	  7	     0.00	
1981	  8	     0.00	
1981	  9	     0.00	
1981	 10	     9.33	
1981	 11	     9.33	
1981	 12	     0.00	
1982	  1	     0.14	
1982	  2	     0.00	
1982	  3	     0.00	
1982	  4	     2.50	
1982	  5	     0.00	
1982	  6	     0.00	
1982	  7	     0.00	
1982	  8	     0.00	
1982	  9	     0.00	
1982	 10	     9.33	
1982	 11	     9.33	
1982	 12	     0.00	
1983	  1	     7.76	
1983	  2	     3.40	
1983	  3	     0.00	
1983	  4	     1.48	
1983	  5	     0.00	
1983	  6	     0.00	
1983	  7	     0.00	
1983	  8	     0.00	
1983	  9	     0.00	
1983	 10	     9.33	
1983	 11	     9.33	
1983	 12	     1.04	
1984	  1	     0.00	
1984	  2	     0.00	
1984	  3	     0.00	
1984	  4	     0.00	
1984	  5	     0.00	
1984	  6	     0.00	
1984	  7	     0.00	
1984	  8	     0.00	
1984	  9	     0.00	
1984	 10	     9.33	
1984	 11	     9.33	
1984	 12	     0.00	
1985	  1	     0.00	
1985	  2	     0.00	
1985	  3	     0.00	
1985	  4	     0.00	
1985	  5	     0.00	
1985	  6	     0.00	
1985	  7	     0.00	
1985	  8	     0.00	
1985	  9	     0.00	
1985	 10	     9.33	
1985	 11	     9.33	
1985	 12	     0.00	
1986	  1	     0.00	
1986	  2	     7.05	
1986	  3	     0.00	
1986	  4	     0.00	
1986	  5	     0.00	
1986	  6	     0.00	
1986	  7	     0.00	
1986	  8	     0.00	
1986	  9	     0.00	
1986	 10	     9.33	
1986	 11	     4.87	
1986	 12	     0.00	
1987	  1	     0.00	
1987	  2	     4.15	
1987	  3	     0.00	
1987	  4	     0.00	
1987	  5	     0.00	
1987	  6	     0.00	
1987	  7	     0.00	
1987	  8	     0.00	
1987	  9	     0.00	
1987	 10	     9.33	
1987	 11	     6.02	
1987	 12	     0.00	
1988	  1	     0.00	
1988	  2	     0.00	
1988	  3	     0.00	
1988	  4	     5.28	
1988	  5	     0.00	
1988	  6	     0.00	
1988	  7	     0.00	
1988	  8	     0.00	
1988	  9	     0.00	
1988	 10	     9.33	
1988	 11	     7.25	
1988	 12	     0.00	
1989	  1	     0.00	
1989	  2	     0.00	
1989	  3	     0.00	
1989	  4	     0.00	
1989	  5	     0.00	
1989	  6	     0.00	
1989	  7	     0.00	
1989	  8	     0.00	
1989	  9	     0.00	
1989	 10	     9.33	
1989	 11	     5.90	
1989	 12	     0.00	
1990	  1	     0.02	
1990	  2	     0.00	
1990	  3	     0.00	
1990	  4	     0.00	
1990	  5	     0.00	
1990	  6	     0.00	
1990	  7	     0.00	
1990	  8	     0.00	
1990	  9	     0.00	
1990	 10	     9.33	
1990	 11	     6.26	
1990	 12	     0.00	
1991	  1	     0.00	
1991	  2	     0.47	
1991	  3	     0.00	
1991	  4	     0.00	
1991	  5	     0.00	
1991	  6	     0.00	
1991	  7	     0.00	
1991	  8	     0.00	
1991	  9	     0.00	
1991	 10	     9.33	
1991	 11	     5.76	
1991	 12	     0.00	
1992	  1	     0.00	
1992	  2	     7.65	
1992	  3	     0.00	
1992	  4	     0.00	
1992	  5	     0.00	
1992	  6	     0.00	
1992	  7	     0.00	
1992	  8	     0.00	
1992	  9	     0.00	
1992	 10	     9.33	
1992	 11	     4.94	
1992	 12	     0.00	
1993	  1	     9.33	
1993	  2	     7.05	
1993	  3	     0.00	
1993	  4	     0.00	
1993	  5	     0.00	
1993	  6	     0.00	
1993	  7	     0.00	
1993	  8	     0.00	
1993	  9	     0.00	
1993	 10	     9.33	
1993	 11	     6.77	
1993	 12	     0.00	
1994	  1	     0.11	
1994	  2	     4.14	
1994	  3	     0.00	
1994	  4	     0.00	
1994	  5	     0.00	
1994	  6	     0.00	
1994	  7	     0.00	
1994	  8	     0.00	
1994	  9	     0.00	
1994	 10	     9.33	
1994	 11	     9.21	
1994	 12	     0.00	
1995	  1	     9.33	
1995	  2	     0.00	
1995	  3	     0.00	
1995	  4	     0.11	
1995	  5	     0.00	
1995	  6	     0.00	
1995	  7	     0.00	
1995	  8	     0.00	
1995	  9	     0.00	
1995	 10	     9.33	
1995	 11	     4.87	
1995	 12	     0.00	
1996	  1	     2.73	
1996	  2	     7.66	
1996	  3	     0.00	
1996	  4	     0.00	
1996	  5	     0.00	
1996	  6	     0.00	
1996	  7	     0.00	
1996	  8	     0.00	
1996	  9	     0.00	
1996	 10	     9.33	
1996	 11	     9.33	
1996	 12	     4.60	
1997	  1	     9.33	
1997	  2	     0.00	
1997	  3	     0.00	
1997	  4	     0.00	
1997	  5	     0.00	
1997	  6	     0.00	
1997	  7	     0.00	
1997	  8	     0.00	
1997	  9	     0.00	
1997	 10	     9.33	
1997	 11	     9.33	
1997	 12	     0.00	
1998	  1	     6.55	
1998	  2	     9.33	
1998	  3	     0.00	
1998	  4	     1.26	
1998	  5	     0.00	
1998	  6	     0.00	
1998	  7	     0.00	
1998	  8	     0.00	
1998	  9	     0.00	
1998	 10	     9.33	
1998	 11	     8.00	
1998	 12	     0.00	
1999	  1	     0.00	
1999	  2	     0.77	
1999	  3	     0.00	
1999	  4	     0.00	
1999	  5	     0.00	
1999	  6	     0.00	
1999	  7	     0.00	
1999	  8	     0.00	
1999	  9	     0.00	
1999	 10	     9.33	
1999	 11	     6.50	
1999	 12	     0.00	
2000	  1	     4.71	
2000	  2	     5.55	
2000	  3	     0.00	
2000	  4	     1.16	
2000	  5	     0.00	
2000	  6	     0.00	
2000	  7	     0.00	
2000	  8	     0.00	
2000	  9	     0.00	
2000	 10	     9.33	
2000	 11	     5.60	
2000	 12	     0.00	
2001	  1	     1.13	
2001	  2	     1.85	
2001	  3	     0.00	
2001	  4	     0.12	
2001	  5	     0.00	
2001	  6	     0.00	
2001	  7	     0.00	
2001	  8	     0.00	
2001	  9	     0.00	
2001	 10	     9.33	
2001	 11	     9.24	
2001	 12	     0.00	
2002	  1	     0.00	
2002	  2	     0.00	
2002	  3	     0.00	
2002	  4	     0.00	
2002	  5	     0.00	
2002	  6	     0.00	
2002	  7	     0.00	
2002	  8	     0.00	
2002	  9	     0.00	
2002	 10	     9.33	
2002	 11	     9.32	
2002	 12	     3.89	
2003	  1	     0.00	
2003	  2	     0.00	
2003	  3	     0.00	
2003	  4	     0.09	
2003	  5	     0.00	
2003	  6	     0.00	
2003	  7	     0.00	
2003	  8	     0.00	
2003	  9	     0.00	
2003	 10	     9.33	
2003	 11	     7.93	
2003	 12	     2.04	
2004	  1	     0.00	
2004	  2	     4.83	
2004	  3	     0.00	
2004	  4	     0.00	
2004	  5	     0.00	
2004	  6	     0.00	
2004	  7	     0.00	
2004	  8	     0.00	
2004	  9	     0.00	
2004	 10	     9.33	
2004	 11	     9.33	
2004	 12	     0.63	
2005	  1	     1.33	
2005	  2	     4.16	
2005	  3	     0.00	
2005	  4	     0.00	
2005	  5	     0.00	
2005	  6	     0.00	
2005	  7	     0.00	
2005	  8	     0.00	
2005	  9	     0.00	
2005	 10	     9.33	
2005	 11	     5.47	
2005	 12	     0.07	
